Godot Engine v4.5.1.stable.official.f62fdbde1 - https://godotengine.org

Connecting to server at 127.0.0.1:7777
[RENDERER] Debug walls drawn
[RENDERER] Debug obstacle paths drawn
Connected to server!
[CLIENT] Player entity ID tracked: 55
[INTERPOLATOR] First snapshot received! Seq: 1 | Timestamp: 2.1 | Setting render_time to: 1.95 | Delay: 0.15
[INTERPOLATOR] WARNING: Behind buffer! Jumping render_time from 1.95714285714286 to 2.1
[RENDERER] Client prediction ENABLED for player entity 55
[RENDERER] Created sprite for PLAYER entity 55
[INTERPOLATOR] WARNING: Behind buffer! Jumping render_time from 2.00666666666667 to 2.1
[INTERPOLATOR] WARNING: Behind buffer! Jumping render_time from 2.00694444444444 to 2.1
[INTERPOLATOR] WARNING: Behind buffer! Jumping render_time from 2.00694444444444 to 2.1
[INTERPOLATOR] WARNING: Behind buffer! Jumping render_time from 2.05694444444444 to 2.1
[INTERPOLATOR] WARNING: Behind buffer! Jumping render_time from 2.05694444444444 to 2.1
[INTERPOLATOR] WARNING: Behind buffer! Jumping render_time from 2.05694444444444 to 2.1
[DESERIALIZE] Starting snapshot #10 | Timestamp: 2.25 | Entity count: 14 | Player ID: 55 | Has baseline: true | Baseline seq: 6
[DESERIALIZE] Completed snapshot #10 | Final entity count: 14 | Player 55 in snapshot: true | All entity IDs: [1, 7, 11, 23, 32, 39, 40, 45, 47, 51, 52, 53, 54, 55]
[DESERIALIZE] Starting snapshot #20 | Timestamp: 2.4 | Entity count: 14 | Player ID: 55 | Has baseline: false | Baseline seq: 0
[DESERIALIZE] Completed snapshot #20 | Final entity count: 14 | Player 55 in snapshot: true | All entity IDs: [1, 7, 11, 23, 32, 39, 40, 45, 47, 51, 52, 53, 54, 55]
[INTERPOLATOR] Buffer: 20 pkts | Health: 155.9ms / 150.0ms | Status: OK
[DESERIALIZE] Starting snapshot #30 | Timestamp: 2.6 | Entity count: 14 | Player ID: 55 | Has baseline: true | Baseline seq: 25
[DESERIALIZE] Completed snapshot #30 | Final entity count: 14 | Player 55 in snapshot: true | All entity IDs: [1, 7, 11, 23, 32, 39, 40, 45, 47, 51, 52, 53, 54, 55]
[DESERIALIZE] Starting snapshot #40 | Timestamp: 2.75 | Entity count: 14 | Player ID: 55 | Has baseline: false | Baseline seq: 0
[DESERIALIZE] Completed snapshot #40 | Final entity count: 14 | Player 55 in snapshot: true | All entity IDs: [1, 7, 11, 23, 32, 39, 40, 45, 47, 51, 52, 53, 54, 55]
[INTERPOLATOR] Buffer: 40 pkts | Health: 167.7ms / 150.0ms | Status: OK
[DESERIALIZE] Starting snapshot #50 | Timestamp: 2.9 | Entity count: 14 | Player ID: 55 | Has baseline: true | Baseline seq: 49
[DESERIALIZE] Completed snapshot #50 | Final entity count: 14 | Player 55 in snapshot: true | All entity IDs: [1, 7, 11, 23, 32, 39, 40, 45, 47, 51, 52, 53, 54, 55]
[DESERIALIZE] Starting snapshot #60 | Timestamp: 3.1 | Entity count: 14 | Player ID: 55 | Has baseline: false | Baseline seq: 0
[DESERIALIZE] Completed snapshot #60 | Final entity count: 14 | Player 55 in snapshot: true | All entity IDs: [1, 7, 11, 23, 32, 39, 40, 45, 47, 51, 52, 53, 54, 55]
[INTERPOLATOR] Buffer: 40 pkts | Health: 184.1ms / 150.0ms | Status: OK
[DESERIALIZE] Starting snapshot #70 | Timestamp: 3.25 | Entity count: 15 | Player ID: 55 | Has baseline: true | Baseline seq: 69
[DESERIALIZE] Completed snapshot #70 | Final entity count: 15 | Player 55 in snapshot: true | All entity IDs: [1, 7, 11, 23, 32, 39, 40, 45, 47, 51, 52, 53, 54, 55, 56]
[DESERIALIZE] Starting snapshot #80 | Timestamp: 3.4 | Entity count: 15 | Player ID: 55 | Has baseline: false | Baseline seq: 0
[DESERIALIZE] Completed snapshot #80 | Final entity count: 15 | Player 55 in snapshot: true | All entity IDs: [1, 7, 11, 23, 32, 39, 40, 45, 47, 51, 52, 53, 54, 55, 56]
[INTERPOLATOR] Buffer: 40 pkts | Health: 152.3ms / 150.0ms | Status: OK
[DESERIALIZE] Starting snapshot #90 | Timestamp: 3.6 | Entity count: 15 | Player ID: 55 | Has baseline: true | Baseline seq: 88
[DESERIALIZE] Completed snapshot #90 | Final entity count: 15 | Player 55 in snapshot: true | All entity IDs: [1, 7, 11, 23, 32, 39, 40, 45, 47, 51, 52, 53, 54, 55, 56]
[DESERIALIZE] Starting snapshot #100 | Timestamp: 3.75 | Entity count: 15 | Player ID: 55 | Has baseline: false | Baseline seq: 0
[DESERIALIZE] Completed snapshot #100 | Final entity count: 15 | Player 55 in snapshot: true | All entity IDs: [1, 7, 11, 23, 32, 39, 40, 45, 47, 51, 52, 53, 54, 55, 56]
[CLIENT] Received snapshot #100 | Snapshot timestamp: 3.75 | Current client time: 1.822 | Interpolator render_time: 3.58353437349583 | Interpolator latest_server_time: 3.75 | Entities: 15 | Player in snapshot: true | Player ID: 55 | Data size: 168 bytes
[INTERPOLATOR] Buffer full, removing old snapshot seq 60
[INTERPOLATOR] Buffer: 40 pkts | Health: 166.5ms / 150.0ms | Status: OK
[DESERIALIZE] Starting snapshot #110 | Timestamp: 3.9 | Entity count: 15 | Player ID: 55 | Has baseline: true | Baseline seq: 108
[DESERIALIZE] Completed snapshot #110 | Final entity count: 15 | Player 55 in snapshot: true | All entity IDs: [1, 7, 11, 23, 32, 39, 40, 45, 47, 51, 52, 53, 54, 55, 56]
=== CLIENT MODE ===
[DESERIALIZE] Starting snapshot #120 | Timestamp: 4.1 | Entity count: 14 | Player ID: 55 | Has baseline: false | Baseline seq: 0
[DESERIALIZE] Completed snapshot #120 | Final entity count: 14 | Player 55 in snapshot: true | All entity IDs: [1, 7, 11, 23, 32, 39, 40, 45, 47, 51, 52, 53, 54, 55]
[INTERPOLATOR] Buffer: 40 pkts | Health: 183.5ms / 150.0ms | Status: OK
[INTERPOLATOR] Entity 56 disappeared (in from_snapshot seq 116 but not in to_snapshot seq 117)
[INTERPOLATOR] Entity 56 disappeared (in from_snapshot seq 116 but not in to_snapshot seq 117)
[INTERPOLATOR] Entity 56 disappeared (in from_snapshot seq 116 but not in to_snapshot seq 117)
[INTERPOLATOR] Entity 56 disappeared (in from_snapshot seq 116 but not in to_snapshot seq 117)
[INTERPOLATOR] Entity 56 disappeared (in from_snapshot seq 116 but not in to_snapshot seq 117)
[INTERPOLATOR] Entity 56 disappeared (in from_snapshot seq 116 but not in to_snapshot seq 117)
[INTERPOLATOR] Entity 56 disappeared (in from_snapshot seq 116 but not in to_snapshot seq 117)
[DESERIALIZE] Starting snapshot #130 | Timestamp: 4.25 | Entity count: 14 | Player ID: 55 | Has baseline: true | Baseline seq: 128
[DESERIALIZE] Completed snapshot #130 | Final entity count: 14 | Player 55 in snapshot: true | All entity IDs: [1, 7, 11, 23, 32, 39, 40, 45, 47, 51, 52, 53, 54, 55]
[DESERIALIZE] Starting snapshot #140 | Timestamp: 4.4 | Entity count: 14 | Player ID: 55 | Has baseline: false | Baseline seq: 0
[DESERIALIZE] Completed snapshot #140 | Final entity count: 14 | Player 55 in snapshot: true | All entity IDs: [1, 7, 11, 23, 32, 39, 40, 45, 47, 51, 52, 53, 54, 55]
[INTERPOLATOR] Buffer: 40 pkts | Health: 152.5ms / 150.0ms | Status: OK
[DESERIALIZE] Starting snapshot #150 | Timestamp: 4.6 | Entity count: 14 | Player ID: 55 | Has baseline: true | Baseline seq: 148
[DESERIALIZE] Completed snapshot #150 | Final entity count: 14 | Player 55 in snapshot: true | All entity IDs: [1, 7, 11, 23, 32, 39, 40, 45, 47, 51, 52, 53, 54, 55]
[DESERIALIZE] Starting snapshot #160 | Timestamp: 4.75 | Entity count: 14 | Player ID: 55 | Has baseline: false | Baseline seq: 0
[DESERIALIZE] Completed snapshot #160 | Final entity count: 14 | Player 55 in snapshot: true | All entity IDs: [1, 7, 11, 23, 32, 39, 40, 45, 47, 51, 52, 53, 54, 55]
[INTERPOLATOR] Buffer: 40 pkts | Health: 166.8ms / 150.0ms | Status: OK
[DESERIALIZE] Starting snapshot #170 | Timestamp: 4.9 | Entity count: 14 | Player ID: 55 | Has baseline: true | Baseline seq: 168
[DESERIALIZE] Completed snapshot #170 | Final entity count: 14 | Player 55 in snapshot: true | All entity IDs: [1, 7, 11, 23, 32, 39, 40, 45, 47, 51, 52, 53, 54, 55]
[DESERIALIZE] Starting snapshot #180 | Timestamp: 5.1 | Entity count: 14 | Player ID: 55 | Has baseline: false | Baseline seq: 0
[DESERIALIZE] Completed snapshot #180 | Final entity count: 14 | Player 55 in snapshot: true | All entity IDs: [1, 7, 11, 23, 32, 39, 40, 45, 47, 51, 52, 53, 54, 55]
[INTERPOLATOR] Buffer: 40 pkts | Health: 189.9ms / 150.0ms | Status: OK
[DESERIALIZE] Starting snapshot #190 | Timestamp: 5.25 | Entity count: 14 | Player ID: 55 | Has baseline: true | Baseline seq: 188
[DESERIALIZE] Completed snapshot #190 | Final entity count: 14 | Player 55 in snapshot: true | All entity IDs: [1, 7, 11, 23, 32, 39, 40, 45, 47, 51, 52, 53, 54, 55]
[DESERIALIZE] Starting snapshot #200 | Timestamp: 5.4 | Entity count: 14 | Player ID: 55 | Has baseline: false | Baseline seq: 0
[DESERIALIZE] Completed snapshot #200 | Final entity count: 14 | Player 55 in snapshot: true | All entity IDs: [1, 7, 11, 23, 32, 39, 40, 45, 47, 51, 52, 53, 54, 55]
[CLIENT] Received snapshot #200 | Snapshot timestamp: 5.4 | Current client time: 3.484 | Interpolator render_time: 5.24725347963247 | Interpolator latest_server_time: 5.4 | Entities: 14 | Player in snapshot: true | Player ID: 55 | Data size: 158 bytes
[INTERPOLATOR] Buffer full, removing old snapshot seq 160
[INTERPOLATOR] Buffer: 40 pkts | Health: 152.7ms / 150.0ms | Status: OK
[DESERIALIZE] Starting snapshot #210 | Timestamp: 5.6 | Entity count: 14 | Player ID: 55 | Has baseline: true | Baseline seq: 208
[DESERIALIZE] Completed snapshot #210 | Final entity count: 14 | Player 55 in snapshot: true | All entity IDs: [1, 7, 11, 23, 32, 39, 40, 45, 47, 51, 52, 53, 54, 55]
[DESERIALIZE] Starting snapshot #220 | Timestamp: 5.75 | Entity count: 15 | Player ID: 55 | Has baseline: false | Baseline seq: 0
[DESERIALIZE] Completed snapshot #220 | Final entity count: 15 | Player 55 in snapshot: true | All entity IDs: [1, 5, 7, 11, 23, 32, 40, 45, 47, 51, 52, 53, 54, 55, 56]
[INTERPOLATOR] Buffer: 40 pkts | Health: 172.0ms / 150.0ms | Status: OK
[DESERIALIZE] Starting snapshot #230 | Timestamp: 5.9 | Entity count: 15 | Player ID: 55 | Has baseline: true | Baseline seq: 227
[DESERIALIZE] Completed snapshot #230 | Final entity count: 15 | Player 55 in snapshot: true | All entity IDs: [1, 5, 7, 11, 23, 32, 40, 45, 47, 51, 52, 53, 54, 55, 56]
[DESERIALIZE] Starting snapshot #240 | Timestamp: 6.1 | Entity count: 15 | Player ID: 55 | Has baseline: false | Baseline seq: 0
[DESERIALIZE] Completed snapshot #240 | Final entity count: 15 | Player 55 in snapshot: true | All entity IDs: [1, 5, 7, 11, 23, 32, 40, 45, 47, 51, 52, 53, 54, 55, 56]
[INTERPOLATOR] Buffer: 40 pkts | Health: 190.0ms / 150.0ms | Status: OK
[DESERIALIZE] Starting snapshot #250 | Timestamp: 6.25 | Entity count: 15 | Player ID: 55 | Has baseline: true | Baseline seq: 247
[DESERIALIZE] Completed snapshot #250 | Final entity count: 15 | Player 55 in snapshot: true | All entity IDs: [1, 5, 7, 11, 23, 32, 40, 45, 47, 51, 52, 53, 54, 55, 56]
[DESERIALIZE] Starting snapshot #260 | Timestamp: 6.4 | Entity count: 15 | Player ID: 55 | Has baseline: false | Baseline seq: 0
[DESERIALIZE] Completed snapshot #260 | Final entity count: 15 | Player 55 in snapshot: true | All entity IDs: [1, 5, 7, 11, 23, 32, 40, 45, 47, 51, 52, 53, 54, 55, 56]
[INTERPOLATOR] Buffer: 40 pkts | Health: 151.3ms / 150.0ms | Status: OK
[DESERIALIZE] Starting snapshot #270 | Timestamp: 6.6 | Entity count: 15 | Player ID: 55 | Has baseline: true | Baseline seq: 267
[DESERIALIZE] Completed snapshot #270 | Final entity count: 15 | Player 55 in snapshot: true | All entity IDs: [1, 5, 7, 11, 23, 32, 40, 45, 47, 51, 52, 53, 54, 55, 56]
[DESERIALIZE] Starting snapshot #280 | Timestamp: 6.75 | Entity count: 15 | Player ID: 55 | Has baseline: false | Baseline seq: 0
[DESERIALIZE] Completed snapshot #280 | Final entity count: 15 | Player 55 in snapshot: true | All entity IDs: [1, 5, 7, 11, 23, 32, 40, 45, 47, 51, 52, 53, 54, 55, 56]
[INTERPOLATOR] Buffer: 40 pkts | Health: 169.1ms / 150.0ms | Status: OK
[DESERIALIZE] Starting snapshot #290 | Timestamp: 6.9 | Entity count: 15 | Player ID: 55 | Has baseline: true | Baseline seq: 287
[DESERIALIZE] Completed snapshot #290 | Final entity count: 15 | Player 55 in snapshot: true | All entity IDs: [1, 5, 7, 11, 23, 32, 40, 45, 47, 51, 52, 53, 54, 55, 56]
[DESERIALIZE] Starting snapshot #300 | Timestamp: 7.1 | Entity count: 15 | Player ID: 55 | Has baseline: false | Baseline seq: 0
[DESERIALIZE] Completed snapshot #300 | Final entity count: 15 | Player 55 in snapshot: true | All entity IDs: [1, 5, 7, 11, 23, 32, 40, 45, 47, 51, 52, 53, 54, 55, 56]
[CLIENT] Received snapshot #300 | Snapshot timestamp: 7.1 | Current client time: 5.155 | Interpolator render_time: 6.91788227582169 | Interpolator latest_server_time: 7.05 | Entities: 15 | Player in snapshot: true | Player ID: 55 | Data size: 168 bytes
[INTERPOLATOR] Buffer full, removing old snapshot seq 260
[INTERPOLATOR] Buffer: 40 pkts | Health: 182.1ms / 150.0ms | Status: OK
[DESERIALIZE] Starting snapshot #310 | Timestamp: 7.25 | Entity count: 15 | Player ID: 55 | Has baseline: true | Baseline seq: 307
[DESERIALIZE] Completed snapshot #310 | Final entity count: 15 | Player 55 in snapshot: true | All entity IDs: [1, 5, 7, 11, 23, 32, 40, 45, 47, 51, 52, 53, 54, 55, 56]
[DESERIALIZE] Starting snapshot #320 | Timestamp: 7.4 | Entity count: 15 | Player ID: 55 | Has baseline: false | Baseline seq: 0
[DESERIALIZE] Completed snapshot #320 | Final entity count: 15 | Player 55 in snapshot: true | All entity IDs: [1, 5, 7, 11, 23, 32, 40, 45, 47, 51, 52, 53, 54, 55, 56]
[INTERPOLATOR] Buffer: 40 pkts | Health: 151.5ms / 150.0ms | Status: OK
[DESERIALIZE] Starting snapshot #330 | Timestamp: 7.6 | Entity count: 15 | Player ID: 55 | Has baseline: true | Baseline seq: 327
[DESERIALIZE] Completed snapshot #330 | Final entity count: 15 | Player 55 in snapshot: true | All entity IDs: [1, 5, 7, 11, 23, 32, 40, 45, 47, 51, 52, 53, 54, 55, 56]
[DESERIALIZE] Starting snapshot #340 | Timestamp: 7.75 | Entity count: 15 | Player ID: 55 | Has baseline: false | Baseline seq: 0
[DESERIALIZE] Completed snapshot #340 | Final entity count: 15 | Player 55 in snapshot: true | All entity IDs: [1, 5, 7, 11, 23, 32, 40, 45, 47, 51, 52, 53, 54, 55, 56]
[INTERPOLATOR] Buffer: 40 pkts | Health: 169.3ms / 150.0ms | Status: OK
[DESERIALIZE] Starting snapshot #350 | Timestamp: 7.9 | Entity count: 15 | Player ID: 55 | Has baseline: true | Baseline seq: 347
[DESERIALIZE] Completed snapshot #350 | Final entity count: 15 | Player 55 in snapshot: true | All entity IDs: [1, 5, 7, 11, 23, 32, 40, 45, 47, 51, 52, 53, 54, 55, 56]
[DESERIALIZE] Starting snapshot #360 | Timestamp: 8.1 | Entity count: 15 | Player ID: 55 | Has baseline: false | Baseline seq: 0
[DESERIALIZE] Completed snapshot #360 | Final entity count: 15 | Player 55 in snapshot: true | All entity IDs: [1, 5, 7, 11, 23, 32, 40, 45, 47, 51, 52, 53, 54, 55, 56]
[INTERPOLATOR] Buffer: 40 pkts | Health: 182.1ms / 150.0ms | Status: OK
[DESERIALIZE] Starting snapshot #370 | Timestamp: 8.25 | Entity count: 15 | Player ID: 55 | Has baseline: true | Baseline seq: 366
[DESERIALIZE] Completed snapshot #370 | Final entity count: 15 | Player 55 in snapshot: true | All entity IDs: [1, 5, 7, 11, 23, 32, 40, 45, 47, 51, 52, 53, 54, 55, 56]
[DESERIALIZE] Starting snapshot #380 | Timestamp: 8.4 | Entity count: 15 | Player ID: 55 | Has baseline: false | Baseline seq: 0
[DESERIALIZE] Completed snapshot #380 | Final entity count: 15 | Player 55 in snapshot: true | All entity IDs: [1, 5, 7, 11, 23, 32, 40, 45, 47, 51, 52, 53, 54, 55, 56]
[INTERPOLATOR] Buffer: 40 pkts | Health: 151.0ms / 150.0ms | Status: OK
[DESERIALIZE] Starting snapshot #390 | Timestamp: 8.6 | Entity count: 15 | Player ID: 55 | Has baseline: true | Baseline seq: 386
[DESERIALIZE] Completed snapshot #390 | Final entity count: 15 | Player 55 in snapshot: true | All entity IDs: [1, 5, 7, 11, 23, 32, 40, 45, 47, 51, 52, 53, 54, 55, 56]
[DESERIALIZE] Starting snapshot #400 | Timestamp: 8.75 | Entity count: 15 | Player ID: 55 | Has baseline: false | Baseline seq: 0
[DESERIALIZE] Completed snapshot #400 | Final entity count: 15 | Player 55 in snapshot: true | All entity IDs: [1, 5, 7, 11, 23, 32, 40, 45, 47, 51, 52, 53, 54, 55, 56]
[CLIENT] Received snapshot #400 | Snapshot timestamp: 8.75 | Current client time: 6.819 | Interpolator render_time: 8.57787580056593 | Interpolator latest_server_time: 8.75 | Entities: 15 | Player in snapshot: true | Player ID: 55 | Data size: 168 bytes
[INTERPOLATOR] Buffer full, removing old snapshot seq 360
[INTERPOLATOR] Buffer: 40 pkts | Health: 172.1ms / 150.0ms | Status: OK
