Godot Engine v4.5.1.stable.official.f62fdbde1 - https://godotengine.org
Metal 3.2 - Forward+ - Using Device #0: Apple - Apple M2 Pro (Apple8)

Connecting to server at 127.0.0.1:7777
[RENDERER] Debug walls drawn
[RENDERER] Debug obstacle paths drawn
Connected to server!
[CLIENT] Player entity ID tracked: 55
[INTERPOLATOR] First snapshot received! Seq: 1 | Timestamp: 1.65 | Setting render_time to: 1.5 | Delay: 0.15
[INTERPOLATOR] WARNING: Behind buffer! Jumping render_time from 1.50833333333333 to 1.65
[RENDERER] Client prediction ENABLED for player entity 55
[RENDERER] Created sprite for PLAYER entity 55
[INTERPOLATOR] WARNING: Behind buffer! Jumping render_time from 1.50833333333333 to 1.65
[INTERPOLATOR] WARNING: Behind buffer! Jumping render_time from 1.50833333333333 to 1.65
[INTERPOLATOR] WARNING: Behind buffer! Jumping render_time from 1.55833333333333 to 1.65
[INTERPOLATOR] WARNING: Behind buffer! Jumping render_time from 1.55833333333333 to 1.65
[INTERPOLATOR] WARNING: Behind buffer! Jumping render_time from 1.55833333333333 to 1.65
[INTERPOLATOR] WARNING: Behind buffer! Jumping render_time from 1.60833333333333 to 1.65
[INTERPOLATOR] WARNING: Behind buffer! Jumping render_time from 1.60833333333333 to 1.65
[DESERIALIZE] Starting snapshot #10 | Timestamp: 1.75 | Entity count: 10 | Player ID: 55 | Has baseline: true | Baseline seq: 6
[DESERIALIZE] Completed snapshot #10 | Final entity count: 10 | Player 55 in snapshot: true | All entity IDs: [4, 7, 8, 16, 19, 23, 42, 51, 54, 55]
[INTERPOLATOR] WARNING: Behind buffer! Jumping render_time from 1.60833333333333 to 1.65
[DESERIALIZE] Starting snapshot #20 | Timestamp: 1.95 | Entity count: 10 | Player ID: 55 | Has baseline: false | Baseline seq: 0
[DESERIALIZE] Completed snapshot #20 | Final entity count: 10 | Player 55 in snapshot: true | All entity IDs: [4, 7, 8, 16, 19, 23, 42, 51, 54, 55]
[INTERPOLATOR] Buffer: 20 pkts | Health: 183.3ms / 150.0ms | Status: OK
[DESERIALIZE] Starting snapshot #30 | Timestamp: 2.1 | Entity count: 10 | Player ID: 55 | Has baseline: true | Baseline seq: 27
[DESERIALIZE] Completed snapshot #30 | Final entity count: 10 | Player 55 in snapshot: true | All entity IDs: [4, 7, 8, 16, 19, 23, 42, 51, 54, 55]
[DESERIALIZE] Starting snapshot #40 | Timestamp: 2.25 | Entity count: 10 | Player ID: 55 | Has baseline: false | Baseline seq: 0
[DESERIALIZE] Completed snapshot #40 | Final entity count: 10 | Player 55 in snapshot: true | All entity IDs: [4, 7, 8, 16, 19, 23, 42, 51, 54, 55]
[INTERPOLATOR] Buffer: 40 pkts | Health: 150.0ms / 150.0ms | Status: OK
[DESERIALIZE] Starting snapshot #50 | Timestamp: 2.45 | Entity count: 10 | Player ID: 55 | Has baseline: true | Baseline seq: 47
[DESERIALIZE] Completed snapshot #50 | Final entity count: 10 | Player 55 in snapshot: true | All entity IDs: [4, 7, 8, 16, 19, 23, 42, 51, 54, 55]
[DESERIALIZE] Starting snapshot #60 | Timestamp: 2.6 | Entity count: 10 | Player ID: 55 | Has baseline: false | Baseline seq: 0
[DESERIALIZE] Completed snapshot #60 | Final entity count: 10 | Player 55 in snapshot: true | All entity IDs: [4, 7, 8, 16, 19, 23, 42, 51, 54, 55]
[INTERPOLATOR] Buffer: 40 pkts | Health: 166.4ms / 150.0ms | Status: OK
[DESERIALIZE] Starting snapshot #70 | Timestamp: 2.75 | Entity count: 10 | Player ID: 55 | Has baseline: true | Baseline seq: 68
[DESERIALIZE] Completed snapshot #70 | Final entity count: 10 | Player 55 in snapshot: true | All entity IDs: [4, 7, 8, 16, 19, 23, 42, 51, 54, 55]
[DESERIALIZE] Starting snapshot #80 | Timestamp: 2.95 | Entity count: 11 | Player ID: 55 | Has baseline: false | Baseline seq: 0
[DESERIALIZE] Completed snapshot #80 | Final entity count: 11 | Player 55 in snapshot: true | All entity IDs: [4, 7, 8, 16, 19, 23, 42, 51, 52, 54, 55]
[INTERPOLATOR] Buffer: 40 pkts | Health: 191.7ms / 150.0ms | Status: OK
[DESERIALIZE] Starting snapshot #90 | Timestamp: 3.1 | Entity count: 11 | Player ID: 55 | Has baseline: true | Baseline seq: 86
[DESERIALIZE] Completed snapshot #90 | Final entity count: 11 | Player 55 in snapshot: true | All entity IDs: [4, 7, 8, 16, 19, 23, 42, 51, 52, 54, 55]
[DESERIALIZE] Starting snapshot #100 | Timestamp: 3.25 | Entity count: 11 | Player ID: 55 | Has baseline: false | Baseline seq: 0
[DESERIALIZE] Completed snapshot #100 | Final entity count: 11 | Player 55 in snapshot: true | All entity IDs: [4, 7, 8, 16, 19, 23, 42, 51, 52, 54, 55]
[CLIENT] Received snapshot #100 | Snapshot timestamp: 3.25 | Current client time: 44.935 | Interpolator render_time: 3.10030891106214 | Interpolator latest_server_time: 3.25 | Entities: 11 | Player in snapshot: true | Player ID: 55 | Data size: 127 bytes
[INTERPOLATOR] Buffer full, removing old snapshot seq 60
[INTERPOLATOR] Buffer: 40 pkts | Health: 150.0ms / 150.0ms | Status: OK
[DESERIALIZE] Starting snapshot #110 | Timestamp: 3.45 | Entity count: 12 | Player ID: 55 | Has baseline: true | Baseline seq: 107
[DESERIALIZE] Completed snapshot #110 | Final entity count: 12 | Player 55 in snapshot: true | All entity IDs: [4, 7, 8, 16, 19, 23, 42, 51, 52, 53, 54, 55]
=== CLIENT MODE ===
[DESERIALIZE] Starting snapshot #120 | Timestamp: 3.6 | Entity count: 12 | Player ID: 55 | Has baseline: false | Baseline seq: 0
[DESERIALIZE] Completed snapshot #120 | Final entity count: 12 | Player 55 in snapshot: true | All entity IDs: [4, 7, 8, 16, 19, 23, 42, 51, 52, 53, 54, 55]
[INTERPOLATOR] Buffer: 40 pkts | Health: 166.4ms / 150.0ms | Status: OK
[DESERIALIZE] Starting snapshot #130 | Timestamp: 3.75 | Entity count: 12 | Player ID: 55 | Has baseline: true | Baseline seq: 128
[DESERIALIZE] Completed snapshot #130 | Final entity count: 12 | Player 55 in snapshot: true | All entity IDs: [4, 7, 8, 16, 19, 23, 42, 51, 52, 53, 54, 55]
[DESERIALIZE] Starting snapshot #140 | Timestamp: 3.95 | Entity count: 12 | Player ID: 55 | Has baseline: false | Baseline seq: 0
[DESERIALIZE] Completed snapshot #140 | Final entity count: 12 | Player 55 in snapshot: true | All entity IDs: [4, 7, 8, 16, 19, 23, 42, 51, 52, 53, 54, 55]
[INTERPOLATOR] Buffer: 40 pkts | Health: 183.3ms / 150.0ms | Status: OK
[DESERIALIZE] Starting snapshot #150 | Timestamp: 4.1 | Entity count: 12 | Player ID: 55 | Has baseline: true | Baseline seq: 146
[DESERIALIZE] Completed snapshot #150 | Final entity count: 12 | Player 55 in snapshot: true | All entity IDs: [4, 7, 8, 16, 19, 23, 42, 51, 52, 53, 54, 55]
[DESERIALIZE] Starting snapshot #160 | Timestamp: 4.25 | Entity count: 12 | Player ID: 55 | Has baseline: false | Baseline seq: 0
[DESERIALIZE] Completed snapshot #160 | Final entity count: 12 | Player 55 in snapshot: true | All entity IDs: [4, 7, 8, 16, 19, 23, 42, 51, 52, 53, 54, 55]
[INTERPOLATOR] Buffer: 40 pkts | Health: 150.0ms / 150.0ms | Status: OK
[DESERIALIZE] Starting snapshot #170 | Timestamp: 4.45 | Entity count: 13 | Player ID: 55 | Has baseline: true | Baseline seq: 166
[DESERIALIZE] Completed snapshot #170 | Final entity count: 13 | Player 55 in snapshot: true | All entity IDs: [4, 7, 8, 16, 19, 23, 39, 42, 51, 52, 53, 54, 55]
[INTERPOLATOR] Entity 42 disappeared (in from_snapshot seq 166 but not in to_snapshot seq 167)
[INTERPOLATOR] Entity 42 disappeared (in from_snapshot seq 166 but not in to_snapshot seq 167)
[INTERPOLATOR] Entity 42 disappeared (in from_snapshot seq 166 but not in to_snapshot seq 167)
[INTERPOLATOR] Entity 42 disappeared (in from_snapshot seq 166 but not in to_snapshot seq 167)
[INTERPOLATOR] Entity 42 disappeared (in from_snapshot seq 166 but not in to_snapshot seq 167)
[INTERPOLATOR] Entity 42 disappeared (in from_snapshot seq 166 but not in to_snapshot seq 167)
[DESERIALIZE] Starting snapshot #180 | Timestamp: 4.6 | Entity count: 13 | Player ID: 55 | Has baseline: false | Baseline seq: 0
[DESERIALIZE] Completed snapshot #180 | Final entity count: 13 | Player 55 in snapshot: true | All entity IDs: [4, 7, 8, 16, 19, 23, 25, 39, 51, 52, 53, 54, 55]
[INTERPOLATOR] Buffer: 40 pkts | Health: 166.4ms / 150.0ms | Status: OK
[INTERPOLATOR] Entity 25 disappeared (in from_snapshot seq 178 but not in to_snapshot seq 179)
[INTERPOLATOR] Entity 25 disappeared (in from_snapshot seq 178 but not in to_snapshot seq 179)
[INTERPOLATOR] Entity 25 disappeared (in from_snapshot seq 178 but not in to_snapshot seq 179)
[INTERPOLATOR] Entity 25 disappeared (in from_snapshot seq 178 but not in to_snapshot seq 179)
[INTERPOLATOR] Entity 25 disappeared (in from_snapshot seq 178 but not in to_snapshot seq 179)
[INTERPOLATOR] Entity 25 disappeared (in from_snapshot seq 178 but not in to_snapshot seq 179)
[DESERIALIZE] Starting snapshot #190 | Timestamp: 4.75 | Entity count: 13 | Player ID: 55 | Has baseline: true | Baseline seq: 187
[DESERIALIZE] Completed snapshot #190 | Final entity count: 13 | Player 55 in snapshot: true | All entity IDs: [4, 7, 8, 16, 19, 23, 25, 39, 51, 52, 53, 54, 55]
[DESERIALIZE] Starting snapshot #200 | Timestamp: 4.95 | Entity count: 13 | Player ID: 55 | Has baseline: false | Baseline seq: 0
[DESERIALIZE] Completed snapshot #200 | Final entity count: 13 | Player 55 in snapshot: true | All entity IDs: [4, 7, 8, 16, 19, 23, 39, 42, 51, 52, 53, 54, 55]
[CLIENT] Received snapshot #200 | Snapshot timestamp: 4.95 | Current client time: 46.601 | Interpolator render_time: 4.766666 | Interpolator latest_server_time: 4.9 | Entities: 13 | Player in snapshot: true | Player ID: 55 | Data size: 148 bytes
[INTERPOLATOR] Buffer full, removing old snapshot seq 160
[INTERPOLATOR] Buffer: 40 pkts | Health: 183.3ms / 150.0ms | Status: OK
[INTERPOLATOR] Entity 25 disappeared (in from_snapshot seq 193 but not in to_snapshot seq 194)
[INTERPOLATOR] Entity 25 disappeared (in from_snapshot seq 193 but not in to_snapshot seq 194)
[INTERPOLATOR] Entity 25 disappeared (in from_snapshot seq 193 but not in to_snapshot seq 194)
[INTERPOLATOR] Entity 25 disappeared (in from_snapshot seq 193 but not in to_snapshot seq 194)
[INTERPOLATOR] Entity 25 disappeared (in from_snapshot seq 193 but not in to_snapshot seq 194)
[INTERPOLATOR] Entity 25 disappeared (in from_snapshot seq 193 but not in to_snapshot seq 194)
[DESERIALIZE] Starting snapshot #210 | Timestamp: 5.1 | Entity count: 13 | Player ID: 55 | Has baseline: true | Baseline seq: 208
[DESERIALIZE] Completed snapshot #210 | Final entity count: 13 | Player 55 in snapshot: true | All entity IDs: [4, 7, 8, 16, 19, 23, 39, 42, 51, 52, 53, 54, 55]
[DESERIALIZE] Starting snapshot #220 | Timestamp: 5.25 | Entity count: 13 | Player ID: 55 | Has baseline: false | Baseline seq: 0
[DESERIALIZE] Completed snapshot #220 | Final entity count: 13 | Player 55 in snapshot: true | All entity IDs: [4, 7, 8, 16, 19, 23, 39, 42, 51, 52, 53, 54, 55]
[INTERPOLATOR] Buffer: 40 pkts | Health: 150.0ms / 150.0ms | Status: OK
[DESERIALIZE] Starting snapshot #230 | Timestamp: 5.45 | Entity count: 13 | Player ID: 55 | Has baseline: true | Baseline seq: 226
[DESERIALIZE] Completed snapshot #230 | Final entity count: 13 | Player 55 in snapshot: true | All entity IDs: [4, 7, 8, 16, 19, 23, 39, 42, 51, 52, 53, 54, 55]
[DESERIALIZE] Starting snapshot #240 | Timestamp: 5.6 | Entity count: 13 | Player ID: 55 | Has baseline: false | Baseline seq: 0
[DESERIALIZE] Completed snapshot #240 | Final entity count: 13 | Player 55 in snapshot: true | All entity IDs: [4, 7, 8, 16, 19, 23, 39, 42, 51, 52, 53, 54, 55]
[INTERPOLATOR] Buffer: 40 pkts | Health: 166.4ms / 150.0ms | Status: OK
[DESERIALIZE] Starting snapshot #250 | Timestamp: 5.75 | Entity count: 13 | Player ID: 55 | Has baseline: true | Baseline seq: 247
[DESERIALIZE] Completed snapshot #250 | Final entity count: 13 | Player 55 in snapshot: true | All entity IDs: [4, 7, 8, 16, 19, 23, 39, 42, 51, 52, 53, 54, 55]
[DESERIALIZE] Starting snapshot #260 | Timestamp: 5.95 | Entity count: 13 | Player ID: 55 | Has baseline: false | Baseline seq: 0
[DESERIALIZE] Completed snapshot #260 | Final entity count: 13 | Player 55 in snapshot: true | All entity IDs: [4, 7, 8, 16, 19, 23, 39, 42, 51, 52, 53, 54, 55]
[INTERPOLATOR] Buffer: 40 pkts | Health: 183.3ms / 150.0ms | Status: OK
[DESERIALIZE] Starting snapshot #270 | Timestamp: 6.1 | Entity count: 13 | Player ID: 55 | Has baseline: true | Baseline seq: 268
[DESERIALIZE] Completed snapshot #270 | Final entity count: 13 | Player 55 in snapshot: true | All entity IDs: [4, 7, 8, 16, 19, 23, 39, 42, 51, 52, 53, 54, 55]
[DESERIALIZE] Starting snapshot #280 | Timestamp: 6.25 | Entity count: 13 | Player ID: 55 | Has baseline: false | Baseline seq: 0
[DESERIALIZE] Completed snapshot #280 | Final entity count: 13 | Player 55 in snapshot: true | All entity IDs: [4, 7, 8, 16, 19, 23, 39, 42, 51, 52, 53, 54, 55]
[INTERPOLATOR] Buffer: 40 pkts | Health: 150.0ms / 150.0ms | Status: OK
[DESERIALIZE] Starting snapshot #290 | Timestamp: 6.45 | Entity count: 13 | Player ID: 55 | Has baseline: true | Baseline seq: 285
[DESERIALIZE] Completed snapshot #290 | Final entity count: 13 | Player 55 in snapshot: true | All entity IDs: [4, 7, 8, 16, 19, 23, 39, 42, 51, 52, 53, 54, 55]
[DESERIALIZE] Starting snapshot #300 | Timestamp: 6.6 | Entity count: 13 | Player ID: 55 | Has baseline: false | Baseline seq: 0
[DESERIALIZE] Completed snapshot #300 | Final entity count: 13 | Player 55 in snapshot: true | All entity IDs: [4, 7, 8, 16, 19, 23, 39, 42, 51, 52, 53, 54, 55]
[CLIENT] Received snapshot #300 | Snapshot timestamp: 6.6 | Current client time: 48.268 | Interpolator render_time: 6.43357447410852 | Interpolator latest_server_time: 6.6 | Entities: 13 | Player in snapshot: true | Player ID: 55 | Data size: 148 bytes
[INTERPOLATOR] Buffer full, removing old snapshot seq 260
[INTERPOLATOR] Buffer: 40 pkts | Health: 166.4ms / 150.0ms | Status: OK
[DESERIALIZE] Starting snapshot #310 | Timestamp: 6.75 | Entity count: 13 | Player ID: 55 | Has baseline: true | Baseline seq: 306
[DESERIALIZE] Completed snapshot #310 | Final entity count: 13 | Player 55 in snapshot: true | All entity IDs: [4, 7, 8, 16, 19, 23, 39, 42, 51, 52, 53, 54, 55]
[DESERIALIZE] Starting snapshot #320 | Timestamp: 6.95 | Entity count: 13 | Player ID: 55 | Has baseline: false | Baseline seq: 0
[DESERIALIZE] Completed snapshot #320 | Final entity count: 13 | Player 55 in snapshot: true | All entity IDs: [4, 7, 8, 16, 19, 23, 39, 42, 51, 52, 53, 54, 55]
[INTERPOLATOR] Buffer: 40 pkts | Health: 183.3ms / 150.0ms | Status: OK
[DESERIALIZE] Starting snapshot #330 | Timestamp: 7.1 | Entity count: 13 | Player ID: 55 | Has baseline: true | Baseline seq: 327
[DESERIALIZE] Completed snapshot #330 | Final entity count: 13 | Player 55 in snapshot: true | All entity IDs: [4, 7, 8, 16, 19, 23, 39, 42, 51, 52, 53, 54, 55]
[DESERIALIZE] Starting snapshot #340 | Timestamp: 7.25 | Entity count: 13 | Player ID: 55 | Has baseline: false | Baseline seq: 0
[DESERIALIZE] Completed snapshot #340 | Final entity count: 13 | Player 55 in snapshot: true | All entity IDs: [4, 7, 8, 16, 19, 23, 39, 42, 51, 52, 53, 54, 55]
[INTERPOLATOR] Buffer: 40 pkts | Health: 150.0ms / 150.0ms | Status: OK
[DESERIALIZE] Starting snapshot #350 | Timestamp: 7.45 | Entity count: 13 | Player ID: 55 | Has baseline: true | Baseline seq: 348
[DESERIALIZE] Completed snapshot #350 | Final entity count: 13 | Player 55 in snapshot: true | All entity IDs: [4, 7, 8, 16, 19, 23, 39, 42, 51, 52, 53, 54, 55]
[DESERIALIZE] Starting snapshot #360 | Timestamp: 7.6 | Entity count: 13 | Player ID: 55 | Has baseline: false | Baseline seq: 0
[DESERIALIZE] Completed snapshot #360 | Final entity count: 13 | Player 55 in snapshot: true | All entity IDs: [4, 7, 8, 16, 19, 23, 39, 42, 51, 52, 53, 54, 55]
[INTERPOLATOR] Buffer: 40 pkts | Health: 166.4ms / 150.0ms | Status: OK
[DESERIALIZE] Starting snapshot #370 | Timestamp: 7.75 | Entity count: 13 | Player ID: 55 | Has baseline: true | Baseline seq: 366
[DESERIALIZE] Completed snapshot #370 | Final entity count: 13 | Player 55 in snapshot: true | All entity IDs: [4, 7, 8, 16, 19, 23, 39, 42, 51, 52, 53, 54, 55]
[DESERIALIZE] Starting snapshot #380 | Timestamp: 7.95 | Entity count: 13 | Player ID: 55 | Has baseline: false | Baseline seq: 0
[DESERIALIZE] Completed snapshot #380 | Final entity count: 13 | Player 55 in snapshot: true | All entity IDs: [4, 7, 8, 16, 19, 23, 39, 42, 51, 52, 53, 54, 55]
[INTERPOLATOR] Buffer: 40 pkts | Health: 183.3ms / 150.0ms | Status: OK
[DESERIALIZE] Starting snapshot #390 | Timestamp: 8.1 | Entity count: 13 | Player ID: 55 | Has baseline: true | Baseline seq: 387
[DESERIALIZE] Completed snapshot #390 | Final entity count: 13 | Player 55 in snapshot: true | All entity IDs: [4, 7, 8, 16, 19, 23, 39, 42, 51, 52, 53, 54, 55]
[DESERIALIZE] Starting snapshot #400 | Timestamp: 8.25 | Entity count: 13 | Player ID: 55 | Has baseline: false | Baseline seq: 0
[DESERIALIZE] Completed snapshot #400 | Final entity count: 13 | Player 55 in snapshot: true | All entity IDs: [4, 7, 8, 16, 19, 23, 39, 42, 51, 52, 53, 54, 55]
[CLIENT] Received snapshot #400 | Snapshot timestamp: 8.25 | Current client time: 49.935 | Interpolator render_time: 8.10030891106214 | Interpolator latest_server_time: 8.25 | Entities: 13 | Player in snapshot: true | Player ID: 55 | Data size: 148 bytes
[INTERPOLATOR] Buffer full, removing old snapshot seq 360
[INTERPOLATOR] Buffer: 40 pkts | Health: 150.0ms / 150.0ms | Status: OK
[DESERIALIZE] Starting snapshot #410 | Timestamp: 8.45 | Entity count: 13 | Player ID: 55 | Has baseline: true | Baseline seq: 408
[DESERIALIZE] Completed snapshot #410 | Final entity count: 13 | Player 55 in snapshot: true | All entity IDs: [4, 7, 8, 16, 19, 23, 39, 42, 51, 52, 53, 54, 55]
[DESERIALIZE] Starting snapshot #420 | Timestamp: 8.6 | Entity count: 13 | Player ID: 55 | Has baseline: false | Baseline seq: 0
[DESERIALIZE] Completed snapshot #420 | Final entity count: 13 | Player 55 in snapshot: true | All entity IDs: [4, 7, 8, 16, 19, 23, 39, 42, 51, 52, 53, 54, 55]
[INTERPOLATOR] Buffer: 40 pkts | Health: 166.4ms / 150.0ms | Status: OK
[DESERIALIZE] Starting snapshot #430 | Timestamp: 8.75 | Entity count: 13 | Player ID: 55 | Has baseline: true | Baseline seq: 425
[DESERIALIZE] Completed snapshot #430 | Final entity count: 13 | Player 55 in snapshot: true | All entity IDs: [4, 7, 8, 16, 19, 23, 39, 42, 51, 52, 53, 54, 55]
[DESERIALIZE] Starting snapshot #440 | Timestamp: 8.95 | Entity count: 13 | Player ID: 55 | Has baseline: false | Baseline seq: 0
[DESERIALIZE] Completed snapshot #440 | Final entity count: 13 | Player 55 in snapshot: true | All entity IDs: [4, 7, 8, 16, 19, 23, 39, 42, 51, 52, 53, 54, 55]
[INTERPOLATOR] Buffer: 40 pkts | Health: 183.3ms / 150.0ms | Status: OK
[DESERIALIZE] Starting snapshot #450 | Timestamp: 9.1 | Entity count: 13 | Player ID: 55 | Has baseline: true | Baseline seq: 446
[DESERIALIZE] Completed snapshot #450 | Final entity count: 13 | Player 55 in snapshot: true | All entity IDs: [4, 7, 8, 16, 19, 23, 39, 42, 51, 52, 53, 54, 55]
[DESERIALIZE] Starting snapshot #460 | Timestamp: 9.25 | Entity count: 13 | Player ID: 55 | Has baseline: false | Baseline seq: 0
[DESERIALIZE] Completed snapshot #460 | Final entity count: 13 | Player 55 in snapshot: true | All entity IDs: [4, 7, 8, 16, 19, 23, 39, 42, 51, 52, 53, 54, 55]
[INTERPOLATOR] Buffer: 40 pkts | Health: 150.0ms / 150.0ms | Status: OK
[DESERIALIZE] Starting snapshot #470 | Timestamp: 9.45 | Entity count: 13 | Player ID: 55 | Has baseline: true | Baseline seq: 467
[DESERIALIZE] Completed snapshot #470 | Final entity count: 13 | Player 55 in snapshot: true | All entity IDs: [4, 7, 8, 16, 19, 23, 39, 42, 51, 52, 53, 54, 55]
[DESERIALIZE] Starting snapshot #480 | Timestamp: 9.6 | Entity count: 13 | Player ID: 55 | Has baseline: false | Baseline seq: 0
[DESERIALIZE] Completed snapshot #480 | Final entity count: 13 | Player 55 in snapshot: true | All entity IDs: [4, 7, 8, 16, 19, 23, 39, 42, 51, 52, 53, 54, 55]
[INTERPOLATOR] Buffer: 40 pkts | Health: 166.4ms / 150.0ms | Status: OK
[DESERIALIZE] Starting snapshot #490 | Timestamp: 9.75 | Entity count: 13 | Player ID: 55 | Has baseline: true | Baseline seq: 488
[DESERIALIZE] Completed snapshot #490 | Final entity count: 13 | Player 55 in snapshot: true | All entity IDs: [4, 7, 8, 16, 19, 23, 39, 42, 51, 52, 53, 54, 55]
[DESERIALIZE] Starting snapshot #500 | Timestamp: 9.95 | Entity count: 13 | Player ID: 55 | Has baseline: false | Baseline seq: 0
[DESERIALIZE] Completed snapshot #500 | Final entity count: 13 | Player 55 in snapshot: true | All entity IDs: [4, 7, 8, 16, 19, 23, 39, 42, 51, 52, 53, 54, 55]
[CLIENT] Received snapshot #500 | Snapshot timestamp: 9.95 | Current client time: 51.594 | Interpolator render_time: 9.758333 | Interpolator latest_server_time: 9.9 | Entities: 13 | Player in snapshot: true | Player ID: 55 | Data size: 148 bytes
[INTERPOLATOR] Buffer full, removing old snapshot seq 460
[INTERPOLATOR] Buffer: 40 pkts | Health: 191.7ms / 150.0ms | Status: OK
[DESERIALIZE] Starting snapshot #510 | Timestamp: 10.1 | Entity count: 13 | Player ID: 55 | Has baseline: true | Baseline seq: 506
[DESERIALIZE] Completed snapshot #510 | Final entity count: 13 | Player 55 in snapshot: true | All entity IDs: [4, 7, 8, 16, 19, 23, 39, 42, 51, 52, 53, 54, 55]
[DESERIALIZE] Starting snapshot #520 | Timestamp: 10.25 | Entity count: 13 | Player ID: 55 | Has baseline: false | Baseline seq: 0
[DESERIALIZE] Completed snapshot #520 | Final entity count: 13 | Player 55 in snapshot: true | All entity IDs: [4, 7, 8, 16, 19, 23, 39, 42, 51, 52, 53, 54, 55]
[INTERPOLATOR] Buffer: 40 pkts | Health: 150.0ms / 150.0ms | Status: OK
[DESERIALIZE] Starting snapshot #530 | Timestamp: 10.45 | Entity count: 13 | Player ID: 55 | Has baseline: true | Baseline seq: 527
[DESERIALIZE] Completed snapshot #530 | Final entity count: 13 | Player 55 in snapshot: true | All entity IDs: [4, 7, 8, 16, 19, 23, 39, 42, 51, 52, 53, 54, 55]
[DESERIALIZE] Starting snapshot #540 | Timestamp: 10.6 | Entity count: 13 | Player ID: 55 | Has baseline: false | Baseline seq: 0
[DESERIALIZE] Completed snapshot #540 | Final entity count: 13 | Player 55 in snapshot: true | All entity IDs: [4, 7, 8, 16, 19, 23, 39, 42, 51, 52, 53, 54, 55]
[INTERPOLATOR] Buffer: 40 pkts | Health: 166.4ms / 150.0ms | Status: OK
[DESERIALIZE] Starting snapshot #550 | Timestamp: 10.75 | Entity count: 13 | Player ID: 55 | Has baseline: true | Baseline seq: 548
[DESERIALIZE] Completed snapshot #550 | Final entity count: 13 | Player 55 in snapshot: true | All entity IDs: [4, 7, 8, 16, 19, 23, 39, 42, 51, 52, 53, 54, 55]
[DESERIALIZE] Starting snapshot #560 | Timestamp: 10.95 | Entity count: 13 | Player ID: 55 | Has baseline: false | Baseline seq: 0
[DESERIALIZE] Completed snapshot #560 | Final entity count: 13 | Player 55 in snapshot: true | All entity IDs: [4, 7, 8, 16, 19, 23, 39, 42, 51, 52, 53, 54, 55]
[INTERPOLATOR] Buffer: 40 pkts | Health: 183.3ms / 150.0ms | Status: OK
[DESERIALIZE] Starting snapshot #570 | Timestamp: 11.1 | Entity count: 13 | Player ID: 55 | Has baseline: true | Baseline seq: 565
[DESERIALIZE] Completed snapshot #570 | Final entity count: 13 | Player 55 in snapshot: true | All entity IDs: [4, 7, 8, 16, 19, 23, 39, 42, 51, 52, 53, 54, 55]
[DESERIALIZE] Starting snapshot #580 | Timestamp: 11.25 | Entity count: 13 | Player ID: 55 | Has baseline: false | Baseline seq: 0
[DESERIALIZE] Completed snapshot #580 | Final entity count: 13 | Player 55 in snapshot: true | All entity IDs: [4, 7, 8, 16, 19, 23, 39, 42, 51, 52, 53, 54, 55]
[INTERPOLATOR] Buffer: 40 pkts | Health: 150.0ms / 150.0ms | Status: OK
[DESERIALIZE] Starting snapshot #590 | Timestamp: 11.45 | Entity count: 13 | Player ID: 55 | Has baseline: true | Baseline seq: 586
[DESERIALIZE] Completed snapshot #590 | Final entity count: 13 | Player 55 in snapshot: true | All entity IDs: [4, 7, 8, 16, 19, 23, 39, 42, 51, 52, 53, 54, 55]
[DESERIALIZE] Starting snapshot #600 | Timestamp: 11.6 | Entity count: 13 | Player ID: 55 | Has baseline: false | Baseline seq: 0
[DESERIALIZE] Completed snapshot #600 | Final entity count: 13 | Player 55 in snapshot: true | All entity IDs: [4, 7, 8, 16, 19, 23, 39, 42, 51, 52, 53, 54, 55]
[CLIENT] Received snapshot #600 | Snapshot timestamp: 11.6 | Current client time: 53.268 | Interpolator render_time: 11.4335744741085 | Interpolator latest_server_time: 11.6 | Entities: 13 | Player in snapshot: true | Player ID: 55 | Data size: 148 bytes
[INTERPOLATOR] Buffer full, removing old snapshot seq 560
[INTERPOLATOR] Buffer: 40 pkts | Health: 166.4ms / 150.0ms | Status: OK
[DESERIALIZE] Starting snapshot #610 | Timestamp: 11.75 | Entity count: 13 | Player ID: 55 | Has baseline: true | Baseline seq: 607
[DESERIALIZE] Completed snapshot #610 | Final entity count: 13 | Player 55 in snapshot: true | All entity IDs: [4, 7, 8, 16, 19, 23, 39, 42, 51, 52, 53, 54, 55]
[DESERIALIZE] Starting snapshot #620 | Timestamp: 11.95 | Entity count: 13 | Player ID: 55 | Has baseline: false | Baseline seq: 0
[DESERIALIZE] Completed snapshot #620 | Final entity count: 13 | Player 55 in snapshot: true | All entity IDs: [4, 7, 8, 16, 19, 23, 39, 42, 51, 52, 53, 54, 55]
[INTERPOLATOR] Buffer: 40 pkts | Health: 183.3ms / 150.0ms | Status: OK
[DESERIALIZE] Starting snapshot #630 | Timestamp: 12.1 | Entity count: 13 | Player ID: 55 | Has baseline: true | Baseline seq: 628
[DESERIALIZE] Completed snapshot #630 | Final entity count: 13 | Player 55 in snapshot: true | All entity IDs: [4, 7, 8, 16, 19, 23, 39, 42, 51, 52, 53, 54, 55]
[DESERIALIZE] Starting snapshot #640 | Timestamp: 12.25 | Entity count: 13 | Player ID: 55 | Has baseline: false | Baseline seq: 0
[DESERIALIZE] Completed snapshot #640 | Final entity count: 13 | Player 55 in snapshot: true | All entity IDs: [4, 7, 8, 16, 19, 23, 39, 42, 51, 52, 53, 54, 55]
[INTERPOLATOR] Buffer: 40 pkts | Health: 150.0ms / 150.0ms | Status: OK
[DESERIALIZE] Starting snapshot #650 | Timestamp: 12.45 | Entity count: 16 | Player ID: 55 | Has baseline: true | Baseline seq: 646
[DESERIALIZE] Completed snapshot #650 | Final entity count: 16 | Player 55 in snapshot: true | All entity IDs: [4, 7, 8, 16, 17, 19, 23, 32, 34, 39, 41, 51, 52, 53, 54, 55]
[DESERIALIZE] Starting snapshot #660 | Timestamp: 12.6 | Entity count: 17 | Player ID: 55 | Has baseline: false | Baseline seq: 0
[DESERIALIZE] Completed snapshot #660 | Final entity count: 17 | Player 55 in snapshot: true | All entity IDs: [4, 7, 8, 16, 17, 19, 20, 23, 32, 34, 39, 41, 51, 52, 53, 54, 55]
[INTERPOLATOR] Buffer: 40 pkts | Health: 166.4ms / 150.0ms | Status: OK
[DESERIALIZE] Starting snapshot #670 | Timestamp: 12.75 | Entity count: 17 | Player ID: 55 | Has baseline: true | Baseline seq: 667
[DESERIALIZE] Completed snapshot #670 | Final entity count: 17 | Player 55 in snapshot: true | All entity IDs: [4, 7, 8, 16, 17, 19, 20, 23, 32, 34, 39, 41, 51, 52, 53, 54, 55]
[DESERIALIZE] Starting snapshot #680 | Timestamp: 12.95 | Entity count: 17 | Player ID: 55 | Has baseline: false | Baseline seq: 0
[DESERIALIZE] Completed snapshot #680 | Final entity count: 17 | Player 55 in snapshot: true | All entity IDs: [4, 7, 8, 16, 17, 19, 20, 23, 32, 34, 39, 41, 51, 52, 53, 54, 55]
[INTERPOLATOR] Buffer: 40 pkts | Health: 183.3ms / 150.0ms | Status: OK
[DESERIALIZE] Starting snapshot #690 | Timestamp: 13.1 | Entity count: 17 | Player ID: 55 | Has baseline: true | Baseline seq: 688
[DESERIALIZE] Completed snapshot #690 | Final entity count: 17 | Player 55 in snapshot: true | All entity IDs: [4, 7, 8, 16, 17, 19, 20, 23, 32, 34, 39, 41, 51, 52, 53, 54, 55]
[DESERIALIZE] Starting snapshot #700 | Timestamp: 13.25 | Entity count: 17 | Player ID: 55 | Has baseline: false | Baseline seq: 0
[DESERIALIZE] Completed snapshot #700 | Final entity count: 17 | Player 55 in snapshot: true | All entity IDs: [4, 7, 8, 16, 17, 19, 20, 23, 32, 34, 39, 41, 51, 52, 53, 54, 55]
[CLIENT] Received snapshot #700 | Snapshot timestamp: 13.25 | Current client time: 54.935 | Interpolator render_time: 13.1003089110621 | Interpolator latest_server_time: 13.25 | Entities: 17 | Player in snapshot: true | Player ID: 55 | Data size: 189 bytes
[INTERPOLATOR] Buffer full, removing old snapshot seq 660
[INTERPOLATOR] Buffer: 40 pkts | Health: 150.0ms / 150.0ms | Status: OK
[DESERIALIZE] Starting snapshot #710 | Timestamp: 13.45 | Entity count: 17 | Player ID: 55 | Has baseline: true | Baseline seq: 705
[DESERIALIZE] Completed snapshot #710 | Final entity count: 17 | Player 55 in snapshot: true | All entity IDs: [4, 7, 8, 16, 17, 19, 20, 23, 32, 34, 39, 41, 51, 52, 53, 54, 55]
[DESERIALIZE] Starting snapshot #720 | Timestamp: 13.6 | Entity count: 17 | Player ID: 55 | Has baseline: false | Baseline seq: 0
[DESERIALIZE] Completed snapshot #720 | Final entity count: 17 | Player 55 in snapshot: true | All entity IDs: [4, 7, 8, 16, 17, 19, 20, 23, 32, 34, 39, 41, 51, 52, 53, 54, 55]
[INTERPOLATOR] Buffer: 40 pkts | Health: 166.4ms / 150.0ms | Status: OK
[DESERIALIZE] Starting snapshot #730 | Timestamp: 13.75 | Entity count: 17 | Player ID: 55 | Has baseline: true | Baseline seq: 726
[DESERIALIZE] Completed snapshot #730 | Final entity count: 17 | Player 55 in snapshot: true | All entity IDs: [4, 7, 8, 16, 17, 19, 20, 23, 32, 34, 39, 41, 51, 52, 53, 54, 55]
[DESERIALIZE] Starting snapshot #740 | Timestamp: 13.95 | Entity count: 17 | Player ID: 55 | Has baseline: false | Baseline seq: 0
[DESERIALIZE] Completed snapshot #740 | Final entity count: 17 | Player 55 in snapshot: true | All entity IDs: [4, 7, 8, 16, 17, 19, 20, 23, 32, 34, 39, 41, 51, 52, 53, 54, 55]
[INTERPOLATOR] Buffer: 40 pkts | Health: 183.3ms / 150.0ms | Status: OK
[DESERIALIZE] Starting snapshot #750 | Timestamp: 14.1 | Entity count: 17 | Player ID: 55 | Has baseline: true | Baseline seq: 747
[DESERIALIZE] Completed snapshot #750 | Final entity count: 17 | Player 55 in snapshot: true | All entity IDs: [4, 7, 8, 16, 17, 19, 20, 23, 32, 34, 39, 41, 51, 52, 53, 54, 55]
[DESERIALIZE] Starting snapshot #760 | Timestamp: 14.25 | Entity count: 17 | Player ID: 55 | Has baseline: false | Baseline seq: 0
[DESERIALIZE] Completed snapshot #760 | Final entity count: 17 | Player 55 in snapshot: true | All entity IDs: [4, 7, 8, 16, 17, 19, 20, 23, 32, 34, 39, 41, 51, 52, 53, 54, 55]
[INTERPOLATOR] Buffer: 40 pkts | Health: 150.0ms / 150.0ms | Status: OK
[DESERIALIZE] Starting snapshot #770 | Timestamp: 14.45 | Entity count: 17 | Player ID: 55 | Has baseline: true | Baseline seq: 768
[DESERIALIZE] Completed snapshot #770 | Final entity count: 17 | Player 55 in snapshot: true | All entity IDs: [4, 7, 8, 16, 17, 19, 20, 23, 32, 34, 39, 41, 51, 52, 53, 54, 55]
[DESERIALIZE] Starting snapshot #780 | Timestamp: 14.6 | Entity count: 17 | Player ID: 55 | Has baseline: false | Baseline seq: 0
[DESERIALIZE] Completed snapshot #780 | Final entity count: 17 | Player 55 in snapshot: true | All entity IDs: [4, 7, 8, 16, 17, 19, 20, 23, 32, 34, 39, 41, 51, 52, 53, 54, 55]
[INTERPOLATOR] Buffer: 40 pkts | Health: 166.4ms / 150.0ms | Status: OK
[DESERIALIZE] Starting snapshot #790 | Timestamp: 14.75 | Entity count: 17 | Player ID: 55 | Has baseline: true | Baseline seq: 786
[DESERIALIZE] Completed snapshot #790 | Final entity count: 17 | Player 55 in snapshot: true | All entity IDs: [4, 7, 8, 16, 17, 19, 20, 23, 32, 34, 39, 41, 51, 52, 53, 54, 55]
[DESERIALIZE] Starting snapshot #800 | Timestamp: 14.95 | Entity count: 15 | Player ID: 55 | Has baseline: false | Baseline seq: 0
[DESERIALIZE] Completed snapshot #800 | Final entity count: 15 | Player 55 in snapshot: true | All entity IDs: [7, 8, 17, 19, 20, 23, 32, 34, 39, 41, 51, 52, 53, 54, 55]
[CLIENT] Received snapshot #800 | Snapshot timestamp: 14.95 | Current client time: 56.602 | Interpolator render_time: 14.766666 | Interpolator latest_server_time: 14.9 | Entities: 15 | Player in snapshot: true | Player ID: 55 | Data size: 168 bytes
[INTERPOLATOR] Buffer full, removing old snapshot seq 760
[INTERPOLATOR] Buffer: 40 pkts | Health: 183.3ms / 150.0ms | Status: OK
[DESERIALIZE] Starting snapshot #810 | Timestamp: 15.1 | Entity count: 15 | Player ID: 55 | Has baseline: true | Baseline seq: 807
[DESERIALIZE] Completed snapshot #810 | Final entity count: 15 | Player 55 in snapshot: true | All entity IDs: [7, 8, 17, 19, 20, 23, 32, 34, 39, 41, 51, 52, 53, 54, 55]
[DESERIALIZE] Starting snapshot #820 | Timestamp: 15.25 | Entity count: 15 | Player ID: 55 | Has baseline: false | Baseline seq: 0
[DESERIALIZE] Completed snapshot #820 | Final entity count: 15 | Player 55 in snapshot: true | All entity IDs: [7, 8, 17, 19, 20, 23, 32, 34, 39, 41, 51, 52, 53, 54, 55]
[INTERPOLATOR] Buffer: 40 pkts | Health: 150.0ms / 150.0ms | Status: OK
[DESERIALIZE] Starting snapshot #830 | Timestamp: 15.45 | Entity count: 15 | Player ID: 55 | Has baseline: true | Baseline seq: 828
[DESERIALIZE] Completed snapshot #830 | Final entity count: 15 | Player 55 in snapshot: true | All entity IDs: [7, 8, 17, 19, 20, 23, 32, 34, 39, 41, 51, 52, 53, 54, 55]
[DESERIALIZE] Starting snapshot #840 | Timestamp: 15.6 | Entity count: 15 | Player ID: 55 | Has baseline: false | Baseline seq: 0
[DESERIALIZE] Completed snapshot #840 | Final entity count: 15 | Player 55 in snapshot: true | All entity IDs: [7, 8, 17, 19, 20, 23, 32, 34, 39, 41, 51, 52, 53, 54, 55]
[INTERPOLATOR] Buffer: 40 pkts | Health: 166.4ms / 150.0ms | Status: OK
[DESERIALIZE] Starting snapshot #850 | Timestamp: 15.75 | Entity count: 15 | Player ID: 55 | Has baseline: true | Baseline seq: 845
[DESERIALIZE] Completed snapshot #850 | Final entity count: 15 | Player 55 in snapshot: true | All entity IDs: [7, 8, 17, 19, 20, 23, 32, 34, 39, 41, 51, 52, 53, 54, 55]
[DESERIALIZE] Starting snapshot #860 | Timestamp: 15.95 | Entity count: 15 | Player ID: 55 | Has baseline: false | Baseline seq: 0
[DESERIALIZE] Completed snapshot #860 | Final entity count: 15 | Player 55 in snapshot: true | All entity IDs: [7, 8, 17, 19, 20, 23, 32, 34, 39, 41, 51, 52, 53, 54, 55]
[INTERPOLATOR] Buffer: 40 pkts | Health: 183.3ms / 150.0ms | Status: OK
[DESERIALIZE] Starting snapshot #870 | Timestamp: 16.1 | Entity count: 15 | Player ID: 55 | Has baseline: true | Baseline seq: 866
[DESERIALIZE] Completed snapshot #870 | Final entity count: 15 | Player 55 in snapshot: true | All entity IDs: [7, 8, 17, 19, 20, 23, 32, 34, 39, 41, 51, 52, 53, 54, 55]
[DESERIALIZE] Starting snapshot #880 | Timestamp: 16.25 | Entity count: 15 | Player ID: 55 | Has baseline: false | Baseline seq: 0
[DESERIALIZE] Completed snapshot #880 | Final entity count: 15 | Player 55 in snapshot: true | All entity IDs: [7, 8, 17, 19, 20, 23, 32, 34, 39, 41, 51, 52, 53, 54, 55]
[INTERPOLATOR] Buffer: 40 pkts | Health: 150.0ms / 150.0ms | Status: OK
[DESERIALIZE] Starting snapshot #890 | Timestamp: 16.45 | Entity count: 15 | Player ID: 55 | Has baseline: true | Baseline seq: 887
[DESERIALIZE] Completed snapshot #890 | Final entity count: 15 | Player 55 in snapshot: true | All entity IDs: [7, 8, 17, 19, 20, 23, 32, 34, 39, 41, 51, 52, 53, 54, 55]
[DESERIALIZE] Starting snapshot #900 | Timestamp: 16.6 | Entity count: 15 | Player ID: 55 | Has baseline: false | Baseline seq: 0
[DESERIALIZE] Completed snapshot #900 | Final entity count: 15 | Player 55 in snapshot: true | All entity IDs: [7, 8, 17, 19, 20, 23, 32, 34, 39, 41, 51, 52, 53, 54, 55]
[CLIENT] Received snapshot #900 | Snapshot timestamp: 16.6 | Current client time: 58.268 | Interpolator render_time: 16.4335744741085 | Interpolator latest_server_time: 16.6 | Entities: 15 | Player in snapshot: true | Player ID: 55 | Data size: 168 bytes
[INTERPOLATOR] Buffer full, removing old snapshot seq 860
[INTERPOLATOR] Buffer: 40 pkts | Health: 166.4ms / 150.0ms | Status: OK
[DESERIALIZE] Starting snapshot #910 | Timestamp: 16.75 | Entity count: 15 | Player ID: 55 | Has baseline: true | Baseline seq: 908
[DESERIALIZE] Completed snapshot #910 | Final entity count: 15 | Player 55 in snapshot: true | All entity IDs: [7, 8, 17, 19, 20, 23, 32, 34, 39, 41, 51, 52, 53, 54, 55]
[DESERIALIZE] Starting snapshot #920 | Timestamp: 16.95 | Entity count: 15 | Player ID: 55 | Has baseline: false | Baseline seq: 0
[DESERIALIZE] Completed snapshot #920 | Final entity count: 15 | Player 55 in snapshot: true | All entity IDs: [7, 8, 17, 19, 20, 23, 32, 34, 39, 41, 51, 52, 53, 54, 55]
[INTERPOLATOR] Buffer: 40 pkts | Health: 183.3ms / 150.0ms | Status: OK
[DESERIALIZE] Starting snapshot #930 | Timestamp: 17.1 | Entity count: 15 | Player ID: 55 | Has baseline: true | Baseline seq: 926
[DESERIALIZE] Completed snapshot #930 | Final entity count: 15 | Player 55 in snapshot: true | All entity IDs: [7, 8, 17, 19, 20, 23, 32, 34, 39, 41, 51, 52, 53, 54, 55]
[DESERIALIZE] Starting snapshot #940 | Timestamp: 17.25 | Entity count: 15 | Player ID: 55 | Has baseline: false | Baseline seq: 0
[DESERIALIZE] Completed snapshot #940 | Final entity count: 15 | Player 55 in snapshot: true | All entity IDs: [7, 8, 17, 19, 20, 23, 32, 34, 39, 41, 51, 52, 53, 54, 55]
[INTERPOLATOR] Buffer: 40 pkts | Health: 150.0ms / 150.0ms | Status: OK
[DESERIALIZE] Starting snapshot #950 | Timestamp: 17.45 | Entity count: 15 | Player ID: 55 | Has baseline: true | Baseline seq: 947
[DESERIALIZE] Completed snapshot #950 | Final entity count: 15 | Player 55 in snapshot: true | All entity IDs: [7, 8, 17, 19, 20, 23, 32, 34, 39, 41, 51, 52, 53, 54, 55]
[DESERIALIZE] Starting snapshot #960 | Timestamp: 17.6 | Entity count: 15 | Player ID: 55 | Has baseline: false | Baseline seq: 0
[DESERIALIZE] Completed snapshot #960 | Final entity count: 15 | Player 55 in snapshot: true | All entity IDs: [7, 8, 17, 19, 20, 23, 32, 34, 39, 41, 51, 52, 53, 54, 55]
[INTERPOLATOR] Buffer: 40 pkts | Health: 166.4ms / 150.0ms | Status: OK
[DESERIALIZE] Starting snapshot #970 | Timestamp: 17.75 | Entity count: 15 | Player ID: 55 | Has baseline: true | Baseline seq: 968
[DESERIALIZE] Completed snapshot #970 | Final entity count: 15 | Player 55 in snapshot: true | All entity IDs: [7, 8, 17, 19, 20, 23, 32, 34, 39, 41, 51, 52, 53, 54, 55]
[DESERIALIZE] Starting snapshot #980 | Timestamp: 17.95 | Entity count: 15 | Player ID: 55 | Has baseline: false | Baseline seq: 0
[DESERIALIZE] Completed snapshot #980 | Final entity count: 15 | Player 55 in snapshot: true | All entity IDs: [7, 8, 17, 19, 20, 23, 32, 34, 39, 41, 51, 52, 53, 54, 55]
[INTERPOLATOR] Buffer: 40 pkts | Health: 183.3ms / 150.0ms | Status: OK
[DESERIALIZE] Starting snapshot #990 | Timestamp: 18.1 | Entity count: 15 | Player ID: 55 | Has baseline: true | Baseline seq: 985
[DESERIALIZE] Completed snapshot #990 | Final entity count: 15 | Player 55 in snapshot: true | All entity IDs: [7, 8, 17, 19, 20, 23, 32, 34, 39, 41, 51, 52, 53, 54, 55]
[DESERIALIZE] Starting snapshot #1000 | Timestamp: 18.25 | Entity count: 15 | Player ID: 55 | Has baseline: false | Baseline seq: 0
[DESERIALIZE] Completed snapshot #1000 | Final entity count: 15 | Player 55 in snapshot: true | All entity IDs: [7, 8, 17, 19, 20, 23, 32, 34, 39, 41, 51, 52, 53, 54, 55]
[CLIENT] Received snapshot #1000 | Snapshot timestamp: 18.25 | Current client time: 59.927 | Interpolator render_time: 18.0919759110621 | Interpolator latest_server_time: 18.25 | Entities: 15 | Player in snapshot: true | Player ID: 55 | Data size: 168 bytes
[INTERPOLATOR] Buffer full, removing old snapshot seq 960
[INTERPOLATOR] Buffer: 40 pkts | Health: 158.0ms / 150.0ms | Status: OK
[DESERIALIZE] Starting snapshot #1010 | Timestamp: 18.45 | Entity count: 15 | Player ID: 55 | Has baseline: true | Baseline seq: 1006
[DESERIALIZE] Completed snapshot #1010 | Final entity count: 15 | Player 55 in snapshot: true | All entity IDs: [7, 8, 17, 19, 20, 23, 32, 34, 39, 41, 51, 52, 53, 54, 55]
[DESERIALIZE] Starting snapshot #1020 | Timestamp: 18.6 | Entity count: 17 | Player ID: 55 | Has baseline: false | Baseline seq: 0
[DESERIALIZE] Completed snapshot #1020 | Final entity count: 17 | Player 55 in snapshot: true | All entity IDs: [7, 8, 12, 14, 19, 20, 23, 27, 29, 34, 39, 41, 51, 52, 53, 54, 55]
[INTERPOLATOR] Buffer: 40 pkts | Health: 166.4ms / 150.0ms | Status: OK
[INTERPOLATOR] Entity 17 disappeared (in from_snapshot seq 1018 but not in to_snapshot seq 1019)
[INTERPOLATOR] Entity 32 disappeared (in from_snapshot seq 1018 but not in to_snapshot seq 1019)
[INTERPOLATOR] Entity 17 disappeared (in from_snapshot seq 1018 but not in to_snapshot seq 1019)
[INTERPOLATOR] Entity 32 disappeared (in from_snapshot seq 1018 but not in to_snapshot seq 1019)
[INTERPOLATOR] Entity 17 disappeared (in from_snapshot seq 1018 but not in to_snapshot seq 1019)
[INTERPOLATOR] Entity 32 disappeared (in from_snapshot seq 1018 but not in to_snapshot seq 1019)
[INTERPOLATOR] Entity 17 disappeared (in from_snapshot seq 1018 but not in to_snapshot seq 1019)
[INTERPOLATOR] Entity 32 disappeared (in from_snapshot seq 1018 but not in to_snapshot seq 1019)
[INTERPOLATOR] Entity 17 disappeared (in from_snapshot seq 1018 but not in to_snapshot seq 1019)
[INTERPOLATOR] Entity 32 disappeared (in from_snapshot seq 1018 but not in to_snapshot seq 1019)
[INTERPOLATOR] Entity 17 disappeared (in from_snapshot seq 1018 but not in to_snapshot seq 1019)
[INTERPOLATOR] Entity 32 disappeared (in from_snapshot seq 1018 but not in to_snapshot seq 1019)
[DESERIALIZE] Starting snapshot #1030 | Timestamp: 18.75 | Entity count: 17 | Player ID: 55 | Has baseline: true | Baseline seq: 1027
[DESERIALIZE] Completed snapshot #1030 | Final entity count: 17 | Player 55 in snapshot: true | All entity IDs: [7, 8, 12, 14, 19, 20, 23, 27, 29, 34, 39, 41, 51, 52, 53, 54, 55]
[DESERIALIZE] Starting snapshot #1040 | Timestamp: 18.95 | Entity count: 17 | Player ID: 55 | Has baseline: false | Baseline seq: 0
[DESERIALIZE] Completed snapshot #1040 | Final entity count: 17 | Player 55 in snapshot: true | All entity IDs: [7, 8, 12, 14, 19, 20, 23, 27, 29, 34, 39, 41, 51, 52, 53, 54, 55]
[INTERPOLATOR] Buffer: 40 pkts | Health: 191.7ms / 150.0ms | Status: OK
[DESERIALIZE] Starting snapshot #1050 | Timestamp: 19.1 | Entity count: 17 | Player ID: 55 | Has baseline: true | Baseline seq: 1048
[DESERIALIZE] Completed snapshot #1050 | Final entity count: 17 | Player 55 in snapshot: true | All entity IDs: [7, 8, 12, 14, 19, 20, 23, 27, 29, 34, 39, 41, 51, 52, 53, 54, 55]
[DESERIALIZE] Starting snapshot #1060 | Timestamp: 19.25 | Entity count: 17 | Player ID: 55 | Has baseline: false | Baseline seq: 0
[DESERIALIZE] Completed snapshot #1060 | Final entity count: 17 | Player 55 in snapshot: true | All entity IDs: [7, 8, 12, 14, 19, 20, 23, 27, 29, 34, 39, 41, 51, 52, 53, 54, 55]
[INTERPOLATOR] Buffer: 40 pkts | Health: 150.0ms / 150.0ms | Status: OK
[DESERIALIZE] Starting snapshot #1070 | Timestamp: 19.45 | Entity count: 17 | Player ID: 55 | Has baseline: true | Baseline seq: 1066
[DESERIALIZE] Completed snapshot #1070 | Final entity count: 17 | Player 55 in snapshot: true | All entity IDs: [7, 8, 12, 14, 19, 20, 23, 27, 29, 34, 39, 41, 51, 52, 53, 54, 55]
[DESERIALIZE] Starting snapshot #1080 | Timestamp: 19.6 | Entity count: 17 | Player ID: 55 | Has baseline: false | Baseline seq: 0
[DESERIALIZE] Completed snapshot #1080 | Final entity count: 17 | Player 55 in snapshot: true | All entity IDs: [7, 8, 12, 14, 19, 20, 23, 27, 29, 34, 39, 41, 51, 52, 53, 54, 55]
[INTERPOLATOR] Buffer: 40 pkts | Health: 166.4ms / 150.0ms | Status: OK
[DESERIALIZE] Starting snapshot #1090 | Timestamp: 19.75 | Entity count: 14 | Player ID: 55 | Has baseline: true | Baseline seq: 1087
[DESERIALIZE] Completed snapshot #1090 | Final entity count: 14 | Player 55 in snapshot: true | All entity IDs: [7, 8, 12, 14, 19, 20, 23, 34, 39, 41, 51, 52, 53, 55]
[INTERPOLATOR] Entity 27 disappeared (in from_snapshot seq 1087 but not in to_snapshot seq 1088)
[INTERPOLATOR] Entity 29 disappeared (in from_snapshot seq 1087 but not in to_snapshot seq 1088)
[INTERPOLATOR] Entity 54 disappeared (in from_snapshot seq 1087 but not in to_snapshot seq 1088)
[INTERPOLATOR] Entity 27 disappeared (in from_snapshot seq 1087 but not in to_snapshot seq 1088)
[INTERPOLATOR] Entity 29 disappeared (in from_snapshot seq 1087 but not in to_snapshot seq 1088)
[INTERPOLATOR] Entity 54 disappeared (in from_snapshot seq 1087 but not in to_snapshot seq 1088)
[INTERPOLATOR] Entity 27 disappeared (in from_snapshot seq 1087 but not in to_snapshot seq 1088)
[INTERPOLATOR] Entity 29 disappeared (in from_snapshot seq 1087 but not in to_snapshot seq 1088)
[INTERPOLATOR] Entity 54 disappeared (in from_snapshot seq 1087 but not in to_snapshot seq 1088)
[INTERPOLATOR] Entity 27 disappeared (in from_snapshot seq 1087 but not in to_snapshot seq 1088)
[INTERPOLATOR] Entity 29 disappeared (in from_snapshot seq 1087 but not in to_snapshot seq 1088)
[INTERPOLATOR] Entity 54 disappeared (in from_snapshot seq 1087 but not in to_snapshot seq 1088)
[INTERPOLATOR] Entity 27 disappeared (in from_snapshot seq 1087 but not in to_snapshot seq 1088)
[INTERPOLATOR] Entity 29 disappeared (in from_snapshot seq 1087 but not in to_snapshot seq 1088)
[INTERPOLATOR] Entity 54 disappeared (in from_snapshot seq 1087 but not in to_snapshot seq 1088)
[INTERPOLATOR] Entity 27 disappeared (in from_snapshot seq 1087 but not in to_snapshot seq 1088)
[INTERPOLATOR] Entity 29 disappeared (in from_snapshot seq 1087 but not in to_snapshot seq 1088)
[INTERPOLATOR] Entity 54 disappeared (in from_snapshot seq 1087 but not in to_snapshot seq 1088)
[DESERIALIZE] Starting snapshot #1100 | Timestamp: 19.95 | Entity count: 14 | Player ID: 55 | Has baseline: false | Baseline seq: 0
[DESERIALIZE] Completed snapshot #1100 | Final entity count: 14 | Player 55 in snapshot: true | All entity IDs: [7, 8, 12, 14, 19, 20, 23, 34, 39, 41, 51, 52, 53, 55]
[CLIENT] Received snapshot #1100 | Snapshot timestamp: 19.95 | Current client time: 61.601 | Interpolator render_time: 19.766666 | Interpolator latest_server_time: 19.9 | Entities: 14 | Player in snapshot: true | Player ID: 55 | Data size: 158 bytes
[INTERPOLATOR] Buffer full, removing old snapshot seq 1060
[INTERPOLATOR] Buffer: 40 pkts | Health: 183.3ms / 150.0ms | Status: OK
[DESERIALIZE] Starting snapshot #1110 | Timestamp: 20.1 | Entity count: 14 | Player ID: 55 | Has baseline: true | Baseline seq: 1108
[DESERIALIZE] Completed snapshot #1110 | Final entity count: 14 | Player 55 in snapshot: true | All entity IDs: [7, 8, 12, 14, 19, 20, 23, 34, 39, 41, 51, 52, 53, 55]
[DESERIALIZE] Starting snapshot #1120 | Timestamp: 20.25 | Entity count: 14 | Player ID: 55 | Has baseline: false | Baseline seq: 0
[DESERIALIZE] Completed snapshot #1120 | Final entity count: 14 | Player 55 in snapshot: true | All entity IDs: [7, 8, 12, 14, 19, 20, 23, 34, 39, 41, 51, 52, 53, 55]
[INTERPOLATOR] Buffer: 40 pkts | Health: 150.0ms / 150.0ms | Status: OK
[DESERIALIZE] Starting snapshot #1130 | Timestamp: 20.45 | Entity count: 15 | Player ID: 55 | Has baseline: true | Baseline seq: 1125
[DESERIALIZE] Completed snapshot #1130 | Final entity count: 15 | Player 55 in snapshot: true | All entity IDs: [7, 8, 12, 14, 19, 20, 23, 34, 39, 41, 51, 52, 53, 54, 55]
[DESERIALIZE] Starting snapshot #1140 | Timestamp: 20.6 | Entity count: 15 | Player ID: 55 | Has baseline: false | Baseline seq: 0
[DESERIALIZE] Completed snapshot #1140 | Final entity count: 15 | Player 55 in snapshot: true | All entity IDs: [7, 8, 12, 14, 19, 20, 23, 34, 39, 41, 51, 52, 53, 54, 55]
[INTERPOLATOR] Buffer: 40 pkts | Health: 166.4ms / 150.0ms | Status: OK
[DESERIALIZE] Starting snapshot #1150 | Timestamp: 20.75 | Entity count: 15 | Player ID: 55 | Has baseline: true | Baseline seq: 1146
[DESERIALIZE] Completed snapshot #1150 | Final entity count: 15 | Player 55 in snapshot: true | All entity IDs: [7, 8, 12, 14, 19, 20, 23, 34, 39, 41, 51, 52, 53, 54, 55]
[DESERIALIZE] Starting snapshot #1160 | Timestamp: 20.95 | Entity count: 15 | Player ID: 55 | Has baseline: false | Baseline seq: 0
[DESERIALIZE] Completed snapshot #1160 | Final entity count: 15 | Player 55 in snapshot: true | All entity IDs: [7, 8, 12, 14, 19, 20, 23, 34, 39, 41, 51, 52, 53, 54, 55]
[INTERPOLATOR] Buffer: 40 pkts | Health: 183.3ms / 150.0ms | Status: OK
[DESERIALIZE] Starting snapshot #1170 | Timestamp: 21.1 | Entity count: 15 | Player ID: 55 | Has baseline: true | Baseline seq: 1167
[DESERIALIZE] Completed snapshot #1170 | Final entity count: 15 | Player 55 in snapshot: true | All entity IDs: [7, 8, 12, 14, 19, 20, 23, 34, 39, 41, 51, 52, 53, 54, 55]
[DESERIALIZE] Starting snapshot #1180 | Timestamp: 21.25 | Entity count: 15 | Player ID: 55 | Has baseline: false | Baseline seq: 0
[DESERIALIZE] Completed snapshot #1180 | Final entity count: 15 | Player 55 in snapshot: true | All entity IDs: [7, 8, 12, 14, 19, 20, 23, 34, 39, 41, 51, 52, 53, 54, 55]
[INTERPOLATOR] Buffer: 40 pkts | Health: 150.0ms / 150.0ms | Status: OK
[INTERPOLATOR] Entity 14 disappeared (in from_snapshot seq 1180 but not in to_snapshot seq 1181)
[INTERPOLATOR] Entity 14 disappeared (in from_snapshot seq 1180 but not in to_snapshot seq 1181)
[INTERPOLATOR] Entity 14 disappeared (in from_snapshot seq 1180 but not in to_snapshot seq 1181)
[DESERIALIZE] Starting snapshot #1190 | Timestamp: 21.45 | Entity count: 17 | Player ID: 55 | Has baseline: true | Baseline seq: 1188
[DESERIALIZE] Completed snapshot #1190 | Final entity count: 17 | Player 55 in snapshot: true | All entity IDs: [4, 8, 12, 16, 19, 20, 23, 27, 29, 34, 35, 46, 48, 52, 53, 54, 55]
[INTERPOLATOR] Entity 14 disappeared (in from_snapshot seq 1180 but not in to_snapshot seq 1181)
[INTERPOLATOR] Entity 14 disappeared (in from_snapshot seq 1180 but not in to_snapshot seq 1181)
[INTERPOLATOR] Entity 14 disappeared (in from_snapshot seq 1180 but not in to_snapshot seq 1181)
[DESERIALIZE] Starting snapshot #1200 | Timestamp: 21.6 | Entity count: 17 | Player ID: 55 | Has baseline: false | Baseline seq: 0
[DESERIALIZE] Completed snapshot #1200 | Final entity count: 17 | Player 55 in snapshot: true | All entity IDs: [4, 8, 12, 16, 19, 20, 23, 27, 29, 34, 35, 46, 48, 52, 53, 54, 55]
[CLIENT] Received snapshot #1200 | Snapshot timestamp: 21.6 | Current client time: 63.261 | Interpolator render_time: 21.425137886111 | Interpolator latest_server_time: 21.6 | Entities: 17 | Player in snapshot: true | Player ID: 55 | Data size: 189 bytes
[INTERPOLATOR] Buffer full, removing old snapshot seq 1160
[INTERPOLATOR] Buffer: 40 pkts | Health: 174.9ms / 150.0ms | Status: OK
[DESERIALIZE] Starting snapshot #1210 | Timestamp: 21.75 | Entity count: 17 | Player ID: 55 | Has baseline: true | Baseline seq: 1206
[DESERIALIZE] Completed snapshot #1210 | Final entity count: 17 | Player 55 in snapshot: true | All entity IDs: [4, 8, 12, 16, 19, 20, 23, 27, 29, 34, 35, 46, 48, 52, 53, 54, 55]
[DESERIALIZE] Starting snapshot #1220 | Timestamp: 21.95 | Entity count: 17 | Player ID: 55 | Has baseline: false | Baseline seq: 0
[DESERIALIZE] Completed snapshot #1220 | Final entity count: 17 | Player 55 in snapshot: true | All entity IDs: [4, 8, 12, 16, 19, 20, 23, 27, 29, 34, 35, 46, 48, 52, 53, 54, 55]
[INTERPOLATOR] Buffer: 40 pkts | Health: 191.7ms / 150.0ms | Status: OK
[DESERIALIZE] Starting snapshot #1230 | Timestamp: 22.1 | Entity count: 17 | Player ID: 55 | Has baseline: true | Baseline seq: 1227
[DESERIALIZE] Completed snapshot #1230 | Final entity count: 17 | Player 55 in snapshot: true | All entity IDs: [4, 8, 12, 16, 19, 20, 23, 27, 29, 34, 35, 46, 48, 52, 53, 54, 55]
[DESERIALIZE] Starting snapshot #1240 | Timestamp: 22.25 | Entity count: 17 | Player ID: 55 | Has baseline: false | Baseline seq: 0
[DESERIALIZE] Completed snapshot #1240 | Final entity count: 17 | Player 55 in snapshot: true | All entity IDs: [4, 8, 12, 16, 19, 20, 23, 27, 29, 34, 35, 46, 48, 52, 53, 54, 55]
[INTERPOLATOR] Buffer: 40 pkts | Health: 150.0ms / 150.0ms | Status: OK
[DESERIALIZE] Starting snapshot #1250 | Timestamp: 22.45 | Entity count: 17 | Player ID: 55 | Has baseline: true | Baseline seq: 1248
[DESERIALIZE] Completed snapshot #1250 | Final entity count: 17 | Player 55 in snapshot: true | All entity IDs: [4, 8, 12, 16, 19, 20, 23, 27, 29, 34, 35, 46, 48, 52, 53, 54, 55]
[DESERIALIZE] Starting snapshot #1260 | Timestamp: 22.6 | Entity count: 17 | Player ID: 55 | Has baseline: false | Baseline seq: 0
[DESERIALIZE] Completed snapshot #1260 | Final entity count: 17 | Player 55 in snapshot: true | All entity IDs: [4, 8, 12, 16, 19, 20, 23, 27, 29, 34, 35, 46, 48, 52, 53, 54, 55]
[INTERPOLATOR] Buffer: 40 pkts | Health: 174.9ms / 150.0ms | Status: OK
[DESERIALIZE] Starting snapshot #1270 | Timestamp: 22.75 | Entity count: 17 | Player ID: 55 | Has baseline: true | Baseline seq: 1265
[DESERIALIZE] Completed snapshot #1270 | Final entity count: 17 | Player 55 in snapshot: true | All entity IDs: [4, 8, 12, 16, 19, 20, 23, 27, 29, 34, 35, 46, 48, 52, 53, 54, 55]
[DESERIALIZE] Starting snapshot #1280 | Timestamp: 22.95 | Entity count: 17 | Player ID: 55 | Has baseline: false | Baseline seq: 0
[DESERIALIZE] Completed snapshot #1280 | Final entity count: 17 | Player 55 in snapshot: true | All entity IDs: [4, 8, 12, 16, 19, 20, 23, 27, 29, 34, 35, 46, 48, 52, 53, 54, 55]
[INTERPOLATOR] Buffer: 40 pkts | Health: 185.3ms / 150.0ms | Status: OK
[DESERIALIZE] Starting snapshot #1290 | Timestamp: 23.1 | Entity count: 12 | Player ID: 55 | Has baseline: true | Baseline seq: 1286
[DESERIALIZE] Completed snapshot #1290 | Final entity count: 12 | Player 55 in snapshot: true | All entity IDs: [4, 8, 16, 19, 27, 29, 35, 42, 48, 52, 54, 55]
[INTERPOLATOR] Entity 12 disappeared (in from_snapshot seq 1282 but not in to_snapshot seq 1283)
[INTERPOLATOR] Entity 20 disappeared (in from_snapshot seq 1282 but not in to_snapshot seq 1283)
[INTERPOLATOR] Entity 23 disappeared (in from_snapshot seq 1282 but not in to_snapshot seq 1283)
[INTERPOLATOR] Entity 34 disappeared (in from_snapshot seq 1282 but not in to_snapshot seq 1283)
[INTERPOLATOR] Entity 46 disappeared (in from_snapshot seq 1282 but not in to_snapshot seq 1283)
[INTERPOLATOR] Entity 53 disappeared (in from_snapshot seq 1282 but not in to_snapshot seq 1283)
[INTERPOLATOR] Entity 12 disappeared (in from_snapshot seq 1282 but not in to_snapshot seq 1283)
[INTERPOLATOR] Entity 20 disappeared (in from_snapshot seq 1282 but not in to_snapshot seq 1283)
[INTERPOLATOR] Entity 23 disappeared (in from_snapshot seq 1282 but not in to_snapshot seq 1283)
[INTERPOLATOR] Entity 34 disappeared (in from_snapshot seq 1282 but not in to_snapshot seq 1283)
[INTERPOLATOR] Entity 46 disappeared (in from_snapshot seq 1282 but not in to_snapshot seq 1283)
[INTERPOLATOR] Entity 53 disappeared (in from_snapshot seq 1282 but not in to_snapshot seq 1283)
[INTERPOLATOR] Entity 12 disappeared (in from_snapshot seq 1282 but not in to_snapshot seq 1283)
[INTERPOLATOR] Entity 20 disappeared (in from_snapshot seq 1282 but not in to_snapshot seq 1283)
[INTERPOLATOR] Entity 23 disappeared (in from_snapshot seq 1282 but not in to_snapshot seq 1283)
[INTERPOLATOR] Entity 34 disappeared (in from_snapshot seq 1282 but not in to_snapshot seq 1283)
[INTERPOLATOR] Entity 46 disappeared (in from_snapshot seq 1282 but not in to_snapshot seq 1283)
[INTERPOLATOR] Entity 53 disappeared (in from_snapshot seq 1282 but not in to_snapshot seq 1283)
[INTERPOLATOR] Entity 12 disappeared (in from_snapshot seq 1282 but not in to_snapshot seq 1283)
[INTERPOLATOR] Entity 20 disappeared (in from_snapshot seq 1282 but not in to_snapshot seq 1283)
[INTERPOLATOR] Entity 23 disappeared (in from_snapshot seq 1282 but not in to_snapshot seq 1283)
[INTERPOLATOR] Entity 34 disappeared (in from_snapshot seq 1282 but not in to_snapshot seq 1283)
[INTERPOLATOR] Entity 46 disappeared (in from_snapshot seq 1282 but not in to_snapshot seq 1283)
[INTERPOLATOR] Entity 53 disappeared (in from_snapshot seq 1282 but not in to_snapshot seq 1283)
[INTERPOLATOR] Entity 12 disappeared (in from_snapshot seq 1282 but not in to_snapshot seq 1283)
[INTERPOLATOR] Entity 20 disappeared (in from_snapshot seq 1282 but not in to_snapshot seq 1283)
[INTERPOLATOR] Entity 23 disappeared (in from_snapshot seq 1282 but not in to_snapshot seq 1283)
[INTERPOLATOR] Entity 34 disappeared (in from_snapshot seq 1282 but not in to_snapshot seq 1283)
[INTERPOLATOR] Entity 46 disappeared (in from_snapshot seq 1282 but not in to_snapshot seq 1283)
[INTERPOLATOR] Entity 53 disappeared (in from_snapshot seq 1282 but not in to_snapshot seq 1283)
[INTERPOLATOR] Entity 12 disappeared (in from_snapshot seq 1282 but not in to_snapshot seq 1283)
[INTERPOLATOR] Entity 20 disappeared (in from_snapshot seq 1282 but not in to_snapshot seq 1283)
[INTERPOLATOR] Entity 23 disappeared (in from_snapshot seq 1282 but not in to_snapshot seq 1283)
[INTERPOLATOR] Entity 34 disappeared (in from_snapshot seq 1282 but not in to_snapshot seq 1283)
[INTERPOLATOR] Entity 46 disappeared (in from_snapshot seq 1282 but not in to_snapshot seq 1283)
[INTERPOLATOR] Entity 53 disappeared (in from_snapshot seq 1282 but not in to_snapshot seq 1283)
[DESERIALIZE] Starting snapshot #1300 | Timestamp: 23.25 | Entity count: 12 | Player ID: 55 | Has baseline: false | Baseline seq: 0
[DESERIALIZE] Completed snapshot #1300 | Final entity count: 12 | Player 55 in snapshot: true | All entity IDs: [4, 8, 16, 19, 27, 29, 35, 42, 48, 52, 54, 55]
[CLIENT] Received snapshot #1300 | Snapshot timestamp: 23.25 | Current client time: 64.934 | Interpolator render_time: 23.0950022053015 | Interpolator latest_server_time: 23.25 | Entities: 12 | Player in snapshot: true | Player ID: 55 | Data size: 137 bytes
[INTERPOLATOR] Buffer full, removing old snapshot seq 1260
[INTERPOLATOR] Buffer: 40 pkts | Health: 155.0ms / 150.0ms | Status: OK
[DESERIALIZE] Starting snapshot #1310 | Timestamp: 23.45 | Entity count: 12 | Player ID: 55 | Has baseline: true | Baseline seq: 1307
[DESERIALIZE] Completed snapshot #1310 | Final entity count: 12 | Player 55 in snapshot: true | All entity IDs: [4, 8, 16, 19, 27, 29, 35, 42, 48, 52, 54, 55]
[DESERIALIZE] Starting snapshot #1320 | Timestamp: 23.6 | Entity count: 12 | Player ID: 55 | Has baseline: false | Baseline seq: 0
[DESERIALIZE] Completed snapshot #1320 | Final entity count: 12 | Player 55 in snapshot: true | All entity IDs: [4, 8, 16, 19, 27, 29, 35, 42, 48, 52, 54, 55]
[INTERPOLATOR] Buffer: 40 pkts | Health: 169.0ms / 150.0ms | Status: OK
[DESERIALIZE] Starting snapshot #1330 | Timestamp: 23.75 | Entity count: 12 | Player ID: 55 | Has baseline: true | Baseline seq: 1328
[DESERIALIZE] Completed snapshot #1330 | Final entity count: 12 | Player 55 in snapshot: true | All entity IDs: [4, 8, 16, 19, 27, 29, 35, 42, 48, 52, 54, 55]
[DESERIALIZE] Starting snapshot #1340 | Timestamp: 23.95 | Entity count: 12 | Player ID: 55 | Has baseline: false | Baseline seq: 0
[DESERIALIZE] Completed snapshot #1340 | Final entity count: 12 | Player 55 in snapshot: true | All entity IDs: [4, 8, 16, 19, 27, 29, 35, 42, 48, 52, 54, 55]
[INTERPOLATOR] Buffer: 40 pkts | Health: 183.5ms / 150.0ms | Status: OK
[DESERIALIZE] Starting snapshot #1350 | Timestamp: 24.1 | Entity count: 12 | Player ID: 55 | Has baseline: true | Baseline seq: 1346
[DESERIALIZE] Completed snapshot #1350 | Final entity count: 12 | Player 55 in snapshot: true | All entity IDs: [4, 8, 16, 19, 27, 29, 35, 42, 48, 52, 54, 55]
[DESERIALIZE] Starting snapshot #1360 | Timestamp: 24.25 | Entity count: 12 | Player ID: 55 | Has baseline: false | Baseline seq: 0
[DESERIALIZE] Completed snapshot #1360 | Final entity count: 12 | Player 55 in snapshot: true | All entity IDs: [4, 8, 16, 19, 27, 29, 35, 42, 48, 52, 54, 55]
[INTERPOLATOR] Buffer: 40 pkts | Health: 150.0ms / 150.0ms | Status: OK
[DESERIALIZE] Starting snapshot #1370 | Timestamp: 24.45 | Entity count: 11 | Player ID: 55 | Has baseline: true | Baseline seq: 1367
[DESERIALIZE] Completed snapshot #1370 | Final entity count: 11 | Player 55 in snapshot: true | All entity IDs: [4, 16, 19, 27, 29, 35, 42, 48, 52, 54, 55]
[INTERPOLATOR] Entity 8 disappeared (in from_snapshot seq 1366 but not in to_snapshot seq 1367)
[INTERPOLATOR] Entity 8 disappeared (in from_snapshot seq 1366 but not in to_snapshot seq 1367)
[INTERPOLATOR] Entity 8 disappeared (in from_snapshot seq 1366 but not in to_snapshot seq 1367)
[INTERPOLATOR] Entity 8 disappeared (in from_snapshot seq 1366 but not in to_snapshot seq 1367)
[INTERPOLATOR] Entity 8 disappeared (in from_snapshot seq 1366 but not in to_snapshot seq 1367)
[INTERPOLATOR] Entity 8 disappeared (in from_snapshot seq 1366 but not in to_snapshot seq 1367)
[DESERIALIZE] Starting snapshot #1380 | Timestamp: 24.6 | Entity count: 11 | Player ID: 55 | Has baseline: false | Baseline seq: 0
[DESERIALIZE] Completed snapshot #1380 | Final entity count: 11 | Player 55 in snapshot: true | All entity IDs: [4, 16, 19, 27, 29, 35, 42, 48, 52, 54, 55]
[INTERPOLATOR] Buffer: 40 pkts | Health: 166.1ms / 150.0ms | Status: OK
[DESERIALIZE] Starting snapshot #1390 | Timestamp: 24.75 | Entity count: 11 | Player ID: 55 | Has baseline: true | Baseline seq: 1388
[DESERIALIZE] Completed snapshot #1390 | Final entity count: 11 | Player 55 in snapshot: true | All entity IDs: [4, 16, 19, 27, 29, 35, 42, 48, 52, 54, 55]
[DESERIALIZE] Starting snapshot #1400 | Timestamp: 24.95 | Entity count: 11 | Player ID: 55 | Has baseline: false | Baseline seq: 0
[DESERIALIZE] Completed snapshot #1400 | Final entity count: 11 | Player 55 in snapshot: true | All entity IDs: [4, 16, 19, 27, 29, 35, 42, 48, 52, 54, 55]
[CLIENT] Received snapshot #1400 | Snapshot timestamp: 24.95 | Current client time: 66.601 | Interpolator render_time: 24.766666 | Interpolator latest_server_time: 24.9 | Entities: 11 | Player in snapshot: true | Player ID: 55 | Data size: 127 bytes
[INTERPOLATOR] Buffer full, removing old snapshot seq 1360
[INTERPOLATOR] Buffer: 40 pkts | Health: 183.3ms / 150.0ms | Status: OK
[DESERIALIZE] Starting snapshot #1410 | Timestamp: 25.1 | Entity count: 11 | Player ID: 55 | Has baseline: true | Baseline seq: 1405
[DESERIALIZE] Completed snapshot #1410 | Final entity count: 11 | Player 55 in snapshot: true | All entity IDs: [4, 16, 19, 27, 29, 35, 42, 48, 52, 54, 55]
[DESERIALIZE] Starting snapshot #1420 | Timestamp: 25.25 | Entity count: 10 | Player ID: 55 | Has baseline: false | Baseline seq: 0
[DESERIALIZE] Completed snapshot #1420 | Final entity count: 10 | Player 55 in snapshot: true | All entity IDs: [4, 16, 19, 27, 29, 35, 42, 48, 54, 55]
[INTERPOLATOR] Buffer: 40 pkts | Health: 150.0ms / 150.0ms | Status: OK
[INTERPOLATOR] Entity 52 disappeared (in from_snapshot seq 1417 but not in to_snapshot seq 1418)
[INTERPOLATOR] Entity 52 disappeared (in from_snapshot seq 1417 but not in to_snapshot seq 1418)
[INTERPOLATOR] Entity 52 disappeared (in from_snapshot seq 1417 but not in to_snapshot seq 1418)
[INTERPOLATOR] Entity 52 disappeared (in from_snapshot seq 1417 but not in to_snapshot seq 1418)
[INTERPOLATOR] Entity 52 disappeared (in from_snapshot seq 1417 but not in to_snapshot seq 1418)
[INTERPOLATOR] Entity 52 disappeared (in from_snapshot seq 1417 but not in to_snapshot seq 1418)
[DESERIALIZE] Starting snapshot #1430 | Timestamp: 25.45 | Entity count: 10 | Player ID: 55 | Has baseline: true | Baseline seq: 1426
[DESERIALIZE] Completed snapshot #1430 | Final entity count: 10 | Player 55 in snapshot: true | All entity IDs: [4, 16, 19, 27, 29, 35, 42, 48, 54, 55]
[DESERIALIZE] Starting snapshot #1440 | Timestamp: 25.6 | Entity count: 10 | Player ID: 55 | Has baseline: false | Baseline seq: 0
[DESERIALIZE] Completed snapshot #1440 | Final entity count: 10 | Player 55 in snapshot: true | All entity IDs: [4, 16, 19, 27, 29, 35, 42, 48, 54, 55]
[INTERPOLATOR] Buffer: 40 pkts | Health: 166.4ms / 150.0ms | Status: OK
[DESERIALIZE] Starting snapshot #1450 | Timestamp: 25.75 | Entity count: 10 | Player ID: 55 | Has baseline: true | Baseline seq: 1447
[DESERIALIZE] Completed snapshot #1450 | Final entity count: 10 | Player 55 in snapshot: true | All entity IDs: [4, 16, 19, 27, 29, 35, 42, 48, 54, 55]
[DESERIALIZE] Starting snapshot #1460 | Timestamp: 25.95 | Entity count: 10 | Player ID: 55 | Has baseline: false | Baseline seq: 0
[DESERIALIZE] Completed snapshot #1460 | Final entity count: 10 | Player 55 in snapshot: true | All entity IDs: [4, 16, 19, 27, 29, 35, 42, 48, 54, 55]
[INTERPOLATOR] Buffer: 40 pkts | Health: 183.3ms / 150.0ms | Status: OK
[DESERIALIZE] Starting snapshot #1470 | Timestamp: 26.1 | Entity count: 8 | Player ID: 55 | Has baseline: true | Baseline seq: 1468
[DESERIALIZE] Completed snapshot #1470 | Final entity count: 8 | Player 55 in snapshot: true | All entity IDs: [6, 19, 27, 29, 35, 42, 48, 55]
[DESERIALIZE] Starting snapshot #1480 | Timestamp: 26.25 | Entity count: 8 | Player ID: 55 | Has baseline: false | Baseline seq: 0
[DESERIALIZE] Completed snapshot #1480 | Final entity count: 8 | Player 55 in snapshot: true | All entity IDs: [6, 19, 27, 29, 35, 42, 48, 55]
[INTERPOLATOR] Buffer: 40 pkts | Health: 150.0ms / 150.0ms | Status: OK
[DESERIALIZE] Starting snapshot #1490 | Timestamp: 26.45 | Entity count: 8 | Player ID: 55 | Has baseline: true | Baseline seq: 1486
[DESERIALIZE] Completed snapshot #1490 | Final entity count: 8 | Player 55 in snapshot: true | All entity IDs: [6, 19, 27, 29, 35, 42, 48, 55]
[DESERIALIZE] Starting snapshot #1500 | Timestamp: 26.6 | Entity count: 8 | Player ID: 55 | Has baseline: false | Baseline seq: 0
[DESERIALIZE] Completed snapshot #1500 | Final entity count: 8 | Player 55 in snapshot: true | All entity IDs: [6, 19, 27, 29, 35, 42, 48, 55]
[CLIENT] Received snapshot #1500 | Snapshot timestamp: 26.6 | Current client time: 68.268 | Interpolator render_time: 26.4335744741085 | Interpolator latest_server_time: 26.6 | Entities: 8 | Player in snapshot: true | Player ID: 55 | Data size: 96 bytes
[INTERPOLATOR] Buffer full, removing old snapshot seq 1460
[INTERPOLATOR] Buffer: 40 pkts | Health: 166.4ms / 150.0ms | Status: OK
[DESERIALIZE] Starting snapshot #1510 | Timestamp: 26.75 | Entity count: 8 | Player ID: 55 | Has baseline: true | Baseline seq: 1507
[DESERIALIZE] Completed snapshot #1510 | Final entity count: 8 | Player 55 in snapshot: true | All entity IDs: [6, 19, 27, 29, 35, 42, 48, 55]
[DESERIALIZE] Starting snapshot #1520 | Timestamp: 26.95 | Entity count: 8 | Player ID: 55 | Has baseline: false | Baseline seq: 0
[DESERIALIZE] Completed snapshot #1520 | Final entity count: 8 | Player 55 in snapshot: true | All entity IDs: [6, 19, 27, 29, 35, 42, 48, 55]
[INTERPOLATOR] Buffer: 40 pkts | Health: 183.3ms / 150.0ms | Status: OK
[DESERIALIZE] Starting snapshot #1530 | Timestamp: 27.1 | Entity count: 9 | Player ID: 55 | Has baseline: true | Baseline seq: 1528
[DESERIALIZE] Completed snapshot #1530 | Final entity count: 9 | Player 55 in snapshot: true | All entity IDs: [6, 13, 27, 29, 31, 35, 42, 48, 55]
[DESERIALIZE] Starting snapshot #1540 | Timestamp: 27.25 | Entity count: 9 | Player ID: 55 | Has baseline: false | Baseline seq: 0
[DESERIALIZE] Completed snapshot #1540 | Final entity count: 9 | Player 55 in snapshot: true | All entity IDs: [6, 13, 27, 29, 31, 35, 42, 48, 55]
[INTERPOLATOR] Buffer: 40 pkts | Health: 150.0ms / 150.0ms | Status: OK
[DESERIALIZE] Starting snapshot #1550 | Timestamp: 27.45 | Entity count: 8 | Player ID: 55 | Has baseline: true | Baseline seq: 1545
[DESERIALIZE] Completed snapshot #1550 | Final entity count: 8 | Player 55 in snapshot: true | All entity IDs: [6, 19, 27, 29, 35, 42, 48, 55]
[DESERIALIZE] Starting snapshot #1560 | Timestamp: 27.6 | Entity count: 8 | Player ID: 55 | Has baseline: false | Baseline seq: 0
[DESERIALIZE] Completed snapshot #1560 | Final entity count: 8 | Player 55 in snapshot: true | All entity IDs: [6, 19, 27, 29, 35, 42, 48, 55]
[INTERPOLATOR] Buffer: 40 pkts | Health: 166.4ms / 150.0ms | Status: OK
[DESERIALIZE] Starting snapshot #1570 | Timestamp: 27.75 | Entity count: 8 | Player ID: 55 | Has baseline: true | Baseline seq: 1566
[DESERIALIZE] Completed snapshot #1570 | Final entity count: 8 | Player 55 in snapshot: true | All entity IDs: [6, 19, 27, 29, 35, 42, 48, 55]
[DESERIALIZE] Starting snapshot #1580 | Timestamp: 27.95 | Entity count: 8 | Player ID: 55 | Has baseline: false | Baseline seq: 0
[DESERIALIZE] Completed snapshot #1580 | Final entity count: 8 | Player 55 in snapshot: true | All entity IDs: [6, 19, 27, 29, 35, 42, 48, 55]
[INTERPOLATOR] Buffer: 40 pkts | Health: 183.3ms / 150.0ms | Status: OK
[DESERIALIZE] Starting snapshot #1590 | Timestamp: 28.1 | Entity count: 8 | Player ID: 55 | Has baseline: true | Baseline seq: 1587
[DESERIALIZE] Completed snapshot #1590 | Final entity count: 8 | Player 55 in snapshot: true | All entity IDs: [6, 19, 27, 29, 35, 42, 48, 55]
[DESERIALIZE] Starting snapshot #1600 | Timestamp: 28.25 | Entity count: 8 | Player ID: 55 | Has baseline: false | Baseline seq: 0
[DESERIALIZE] Completed snapshot #1600 | Final entity count: 8 | Player 55 in snapshot: true | All entity IDs: [6, 19, 27, 29, 35, 42, 48, 55]
[CLIENT] Received snapshot #1600 | Snapshot timestamp: 28.25 | Current client time: 69.935 | Interpolator render_time: 28.100613976956 | Interpolator latest_server_time: 28.25 | Entities: 8 | Player in snapshot: true | Player ID: 55 | Data size: 96 bytes
[INTERPOLATOR] Buffer full, removing old snapshot seq 1560
[INTERPOLATOR] Buffer: 40 pkts | Health: 150.0ms / 150.0ms | Status: OK
[DESERIALIZE] Starting snapshot #1610 | Timestamp: 28.45 | Entity count: 8 | Player ID: 55 | Has baseline: true | Baseline seq: 1608
[DESERIALIZE] Completed snapshot #1610 | Final entity count: 8 | Player 55 in snapshot: true | All entity IDs: [6, 19, 27, 29, 35, 42, 48, 55]
[DESERIALIZE] Starting snapshot #1620 | Timestamp: 28.6 | Entity count: 8 | Player ID: 55 | Has baseline: false | Baseline seq: 0
[DESERIALIZE] Completed snapshot #1620 | Final entity count: 8 | Player 55 in snapshot: true | All entity IDs: [6, 19, 27, 29, 35, 42, 48, 55]
[INTERPOLATOR] Buffer: 40 pkts | Health: 166.4ms / 150.0ms | Status: OK
[DESERIALIZE] Starting snapshot #1630 | Timestamp: 28.75 | Entity count: 8 | Player ID: 55 | Has baseline: true | Baseline seq: 1626
[DESERIALIZE] Completed snapshot #1630 | Final entity count: 8 | Player 55 in snapshot: true | All entity IDs: [6, 19, 27, 29, 35, 42, 48, 55]
[DESERIALIZE] Starting snapshot #1640 | Timestamp: 28.95 | Entity count: 8 | Player ID: 55 | Has baseline: false | Baseline seq: 0
[DESERIALIZE] Completed snapshot #1640 | Final entity count: 8 | Player 55 in snapshot: true | All entity IDs: [6, 19, 27, 29, 35, 42, 48, 55]
[INTERPOLATOR] Buffer: 40 pkts | Health: 183.3ms / 150.0ms | Status: OK
[DESERIALIZE] Starting snapshot #1650 | Timestamp: 29.1 | Entity count: 8 | Player ID: 55 | Has baseline: true | Baseline seq: 1647
[DESERIALIZE] Completed snapshot #1650 | Final entity count: 8 | Player 55 in snapshot: true | All entity IDs: [6, 19, 27, 29, 35, 42, 48, 55]
[DESERIALIZE] Starting snapshot #1660 | Timestamp: 29.25 | Entity count: 8 | Player ID: 55 | Has baseline: false | Baseline seq: 0
[DESERIALIZE] Completed snapshot #1660 | Final entity count: 8 | Player 55 in snapshot: true | All entity IDs: [6, 19, 27, 29, 35, 42, 48, 55]
[INTERPOLATOR] Buffer: 40 pkts | Health: 150.0ms / 150.0ms | Status: OK
[DESERIALIZE] Starting snapshot #1670 | Timestamp: 29.45 | Entity count: 8 | Player ID: 55 | Has baseline: true | Baseline seq: 1668
[DESERIALIZE] Completed snapshot #1670 | Final entity count: 8 | Player 55 in snapshot: true | All entity IDs: [6, 19, 27, 29, 35, 42, 48, 55]
[DESERIALIZE] Starting snapshot #1680 | Timestamp: 29.6 | Entity count: 8 | Player ID: 55 | Has baseline: false | Baseline seq: 0
[DESERIALIZE] Completed snapshot #1680 | Final entity count: 8 | Player 55 in snapshot: true | All entity IDs: [6, 19, 27, 29, 35, 42, 48, 55]
[INTERPOLATOR] Buffer: 40 pkts | Health: 166.4ms / 150.0ms | Status: OK
[DESERIALIZE] Starting snapshot #1690 | Timestamp: 29.75 | Entity count: 8 | Player ID: 55 | Has baseline: true | Baseline seq: 1685
[DESERIALIZE] Completed snapshot #1690 | Final entity count: 8 | Player 55 in snapshot: true | All entity IDs: [6, 19, 27, 29, 35, 42, 48, 55]
[DESERIALIZE] Starting snapshot #1700 | Timestamp: 29.95 | Entity count: 8 | Player ID: 55 | Has baseline: false | Baseline seq: 0
[DESERIALIZE] Completed snapshot #1700 | Final entity count: 8 | Player 55 in snapshot: true | All entity IDs: [6, 19, 27, 29, 35, 42, 48, 55]
[CLIENT] Received snapshot #1700 | Snapshot timestamp: 29.95 | Current client time: 71.601 | Interpolator render_time: 29.766666 | Interpolator latest_server_time: 29.9 | Entities: 8 | Player in snapshot: true | Player ID: 55 | Data size: 96 bytes
[INTERPOLATOR] Buffer full, removing old snapshot seq 1660
[INTERPOLATOR] Buffer: 40 pkts | Health: 183.3ms / 150.0ms | Status: OK
[DESERIALIZE] Starting snapshot #1710 | Timestamp: 30.1 | Entity count: 8 | Player ID: 55 | Has baseline: true | Baseline seq: 1706
[DESERIALIZE] Completed snapshot #1710 | Final entity count: 8 | Player 55 in snapshot: true | All entity IDs: [6, 19, 27, 29, 35, 42, 48, 55]
[DESERIALIZE] Starting snapshot #1720 | Timestamp: 30.25 | Entity count: 8 | Player ID: 55 | Has baseline: false | Baseline seq: 0
[DESERIALIZE] Completed snapshot #1720 | Final entity count: 8 | Player 55 in snapshot: true | All entity IDs: [6, 19, 27, 29, 35, 42, 48, 55]
[INTERPOLATOR] Buffer: 40 pkts | Health: 150.0ms / 150.0ms | Status: OK
[DESERIALIZE] Starting snapshot #1730 | Timestamp: 30.45 | Entity count: 8 | Player ID: 55 | Has baseline: true | Baseline seq: 1727
[DESERIALIZE] Completed snapshot #1730 | Final entity count: 8 | Player 55 in snapshot: true | All entity IDs: [6, 19, 27, 29, 35, 42, 48, 55]
[DESERIALIZE] Starting snapshot #1740 | Timestamp: 30.6 | Entity count: 8 | Player ID: 55 | Has baseline: false | Baseline seq: 0
[DESERIALIZE] Completed snapshot #1740 | Final entity count: 8 | Player 55 in snapshot: true | All entity IDs: [6, 19, 27, 29, 35, 42, 48, 55]
[INTERPOLATOR] Buffer: 40 pkts | Health: 166.4ms / 150.0ms | Status: OK
[DESERIALIZE] Starting snapshot #1750 | Timestamp: 30.75 | Entity count: 8 | Player ID: 55 | Has baseline: true | Baseline seq: 1748
[DESERIALIZE] Completed snapshot #1750 | Final entity count: 8 | Player 55 in snapshot: true | All entity IDs: [6, 19, 27, 29, 35, 42, 48, 55]
[DESERIALIZE] Starting snapshot #1760 | Timestamp: 30.95 | Entity count: 8 | Player ID: 55 | Has baseline: false | Baseline seq: 0
[DESERIALIZE] Completed snapshot #1760 | Final entity count: 8 | Player 55 in snapshot: true | All entity IDs: [6, 19, 27, 29, 35, 42, 48, 55]
[INTERPOLATOR] Buffer: 40 pkts | Health: 183.3ms / 150.0ms | Status: OK
[DESERIALIZE] Starting snapshot #1770 | Timestamp: 31.1 | Entity count: 8 | Player ID: 55 | Has baseline: true | Baseline seq: 1766
[DESERIALIZE] Completed snapshot #1770 | Final entity count: 8 | Player 55 in snapshot: true | All entity IDs: [6, 19, 27, 29, 35, 42, 48, 55]
[DESERIALIZE] Starting snapshot #1780 | Timestamp: 31.25 | Entity count: 8 | Player ID: 55 | Has baseline: false | Baseline seq: 0
[DESERIALIZE] Completed snapshot #1780 | Final entity count: 8 | Player 55 in snapshot: true | All entity IDs: [6, 19, 27, 29, 35, 42, 48, 55]
[INTERPOLATOR] Buffer: 40 pkts | Health: 150.0ms / 150.0ms | Status: OK
[DESERIALIZE] Starting snapshot #1790 | Timestamp: 31.45 | Entity count: 8 | Player ID: 55 | Has baseline: true | Baseline seq: 1787
[DESERIALIZE] Completed snapshot #1790 | Final entity count: 8 | Player 55 in snapshot: true | All entity IDs: [6, 19, 27, 29, 35, 42, 48, 55]
[DESERIALIZE] Starting snapshot #1800 | Timestamp: 31.6 | Entity count: 8 | Player ID: 55 | Has baseline: false | Baseline seq: 0
[DESERIALIZE] Completed snapshot #1800 | Final entity count: 8 | Player 55 in snapshot: true | All entity IDs: [6, 19, 27, 29, 35, 42, 48, 55]
[CLIENT] Received snapshot #1800 | Snapshot timestamp: 31.6 | Current client time: 73.268 | Interpolator render_time: 31.4335744741085 | Interpolator latest_server_time: 31.6 | Entities: 8 | Player in snapshot: true | Player ID: 55 | Data size: 96 bytes
[INTERPOLATOR] Buffer full, removing old snapshot seq 1760
[INTERPOLATOR] Buffer: 40 pkts | Health: 166.4ms / 150.0ms | Status: OK
[DESERIALIZE] Starting snapshot #1810 | Timestamp: 31.75 | Entity count: 8 | Player ID: 55 | Has baseline: true | Baseline seq: 1808
[DESERIALIZE] Completed snapshot #1810 | Final entity count: 8 | Player 55 in snapshot: true | All entity IDs: [6, 19, 27, 29, 35, 42, 48, 55]
[DESERIALIZE] Starting snapshot #1820 | Timestamp: 31.95 | Entity count: 8 | Player ID: 55 | Has baseline: false | Baseline seq: 0
[DESERIALIZE] Completed snapshot #1820 | Final entity count: 8 | Player 55 in snapshot: true | All entity IDs: [6, 19, 27, 29, 35, 42, 48, 55]
[INTERPOLATOR] Buffer: 40 pkts | Health: 183.3ms / 150.0ms | Status: OK
[DESERIALIZE] Starting snapshot #1830 | Timestamp: 32.1 | Entity count: 8 | Player ID: 55 | Has baseline: true | Baseline seq: 1825
[DESERIALIZE] Completed snapshot #1830 | Final entity count: 8 | Player 55 in snapshot: true | All entity IDs: [6, 19, 27, 29, 35, 42, 48, 55]
[DESERIALIZE] Starting snapshot #1840 | Timestamp: 32.25 | Entity count: 8 | Player ID: 55 | Has baseline: false | Baseline seq: 0
[DESERIALIZE] Completed snapshot #1840 | Final entity count: 8 | Player 55 in snapshot: true | All entity IDs: [6, 19, 27, 29, 35, 42, 48, 55]
[INTERPOLATOR] Buffer: 40 pkts | Health: 150.0ms / 150.0ms | Status: OK
[DESERIALIZE] Starting snapshot #1850 | Timestamp: 32.45 | Entity count: 8 | Player ID: 55 | Has baseline: true | Baseline seq: 1846
[DESERIALIZE] Completed snapshot #1850 | Final entity count: 8 | Player 55 in snapshot: true | All entity IDs: [6, 19, 27, 29, 35, 42, 48, 55]
[DESERIALIZE] Starting snapshot #1860 | Timestamp: 32.6 | Entity count: 8 | Player ID: 55 | Has baseline: false | Baseline seq: 0
[DESERIALIZE] Completed snapshot #1860 | Final entity count: 8 | Player 55 in snapshot: true | All entity IDs: [6, 19, 27, 29, 35, 42, 48, 55]
[INTERPOLATOR] Buffer: 40 pkts | Health: 166.4ms / 150.0ms | Status: OK
[DESERIALIZE] Starting snapshot #1870 | Timestamp: 32.75 | Entity count: 8 | Player ID: 55 | Has baseline: true | Baseline seq: 1867
[DESERIALIZE] Completed snapshot #1870 | Final entity count: 8 | Player 55 in snapshot: true | All entity IDs: [6, 19, 27, 29, 35, 42, 48, 55]
[DESERIALIZE] Starting snapshot #1880 | Timestamp: 32.95 | Entity count: 8 | Player ID: 55 | Has baseline: false | Baseline seq: 0
[DESERIALIZE] Completed snapshot #1880 | Final entity count: 8 | Player 55 in snapshot: true | All entity IDs: [6, 19, 27, 29, 35, 42, 48, 55]
[INTERPOLATOR] Buffer: 40 pkts | Health: 183.3ms / 150.0ms | Status: OK
[DESERIALIZE] Starting snapshot #1890 | Timestamp: 33.1 | Entity count: 8 | Player ID: 55 | Has baseline: true | Baseline seq: 1888
[DESERIALIZE] Completed snapshot #1890 | Final entity count: 8 | Player 55 in snapshot: true | All entity IDs: [6, 19, 27, 29, 35, 42, 48, 55]
[DESERIALIZE] Starting snapshot #1900 | Timestamp: 33.25 | Entity count: 8 | Player ID: 55 | Has baseline: false | Baseline seq: 0
[DESERIALIZE] Completed snapshot #1900 | Final entity count: 8 | Player 55 in snapshot: true | All entity IDs: [6, 19, 27, 29, 35, 42, 48, 55]
[CLIENT] Received snapshot #1900 | Snapshot timestamp: 33.25 | Current client time: 74.935 | Interpolator render_time: 33.1003089110622 | Interpolator latest_server_time: 33.25 | Entities: 8 | Player in snapshot: true | Player ID: 55 | Data size: 96 bytes
[INTERPOLATOR] Buffer full, removing old snapshot seq 1860
[INTERPOLATOR] Buffer: 40 pkts | Health: 150.0ms / 150.0ms | Status: OK
[DESERIALIZE] Starting snapshot #1910 | Timestamp: 33.45 | Entity count: 8 | Player ID: 55 | Has baseline: true | Baseline seq: 1906
[DESERIALIZE] Completed snapshot #1910 | Final entity count: 8 | Player 55 in snapshot: true | All entity IDs: [6, 19, 27, 29, 35, 42, 48, 55]
[DESERIALIZE] Starting snapshot #1920 | Timestamp: 33.6 | Entity count: 8 | Player ID: 55 | Has baseline: false | Baseline seq: 0
[DESERIALIZE] Completed snapshot #1920 | Final entity count: 8 | Player 55 in snapshot: true | All entity IDs: [6, 19, 27, 29, 35, 42, 48, 55]
[INTERPOLATOR] Buffer: 40 pkts | Health: 166.4ms / 150.0ms | Status: OK
[DESERIALIZE] Starting snapshot #1930 | Timestamp: 33.75 | Entity count: 8 | Player ID: 55 | Has baseline: true | Baseline seq: 1927
[DESERIALIZE] Completed snapshot #1930 | Final entity count: 8 | Player 55 in snapshot: true | All entity IDs: [6, 19, 27, 29, 35, 42, 48, 55]
[DESERIALIZE] Starting snapshot #1940 | Timestamp: 33.95 | Entity count: 8 | Player ID: 55 | Has baseline: false | Baseline seq: 0
[DESERIALIZE] Completed snapshot #1940 | Final entity count: 8 | Player 55 in snapshot: true | All entity IDs: [6, 19, 27, 29, 35, 42, 48, 55]
[INTERPOLATOR] Buffer: 40 pkts | Health: 183.3ms / 150.0ms | Status: OK
[DESERIALIZE] Starting snapshot #1950 | Timestamp: 34.1 | Entity count: 8 | Player ID: 55 | Has baseline: true | Baseline seq: 1948
[DESERIALIZE] Completed snapshot #1950 | Final entity count: 8 | Player 55 in snapshot: true | All entity IDs: [6, 19, 27, 29, 35, 42, 48, 55]
[DESERIALIZE] Starting snapshot #1960 | Timestamp: 34.25 | Entity count: 8 | Player ID: 55 | Has baseline: false | Baseline seq: 0
[DESERIALIZE] Completed snapshot #1960 | Final entity count: 8 | Player 55 in snapshot: true | All entity IDs: [6, 19, 27, 29, 35, 42, 48, 55]
[INTERPOLATOR] Buffer: 40 pkts | Health: 150.0ms / 150.0ms | Status: OK
[DESERIALIZE] Starting snapshot #1970 | Timestamp: 34.45 | Entity count: 8 | Player ID: 55 | Has baseline: true | Baseline seq: 1965
[DESERIALIZE] Completed snapshot #1970 | Final entity count: 8 | Player 55 in snapshot: true | All entity IDs: [6, 19, 27, 29, 35, 42, 48, 55]
[DESERIALIZE] Starting snapshot #1980 | Timestamp: 34.6 | Entity count: 8 | Player ID: 55 | Has baseline: false | Baseline seq: 0
[DESERIALIZE] Completed snapshot #1980 | Final entity count: 8 | Player 55 in snapshot: true | All entity IDs: [6, 19, 27, 29, 35, 42, 48, 55]
[INTERPOLATOR] Buffer: 40 pkts | Health: 166.4ms / 150.0ms | Status: OK
[DESERIALIZE] Starting snapshot #1990 | Timestamp: 34.75 | Entity count: 8 | Player ID: 55 | Has baseline: true | Baseline seq: 1986
[DESERIALIZE] Completed snapshot #1990 | Final entity count: 8 | Player 55 in snapshot: true | All entity IDs: [6, 19, 27, 29, 35, 42, 48, 55]
[DESERIALIZE] Starting snapshot #2000 | Timestamp: 34.95 | Entity count: 8 | Player ID: 55 | Has baseline: false | Baseline seq: 0
[DESERIALIZE] Completed snapshot #2000 | Final entity count: 8 | Player 55 in snapshot: true | All entity IDs: [6, 19, 27, 29, 35, 42, 48, 55]
[CLIENT] Received snapshot #2000 | Snapshot timestamp: 34.95 | Current client time: 76.601 | Interpolator render_time: 34.766666 | Interpolator latest_server_time: 34.9 | Entities: 8 | Player in snapshot: true | Player ID: 55 | Data size: 96 bytes
[INTERPOLATOR] Buffer full, removing old snapshot seq 1960
[INTERPOLATOR] Buffer: 40 pkts | Health: 183.3ms / 150.0ms | Status: OK
[DESERIALIZE] Starting snapshot #2010 | Timestamp: 35.1 | Entity count: 8 | Player ID: 55 | Has baseline: true | Baseline seq: 2007
[DESERIALIZE] Completed snapshot #2010 | Final entity count: 8 | Player 55 in snapshot: true | All entity IDs: [6, 19, 27, 29, 35, 42, 48, 55]
[DESERIALIZE] Starting snapshot #2020 | Timestamp: 35.25 | Entity count: 8 | Player ID: 55 | Has baseline: false | Baseline seq: 0
[DESERIALIZE] Completed snapshot #2020 | Final entity count: 8 | Player 55 in snapshot: true | All entity IDs: [6, 19, 27, 29, 35, 42, 48, 55]
[INTERPOLATOR] Buffer: 40 pkts | Health: 150.0ms / 150.0ms | Status: OK
[DESERIALIZE] Starting snapshot #2030 | Timestamp: 35.45 | Entity count: 8 | Player ID: 55 | Has baseline: true | Baseline seq: 2028
[DESERIALIZE] Completed snapshot #2030 | Final entity count: 8 | Player 55 in snapshot: true | All entity IDs: [6, 19, 27, 29, 35, 42, 48, 55]
[DESERIALIZE] Starting snapshot #2040 | Timestamp: 35.6 | Entity count: 8 | Player ID: 55 | Has baseline: false | Baseline seq: 0
[DESERIALIZE] Completed snapshot #2040 | Final entity count: 8 | Player 55 in snapshot: true | All entity IDs: [6, 19, 27, 29, 35, 42, 48, 55]
[INTERPOLATOR] Buffer: 40 pkts | Health: 166.4ms / 150.0ms | Status: OK
[DESERIALIZE] Starting snapshot #2050 | Timestamp: 35.75 | Entity count: 8 | Player ID: 55 | Has baseline: true | Baseline seq: 2046
[DESERIALIZE] Completed snapshot #2050 | Final entity count: 8 | Player 55 in snapshot: true | All entity IDs: [6, 19, 27, 29, 35, 42, 48, 55]
[DESERIALIZE] Starting snapshot #2060 | Timestamp: 35.95 | Entity count: 8 | Player ID: 55 | Has baseline: false | Baseline seq: 0
[DESERIALIZE] Completed snapshot #2060 | Final entity count: 8 | Player 55 in snapshot: true | All entity IDs: [6, 19, 27, 29, 35, 42, 48, 55]
[INTERPOLATOR] Buffer: 40 pkts | Health: 183.3ms / 150.0ms | Status: OK
[DESERIALIZE] Starting snapshot #2070 | Timestamp: 36.1 | Entity count: 8 | Player ID: 55 | Has baseline: true | Baseline seq: 2067
[DESERIALIZE] Completed snapshot #2070 | Final entity count: 8 | Player 55 in snapshot: true | All entity IDs: [6, 19, 27, 29, 35, 42, 48, 55]
[DESERIALIZE] Starting snapshot #2080 | Timestamp: 36.25 | Entity count: 8 | Player ID: 55 | Has baseline: false | Baseline seq: 0
[DESERIALIZE] Completed snapshot #2080 | Final entity count: 8 | Player 55 in snapshot: true | All entity IDs: [6, 19, 27, 29, 35, 42, 48, 55]
[INTERPOLATOR] Buffer: 40 pkts | Health: 150.0ms / 150.0ms | Status: OK
[DESERIALIZE] Starting snapshot #2090 | Timestamp: 36.45 | Entity count: 8 | Player ID: 55 | Has baseline: true | Baseline seq: 2088
[DESERIALIZE] Completed snapshot #2090 | Final entity count: 8 | Player 55 in snapshot: true | All entity IDs: [6, 19, 27, 29, 35, 42, 48, 55]
[DESERIALIZE] Starting snapshot #2100 | Timestamp: 36.6 | Entity count: 8 | Player ID: 55 | Has baseline: false | Baseline seq: 0
[DESERIALIZE] Completed snapshot #2100 | Final entity count: 8 | Player 55 in snapshot: true | All entity IDs: [6, 19, 27, 29, 35, 42, 48, 55]
[CLIENT] Received snapshot #2100 | Snapshot timestamp: 36.6 | Current client time: 78.268 | Interpolator render_time: 36.4335744741085 | Interpolator latest_server_time: 36.6 | Entities: 8 | Player in snapshot: true | Player ID: 55 | Data size: 96 bytes
[INTERPOLATOR] Buffer full, removing old snapshot seq 2060
[INTERPOLATOR] Buffer: 40 pkts | Health: 166.4ms / 150.0ms | Status: OK
