Godot Engine v4.5.1.stable.official.f62fdbde1 - https://godotengine.org

Connecting to server at 127.0.0.1:7777
[RENDERER] Debug walls drawn
[RENDERER] Debug obstacle paths drawn
[INTERPOLATOR] WARNING: Low buffer! Time until latest: 0.0ms (min: 75.0ms)
[INTERPOLATOR] WARNING: Low buffer! Time until latest: -90.0ms (min: 75.0ms)
Connected to server!
[INTERPOLATOR] WARNING: Low buffer! Time until latest: -91.2942ms (min: 75.0ms)
[INTERPOLATOR] WARNING: Low buffer! Time until latest: -96.0372ms (min: 75.0ms)
[INTERPOLATOR] WARNING: Low buffer! Time until latest: -105.0ms (min: 75.0ms)
[CLIENT] Player entity ID tracked: 55
[INTERPOLATOR] First snapshot received! Seq: 1 | Timestamp: 3.062 | Setting render_time to: 2.987 | Delay: 0.075
[INTERPOLATOR] WARNING: Behind buffer! Jumping render_time from 3.01987876666667 to 3.062
[RENDERER] Client prediction ENABLED for player entity 55
[RENDERER] Created sprite for PLAYER entity 55
[DESERIALIZE] Starting snapshot #10 | Timestamp: 3.468 | Entity count: 11 | Player ID: 55 | Has baseline: true | Baseline seq: 9
[DESERIALIZE] Completed snapshot #10 | Final entity count: 11 | Player 55 in snapshot: true | All entity IDs: [38, 42, 46, 48, 49, 50, 51, 52, 53, 54, 55]
[DESERIALIZE] Starting snapshot #20 | Timestamp: 3.937 | Entity count: 11 | Player ID: 55 | Has baseline: true | Baseline seq: 18
[DESERIALIZE] Completed snapshot #20 | Final entity count: 11 | Player 55 in snapshot: true | All entity IDs: [38, 42, 46, 48, 49, 50, 51, 52, 53, 54, 55]
[INTERPOLATOR] Entity 54 disappeared (in from_snapshot seq 24 but not in to_snapshot seq 25)
[INTERPOLATOR] Entity 54 disappeared (in from_snapshot seq 24 but not in to_snapshot seq 25)
[INTERPOLATOR] Entity 54 disappeared (in from_snapshot seq 24 but not in to_snapshot seq 25)
[INTERPOLATOR] Entity 54 disappeared (in from_snapshot seq 24 but not in to_snapshot seq 25)
[INTERPOLATOR] Entity 54 disappeared (in from_snapshot seq 24 but not in to_snapshot seq 25)
[INTERPOLATOR] Entity 54 disappeared (in from_snapshot seq 24 but not in to_snapshot seq 25)
[INTERPOLATOR] Entity 54 disappeared (in from_snapshot seq 24 but not in to_snapshot seq 25)
[INTERPOLATOR] Entity 54 disappeared (in from_snapshot seq 24 but not in to_snapshot seq 25)
[INTERPOLATOR] Entity 54 disappeared (in from_snapshot seq 24 but not in to_snapshot seq 25)
[INTERPOLATOR] Entity 54 disappeared (in from_snapshot seq 24 but not in to_snapshot seq 25)
[INTERPOLATOR] Entity 54 disappeared (in from_snapshot seq 24 but not in to_snapshot seq 25)
[INTERPOLATOR] Entity 54 disappeared (in from_snapshot seq 24 but not in to_snapshot seq 25)
[INTERPOLATOR] Entity 54 disappeared (in from_snapshot seq 24 but not in to_snapshot seq 25)
[INTERPOLATOR] Entity 54 disappeared (in from_snapshot seq 24 but not in to_snapshot seq 25)
[DESERIALIZE] Starting snapshot #30 | Timestamp: 4.406 | Entity count: 10 | Player ID: 55 | Has baseline: true | Baseline seq: 29
[DESERIALIZE] Completed snapshot #30 | Final entity count: 10 | Player 55 in snapshot: true | All entity IDs: [38, 42, 46, 48, 49, 50, 51, 52, 53, 55]
=== CLIENT MODE ===
[DESERIALIZE] Starting snapshot #40 | Timestamp: 4.968 | Entity count: 11 | Player ID: 55 | Has baseline: true | Baseline seq: 39
[DESERIALIZE] Completed snapshot #40 | Final entity count: 11 | Player 55 in snapshot: true | All entity IDs: [38, 42, 46, 48, 49, 50, 51, 52, 53, 54, 55]
[DESERIALIZE] Starting snapshot #50 | Timestamp: 5.437 | Entity count: 11 | Player ID: 55 | Has baseline: true | Baseline seq: 48
[DESERIALIZE] Completed snapshot #50 | Final entity count: 11 | Player 55 in snapshot: true | All entity IDs: [38, 42, 46, 48, 49, 50, 51, 52, 53, 54, 55]
[DESERIALIZE] Starting snapshot #60 | Timestamp: 5.906 | Entity count: 11 | Player ID: 55 | Has baseline: true | Baseline seq: 58
[DESERIALIZE] Completed snapshot #60 | Final entity count: 11 | Player 55 in snapshot: true | All entity IDs: [38, 42, 46, 48, 49, 50, 51, 52, 53, 54, 55]
[INTERPOLATOR] Entity 38 disappeared (in from_snapshot seq 63 but not in to_snapshot seq 64)
[INTERPOLATOR] Entity 50 disappeared (in from_snapshot seq 63 but not in to_snapshot seq 64)
[INTERPOLATOR] Entity 38 disappeared (in from_snapshot seq 63 but not in to_snapshot seq 64)
[INTERPOLATOR] Entity 50 disappeared (in from_snapshot seq 63 but not in to_snapshot seq 64)
[INTERPOLATOR] Entity 38 disappeared (in from_snapshot seq 63 but not in to_snapshot seq 64)
[INTERPOLATOR] Entity 50 disappeared (in from_snapshot seq 63 but not in to_snapshot seq 64)
[INTERPOLATOR] Entity 38 disappeared (in from_snapshot seq 63 but not in to_snapshot seq 64)
[INTERPOLATOR] Entity 50 disappeared (in from_snapshot seq 63 but not in to_snapshot seq 64)
[INTERPOLATOR] Entity 38 disappeared (in from_snapshot seq 63 but not in to_snapshot seq 64)
[INTERPOLATOR] Entity 50 disappeared (in from_snapshot seq 63 but not in to_snapshot seq 64)
[INTERPOLATOR] Entity 38 disappeared (in from_snapshot seq 63 but not in to_snapshot seq 64)
[INTERPOLATOR] Entity 50 disappeared (in from_snapshot seq 63 but not in to_snapshot seq 64)
[INTERPOLATOR] Entity 38 disappeared (in from_snapshot seq 63 but not in to_snapshot seq 64)
[INTERPOLATOR] Entity 50 disappeared (in from_snapshot seq 63 but not in to_snapshot seq 64)
[INTERPOLATOR] Entity 38 disappeared (in from_snapshot seq 63 but not in to_snapshot seq 64)
[INTERPOLATOR] Entity 50 disappeared (in from_snapshot seq 63 but not in to_snapshot seq 64)
[INTERPOLATOR] Entity 38 disappeared (in from_snapshot seq 63 but not in to_snapshot seq 64)
[INTERPOLATOR] Entity 50 disappeared (in from_snapshot seq 63 but not in to_snapshot seq 64)
[INTERPOLATOR] Entity 38 disappeared (in from_snapshot seq 63 but not in to_snapshot seq 64)
[INTERPOLATOR] Entity 50 disappeared (in from_snapshot seq 63 but not in to_snapshot seq 64)
[INTERPOLATOR] Entity 38 disappeared (in from_snapshot seq 63 but not in to_snapshot seq 64)
[INTERPOLATOR] Entity 50 disappeared (in from_snapshot seq 63 but not in to_snapshot seq 64)
[INTERPOLATOR] Entity 38 disappeared (in from_snapshot seq 63 but not in to_snapshot seq 64)
[INTERPOLATOR] Entity 50 disappeared (in from_snapshot seq 63 but not in to_snapshot seq 64)
[INTERPOLATOR] Entity 38 disappeared (in from_snapshot seq 63 but not in to_snapshot seq 64)
[INTERPOLATOR] Entity 50 disappeared (in from_snapshot seq 63 but not in to_snapshot seq 64)
[INTERPOLATOR] Entity 38 disappeared (in from_snapshot seq 63 but not in to_snapshot seq 64)
[INTERPOLATOR] Entity 50 disappeared (in from_snapshot seq 63 but not in to_snapshot seq 64)
[DESERIALIZE] Starting snapshot #70 | Timestamp: 6.468 | Entity count: 9 | Player ID: 55 | Has baseline: true | Baseline seq: 69
[DESERIALIZE] Completed snapshot #70 | Final entity count: 9 | Player 55 in snapshot: true | All entity IDs: [42, 46, 48, 49, 51, 52, 53, 54, 55]
[INTERPOLATOR] Entity 51 disappeared (in from_snapshot seq 73 but not in to_snapshot seq 74)
[INTERPOLATOR] Entity 51 disappeared (in from_snapshot seq 73 but not in to_snapshot seq 74)
[INTERPOLATOR] Entity 51 disappeared (in from_snapshot seq 73 but not in to_snapshot seq 74)
[INTERPOLATOR] Entity 51 disappeared (in from_snapshot seq 73 but not in to_snapshot seq 74)
[INTERPOLATOR] Entity 51 disappeared (in from_snapshot seq 73 but not in to_snapshot seq 74)
[INTERPOLATOR] Entity 51 disappeared (in from_snapshot seq 73 but not in to_snapshot seq 74)
[INTERPOLATOR] Entity 51 disappeared (in from_snapshot seq 73 but not in to_snapshot seq 74)
[INTERPOLATOR] Entity 51 disappeared (in from_snapshot seq 73 but not in to_snapshot seq 74)
[INTERPOLATOR] Entity 51 disappeared (in from_snapshot seq 73 but not in to_snapshot seq 74)
[INTERPOLATOR] Entity 51 disappeared (in from_snapshot seq 73 but not in to_snapshot seq 74)
[INTERPOLATOR] Entity 51 disappeared (in from_snapshot seq 73 but not in to_snapshot seq 74)
[INTERPOLATOR] Entity 51 disappeared (in from_snapshot seq 73 but not in to_snapshot seq 74)
[INTERPOLATOR] Entity 51 disappeared (in from_snapshot seq 73 but not in to_snapshot seq 74)
[INTERPOLATOR] Entity 51 disappeared (in from_snapshot seq 73 but not in to_snapshot seq 74)
[DESERIALIZE] Starting snapshot #80 | Timestamp: 6.937 | Entity count: 8 | Player ID: 55 | Has baseline: true | Baseline seq: 78
[DESERIALIZE] Completed snapshot #80 | Final entity count: 8 | Player 55 in snapshot: true | All entity IDs: [42, 46, 48, 49, 52, 53, 54, 55]
[INTERPOLATOR] Entity 46 disappeared (in from_snapshot seq 84 but not in to_snapshot seq 85)
[INTERPOLATOR] Entity 48 disappeared (in from_snapshot seq 84 but not in to_snapshot seq 85)
[INTERPOLATOR] Entity 52 disappeared (in from_snapshot seq 84 but not in to_snapshot seq 85)
[INTERPOLATOR] Entity 46 disappeared (in from_snapshot seq 84 but not in to_snapshot seq 85)
[INTERPOLATOR] Entity 48 disappeared (in from_snapshot seq 84 but not in to_snapshot seq 85)
[INTERPOLATOR] Entity 52 disappeared (in from_snapshot seq 84 but not in to_snapshot seq 85)
[INTERPOLATOR] Entity 46 disappeared (in from_snapshot seq 84 but not in to_snapshot seq 85)
[INTERPOLATOR] Entity 48 disappeared (in from_snapshot seq 84 but not in to_snapshot seq 85)
[INTERPOLATOR] Entity 52 disappeared (in from_snapshot seq 84 but not in to_snapshot seq 85)
[INTERPOLATOR] Entity 46 disappeared (in from_snapshot seq 84 but not in to_snapshot seq 85)
[INTERPOLATOR] Entity 48 disappeared (in from_snapshot seq 84 but not in to_snapshot seq 85)
[INTERPOLATOR] Entity 52 disappeared (in from_snapshot seq 84 but not in to_snapshot seq 85)
[INTERPOLATOR] Entity 46 disappeared (in from_snapshot seq 84 but not in to_snapshot seq 85)
[INTERPOLATOR] Entity 48 disappeared (in from_snapshot seq 84 but not in to_snapshot seq 85)
[INTERPOLATOR] Entity 52 disappeared (in from_snapshot seq 84 but not in to_snapshot seq 85)
[INTERPOLATOR] Entity 46 disappeared (in from_snapshot seq 84 but not in to_snapshot seq 85)
[INTERPOLATOR] Entity 48 disappeared (in from_snapshot seq 84 but not in to_snapshot seq 85)
[INTERPOLATOR] Entity 52 disappeared (in from_snapshot seq 84 but not in to_snapshot seq 85)
[INTERPOLATOR] Entity 46 disappeared (in from_snapshot seq 84 but not in to_snapshot seq 85)
[INTERPOLATOR] Entity 48 disappeared (in from_snapshot seq 84 but not in to_snapshot seq 85)
[INTERPOLATOR] Entity 52 disappeared (in from_snapshot seq 84 but not in to_snapshot seq 85)
[INTERPOLATOR] Entity 46 disappeared (in from_snapshot seq 84 but not in to_snapshot seq 85)
[INTERPOLATOR] Entity 48 disappeared (in from_snapshot seq 84 but not in to_snapshot seq 85)
[INTERPOLATOR] Entity 52 disappeared (in from_snapshot seq 84 but not in to_snapshot seq 85)
[INTERPOLATOR] Entity 46 disappeared (in from_snapshot seq 84 but not in to_snapshot seq 85)
[INTERPOLATOR] Entity 48 disappeared (in from_snapshot seq 84 but not in to_snapshot seq 85)
[INTERPOLATOR] Entity 52 disappeared (in from_snapshot seq 84 but not in to_snapshot seq 85)
[INTERPOLATOR] Entity 46 disappeared (in from_snapshot seq 84 but not in to_snapshot seq 85)
[INTERPOLATOR] Entity 48 disappeared (in from_snapshot seq 84 but not in to_snapshot seq 85)
[INTERPOLATOR] Entity 52 disappeared (in from_snapshot seq 84 but not in to_snapshot seq 85)
[INTERPOLATOR] Entity 46 disappeared (in from_snapshot seq 84 but not in to_snapshot seq 85)
[INTERPOLATOR] Entity 48 disappeared (in from_snapshot seq 84 but not in to_snapshot seq 85)
[INTERPOLATOR] Entity 52 disappeared (in from_snapshot seq 84 but not in to_snapshot seq 85)
[INTERPOLATOR] Entity 46 disappeared (in from_snapshot seq 84 but not in to_snapshot seq 85)
[INTERPOLATOR] Entity 48 disappeared (in from_snapshot seq 84 but not in to_snapshot seq 85)
[INTERPOLATOR] Entity 52 disappeared (in from_snapshot seq 84 but not in to_snapshot seq 85)
[INTERPOLATOR] Entity 46 disappeared (in from_snapshot seq 84 but not in to_snapshot seq 85)
[INTERPOLATOR] Entity 48 disappeared (in from_snapshot seq 84 but not in to_snapshot seq 85)
[INTERPOLATOR] Entity 52 disappeared (in from_snapshot seq 84 but not in to_snapshot seq 85)
[DESERIALIZE] Starting snapshot #90 | Timestamp: 7.406 | Entity count: 6 | Player ID: 55 | Has baseline: true | Baseline seq: 88
[DESERIALIZE] Completed snapshot #90 | Final entity count: 6 | Player 55 in snapshot: true | All entity IDs: [15, 42, 49, 53, 54, 55]
[INTERPOLATOR] Entity 53 disappeared (in from_snapshot seq 90 but not in to_snapshot seq 91)
[INTERPOLATOR] Entity 53 disappeared (in from_snapshot seq 90 but not in to_snapshot seq 91)
[INTERPOLATOR] Entity 53 disappeared (in from_snapshot seq 90 but not in to_snapshot seq 91)
[INTERPOLATOR] Entity 53 disappeared (in from_snapshot seq 90 but not in to_snapshot seq 91)
[INTERPOLATOR] Entity 53 disappeared (in from_snapshot seq 90 but not in to_snapshot seq 91)
[INTERPOLATOR] Entity 53 disappeared (in from_snapshot seq 90 but not in to_snapshot seq 91)
[INTERPOLATOR] Entity 53 disappeared (in from_snapshot seq 90 but not in to_snapshot seq 91)
[INTERPOLATOR] Entity 53 disappeared (in from_snapshot seq 90 but not in to_snapshot seq 91)
[INTERPOLATOR] Entity 53 disappeared (in from_snapshot seq 90 but not in to_snapshot seq 91)
[INTERPOLATOR] Entity 53 disappeared (in from_snapshot seq 90 but not in to_snapshot seq 91)
[INTERPOLATOR] Entity 53 disappeared (in from_snapshot seq 90 but not in to_snapshot seq 91)
[INTERPOLATOR] Entity 53 disappeared (in from_snapshot seq 90 but not in to_snapshot seq 91)
[INTERPOLATOR] Entity 53 disappeared (in from_snapshot seq 90 but not in to_snapshot seq 91)
[DESERIALIZE] Starting snapshot #100 | Timestamp: 7.968 | Entity count: 5 | Player ID: 55 | Has baseline: true | Baseline seq: 99
[DESERIALIZE] Completed snapshot #100 | Final entity count: 5 | Player 55 in snapshot: true | All entity IDs: [15, 42, 49, 54, 55]
[CLIENT] Received snapshot #100 | Snapshot timestamp: 7.968 | Current client time: 5.088 | Interpolator render_time: 7.80605451111121 | Interpolator latest_server_time: 7.875 | Entities: 5 | Player in snapshot: true | Player ID: 55 | Data size: 38 bytes
[INTERPOLATOR] Buffer full, removing old snapshot seq 80
[INTERPOLATOR] Buffer state: 20 snapshots | Render time: 7.80605451111121 | Latest server time: 7.968 | Delay: 161.945488888789 ms
[DESERIALIZE] Starting snapshot #110 | Timestamp: 8.437 | Entity count: 5 | Player ID: 55 | Has baseline: true | Baseline seq: 108
[DESERIALIZE] Completed snapshot #110 | Final entity count: 5 | Player 55 in snapshot: true | All entity IDs: [15, 42, 49, 54, 55]
[DESERIALIZE] Starting snapshot #120 | Timestamp: 8.906 | Entity count: 5 | Player ID: 55 | Has baseline: true | Baseline seq: 118
[DESERIALIZE] Completed snapshot #120 | Final entity count: 5 | Player 55 in snapshot: true | All entity IDs: [15, 42, 49, 54, 55]
[DESERIALIZE] Starting snapshot #130 | Timestamp: 9.468 | Entity count: 5 | Player ID: 55 | Has baseline: true | Baseline seq: 129
[DESERIALIZE] Completed snapshot #130 | Final entity count: 5 | Player 55 in snapshot: true | All entity IDs: [15, 42, 49, 54, 55]
[DESERIALIZE] Starting snapshot #140 | Timestamp: 9.937 | Entity count: 6 | Player ID: 55 | Has baseline: true | Baseline seq: 138
[DESERIALIZE] Completed snapshot #140 | Final entity count: 6 | Player 55 in snapshot: true | All entity IDs: [15, 42, 49, 51, 54, 55]
[DESERIALIZE] Starting snapshot #150 | Timestamp: 10.406 | Entity count: 6 | Player ID: 55 | Has baseline: true | Baseline seq: 148
[DESERIALIZE] Completed snapshot #150 | Final entity count: 6 | Player 55 in snapshot: true | All entity IDs: [15, 42, 49, 51, 54, 55]
[DESERIALIZE] Starting snapshot #160 | Timestamp: 10.968 | Entity count: 6 | Player ID: 55 | Has baseline: true | Baseline seq: 159
[DESERIALIZE] Completed snapshot #160 | Final entity count: 6 | Player 55 in snapshot: true | All entity IDs: [15, 42, 49, 51, 54, 55]
[DESERIALIZE] Starting snapshot #170 | Timestamp: 11.437 | Entity count: 6 | Player ID: 55 | Has baseline: true | Baseline seq: 168
[DESERIALIZE] Completed snapshot #170 | Final entity count: 6 | Player 55 in snapshot: true | All entity IDs: [15, 42, 49, 51, 54, 55]
[INTERPOLATOR] Entity 42 disappeared (in from_snapshot seq 176 but not in to_snapshot seq 177)
[INTERPOLATOR] Entity 42 disappeared (in from_snapshot seq 176 but not in to_snapshot seq 177)
[INTERPOLATOR] Entity 42 disappeared (in from_snapshot seq 176 but not in to_snapshot seq 177)
[INTERPOLATOR] Entity 42 disappeared (in from_snapshot seq 176 but not in to_snapshot seq 177)
[INTERPOLATOR] Entity 42 disappeared (in from_snapshot seq 176 but not in to_snapshot seq 177)
[INTERPOLATOR] Entity 42 disappeared (in from_snapshot seq 176 but not in to_snapshot seq 177)
[DESERIALIZE] Starting snapshot #180 | Timestamp: 11.906 | Entity count: 5 | Player ID: 55 | Has baseline: true | Baseline seq: 178
[DESERIALIZE] Completed snapshot #180 | Final entity count: 5 | Player 55 in snapshot: true | All entity IDs: [15, 49, 51, 54, 55]
[INTERPOLATOR] Entity 42 disappeared (in from_snapshot seq 176 but not in to_snapshot seq 177)
[INTERPOLATOR] Entity 42 disappeared (in from_snapshot seq 176 but not in to_snapshot seq 177)
[INTERPOLATOR] Entity 42 disappeared (in from_snapshot seq 176 but not in to_snapshot seq 177)
[INTERPOLATOR] Entity 42 disappeared (in from_snapshot seq 176 but not in to_snapshot seq 177)
[INTERPOLATOR] Entity 42 disappeared (in from_snapshot seq 176 but not in to_snapshot seq 177)
[INTERPOLATOR] Entity 42 disappeared (in from_snapshot seq 176 but not in to_snapshot seq 177)
[INTERPOLATOR] Entity 42 disappeared (in from_snapshot seq 176 but not in to_snapshot seq 177)
[INTERPOLATOR] Entity 42 disappeared (in from_snapshot seq 176 but not in to_snapshot seq 177)
[DESERIALIZE] Starting snapshot #190 | Timestamp: 12.468 | Entity count: 5 | Player ID: 55 | Has baseline: true | Baseline seq: 189
[DESERIALIZE] Completed snapshot #190 | Final entity count: 5 | Player 55 in snapshot: true | All entity IDs: [15, 49, 51, 54, 55]
[INTERPOLATOR] Entity 54 disappeared (in from_snapshot seq 195 but not in to_snapshot seq 196)
[INTERPOLATOR] Entity 54 disappeared (in from_snapshot seq 195 but not in to_snapshot seq 196)
[INTERPOLATOR] Entity 54 disappeared (in from_snapshot seq 195 but not in to_snapshot seq 196)
[INTERPOLATOR] Entity 54 disappeared (in from_snapshot seq 195 but not in to_snapshot seq 196)
[INTERPOLATOR] Entity 54 disappeared (in from_snapshot seq 195 but not in to_snapshot seq 196)
[INTERPOLATOR] Entity 54 disappeared (in from_snapshot seq 195 but not in to_snapshot seq 196)
[INTERPOLATOR] Entity 54 disappeared (in from_snapshot seq 195 but not in to_snapshot seq 196)
[INTERPOLATOR] Entity 54 disappeared (in from_snapshot seq 195 but not in to_snapshot seq 196)
[INTERPOLATOR] Entity 54 disappeared (in from_snapshot seq 195 but not in to_snapshot seq 196)
[INTERPOLATOR] Entity 54 disappeared (in from_snapshot seq 195 but not in to_snapshot seq 196)
[INTERPOLATOR] Entity 54 disappeared (in from_snapshot seq 195 but not in to_snapshot seq 196)
[INTERPOLATOR] Entity 54 disappeared (in from_snapshot seq 195 but not in to_snapshot seq 196)
[INTERPOLATOR] Entity 54 disappeared (in from_snapshot seq 195 but not in to_snapshot seq 196)
[INTERPOLATOR] Entity 54 disappeared (in from_snapshot seq 195 but not in to_snapshot seq 196)
[DESERIALIZE] Starting snapshot #200 | Timestamp: 12.937 | Entity count: 4 | Player ID: 55 | Has baseline: true | Baseline seq: 198
[DESERIALIZE] Completed snapshot #200 | Final entity count: 4 | Player 55 in snapshot: true | All entity IDs: [15, 49, 51, 55]
[CLIENT] Received snapshot #200 | Snapshot timestamp: 12.937 | Current client time: 10.077 | Interpolator render_time: 12.7889152666665 | Interpolator latest_server_time: 12.937 | Entities: 4 | Player in snapshot: true | Player ID: 55 | Data size: 28 bytes
[INTERPOLATOR] Buffer full, removing old snapshot seq 180
[INTERPOLATOR] Buffer state: 20 snapshots | Render time: 12.7889152666665 | Latest server time: 12.937 | Delay: 148.084733333468 ms
[INTERPOLATOR] Entity 49 disappeared (in from_snapshot seq 202 but not in to_snapshot seq 203)
[INTERPOLATOR] Entity 49 disappeared (in from_snapshot seq 202 but not in to_snapshot seq 203)
[INTERPOLATOR] Entity 49 disappeared (in from_snapshot seq 202 but not in to_snapshot seq 203)
[INTERPOLATOR] Entity 49 disappeared (in from_snapshot seq 202 but not in to_snapshot seq 203)
[INTERPOLATOR] Entity 49 disappeared (in from_snapshot seq 202 but not in to_snapshot seq 203)
[INTERPOLATOR] Entity 49 disappeared (in from_snapshot seq 202 but not in to_snapshot seq 203)
[INTERPOLATOR] Entity 49 disappeared (in from_snapshot seq 202 but not in to_snapshot seq 203)
[INTERPOLATOR] Entity 49 disappeared (in from_snapshot seq 202 but not in to_snapshot seq 203)
[INTERPOLATOR] Entity 49 disappeared (in from_snapshot seq 202 but not in to_snapshot seq 203)
[INTERPOLATOR] Entity 49 disappeared (in from_snapshot seq 202 but not in to_snapshot seq 203)
[INTERPOLATOR] Entity 49 disappeared (in from_snapshot seq 202 but not in to_snapshot seq 203)
[INTERPOLATOR] Entity 49 disappeared (in from_snapshot seq 202 but not in to_snapshot seq 203)
[INTERPOLATOR] Entity 49 disappeared (in from_snapshot seq 202 but not in to_snapshot seq 203)
[DESERIALIZE] Starting snapshot #210 | Timestamp: 13.406 | Entity count: 4 | Player ID: 55 | Has baseline: true | Baseline seq: 209
[DESERIALIZE] Completed snapshot #210 | Final entity count: 4 | Player 55 in snapshot: true | All entity IDs: [15, 42, 51, 55]
[INTERPOLATOR] Entity 51 disappeared (in from_snapshot seq 215 but not in to_snapshot seq 216)
[INTERPOLATOR] Entity 51 disappeared (in from_snapshot seq 215 but not in to_snapshot seq 216)
[INTERPOLATOR] Entity 51 disappeared (in from_snapshot seq 215 but not in to_snapshot seq 216)
[INTERPOLATOR] Entity 51 disappeared (in from_snapshot seq 215 but not in to_snapshot seq 216)
[INTERPOLATOR] Entity 51 disappeared (in from_snapshot seq 215 but not in to_snapshot seq 216)
[INTERPOLATOR] Entity 51 disappeared (in from_snapshot seq 215 but not in to_snapshot seq 216)
[INTERPOLATOR] Entity 51 disappeared (in from_snapshot seq 215 but not in to_snapshot seq 216)
[INTERPOLATOR] Entity 51 disappeared (in from_snapshot seq 215 but not in to_snapshot seq 216)
[INTERPOLATOR] Entity 51 disappeared (in from_snapshot seq 215 but not in to_snapshot seq 216)
[INTERPOLATOR] Entity 51 disappeared (in from_snapshot seq 215 but not in to_snapshot seq 216)
[INTERPOLATOR] Entity 51 disappeared (in from_snapshot seq 215 but not in to_snapshot seq 216)
[INTERPOLATOR] Entity 51 disappeared (in from_snapshot seq 215 but not in to_snapshot seq 216)
[INTERPOLATOR] Entity 51 disappeared (in from_snapshot seq 215 but not in to_snapshot seq 216)
[DESERIALIZE] Starting snapshot #220 | Timestamp: 13.968 | Entity count: 4 | Player ID: 55 | Has baseline: true | Baseline seq: 219
[DESERIALIZE] Completed snapshot #220 | Final entity count: 4 | Player 55 in snapshot: true | All entity IDs: [15, 42, 52, 55]
[DESERIALIZE] Starting snapshot #230 | Timestamp: 14.437 | Entity count: 5 | Player ID: 55 | Has baseline: true | Baseline seq: 228
[DESERIALIZE] Completed snapshot #230 | Final entity count: 5 | Player 55 in snapshot: true | All entity IDs: [15, 42, 52, 54, 55]
[DESERIALIZE] Starting snapshot #240 | Timestamp: 14.906 | Entity count: 5 | Player ID: 55 | Has baseline: true | Baseline seq: 238
[DESERIALIZE] Completed snapshot #240 | Final entity count: 5 | Player 55 in snapshot: true | All entity IDs: [15, 42, 52, 54, 55]
[DESERIALIZE] Starting snapshot #250 | Timestamp: 15.468 | Entity count: 6 | Player ID: 55 | Has baseline: true | Baseline seq: 249
[DESERIALIZE] Completed snapshot #250 | Final entity count: 6 | Player 55 in snapshot: true | All entity IDs: [15, 42, 52, 53, 54, 55]
[DESERIALIZE] Starting snapshot #260 | Timestamp: 15.937 | Entity count: 6 | Player ID: 55 | Has baseline: true | Baseline seq: 258
[DESERIALIZE] Completed snapshot #260 | Final entity count: 6 | Player 55 in snapshot: true | All entity IDs: [15, 42, 52, 53, 54, 55]
[DESERIALIZE] Starting snapshot #270 | Timestamp: 16.406 | Entity count: 6 | Player ID: 55 | Has baseline: true | Baseline seq: 268
[DESERIALIZE] Completed snapshot #270 | Final entity count: 6 | Player 55 in snapshot: true | All entity IDs: [15, 42, 52, 53, 54, 55]
[DESERIALIZE] Starting snapshot #280 | Timestamp: 16.968 | Entity count: 6 | Player ID: 55 | Has baseline: true | Baseline seq: 279
[DESERIALIZE] Completed snapshot #280 | Final entity count: 6 | Player 55 in snapshot: true | All entity IDs: [15, 42, 52, 53, 54, 55]
[DESERIALIZE] Starting snapshot #290 | Timestamp: 17.437 | Entity count: 6 | Player ID: 55 | Has baseline: true | Baseline seq: 289
[DESERIALIZE] Completed snapshot #290 | Final entity count: 6 | Player 55 in snapshot: true | All entity IDs: [15, 42, 52, 53, 54, 55]
[DESERIALIZE] Starting snapshot #300 | Timestamp: 17.906 | Entity count: 6 | Player ID: 55 | Has baseline: true | Baseline seq: 298
[DESERIALIZE] Completed snapshot #300 | Final entity count: 6 | Player 55 in snapshot: true | All entity IDs: [15, 42, 52, 53, 54, 55]
[CLIENT] Received snapshot #300 | Snapshot timestamp: 17.906 | Current client time: 15.038 | Interpolator render_time: 17.7450704666665 | Interpolator latest_server_time: 17.906 | Entities: 6 | Player in snapshot: true | Player ID: 55 | Data size: 57 bytes
[INTERPOLATOR] Buffer full, removing old snapshot seq 280
[INTERPOLATOR] Buffer state: 20 snapshots | Render time: 17.7450704666665 | Latest server time: 17.906 | Delay: 160.929533333487 ms
[DESERIALIZE] Starting snapshot #310 | Timestamp: 18.468 | Entity count: 7 | Player ID: 55 | Has baseline: true | Baseline seq: 309
[DESERIALIZE] Completed snapshot #310 | Final entity count: 7 | Player 55 in snapshot: true | All entity IDs: [15, 42, 51, 52, 53, 54, 55]
[INTERPOLATOR] Entity 42 disappeared (in from_snapshot seq 311 but not in to_snapshot seq 312)
[INTERPOLATOR] Entity 42 disappeared (in from_snapshot seq 311 but not in to_snapshot seq 312)
[INTERPOLATOR] Entity 42 disappeared (in from_snapshot seq 311 but not in to_snapshot seq 312)
[INTERPOLATOR] Entity 42 disappeared (in from_snapshot seq 311 but not in to_snapshot seq 312)
[INTERPOLATOR] Entity 42 disappeared (in from_snapshot seq 311 but not in to_snapshot seq 312)
[INTERPOLATOR] Entity 42 disappeared (in from_snapshot seq 311 but not in to_snapshot seq 312)
[INTERPOLATOR] Entity 42 disappeared (in from_snapshot seq 311 but not in to_snapshot seq 312)
[INTERPOLATOR] Entity 42 disappeared (in from_snapshot seq 311 but not in to_snapshot seq 312)
[INTERPOLATOR] Entity 42 disappeared (in from_snapshot seq 311 but not in to_snapshot seq 312)
[INTERPOLATOR] Entity 42 disappeared (in from_snapshot seq 311 but not in to_snapshot seq 312)
[INTERPOLATOR] Entity 42 disappeared (in from_snapshot seq 311 but not in to_snapshot seq 312)
[INTERPOLATOR] Entity 42 disappeared (in from_snapshot seq 311 but not in to_snapshot seq 312)
[INTERPOLATOR] Entity 42 disappeared (in from_snapshot seq 311 but not in to_snapshot seq 312)
[INTERPOLATOR] Entity 42 disappeared (in from_snapshot seq 311 but not in to_snapshot seq 312)
[DESERIALIZE] Starting snapshot #320 | Timestamp: 18.937 | Entity count: 6 | Player ID: 55 | Has baseline: true | Baseline seq: 318
[DESERIALIZE] Completed snapshot #320 | Final entity count: 6 | Player 55 in snapshot: true | All entity IDs: [15, 51, 52, 53, 54, 55]
[INTERPOLATOR] Entity 52 disappeared (in from_snapshot seq 326 but not in to_snapshot seq 327)
[INTERPOLATOR] Entity 52 disappeared (in from_snapshot seq 326 but not in to_snapshot seq 327)
[INTERPOLATOR] Entity 52 disappeared (in from_snapshot seq 326 but not in to_snapshot seq 327)
[INTERPOLATOR] Entity 52 disappeared (in from_snapshot seq 326 but not in to_snapshot seq 327)
[INTERPOLATOR] Entity 52 disappeared (in from_snapshot seq 326 but not in to_snapshot seq 327)
[DESERIALIZE] Starting snapshot #330 | Timestamp: 19.406 | Entity count: 5 | Player ID: 55 | Has baseline: true | Baseline seq: 328
[DESERIALIZE] Completed snapshot #330 | Final entity count: 5 | Player 55 in snapshot: true | All entity IDs: [15, 51, 53, 54, 55]
[INTERPOLATOR] Entity 52 disappeared (in from_snapshot seq 326 but not in to_snapshot seq 327)
[INTERPOLATOR] Entity 52 disappeared (in from_snapshot seq 326 but not in to_snapshot seq 327)
[INTERPOLATOR] Entity 52 disappeared (in from_snapshot seq 326 but not in to_snapshot seq 327)
[INTERPOLATOR] Entity 52 disappeared (in from_snapshot seq 326 but not in to_snapshot seq 327)
[INTERPOLATOR] Entity 52 disappeared (in from_snapshot seq 326 but not in to_snapshot seq 327)
[INTERPOLATOR] Entity 52 disappeared (in from_snapshot seq 326 but not in to_snapshot seq 327)
[INTERPOLATOR] Entity 52 disappeared (in from_snapshot seq 326 but not in to_snapshot seq 327)
[INTERPOLATOR] Entity 52 disappeared (in from_snapshot seq 326 but not in to_snapshot seq 327)
[INTERPOLATOR] Entity 52 disappeared (in from_snapshot seq 326 but not in to_snapshot seq 327)
[DESERIALIZE] Starting snapshot #340 | Timestamp: 19.968 | Entity count: 5 | Player ID: 55 | Has baseline: true | Baseline seq: 339
[DESERIALIZE] Completed snapshot #340 | Final entity count: 5 | Player 55 in snapshot: true | All entity IDs: [15, 51, 53, 54, 55]
[DESERIALIZE] Starting snapshot #350 | Timestamp: 20.437 | Entity count: 5 | Player ID: 55 | Has baseline: true | Baseline seq: 348
[DESERIALIZE] Completed snapshot #350 | Final entity count: 5 | Player 55 in snapshot: true | All entity IDs: [15, 51, 53, 54, 55]
[INTERPOLATOR] Entity 53 disappeared (in from_snapshot seq 352 but not in to_snapshot seq 353)
[INTERPOLATOR] Entity 53 disappeared (in from_snapshot seq 352 but not in to_snapshot seq 353)
[INTERPOLATOR] Entity 53 disappeared (in from_snapshot seq 352 but not in to_snapshot seq 353)
[INTERPOLATOR] Entity 53 disappeared (in from_snapshot seq 352 but not in to_snapshot seq 353)
[INTERPOLATOR] Entity 53 disappeared (in from_snapshot seq 352 but not in to_snapshot seq 353)
[INTERPOLATOR] Entity 53 disappeared (in from_snapshot seq 352 but not in to_snapshot seq 353)
[INTERPOLATOR] Entity 53 disappeared (in from_snapshot seq 352 but not in to_snapshot seq 353)
[INTERPOLATOR] Entity 53 disappeared (in from_snapshot seq 352 but not in to_snapshot seq 353)
[INTERPOLATOR] Entity 53 disappeared (in from_snapshot seq 352 but not in to_snapshot seq 353)
[INTERPOLATOR] Entity 53 disappeared (in from_snapshot seq 352 but not in to_snapshot seq 353)
[INTERPOLATOR] Entity 53 disappeared (in from_snapshot seq 352 but not in to_snapshot seq 353)
[INTERPOLATOR] Entity 53 disappeared (in from_snapshot seq 352 but not in to_snapshot seq 353)
[INTERPOLATOR] Entity 53 disappeared (in from_snapshot seq 352 but not in to_snapshot seq 353)
[DESERIALIZE] Starting snapshot #360 | Timestamp: 20.906 | Entity count: 5 | Player ID: 55 | Has baseline: true | Baseline seq: 358
[DESERIALIZE] Completed snapshot #360 | Final entity count: 5 | Player 55 in snapshot: true | All entity IDs: [15, 51, 52, 54, 55]
[DESERIALIZE] Starting snapshot #370 | Timestamp: 21.468 | Entity count: 5 | Player ID: 55 | Has baseline: true | Baseline seq: 369
[DESERIALIZE] Completed snapshot #370 | Final entity count: 5 | Player 55 in snapshot: true | All entity IDs: [15, 51, 52, 54, 55]
[INTERPOLATOR] Entity 54 disappeared (in from_snapshot seq 375 but not in to_snapshot seq 376)
[INTERPOLATOR] Entity 54 disappeared (in from_snapshot seq 375 but not in to_snapshot seq 376)
[INTERPOLATOR] Entity 54 disappeared (in from_snapshot seq 375 but not in to_snapshot seq 376)
[INTERPOLATOR] Entity 54 disappeared (in from_snapshot seq 375 but not in to_snapshot seq 376)
[INTERPOLATOR] Entity 54 disappeared (in from_snapshot seq 375 but not in to_snapshot seq 376)
[INTERPOLATOR] Entity 54 disappeared (in from_snapshot seq 375 but not in to_snapshot seq 376)
[INTERPOLATOR] Entity 54 disappeared (in from_snapshot seq 375 but not in to_snapshot seq 376)
[INTERPOLATOR] Entity 54 disappeared (in from_snapshot seq 375 but not in to_snapshot seq 376)
[INTERPOLATOR] Entity 54 disappeared (in from_snapshot seq 375 but not in to_snapshot seq 376)
[INTERPOLATOR] Entity 54 disappeared (in from_snapshot seq 375 but not in to_snapshot seq 376)
[INTERPOLATOR] Entity 54 disappeared (in from_snapshot seq 375 but not in to_snapshot seq 376)
[INTERPOLATOR] Entity 54 disappeared (in from_snapshot seq 375 but not in to_snapshot seq 376)
[INTERPOLATOR] Entity 54 disappeared (in from_snapshot seq 375 but not in to_snapshot seq 376)
[DESERIALIZE] Starting snapshot #380 | Timestamp: 21.937 | Entity count: 4 | Player ID: 55 | Has baseline: true | Baseline seq: 378
[DESERIALIZE] Completed snapshot #380 | Final entity count: 4 | Player 55 in snapshot: true | All entity IDs: [15, 51, 52, 55]
[DESERIALIZE] Starting snapshot #390 | Timestamp: 22.406 | Entity count: 4 | Player ID: 55 | Has baseline: true | Baseline seq: 389
[DESERIALIZE] Completed snapshot #390 | Final entity count: 4 | Player 55 in snapshot: true | All entity IDs: [15, 51, 52, 55]
[INTERPOLATOR] Entity 51 disappeared (in from_snapshot seq 391 but not in to_snapshot seq 392)
[INTERPOLATOR] Entity 51 disappeared (in from_snapshot seq 391 but not in to_snapshot seq 392)
[INTERPOLATOR] Entity 51 disappeared (in from_snapshot seq 391 but not in to_snapshot seq 392)
[INTERPOLATOR] Entity 51 disappeared (in from_snapshot seq 391 but not in to_snapshot seq 392)
[INTERPOLATOR] Entity 51 disappeared (in from_snapshot seq 391 but not in to_snapshot seq 392)
[INTERPOLATOR] Entity 51 disappeared (in from_snapshot seq 391 but not in to_snapshot seq 392)
[INTERPOLATOR] Entity 51 disappeared (in from_snapshot seq 391 but not in to_snapshot seq 392)
[INTERPOLATOR] Entity 51 disappeared (in from_snapshot seq 391 but not in to_snapshot seq 392)
[INTERPOLATOR] Entity 51 disappeared (in from_snapshot seq 391 but not in to_snapshot seq 392)
[INTERPOLATOR] Entity 51 disappeared (in from_snapshot seq 391 but not in to_snapshot seq 392)
[INTERPOLATOR] Entity 51 disappeared (in from_snapshot seq 391 but not in to_snapshot seq 392)
[INTERPOLATOR] Entity 51 disappeared (in from_snapshot seq 391 but not in to_snapshot seq 392)
[INTERPOLATOR] Entity 51 disappeared (in from_snapshot seq 391 but not in to_snapshot seq 392)
[INTERPOLATOR] Entity 51 disappeared (in from_snapshot seq 391 but not in to_snapshot seq 392)
