Godot Engine v4.5.1.stable.official.f62fdbde1 - https://godotengine.org
Metal 3.2 - Forward+ - Using Device #0: Apple - Apple M2 Pro (Apple8)

[SERVER] Creating world walls...
[SERVER] Walls created successfully
Server started on port 7777
Tick rate: 32 Hz
Snapshot rate: 10 Hz
ENet compression: FASTLZ enabled
[SERVER] Spawned entity 1 at (271.3442, 463.573) | Peer: NPC
[SERVER] Spawned entity 2 at (7.805012, -147.9354) | Peer: NPC
[SERVER] Spawned entity 3 at (-402.9525, -431.8784) | Peer: NPC
[SERVER] Spawned entity 4 at (-393.0916, -398.9821) | Peer: NPC
[SERVER] Spawned entity 5 at (154.2886, 202.5366) | Peer: NPC
[SERVER] Spawned entity 6 at (-322.5499, -209.4816) | Peer: NPC
[SERVER] Spawned entity 7 at (-376.6168, 338.5765) | Peer: NPC
[SERVER] Spawned entity 8 at (-46.24943, 486.0026) | Peer: NPC
[SERVER] Spawned entity 9 at (-138.7166, -273.9508) | Peer: NPC
[SERVER] Spawned entity 10 at (-395.3986, -179.231) | Peer: NPC
[SERVER] Spawned entity 11 at (-424.8448, -72.65852) | Peer: NPC
[SERVER] Spawned entity 12 at (-134.8398, 425.9431) | Peer: NPC
[SERVER] Spawned entity 13 at (-29.55478, 176.9104) | Peer: NPC
[SERVER] Spawned entity 14 at (-101.7704, -187.156) | Peer: NPC
[SERVER] Spawned entity 15 at (416.399, 157.9209) | Peer: NPC
[SERVER] Spawned entity 16 at (365.4504, -226.5485) | Peer: NPC
[SERVER] Spawned entity 17 at (-310.8239, 458.859) | Peer: NPC
[SERVER] Spawned entity 18 at (-313.0883, -382.3259) | Peer: NPC
[SERVER] Spawned entity 19 at (114.5541, 111.0623) | Peer: NPC
[SERVER] Spawned entity 20 at (-372.4404, -276.1831) | Peer: NPC
[SERVER] Spawned entity 21 at (22.86375, -97.55727) | Peer: NPC
[SERVER] Spawned entity 22 at (-133.6737, 350.557) | Peer: NPC
[SERVER] Spawned entity 23 at (100.2298, -83.57862) | Peer: NPC
[SERVER] Spawned entity 24 at (157.7188, 272.3333) | Peer: NPC
[SERVER] Spawned entity 25 at (-48.16737, -177.0894) | Peer: NPC
[SERVER] Spawned entity 26 at (-408.3266, -175.0394) | Peer: NPC
[SERVER] Spawned entity 27 at (-121.2473, -252.9208) | Peer: NPC
[SERVER] Spawned entity 28 at (-137.478, -190.7049) | Peer: NPC
[SERVER] Spawned entity 29 at (66.15441, -258.9561) | Peer: NPC
[SERVER] Spawned entity 30 at (47.22436, 242.1178) | Peer: NPC
[SERVER] Spawned entity 31 at (-287.5447, -115.2792) | Peer: NPC
[SERVER] Spawned entity 32 at (431.8914, -69.30935) | Peer: NPC
[SERVER] Spawned entity 33 at (160.9605, 58.87745) | Peer: NPC
[SERVER] Spawned entity 34 at (-340.3418, 152.2453) | Peer: NPC
[SERVER] Spawned entity 35 at (328.2719, 418.9902) | Peer: NPC
[SERVER] Spawned entity 36 at (-46.71729, -359.6992) | Peer: NPC
[SERVER] Spawned entity 37 at (291.2728, 486.8177) | Peer: NPC
[SERVER] Spawned entity 38 at (236.0078, -0.306041) | Peer: NPC
[SERVER] Spawned entity 39 at (466.6097, 390.963) | Peer: NPC
[SERVER] Spawned entity 40 at (424.8889, -476.4378) | Peer: NPC
[SERVER] Spawned entity 41 at (-110.859, -16.48643) | Peer: NPC
[SERVER] Spawned entity 42 at (-440.0453, -385.7478) | Peer: NPC
[SERVER] Spawned entity 43 at (-340.6931, -56.6126) | Peer: NPC
[SERVER] Spawned entity 44 at (-54.10376, -174.6972) | Peer: NPC
[SERVER] Spawned entity 45 at (-384.0764, -139.3224) | Peer: NPC
[SERVER] Spawned entity 46 at (-21.9858, 331.9877) | Peer: NPC
[SERVER] Spawned entity 47 at (378.111, 437.8402) | Peer: NPC
[SERVER] Spawned entity 48 at (253.922, -321.5117) | Peer: NPC
[SERVER] Spawned entity 49 at (261.373, 375.8261) | Peer: NPC
[SERVER] Spawned entity 50 at (455.7945, -361.9333) | Peer: NPC
[SERVER] Creating moving obstacles...
[SERVER] Created moving obstacle 51 from (-300.0, 0.0) to (300.0, 0.0)
[SERVER] Created moving obstacle 52 from (0.0, -300.0) to (0.0, 300.0)
[SERVER] Created moving obstacle 53 from (-200.0, -200.0) to (200.0, 200.0)
[SERVER] Created moving obstacle 54 from (150.0, -100.0) to (-150.0, 100.0)
[SERVER] Moving obstacles created
=== SERVER MODE ===
Peer connected: 1302477284
[SERVER] Spawned entity 55 at (99.30693, -52.70586) | Peer: 1302477284
[SERVER] DEBUG: About to add 11 entities to snapshot #10 | Player at [0]: true | Interest list: [55, 25, 44, 52, 2, 21, 23, 54, 19, 33, 38]
[SERVER] DEBUG: Snapshot #10 created with 11 entities including player 55 | All entities: [55, 25, 44, 52, 2, 21, 23, 54, 19, 33, 38]
[SERIALIZE] Snapshot #10 | Player ID: 55 | Player in entity_ids: true | Entity count: 11 | All IDs (sorted): [2, 19, 21, 23, 25, 33, 38, 44, 52, 54, 55]
[SERIALIZE] WARNING: Player 55 unchanged from baseline in snapshot #10 - copying from baseline
[SERVER] DEBUG: About to add 11 entities to snapshot #20 | Player at [0]: true | Interest list: [55, 25, 44, 52, 2, 21, 23, 54, 19, 33, 38]
[SERVER] DEBUG: Snapshot #20 created with 11 entities including player 55 | All entities: [55, 25, 44, 52, 2, 21, 23, 54, 19, 33, 38]
[SERIALIZE] Snapshot #20 | Player ID: 55 | Player in entity_ids: true | Entity count: 11 | All IDs (sorted): [2, 19, 21, 23, 25, 33, 38, 44, 52, 54, 55]
[SERIALIZE] WARNING: Player 55 unchanged from baseline in snapshot #20 - copying from baseline
[SERVER] DEBUG: About to add 11 entities to snapshot #30 | Player at [0]: true | Interest list: [55, 25, 44, 52, 2, 21, 23, 54, 19, 33, 38]
[SERVER] DEBUG: Snapshot #30 created with 11 entities including player 55 | All entities: [55, 25, 44, 52, 2, 21, 23, 54, 19, 33, 38]
[SERIALIZE] Snapshot #30 | Player ID: 55 | Player in entity_ids: true | Entity count: 11 | All IDs (sorted): [2, 19, 21, 23, 25, 33, 38, 44, 52, 54, 55]
[SERIALIZE] WARNING: Player 55 unchanged from baseline in snapshot #30 - copying from baseline
[SERVER] DEBUG: About to add 11 entities to snapshot #40 | Player at [0]: true | Interest list: [55, 25, 44, 52, 21, 2, 23, 54, 19, 33, 38]
[SERVER] DEBUG: Snapshot #40 created with 11 entities including player 55 | All entities: [55, 25, 44, 52, 21, 2, 23, 54, 19, 33, 38]
[SERIALIZE] Snapshot #40 | Player ID: 55 | Player in entity_ids: true | Entity count: 11 | All IDs (sorted): [2, 19, 21, 23, 25, 33, 38, 44, 52, 54, 55]
[SERIALIZE] WARNING: Player 55 unchanged from baseline in snapshot #40 - copying from baseline
[SERVER] DEBUG: About to add 11 entities to snapshot #50 | Player at [0]: true | Interest list: [55, 25, 44, 52, 21, 2, 23, 54, 19, 33, 38]
[SERVER] DEBUG: Snapshot #50 created with 11 entities including player 55 | All entities: [55, 25, 44, 52, 21, 2, 23, 54, 19, 33, 38]
[SERIALIZE] Snapshot #50 | Player ID: 55 | Player in entity_ids: true | Entity count: 11 | All IDs (sorted): [2, 19, 21, 23, 25, 33, 38, 44, 52, 54, 55]
[SERIALIZE] WARNING: Player 55 unchanged from baseline in snapshot #50 - copying from baseline
Peer connected: 1439323258
[SERVER] Spawned entity 56 at (60.6982, -76.79032) | Peer: 1439323258
[SERVER] DEBUG: About to add 14 entities to snapshot #10 | Player at [0]: true | Interest list: [56, 27, 28, 14, 41, 25, 44, 52, 21, 2, 23, 54, 55, 33]
[SERVER] DEBUG: Snapshot #10 created with 14 entities including player 56 | All entities: [56, 27, 28, 14, 41, 25, 44, 52, 21, 2, 23, 54, 55, 33]
[SERIALIZE] Snapshot #10 | Player ID: 56 | Player in entity_ids: true | Entity count: 14 | All IDs (sorted): [2, 14, 21, 23, 25, 27, 28, 33, 41, 44, 52, 54, 55, 56]
[SERIALIZE] WARNING: Player 56 unchanged from baseline in snapshot #10 - copying from baseline
[SERVER] DEBUG: About to add 12 entities to snapshot #60 | Player at [0]: true | Interest list: [55, 25, 44, 52, 21, 2, 23, 56, 54, 19, 33, 38]
[SERVER] DEBUG: Snapshot #60 created with 12 entities including player 55 | All entities: [55, 25, 44, 52, 21, 2, 23, 56, 54, 19, 33, 38]
[SERIALIZE] Snapshot #60 | Player ID: 55 | Player in entity_ids: true | Entity count: 12 | All IDs (sorted): [2, 19, 21, 23, 25, 33, 38, 44, 52, 54, 55, 56]
[SERIALIZE] WARNING: Player 55 unchanged from baseline in snapshot #60 - copying from baseline
[SERVER] DEBUG: About to add 15 entities to snapshot #20 | Player at [0]: true | Interest list: [56, 27, 28, 14, 41, 51, 25, 44, 52, 21, 2, 23, 54, 55, 33]
[SERVER] DEBUG: Snapshot #20 created with 15 entities including player 56 | All entities: [56, 27, 28, 14, 41, 51, 25, 44, 52, 21, 2, 23, 54, 55, 33]
[SERIALIZE] Snapshot #20 | Player ID: 56 | Player in entity_ids: true | Entity count: 15 | All IDs (sorted): [2, 14, 21, 23, 25, 27, 28, 33, 41, 44, 51, 52, 54, 55, 56]
[SERVER] DEBUG: About to add 12 entities to snapshot #70 | Player at [0]: true | Interest list: [55, 25, 44, 52, 21, 2, 23, 56, 54, 19, 33, 38]
[SERVER] DEBUG: Snapshot #70 created with 12 entities including player 55 | All entities: [55, 25, 44, 52, 21, 2, 23, 56, 54, 19, 33, 38]
[SERIALIZE] Snapshot #70 | Player ID: 55 | Player in entity_ids: true | Entity count: 12 | All IDs (sorted): [2, 19, 21, 23, 25, 33, 38, 44, 52, 54, 55, 56]
[SERIALIZE] WARNING: Player 55 unchanged from baseline in snapshot #70 - copying from baseline
[SERVER] DEBUG: About to add 15 entities to snapshot #30 | Player at [0]: true | Interest list: [56, 27, 14, 28, 41, 51, 25, 44, 52, 21, 2, 23, 54, 55, 33]
[SERVER] DEBUG: Snapshot #30 created with 15 entities including player 56 | All entities: [56, 27, 14, 28, 41, 51, 25, 44, 52, 21, 2, 23, 54, 55, 33]
[SERIALIZE] Snapshot #30 | Player ID: 56 | Player in entity_ids: true | Entity count: 15 | All IDs (sorted): [2, 14, 21, 23, 25, 27, 28, 33, 41, 44, 51, 52, 54, 55, 56]
[SERVER] DEBUG: About to add 12 entities to snapshot #80 | Player at [0]: true | Interest list: [55, 25, 44, 52, 21, 2, 23, 56, 54, 19, 33, 38]
[SERVER] DEBUG: Snapshot #80 created with 12 entities including player 55 | All entities: [55, 25, 44, 52, 21, 2, 23, 56, 54, 19, 33, 38]
[SERIALIZE] Snapshot #80 | Player ID: 55 | Player in entity_ids: true | Entity count: 12 | All IDs (sorted): [2, 19, 21, 23, 25, 33, 38, 44, 52, 54, 55, 56]
[SERIALIZE] WARNING: Player 55 unchanged from baseline in snapshot #80 - copying from baseline
[SERVER] Player entity 56 (peer 1439323258) moved from chunk (0, -2) to (0, -1) | Position: (49.05908, -63.27543)
[SERVER] DEBUG: About to add 16 entities to snapshot #40 | Player at [0]: true | Interest list: [56, 14, 28, 53, 41, 51, 25, 44, 52, 21, 2, 23, 54, 55, 19, 33]
[SERVER] DEBUG: Snapshot #40 created with 16 entities including player 56 | All entities: [56, 14, 28, 53, 41, 51, 25, 44, 52, 21, 2, 23, 54, 55, 19, 33]
[SERIALIZE] Snapshot #40 | Player ID: 56 | Player in entity_ids: true | Entity count: 16 | All IDs (sorted): [2, 14, 19, 21, 23, 25, 28, 33, 41, 44, 51, 52, 53, 54, 55, 56]
[SERIALIZE] WARNING: Player 56 unchanged from baseline in snapshot #40 - copying from baseline
[SERVER] DEBUG: About to add 12 entities to snapshot #90 | Player at [0]: true | Interest list: [55, 25, 44, 52, 21, 2, 23, 56, 54, 19, 33, 38]
[SERVER] DEBUG: Snapshot #90 created with 12 entities including player 55 | All entities: [55, 25, 44, 52, 21, 2, 23, 56, 54, 19, 33, 38]
[SERIALIZE] Snapshot #90 | Player ID: 55 | Player in entity_ids: true | Entity count: 12 | All IDs (sorted): [2, 19, 21, 23, 25, 33, 38, 44, 52, 54, 55, 56]
[SERIALIZE] WARNING: Player 55 unchanged from baseline in snapshot #90 - copying from baseline
[SERVER] DEBUG: About to add 16 entities to snapshot #50 | Player at [0]: true | Interest list: [56, 14, 28, 53, 51, 25, 44, 52, 41, 21, 2, 23, 54, 55, 19, 33]
[SERVER] DEBUG: Snapshot #50 created with 16 entities including player 56 | All entities: [56, 14, 28, 53, 51, 25, 44, 52, 41, 21, 2, 23, 54, 55, 19, 33]
[SERIALIZE] Snapshot #50 | Player ID: 56 | Player in entity_ids: true | Entity count: 16 | All IDs (sorted): [2, 14, 19, 21, 23, 25, 28, 33, 41, 44, 51, 52, 53, 54, 55, 56]
[SERIALIZE] WARNING: Player 56 unchanged from baseline in snapshot #50 - copying from baseline
[SERVER] Snapshot #100 | Tick: 219 | Timestamp: 6.84375 | Player ID: 55 | Player pos: (99.30693, -50.51989) | Player chunk: (1, -1)
[SERVER] DEBUG: About to add 13 entities to snapshot #100 | Player at [0]: true | Interest list: [55, 25, 44, 52, 41, 21, 2, 23, 56, 54, 19, 33, 38]
[SERVER] DEBUG: Snapshot #100 created with 13 entities including player 55 | All entities: [55, 25, 44, 52, 41, 21, 2, 23, 56, 54, 19, 33, 38]
[SERIALIZE] Snapshot #100 | Player ID: 55 | Player in entity_ids: true | Entity count: 13 | All IDs (sorted): [2, 19, 21, 23, 25, 33, 38, 41, 44, 52, 54, 55, 56]
[SERIALIZE] WARNING: Player 55 unchanged from baseline in snapshot #100 - copying from baseline
Snapshot #100 to peer 1302477284: 13 entities, 45 bytes (uncompressed: ~650 bytes)
[SERVER] DEBUG: About to add 16 entities to snapshot #60 | Player at [0]: true | Interest list: [56, 14, 28, 53, 51, 25, 44, 52, 41, 21, 2, 23, 54, 55, 19, 33]
[SERVER] DEBUG: Snapshot #60 created with 16 entities including player 56 | All entities: [56, 14, 28, 53, 51, 25, 44, 52, 41, 21, 2, 23, 54, 55, 19, 33]
[SERIALIZE] Snapshot #60 | Player ID: 56 | Player in entity_ids: true | Entity count: 16 | All IDs (sorted): [2, 14, 19, 21, 23, 25, 28, 33, 41, 44, 51, 52, 53, 54, 55, 56]
[SERIALIZE] WARNING: Player 56 unchanged from baseline in snapshot #60 - copying from baseline
[SERVER] DEBUG: About to add 13 entities to snapshot #110 | Player at [0]: true | Interest list: [55, 25, 44, 52, 41, 21, 2, 23, 56, 54, 19, 33, 38]
[SERVER] DEBUG: Snapshot #110 created with 13 entities including player 55 | All entities: [55, 25, 44, 52, 41, 21, 2, 23, 56, 54, 19, 33, 38]
[SERIALIZE] Snapshot #110 | Player ID: 55 | Player in entity_ids: true | Entity count: 13 | All IDs (sorted): [2, 19, 21, 23, 25, 33, 38, 41, 44, 52, 54, 55, 56]
[SERIALIZE] WARNING: Player 55 unchanged from baseline in snapshot #110 - copying from baseline
[SERVER] DEBUG: About to add 16 entities to snapshot #70 | Player at [0]: true | Interest list: [56, 14, 28, 53, 51, 25, 44, 52, 41, 21, 2, 23, 54, 55, 19, 33]
[SERVER] DEBUG: Snapshot #70 created with 16 entities including player 56 | All entities: [56, 14, 28, 53, 51, 25, 44, 52, 41, 21, 2, 23, 54, 55, 19, 33]
[SERIALIZE] Snapshot #70 | Player ID: 56 | Player in entity_ids: true | Entity count: 16 | All IDs (sorted): [2, 14, 19, 21, 23, 25, 28, 33, 41, 44, 51, 52, 53, 54, 55, 56]
[SERIALIZE] WARNING: Player 56 unchanged from baseline in snapshot #70 - copying from baseline
[SERVER] DEBUG: About to add 13 entities to snapshot #120 | Player at [0]: true | Interest list: [55, 25, 44, 52, 41, 21, 2, 23, 56, 54, 19, 33, 38]
[SERVER] DEBUG: Snapshot #120 created with 13 entities including player 55 | All entities: [55, 25, 44, 52, 41, 21, 2, 23, 56, 54, 19, 33, 38]
[SERIALIZE] Snapshot #120 | Player ID: 55 | Player in entity_ids: true | Entity count: 13 | All IDs (sorted): [2, 19, 21, 23, 25, 33, 38, 41, 44, 52, 54, 55, 56]
[SERIALIZE] WARNING: Player 55 unchanged from baseline in snapshot #120 - copying from baseline
[SERVER] DEBUG: About to add 16 entities to snapshot #80 | Player at [0]: true | Interest list: [56, 14, 28, 51, 25, 44, 52, 41, 53, 21, 2, 23, 54, 55, 19, 33]
[SERVER] DEBUG: Snapshot #80 created with 16 entities including player 56 | All entities: [56, 14, 28, 51, 25, 44, 52, 41, 53, 21, 2, 23, 54, 55, 19, 33]
[SERIALIZE] Snapshot #80 | Player ID: 56 | Player in entity_ids: true | Entity count: 16 | All IDs (sorted): [2, 14, 19, 21, 23, 25, 28, 33, 41, 44, 51, 52, 53, 54, 55, 56]
[SERIALIZE] WARNING: Player 56 unchanged from baseline in snapshot #80 - copying from baseline
[SERVER] DEBUG: About to add 14 entities to snapshot #130 | Player at [0]: true | Interest list: [55, 25, 44, 52, 41, 53, 21, 2, 23, 56, 54, 19, 33, 38]
[SERVER] DEBUG: Snapshot #130 created with 14 entities including player 55 | All entities: [55, 25, 44, 52, 41, 53, 21, 2, 23, 56, 54, 19, 33, 38]
[SERIALIZE] Snapshot #130 | Player ID: 55 | Player in entity_ids: true | Entity count: 14 | All IDs (sorted): [2, 19, 21, 23, 25, 33, 38, 41, 44, 52, 53, 54, 55, 56]
[SERIALIZE] WARNING: Player 55 unchanged from baseline in snapshot #130 - copying from baseline
[SERVER] DEBUG: About to add 16 entities to snapshot #90 | Player at [0]: true | Interest list: [56, 14, 28, 51, 25, 44, 52, 41, 53, 21, 2, 23, 54, 55, 19, 33]
[SERVER] DEBUG: Snapshot #90 created with 16 entities including player 56 | All entities: [56, 14, 28, 51, 25, 44, 52, 41, 53, 21, 2, 23, 54, 55, 19, 33]
[SERIALIZE] Snapshot #90 | Player ID: 56 | Player in entity_ids: true | Entity count: 16 | All IDs (sorted): [2, 14, 19, 21, 23, 25, 28, 33, 41, 44, 51, 52, 53, 54, 55, 56]
[SERIALIZE] WARNING: Player 56 unchanged from baseline in snapshot #90 - copying from baseline
[SERVER] DEBUG: About to add 14 entities to snapshot #140 | Player at [0]: true | Interest list: [55, 25, 44, 52, 41, 53, 21, 2, 23, 56, 54, 19, 33, 38]
[SERVER] DEBUG: Snapshot #140 created with 14 entities including player 55 | All entities: [55, 25, 44, 52, 41, 53, 21, 2, 23, 56, 54, 19, 33, 38]
[SERIALIZE] Snapshot #140 | Player ID: 55 | Player in entity_ids: true | Entity count: 14 | All IDs (sorted): [2, 19, 21, 23, 25, 33, 38, 41, 44, 52, 53, 54, 55, 56]
[SERIALIZE] WARNING: Player 55 unchanged from baseline in snapshot #140 - copying from baseline
[SERVER] Snapshot #100 | Tick: 297 | Timestamp: 9.28125 | Player ID: 56 | Player pos: (32.9929, -47.20926) | Player chunk: (0, -1)
[SERVER] DEBUG: About to add 16 entities to snapshot #100 | Player at [0]: true | Interest list: [56, 14, 28, 51, 25, 44, 52, 41, 53, 21, 2, 23, 54, 55, 19, 33]
[SERVER] DEBUG: Snapshot #100 created with 16 entities including player 56 | All entities: [56, 14, 28, 51, 25, 44, 52, 41, 53, 21, 2, 23, 54, 55, 19, 33]
[SERIALIZE] Snapshot #100 | Player ID: 56 | Player in entity_ids: true | Entity count: 16 | All IDs (sorted): [2, 14, 19, 21, 23, 25, 28, 33, 41, 44, 51, 52, 53, 54, 55, 56]
[SERIALIZE] WARNING: Player 56 unchanged from baseline in snapshot #100 - copying from baseline
Snapshot #100 to peer 1439323258: 16 entities, 56 bytes (uncompressed: ~800 bytes)
[SERVER] DEBUG: About to add 14 entities to snapshot #150 | Player at [0]: true | Interest list: [55, 25, 44, 52, 41, 53, 21, 2, 23, 56, 54, 19, 33, 38]
[SERVER] DEBUG: Snapshot #150 created with 14 entities including player 55 | All entities: [55, 25, 44, 52, 41, 53, 21, 2, 23, 56, 54, 19, 33, 38]
[SERIALIZE] Snapshot #150 | Player ID: 55 | Player in entity_ids: true | Entity count: 14 | All IDs (sorted): [2, 19, 21, 23, 25, 33, 38, 41, 44, 52, 53, 54, 55, 56]
[SERIALIZE] WARNING: Player 55 unchanged from baseline in snapshot #150 - copying from baseline
[SERVER] DEBUG: About to add 16 entities to snapshot #110 | Player at [0]: true | Interest list: [56, 14, 28, 51, 25, 44, 52, 41, 53, 21, 2, 23, 54, 55, 19, 33]
[SERVER] DEBUG: Snapshot #110 created with 16 entities including player 56 | All entities: [56, 14, 28, 51, 25, 44, 52, 41, 53, 21, 2, 23, 54, 55, 19, 33]
[SERIALIZE] Snapshot #110 | Player ID: 56 | Player in entity_ids: true | Entity count: 16 | All IDs (sorted): [2, 14, 19, 21, 23, 25, 28, 33, 41, 44, 51, 52, 53, 54, 55, 56]
[SERIALIZE] WARNING: Player 56 unchanged from baseline in snapshot #110 - copying from baseline
[SERVER] DEBUG: About to add 14 entities to snapshot #160 | Player at [0]: true | Interest list: [55, 25, 44, 52, 41, 53, 21, 2, 23, 56, 54, 19, 33, 38]
[SERVER] DEBUG: Snapshot #160 created with 14 entities including player 55 | All entities: [55, 25, 44, 52, 41, 53, 21, 2, 23, 56, 54, 19, 33, 38]
[SERIALIZE] Snapshot #160 | Player ID: 55 | Player in entity_ids: true | Entity count: 14 | All IDs (sorted): [2, 19, 21, 23, 25, 33, 38, 41, 44, 52, 53, 54, 55, 56]
[SERVER] DEBUG: About to add 16 entities to snapshot #120 | Player at [0]: true | Interest list: [56, 14, 28, 51, 25, 44, 52, 53, 41, 21, 2, 23, 54, 55, 19, 33]
[SERVER] DEBUG: Snapshot #120 created with 16 entities including player 56 | All entities: [56, 14, 28, 51, 25, 44, 52, 53, 41, 21, 2, 23, 54, 55, 19, 33]
[SERIALIZE] Snapshot #120 | Player ID: 56 | Player in entity_ids: true | Entity count: 16 | All IDs (sorted): [2, 14, 19, 21, 23, 25, 28, 33, 41, 44, 51, 52, 53, 54, 55, 56]
[SERIALIZE] WARNING: Player 56 unchanged from baseline in snapshot #120 - copying from baseline
[SERVER] DEBUG: About to add 14 entities to snapshot #170 | Player at [0]: true | Interest list: [55, 25, 44, 52, 53, 41, 21, 2, 23, 56, 54, 19, 33, 38]
[SERVER] DEBUG: Snapshot #170 created with 14 entities including player 55 | All entities: [55, 25, 44, 52, 53, 41, 21, 2, 23, 56, 54, 19, 33, 38]
[SERIALIZE] Snapshot #170 | Player ID: 55 | Player in entity_ids: true | Entity count: 14 | All IDs (sorted): [2, 19, 21, 23, 25, 33, 38, 41, 44, 52, 53, 54, 55, 56]
[SERVER] DEBUG: About to add 16 entities to snapshot #130 | Player at [0]: true | Interest list: [56, 14, 28, 51, 25, 44, 52, 53, 41, 21, 2, 23, 54, 55, 19, 33]
[SERVER] DEBUG: Snapshot #130 created with 16 entities including player 56 | All entities: [56, 14, 28, 51, 25, 44, 52, 53, 41, 21, 2, 23, 54, 55, 19, 33]
[SERIALIZE] Snapshot #130 | Player ID: 56 | Player in entity_ids: true | Entity count: 16 | All IDs (sorted): [2, 14, 19, 21, 23, 25, 28, 33, 41, 44, 51, 52, 53, 54, 55, 56]
[SERIALIZE] WARNING: Player 56 unchanged from baseline in snapshot #130 - copying from baseline
[SERVER] Player entity 55 (peer 1302477284) moved from chunk (1, -1) to (2, -1) | Position: (128.3199, -11.51532)
[SERVER] DEBUG: About to add 9 entities to snapshot #180 | Player at [0]: true | Interest list: [55, 21, 2, 23, 56, 54, 19, 33, 38]
[SERVER] DEBUG: Snapshot #180 created with 9 entities including player 55 | All entities: [55, 21, 2, 23, 56, 54, 19, 33, 38]
[SERIALIZE] Snapshot #180 | Player ID: 55 | Player in entity_ids: true | Entity count: 9 | All IDs (sorted): [2, 19, 21, 23, 33, 38, 54, 55, 56]
[SERVER] Player entity 55 (peer 1302477284) moved from chunk (2, -1) to (1, -1) | Position: (127.4685, -19.08431)
[SERVER] DEBUG: About to add 16 entities to snapshot #140 | Player at [0]: true | Interest list: [56, 14, 28, 25, 44, 52, 53, 41, 51, 21, 2, 23, 54, 55, 19, 33]
[SERVER] DEBUG: Snapshot #140 created with 16 entities including player 56 | All entities: [56, 14, 28, 25, 44, 52, 53, 41, 51, 21, 2, 23, 54, 55, 19, 33]
[SERIALIZE] Snapshot #140 | Player ID: 56 | Player in entity_ids: true | Entity count: 16 | All IDs (sorted): [2, 14, 19, 21, 23, 25, 28, 33, 41, 44, 51, 52, 53, 54, 55, 56]
[SERIALIZE] WARNING: Player 56 unchanged from baseline in snapshot #140 - copying from baseline
[SERVER] DEBUG: About to add 15 entities to snapshot #190 | Player at [0]: true | Interest list: [55, 25, 44, 52, 53, 41, 51, 21, 2, 23, 56, 54, 19, 33, 38]
[SERVER] DEBUG: Snapshot #190 created with 15 entities including player 55 | All entities: [55, 25, 44, 52, 53, 41, 51, 21, 2, 23, 56, 54, 19, 33, 38]
[SERIALIZE] Snapshot #190 | Player ID: 55 | Player in entity_ids: true | Entity count: 15 | All IDs (sorted): [2, 19, 21, 23, 25, 33, 38, 41, 44, 51, 52, 53, 54, 55, 56]
[SERIALIZE] WARNING: Player 55 unchanged from baseline in snapshot #190 - copying from baseline
[SERVER] Player entity 55 (peer 1302477284) moved from chunk (1, -1) to (1, 0) | Position: (113.4945, 0.403088)
[SERVER] DEBUG: About to add 16 entities to snapshot #150 | Player at [0]: true | Interest list: [56, 14, 28, 25, 44, 52, 53, 41, 51, 21, 2, 23, 54, 55, 19, 33]
[SERVER] DEBUG: Snapshot #150 created with 16 entities including player 56 | All entities: [56, 14, 28, 25, 44, 52, 53, 41, 51, 21, 2, 23, 54, 55, 19, 33]
[SERIALIZE] Snapshot #150 | Player ID: 56 | Player in entity_ids: true | Entity count: 16 | All IDs (sorted): [2, 14, 19, 21, 23, 25, 28, 33, 41, 44, 51, 52, 53, 54, 55, 56]
[SERVER] Snapshot #200 | Tick: 378 | Timestamp: 11.8125 | Player ID: 55 | Player pos: (111.8278, 0.403088) | Player chunk: (1, 0)
[SERVER] DEBUG: About to add 13 entities to snapshot #200 | Player at [0]: true | Interest list: [55, 53, 41, 51, 13, 21, 2, 23, 56, 54, 19, 33, 38]
[SERVER] DEBUG: Snapshot #200 created with 13 entities including player 55 | All entities: [55, 53, 41, 51, 13, 21, 2, 23, 56, 54, 19, 33, 38]
[SERIALIZE] Snapshot #200 | Player ID: 55 | Player in entity_ids: true | Entity count: 13 | All IDs (sorted): [2, 13, 19, 21, 23, 33, 38, 41, 51, 53, 54, 55, 56]
[SERIALIZE] WARNING: Player 55 unchanged from baseline in snapshot #200 - copying from baseline
Snapshot #200 to peer 1302477284: 13 entities, 54 bytes (uncompressed: ~650 bytes)
[SERVER] Player entity 55 (peer 1302477284) moved from chunk (1, 0) to (1, -1) | Position: (108.7445, -1.263579)
[SERVER] DEBUG: About to add 16 entities to snapshot #160 | Player at [0]: true | Interest list: [56, 14, 28, 25, 44, 52, 53, 41, 51, 21, 2, 23, 54, 55, 19, 33]
[SERVER] DEBUG: Snapshot #160 created with 16 entities including player 56 | All entities: [56, 14, 28, 25, 44, 52, 53, 41, 51, 21, 2, 23, 54, 55, 19, 33]
[SERIALIZE] Snapshot #160 | Player ID: 56 | Player in entity_ids: true | Entity count: 16 | All IDs (sorted): [2, 14, 19, 21, 23, 25, 28, 33, 41, 44, 51, 52, 53, 54, 55, 56]
[SERIALIZE] WARNING: Player 56 unchanged from baseline in snapshot #160 - copying from baseline
[SERVER] DEBUG: About to add 15 entities to snapshot #210 | Player at [0]: true | Interest list: [55, 25, 44, 52, 53, 41, 51, 21, 2, 23, 56, 54, 19, 33, 38]
[SERVER] DEBUG: Snapshot #210 created with 15 entities including player 55 | All entities: [55, 25, 44, 52, 53, 41, 51, 21, 2, 23, 56, 54, 19, 33, 38]
[SERIALIZE] Snapshot #210 | Player ID: 55 | Player in entity_ids: true | Entity count: 15 | All IDs (sorted): [2, 19, 21, 23, 25, 33, 38, 41, 44, 51, 52, 53, 54, 55, 56]
[SERVER] DEBUG: About to add 16 entities to snapshot #170 | Player at [0]: true | Interest list: [56, 14, 28, 25, 44, 52, 53, 51, 21, 2, 23, 41, 54, 55, 19, 33]
[SERVER] DEBUG: Snapshot #170 created with 16 entities including player 56 | All entities: [56, 14, 28, 25, 44, 52, 53, 51, 21, 2, 23, 41, 54, 55, 19, 33]
[SERIALIZE] Snapshot #170 | Player ID: 56 | Player in entity_ids: true | Entity count: 16 | All IDs (sorted): [2, 14, 19, 21, 23, 25, 28, 33, 41, 44, 51, 52, 53, 54, 55, 56]
[SERVER] DEBUG: About to add 15 entities to snapshot #220 | Player at [0]: true | Interest list: [55, 25, 44, 52, 53, 51, 21, 2, 23, 56, 41, 54, 19, 33, 38]
[SERVER] DEBUG: Snapshot #220 created with 15 entities including player 55 | All entities: [55, 25, 44, 52, 53, 51, 21, 2, 23, 56, 41, 54, 19, 33, 38]
[SERIALIZE] Snapshot #220 | Player ID: 55 | Player in entity_ids: true | Entity count: 15 | All IDs (sorted): [2, 19, 21, 23, 25, 33, 38, 41, 44, 51, 52, 53, 54, 55, 56]
[SERIALIZE] WARNING: Player 55 unchanged from baseline in snapshot #220 - copying from baseline
[SERVER] DEBUG: About to add 16 entities to snapshot #180 | Player at [0]: true | Interest list: [56, 14, 28, 25, 44, 52, 53, 51, 21, 2, 23, 41, 54, 55, 19, 33]
[SERVER] DEBUG: Snapshot #180 created with 16 entities including player 56 | All entities: [56, 14, 28, 25, 44, 52, 53, 51, 21, 2, 23, 41, 54, 55, 19, 33]
[SERIALIZE] Snapshot #180 | Player ID: 56 | Player in entity_ids: true | Entity count: 16 | All IDs (sorted): [2, 14, 19, 21, 23, 25, 28, 33, 41, 44, 51, 52, 53, 54, 55, 56]
[SERVER] DEBUG: About to add 15 entities to snapshot #230 | Player at [0]: true | Interest list: [55, 25, 44, 52, 53, 51, 21, 2, 23, 56, 41, 54, 19, 33, 38]
[SERVER] DEBUG: Snapshot #230 created with 15 entities including player 55 | All entities: [55, 25, 44, 52, 53, 51, 21, 2, 23, 56, 41, 54, 19, 33, 38]
[SERIALIZE] Snapshot #230 | Player ID: 55 | Player in entity_ids: true | Entity count: 15 | All IDs (sorted): [2, 19, 21, 23, 25, 33, 38, 41, 44, 51, 52, 53, 54, 55, 56]
[SERIALIZE] WARNING: Player 55 unchanged from baseline in snapshot #230 - copying from baseline
[SERVER] DEBUG: About to add 16 entities to snapshot #190 | Player at [0]: true | Interest list: [56, 14, 28, 25, 44, 52, 53, 51, 21, 2, 23, 41, 54, 55, 19, 33]
[SERVER] DEBUG: Snapshot #190 created with 16 entities including player 56 | All entities: [56, 14, 28, 25, 44, 52, 53, 51, 21, 2, 23, 41, 54, 55, 19, 33]
[SERIALIZE] Snapshot #190 | Player ID: 56 | Player in entity_ids: true | Entity count: 16 | All IDs (sorted): [2, 14, 19, 21, 23, 25, 28, 33, 41, 44, 51, 52, 53, 54, 55, 56]
[SERIALIZE] WARNING: Player 56 unchanged from baseline in snapshot #190 - copying from baseline
[SERVER] DEBUG: About to add 15 entities to snapshot #240 | Player at [0]: true | Interest list: [55, 25, 44, 52, 53, 51, 21, 2, 23, 56, 41, 54, 19, 33, 38]
[SERVER] DEBUG: Snapshot #240 created with 15 entities including player 55 | All entities: [55, 25, 44, 52, 53, 51, 21, 2, 23, 56, 41, 54, 19, 33, 38]
[SERIALIZE] Snapshot #240 | Player ID: 55 | Player in entity_ids: true | Entity count: 15 | All IDs (sorted): [2, 19, 21, 23, 25, 33, 38, 41, 44, 51, 52, 53, 54, 55, 56]
[SERIALIZE] WARNING: Player 55 unchanged from baseline in snapshot #240 - copying from baseline
[SERVER] Snapshot #200 | Tick: 459 | Timestamp: 14.34375 | Player ID: 56 | Player pos: (41.71475, -47.20926) | Player chunk: (0, -1)
[SERVER] DEBUG: About to add 16 entities to snapshot #200 | Player at [0]: true | Interest list: [56, 14, 28, 25, 44, 52, 53, 51, 21, 2, 23, 41, 54, 55, 19, 33]
[SERVER] DEBUG: Snapshot #200 created with 16 entities including player 56 | All entities: [56, 14, 28, 25, 44, 52, 53, 51, 21, 2, 23, 41, 54, 55, 19, 33]
[SERIALIZE] Snapshot #200 | Player ID: 56 | Player in entity_ids: true | Entity count: 16 | All IDs (sorted): [2, 14, 19, 21, 23, 25, 28, 33, 41, 44, 51, 52, 53, 54, 55, 56]
Snapshot #200 to peer 1439323258: 16 entities, 84 bytes (uncompressed: ~800 bytes)
[SERVER] DEBUG: About to add 15 entities to snapshot #250 | Player at [0]: true | Interest list: [55, 25, 44, 52, 53, 51, 21, 2, 23, 56, 41, 54, 19, 33, 38]
[SERVER] DEBUG: Snapshot #250 created with 15 entities including player 55 | All entities: [55, 25, 44, 52, 53, 51, 21, 2, 23, 56, 41, 54, 19, 33, 38]
[SERIALIZE] Snapshot #250 | Player ID: 55 | Player in entity_ids: true | Entity count: 15 | All IDs (sorted): [2, 19, 21, 23, 25, 33, 38, 41, 44, 51, 52, 53, 54, 55, 56]
[SERIALIZE] WARNING: Player 55 unchanged from baseline in snapshot #250 - copying from baseline
Peer disconnected: 1302477284
[SERVER] DEBUG: About to add 15 entities to snapshot #210 | Player at [0]: true | Interest list: [56, 14, 28, 25, 44, 52, 53, 51, 21, 2, 23, 41, 54, 19, 33]
[SERVER] DEBUG: Snapshot #210 created with 15 entities including player 56 | All entities: [56, 14, 28, 25, 44, 52, 53, 51, 21, 2, 23, 41, 54, 19, 33]
[SERIALIZE] Snapshot #210 | Player ID: 56 | Player in entity_ids: true | Entity count: 15 | All IDs (sorted): [2, 14, 19, 21, 23, 25, 28, 33, 41, 44, 51, 52, 53, 54, 56]
[SERVER] DEBUG: About to add 15 entities to snapshot #220 | Player at [0]: true | Interest list: [56, 14, 28, 25, 44, 52, 53, 51, 21, 2, 23, 41, 54, 19, 33]
[SERVER] DEBUG: Snapshot #220 created with 15 entities including player 56 | All entities: [56, 14, 28, 25, 44, 52, 53, 51, 21, 2, 23, 41, 54, 19, 33]
[SERIALIZE] Snapshot #220 | Player ID: 56 | Player in entity_ids: true | Entity count: 15 | All IDs (sorted): [2, 14, 19, 21, 23, 25, 28, 33, 41, 44, 51, 52, 53, 54, 56]
[SERIALIZE] WARNING: Player 56 unchanged from baseline in snapshot #220 - copying from baseline
Peer disconnected: 1439323258
