Godot Engine v4.5.1.stable.official.f62fdbde1 - https://godotengine.org
Metal 3.2 - Forward+ - Using Device #0: Apple - Apple M2 Pro (Apple8)

[SERVER] Creating world walls...
[SERVER] Walls created successfully
ERROR: Couldn't create an ENet host.
   at: _create (modules/enet/enet_connection.cpp:318)
   GDScript backtrace (most recent call first):
       [0] _start_server (res://scripts/game_server.gd:52)
       [1] _ready (res://scripts/game_server.gd:27)
       [2] _on_server_button_pressed (res://scripts/test_launcher.gd:146)
Failed to start server: 20
[SERVER] Spawned entity 1 at (-412.9104, 29.79983) | Peer: NPC
[SERVER] Spawned entity 2 at (114.5253, 455.4721) | Peer: NPC
[SERVER] Spawned entity 3 at (-380.2558, 8.597881) | Peer: NPC
[SERVER] Spawned entity 4 at (134.469, 34.72428) | Peer: NPC
[SERVER] Spawned entity 5 at (326.6053, -135.7518) | Peer: NPC
[SERVER] Spawned entity 6 at (0.63771, 493.911) | Peer: NPC
[SERVER] Spawned entity 7 at (263.6711, 163.6983) | Peer: NPC
[SERVER] Spawned entity 8 at (-340.6713, -313.1467) | Peer: NPC
[SERVER] Spawned entity 9 at (67.45899, 472.2084) | Peer: NPC
[SERVER] Spawned entity 10 at (416.1181, 177.5641) | Peer: NPC
[SERVER] Spawned entity 11 at (-329.5533, 210.7107) | Peer: NPC
[SERVER] Spawned entity 12 at (-236.0253, 476.665) | Peer: NPC
[SERVER] Spawned entity 13 at (136.599, 172.0105) | Peer: NPC
[SERVER] Spawned entity 14 at (268.179, -423.7457) | Peer: NPC
[SERVER] Spawned entity 15 at (-80.48594, -42.59764) | Peer: NPC
[SERVER] Spawned entity 16 at (-481.8981, 330.5697) | Peer: NPC
[SERVER] Spawned entity 17 at (427.6245, -488.8849) | Peer: NPC
[SERVER] Spawned entity 18 at (-50.693, -261.8217) | Peer: NPC
[SERVER] Spawned entity 19 at (339.0646, 391.138) | Peer: NPC
[SERVER] Spawned entity 20 at (483.892, -273.8096) | Peer: NPC
[SERVER] Spawned entity 21 at (101.0134, -171.3074) | Peer: NPC
[SERVER] Spawned entity 22 at (-60.65506, -354.0949) | Peer: NPC
[SERVER] Spawned entity 23 at (-93.68617, 148.6038) | Peer: NPC
[SERVER] Spawned entity 24 at (-441.0679, -387.768) | Peer: NPC
[SERVER] Spawned entity 25 at (-92.42237, -369.6192) | Peer: NPC
[SERVER] Spawned entity 26 at (424.3172, -90.4434) | Peer: NPC
[SERVER] Spawned entity 27 at (485.264, -186.7446) | Peer: NPC
[SERVER] Spawned entity 28 at (409.634, 349.0594) | Peer: NPC
[SERVER] Spawned entity 29 at (133.0041, 248.1228) | Peer: NPC
[SERVER] Spawned entity 30 at (-43.66614, 365.2795) | Peer: NPC
[SERVER] Spawned entity 31 at (-187.799, -238.501) | Peer: NPC
[SERVER] Spawned entity 32 at (-292.6331, -91.57527) | Peer: NPC
[SERVER] Spawned entity 33 at (231.1831, 156.226) | Peer: NPC
[SERVER] Spawned entity 34 at (72.44997, 299.412) | Peer: NPC
[SERVER] Spawned entity 35 at (166.2518, 401.7981) | Peer: NPC
[SERVER] Spawned entity 36 at (-47.9629, -182.1928) | Peer: NPC
[SERVER] Spawned entity 37 at (-359.6738, -127.0154) | Peer: NPC
[SERVER] Spawned entity 38 at (108.7969, 132.7023) | Peer: NPC
[SERVER] Spawned entity 39 at (-436.2001, 247.031) | Peer: NPC
[SERVER] Spawned entity 40 at (-437.0564, -26.10838) | Peer: NPC
[SERVER] Spawned entity 41 at (-286.4197, 230.4648) | Peer: NPC
[SERVER] Spawned entity 42 at (-294.83, 467.3634) | Peer: NPC
[SERVER] Spawned entity 43 at (-313.0117, -6.328681) | Peer: NPC
[SERVER] Spawned entity 44 at (-380.9854, -357.8337) | Peer: NPC
[SERVER] Spawned entity 45 at (-251.3587, -329.9615) | Peer: NPC
[SERVER] Spawned entity 46 at (108.22, -392.1059) | Peer: NPC
[SERVER] Spawned entity 47 at (198.6756, 309.7663) | Peer: NPC
[SERVER] Spawned entity 48 at (-187.8788, 4.335485) | Peer: NPC
[SERVER] Spawned entity 49 at (-306.6673, 326.1175) | Peer: NPC
[SERVER] Spawned entity 50 at (148.8707, 297.9026) | Peer: NPC
[SERVER] Creating moving obstacles...
[SERVER] Created moving obstacle 51 from (-300.0, 0.0) to (300.0, 0.0)
[SERVER] Created moving obstacle 52 from (0.0, -300.0) to (0.0, 300.0)
[SERVER] Created moving obstacle 53 from (-200.0, -200.0) to (200.0, 200.0)
[SERVER] Created moving obstacle 54 from (150.0, -100.0) to (-150.0, 100.0)
[SERVER] Moving obstacles created
=== SERVER MODE ===
ERROR: Condition "p_points.size() < 2" is true.
   at: canvas_item_add_polyline (servers/rendering/renderer_canvas_cull.cpp:946)
   GDScript backtrace (most recent call first):
       [0] _draw (res://scripts/test_launcher.gd:69)
ERROR: Condition "p_points.size() < 2" is true.
   at: canvas_item_add_polyline (servers/rendering/renderer_canvas_cull.cpp:946)
   GDScript backtrace (most recent call first):
       [0] _draw (res://scripts/test_launcher.gd:69)
