Godot Engine v4.5.1.stable.official.f62fdbde1 - https://godotengine.org

[CLIENT] Auto-move enabled for testing
Connecting to server at 127.0.0.1:7777
[RENDERER] Debug walls drawn
[RENDERER] Debug obstacle paths drawn
Connected to server!
[CLIENT] Player entity ID tracked: 55
[INTERPOLATOR] First snapshot received! Seq: 1 | Timestamp: 2.1 | Setting render_time to: 1.95 | Delay: 0.15
[INTERPOLATOR] WARNING: Behind buffer! Jumping render_time from 1.95666666666667 to 2.1
[INTERPOLATOR] BUFFER UNDERRUN! Render time caught up to latest snapshot. Holding frame.
[RENDERER] Client prediction ENABLED for player entity 55
[RENDERER] Created sprite for PLAYER entity 55
[INTERPOLATOR] BUFFER UNDERRUN! Render time caught up to latest snapshot. Holding frame.
[INTERPOLATOR] WARNING: Behind buffer! Jumping render_time from 1.956952 to 2.1
[INTERPOLATOR] BUFFER UNDERRUN! Render time caught up to latest snapshot. Holding frame.
[INTERPOLATOR] WARNING: Behind buffer! Jumping render_time from 2.00666666666667 to 2.1
[INTERPOLATOR] WARNING: Behind buffer! Jumping render_time from 2.00694444444444 to 2.1
[INTERPOLATOR] WARNING: Behind buffer! Jumping render_time from 2.00666666666667 to 2.1
[INTERPOLATOR] WARNING: Behind buffer! Jumping render_time from 2.05666666666667 to 2.1
[INTERPOLATOR] WARNING: Behind buffer! Jumping render_time from 2.05666666666667 to 2.1
[INTERPOLATOR] WARNING: Behind buffer! Jumping render_time from 2.05666666666667 to 2.1
[DESERIALIZE] Starting snapshot #10 | Timestamp: 2.25 | Entity count: 5 | Player ID: 55 | Has baseline: true | Baseline seq: 6
[DESERIALIZE] Completed snapshot #10 | Final entity count: 5 | Player 55 in snapshot: true | All entity IDs: [6, 27, 53, 54, 55]
[DESERIALIZE] Starting snapshot #20 | Timestamp: 2.4 | Entity count: 5 | Player ID: 55 | Has baseline: false | Baseline seq: 0
[DESERIALIZE] Completed snapshot #20 | Final entity count: 5 | Player 55 in snapshot: true | All entity IDs: [6, 27, 53, 54, 55]
[INTERPOLATOR] Buffer: 20 pkts | Health: 168.7ms / 150.0ms | Status: OK
[DESERIALIZE] Starting snapshot #30 | Timestamp: 2.55 | Entity count: 5 | Player ID: 55 | Has baseline: true | Baseline seq: 26
[DESERIALIZE] Completed snapshot #30 | Final entity count: 5 | Player 55 in snapshot: true | All entity IDs: [6, 27, 53, 54, 55]
[DESERIALIZE] Starting snapshot #40 | Timestamp: 2.75 | Entity count: 6 | Player ID: 55 | Has baseline: false | Baseline seq: 0
[DESERIALIZE] Completed snapshot #40 | Final entity count: 6 | Player 55 in snapshot: true | All entity IDs: [6, 22, 27, 53, 54, 55]
[INTERPOLATOR] Buffer: 40 pkts | Health: 186.4ms / 150.0ms | Status: OK
[DESERIALIZE] Starting snapshot #50 | Timestamp: 2.9 | Entity count: 7 | Player ID: 55 | Has baseline: true | Baseline seq: 46
[DESERIALIZE] Completed snapshot #50 | Final entity count: 7 | Player 55 in snapshot: true | All entity IDs: [6, 22, 27, 32, 47, 54, 55]
[DESERIALIZE] Starting snapshot #60 | Timestamp: 3.05 | Entity count: 7 | Player ID: 55 | Has baseline: false | Baseline seq: 0
[DESERIALIZE] Completed snapshot #60 | Final entity count: 7 | Player 55 in snapshot: true | All entity IDs: [6, 22, 27, 32, 47, 54, 55]
[INTERPOLATOR] Buffer: 40 pkts | Health: 153.6ms / 150.0ms | Status: OK
[DESERIALIZE] Starting snapshot #70 | Timestamp: 3.25 | Entity count: 9 | Player ID: 55 | Has baseline: true | Baseline seq: 69
[DESERIALIZE] Completed snapshot #70 | Final entity count: 9 | Player 55 in snapshot: true | All entity IDs: [6, 22, 27, 32, 37, 47, 54, 55, 56]
[DESERIALIZE] Starting snapshot #80 | Timestamp: 3.4 | Entity count: 10 | Player ID: 55 | Has baseline: false | Baseline seq: 0
[DESERIALIZE] Completed snapshot #80 | Final entity count: 10 | Player 55 in snapshot: true | All entity IDs: [6, 22, 27, 32, 37, 47, 51, 54, 55, 56]
[INTERPOLATOR] Buffer: 40 pkts | Health: 166.4ms / 150.0ms | Status: OK
[DESERIALIZE] Starting snapshot #90 | Timestamp: 3.55 | Entity count: 10 | Player ID: 55 | Has baseline: true | Baseline seq: 89
[DESERIALIZE] Completed snapshot #90 | Final entity count: 10 | Player 55 in snapshot: true | All entity IDs: [6, 22, 27, 32, 37, 47, 51, 54, 55, 56]
[DESERIALIZE] Starting snapshot #100 | Timestamp: 3.75 | Entity count: 10 | Player ID: 55 | Has baseline: false | Baseline seq: 0
[DESERIALIZE] Completed snapshot #100 | Final entity count: 10 | Player 55 in snapshot: true | All entity IDs: [6, 22, 27, 32, 37, 47, 51, 54, 55, 56]
[CLIENT] Received snapshot #100 | Snapshot timestamp: 3.75 | Current client time: 1.808 | Interpolator render_time: 3.56380711111111 | Interpolator latest_server_time: 3.7 | Entities: 10 | Player in snapshot: true | Player ID: 55 | Data size: 117 bytes
[CLIENT] Remote Entity 6 Pos: (126.0513, 77.19165) Vel: (-0.125061, -0.125061)
[INTERPOLATOR] Buffer full, removing old snapshot seq 60
[INTERPOLATOR] Buffer: 40 pkts | Health: 186.2ms / 150.0ms | Status: OK
[DESERIALIZE] Starting snapshot #110 | Timestamp: 3.9 | Entity count: 10 | Player ID: 55 | Has baseline: true | Baseline seq: 109
[DESERIALIZE] Completed snapshot #110 | Final entity count: 10 | Player 55 in snapshot: true | All entity IDs: [6, 22, 27, 32, 37, 47, 51, 54, 55, 56]
=== CLIENT MODE ===
[DESERIALIZE] Starting snapshot #120 | Timestamp: 4.05 | Entity count: 12 | Player ID: 55 | Has baseline: false | Baseline seq: 0
[DESERIALIZE] Completed snapshot #120 | Final entity count: 12 | Player 55 in snapshot: true | All entity IDs: [6, 22, 27, 32, 37, 41, 47, 51, 52, 54, 55, 56]
[INTERPOLATOR] Buffer: 40 pkts | Health: 152.7ms / 150.0ms | Status: OK
[DESERIALIZE] Starting snapshot #130 | Timestamp: 4.25 | Entity count: 12 | Player ID: 55 | Has baseline: true | Baseline seq: 129
[DESERIALIZE] Completed snapshot #130 | Final entity count: 12 | Player 55 in snapshot: true | All entity IDs: [6, 22, 27, 32, 37, 41, 47, 51, 52, 54, 55, 56]
[DESERIALIZE] Starting snapshot #140 | Timestamp: 4.4 | Entity count: 12 | Player ID: 55 | Has baseline: false | Baseline seq: 0
[DESERIALIZE] Completed snapshot #140 | Final entity count: 12 | Player 55 in snapshot: true | All entity IDs: [6, 22, 27, 32, 37, 41, 47, 51, 52, 54, 55, 56]
[INTERPOLATOR] Buffer: 40 pkts | Health: 166.4ms / 150.0ms | Status: OK
[DESERIALIZE] Starting snapshot #150 | Timestamp: 4.55 | Entity count: 12 | Player ID: 55 | Has baseline: true | Baseline seq: 149
[DESERIALIZE] Completed snapshot #150 | Final entity count: 12 | Player 55 in snapshot: true | All entity IDs: [6, 22, 27, 32, 37, 41, 47, 51, 52, 54, 55, 56]
[DESERIALIZE] Starting snapshot #160 | Timestamp: 4.75 | Entity count: 11 | Player ID: 55 | Has baseline: false | Baseline seq: 0
[DESERIALIZE] Completed snapshot #160 | Final entity count: 11 | Player 55 in snapshot: true | All entity IDs: [6, 22, 27, 37, 41, 51, 52, 53, 54, 55, 56]
[INTERPOLATOR] Buffer: 40 pkts | Health: 184.4ms / 150.0ms | Status: OK
[INTERPOLATOR] Entity 32 disappeared (in from_snapshot seq 153 but not in to_snapshot seq 154)
[INTERPOLATOR] Entity 47 disappeared (in from_snapshot seq 153 but not in to_snapshot seq 154)
[INTERPOLATOR] Entity 32 disappeared (in from_snapshot seq 153 but not in to_snapshot seq 154)
[INTERPOLATOR] Entity 47 disappeared (in from_snapshot seq 153 but not in to_snapshot seq 154)
[INTERPOLATOR] Entity 32 disappeared (in from_snapshot seq 153 but not in to_snapshot seq 154)
[INTERPOLATOR] Entity 47 disappeared (in from_snapshot seq 153 but not in to_snapshot seq 154)
[INTERPOLATOR] Entity 32 disappeared (in from_snapshot seq 153 but not in to_snapshot seq 154)
[INTERPOLATOR] Entity 47 disappeared (in from_snapshot seq 153 but not in to_snapshot seq 154)
[INTERPOLATOR] Entity 32 disappeared (in from_snapshot seq 153 but not in to_snapshot seq 154)
[INTERPOLATOR] Entity 47 disappeared (in from_snapshot seq 153 but not in to_snapshot seq 154)
[INTERPOLATOR] Entity 32 disappeared (in from_snapshot seq 153 but not in to_snapshot seq 154)
[INTERPOLATOR] Entity 47 disappeared (in from_snapshot seq 153 but not in to_snapshot seq 154)
[INTERPOLATOR] Entity 32 disappeared (in from_snapshot seq 153 but not in to_snapshot seq 154)
[INTERPOLATOR] Entity 47 disappeared (in from_snapshot seq 153 but not in to_snapshot seq 154)
[INTERPOLATOR] Entity 32 disappeared (in from_snapshot seq 153 but not in to_snapshot seq 154)
[INTERPOLATOR] Entity 47 disappeared (in from_snapshot seq 153 but not in to_snapshot seq 154)
[DESERIALIZE] Starting snapshot #170 | Timestamp: 4.9 | Entity count: 11 | Player ID: 55 | Has baseline: true | Baseline seq: 168
[DESERIALIZE] Completed snapshot #170 | Final entity count: 11 | Player 55 in snapshot: true | All entity IDs: [6, 22, 27, 37, 41, 51, 52, 53, 54, 55, 56]
[DESERIALIZE] Starting snapshot #180 | Timestamp: 5.05 | Entity count: 10 | Player ID: 55 | Has baseline: false | Baseline seq: 0
[DESERIALIZE] Completed snapshot #180 | Final entity count: 10 | Player 55 in snapshot: true | All entity IDs: [6, 22, 27, 37, 51, 52, 53, 54, 55, 56]
[INTERPOLATOR] Buffer: 40 pkts | Health: 154.3ms / 150.0ms | Status: OK
[DESERIALIZE] Starting snapshot #190 | Timestamp: 5.25 | Entity count: 10 | Player ID: 55 | Has baseline: true | Baseline seq: 188
[DESERIALIZE] Completed snapshot #190 | Final entity count: 10 | Player 55 in snapshot: true | All entity IDs: [6, 22, 27, 37, 51, 52, 53, 54, 55, 56]
[DESERIALIZE] Starting snapshot #200 | Timestamp: 5.4 | Entity count: 10 | Player ID: 55 | Has baseline: false | Baseline seq: 0
[DESERIALIZE] Completed snapshot #200 | Final entity count: 10 | Player 55 in snapshot: true | All entity IDs: [6, 22, 27, 37, 51, 52, 53, 54, 55, 56]
[CLIENT] Received snapshot #200 | Snapshot timestamp: 5.4 | Current client time: 3.479 | Interpolator render_time: 5.23316729851519 | Interpolator latest_server_time: 5.4 | Entities: 10 | Player in snapshot: true | Player ID: 55 | Data size: 117 bytes
[CLIENT] Remote Entity 6 Pos: (126.0513, 77.19165) Vel: (-0.125061, -0.125061)
[INTERPOLATOR] Buffer full, removing old snapshot seq 160
[INTERPOLATOR] Buffer: 40 pkts | Health: 166.8ms / 150.0ms | Status: OK
[DESERIALIZE] Starting snapshot #210 | Timestamp: 5.55 | Entity count: 10 | Player ID: 55 | Has baseline: true | Baseline seq: 208
[DESERIALIZE] Completed snapshot #210 | Final entity count: 10 | Player 55 in snapshot: true | All entity IDs: [6, 22, 27, 37, 51, 52, 53, 54, 55, 56]
[DESERIALIZE] Starting snapshot #220 | Timestamp: 5.75 | Entity count: 12 | Player ID: 55 | Has baseline: false | Baseline seq: 0
[DESERIALIZE] Completed snapshot #220 | Final entity count: 12 | Player 55 in snapshot: true | All entity IDs: [6, 22, 27, 32, 37, 47, 51, 52, 53, 54, 55, 56]
[INTERPOLATOR] Buffer: 40 pkts | Health: 184.1ms / 150.0ms | Status: OK
[DESERIALIZE] Starting snapshot #230 | Timestamp: 5.9 | Entity count: 12 | Player ID: 55 | Has baseline: true | Baseline seq: 228
[DESERIALIZE] Completed snapshot #230 | Final entity count: 12 | Player 55 in snapshot: true | All entity IDs: [6, 22, 27, 32, 37, 47, 51, 52, 53, 54, 55, 56]
[DESERIALIZE] Starting snapshot #240 | Timestamp: 6.05 | Entity count: 12 | Player ID: 55 | Has baseline: false | Baseline seq: 0
[DESERIALIZE] Completed snapshot #240 | Final entity count: 12 | Player 55 in snapshot: true | All entity IDs: [6, 22, 27, 32, 37, 47, 51, 52, 53, 54, 55, 56]
[INTERPOLATOR] Buffer: 40 pkts | Health: 152.5ms / 150.0ms | Status: OK
[DESERIALIZE] Starting snapshot #250 | Timestamp: 6.25 | Entity count: 12 | Player ID: 55 | Has baseline: true | Baseline seq: 248
[DESERIALIZE] Completed snapshot #250 | Final entity count: 12 | Player 55 in snapshot: true | All entity IDs: [6, 22, 27, 32, 37, 47, 51, 52, 53, 54, 55, 56]
[DESERIALIZE] Starting snapshot #260 | Timestamp: 6.4 | Entity count: 12 | Player ID: 55 | Has baseline: false | Baseline seq: 0
[DESERIALIZE] Completed snapshot #260 | Final entity count: 12 | Player 55 in snapshot: true | All entity IDs: [6, 22, 27, 32, 37, 47, 51, 52, 53, 54, 55, 56]
[INTERPOLATOR] Buffer: 40 pkts | Health: 172.2ms / 150.0ms | Status: OK
[DESERIALIZE] Starting snapshot #270 | Timestamp: 6.55 | Entity count: 12 | Player ID: 55 | Has baseline: true | Baseline seq: 268
[DESERIALIZE] Completed snapshot #270 | Final entity count: 12 | Player 55 in snapshot: true | All entity IDs: [6, 22, 27, 32, 37, 47, 51, 52, 53, 54, 55, 56]
[DESERIALIZE] Starting snapshot #280 | Timestamp: 6.75 | Entity count: 12 | Player ID: 55 | Has baseline: false | Baseline seq: 0
[DESERIALIZE] Completed snapshot #280 | Final entity count: 12 | Player 55 in snapshot: true | All entity IDs: [6, 22, 27, 32, 37, 47, 51, 52, 53, 54, 55, 56]
[INTERPOLATOR] Buffer: 40 pkts | Health: 183.5ms / 150.0ms | Status: OK
[DESERIALIZE] Starting snapshot #290 | Timestamp: 6.9 | Entity count: 13 | Player ID: 55 | Has baseline: true | Baseline seq: 288
[DESERIALIZE] Completed snapshot #290 | Final entity count: 13 | Player 55 in snapshot: true | All entity IDs: [6, 22, 27, 32, 37, 41, 47, 51, 52, 53, 54, 55, 56]
[DESERIALIZE] Starting snapshot #300 | Timestamp: 7.05 | Entity count: 13 | Player ID: 55 | Has baseline: false | Baseline seq: 0
[DESERIALIZE] Completed snapshot #300 | Final entity count: 13 | Player 55 in snapshot: true | All entity IDs: [6, 22, 27, 32, 37, 41, 47, 51, 52, 53, 54, 55, 56]
[CLIENT] Received snapshot #300 | Snapshot timestamp: 7.05 | Current client time: 5.141 | Interpolator render_time: 6.89887928679306 | Interpolator latest_server_time: 7.05 | Entities: 13 | Player in snapshot: true | Player ID: 55 | Data size: 148 bytes
[CLIENT] Remote Entity 6 Pos: (126.0513, 77.19165) Vel: (-0.125061, -0.125061)
[INTERPOLATOR] Buffer full, removing old snapshot seq 260
[INTERPOLATOR] Buffer: 40 pkts | Health: 151.1ms / 150.0ms | Status: OK
[DESERIALIZE] Starting snapshot #310 | Timestamp: 7.25 | Entity count: 13 | Player ID: 55 | Has baseline: true | Baseline seq: 308
[DESERIALIZE] Completed snapshot #310 | Final entity count: 13 | Player 55 in snapshot: true | All entity IDs: [6, 22, 27, 32, 37, 41, 47, 51, 52, 53, 54, 55, 56]
[DESERIALIZE] Starting snapshot #320 | Timestamp: 7.4 | Entity count: 13 | Player ID: 55 | Has baseline: false | Baseline seq: 0
[DESERIALIZE] Completed snapshot #320 | Final entity count: 13 | Player 55 in snapshot: true | All entity IDs: [6, 22, 27, 32, 37, 41, 47, 51, 52, 53, 54, 55, 56]
[INTERPOLATOR] Buffer: 40 pkts | Health: 169.6ms / 150.0ms | Status: OK
[DESERIALIZE] Starting snapshot #330 | Timestamp: 7.55 | Entity count: 13 | Player ID: 55 | Has baseline: true | Baseline seq: 327
[DESERIALIZE] Completed snapshot #330 | Final entity count: 13 | Player 55 in snapshot: true | All entity IDs: [6, 22, 27, 32, 37, 41, 47, 51, 52, 53, 54, 55, 56]
[DESERIALIZE] Starting snapshot #340 | Timestamp: 7.75 | Entity count: 13 | Player ID: 55 | Has baseline: false | Baseline seq: 0
[DESERIALIZE] Completed snapshot #340 | Final entity count: 13 | Player 55 in snapshot: true | All entity IDs: [6, 22, 27, 32, 37, 41, 47, 51, 52, 53, 54, 55, 56]
[INTERPOLATOR] Buffer: 40 pkts | Health: 181.6ms / 150.0ms | Status: OK
[DESERIALIZE] Starting snapshot #350 | Timestamp: 7.9 | Entity count: 13 | Player ID: 55 | Has baseline: true | Baseline seq: 347
[DESERIALIZE] Completed snapshot #350 | Final entity count: 13 | Player 55 in snapshot: true | All entity IDs: [6, 22, 27, 32, 37, 41, 47, 51, 52, 53, 54, 55, 56]
[DESERIALIZE] Starting snapshot #360 | Timestamp: 8.05 | Entity count: 13 | Player ID: 55 | Has baseline: false | Baseline seq: 0
[DESERIALIZE] Completed snapshot #360 | Final entity count: 13 | Player 55 in snapshot: true | All entity IDs: [6, 22, 27, 32, 37, 41, 47, 51, 52, 53, 54, 55, 56]
[INTERPOLATOR] Buffer: 40 pkts | Health: 152.4ms / 150.0ms | Status: OK
[DESERIALIZE] Starting snapshot #370 | Timestamp: 8.25 | Entity count: 13 | Player ID: 55 | Has baseline: true | Baseline seq: 367
[DESERIALIZE] Completed snapshot #370 | Final entity count: 13 | Player 55 in snapshot: true | All entity IDs: [6, 22, 27, 32, 37, 41, 47, 51, 52, 53, 54, 55, 56]
[DESERIALIZE] Starting snapshot #380 | Timestamp: 8.4 | Entity count: 13 | Player ID: 55 | Has baseline: false | Baseline seq: 0
[DESERIALIZE] Completed snapshot #380 | Final entity count: 13 | Player 55 in snapshot: true | All entity IDs: [6, 22, 27, 32, 37, 41, 47, 51, 52, 53, 54, 55, 56]
[INTERPOLATOR] Buffer: 40 pkts | Health: 172.1ms / 150.0ms | Status: OK
[DESERIALIZE] Starting snapshot #390 | Timestamp: 8.55 | Entity count: 12 | Player ID: 55 | Has baseline: true | Baseline seq: 387
[DESERIALIZE] Completed snapshot #390 | Final entity count: 12 | Player 55 in snapshot: true | All entity IDs: [6, 22, 27, 32, 37, 47, 51, 52, 53, 54, 55, 56]
[DESERIALIZE] Starting snapshot #400 | Timestamp: 8.75 | Entity count: 12 | Player ID: 55 | Has baseline: false | Baseline seq: 0
[DESERIALIZE] Completed snapshot #400 | Final entity count: 12 | Player 55 in snapshot: true | All entity IDs: [6, 22, 27, 32, 37, 47, 51, 52, 53, 54, 55, 56]
[CLIENT] Received snapshot #400 | Snapshot timestamp: 8.75 | Current client time: 6.811 | Interpolator render_time: 8.56681505086465 | Interpolator latest_server_time: 8.7 | Entities: 12 | Player in snapshot: true | Player ID: 55 | Data size: 137 bytes
[CLIENT] Remote Entity 6 Pos: (126.0513, 77.19165) Vel: (-0.125061, -0.125061)
[INTERPOLATOR] Buffer full, removing old snapshot seq 360
[INTERPOLATOR] Buffer: 40 pkts | Health: 183.2ms / 150.0ms | Status: OK
[DESERIALIZE] Starting snapshot #410 | Timestamp: 8.9 | Entity count: 12 | Player ID: 55 | Has baseline: true | Baseline seq: 407
[DESERIALIZE] Completed snapshot #410 | Final entity count: 12 | Player 55 in snapshot: true | All entity IDs: [6, 22, 27, 32, 37, 47, 51, 52, 53, 54, 55, 56]
[DESERIALIZE] Starting snapshot #420 | Timestamp: 9.05 | Entity count: 12 | Player ID: 55 | Has baseline: false | Baseline seq: 0
[DESERIALIZE] Completed snapshot #420 | Final entity count: 12 | Player 55 in snapshot: true | All entity IDs: [6, 22, 27, 32, 37, 47, 51, 52, 53, 54, 55, 56]
[INTERPOLATOR] Buffer: 40 pkts | Health: 152.7ms / 150.0ms | Status: OK
[DESERIALIZE] Starting snapshot #430 | Timestamp: 9.25 | Entity count: 12 | Player ID: 55 | Has baseline: true | Baseline seq: 427
[DESERIALIZE] Completed snapshot #430 | Final entity count: 12 | Player 55 in snapshot: true | All entity IDs: [6, 22, 27, 32, 37, 47, 51, 52, 53, 54, 55, 56]
[DESERIALIZE] Starting snapshot #440 | Timestamp: 9.4 | Entity count: 9 | Player ID: 55 | Has baseline: false | Baseline seq: 0
[DESERIALIZE] Completed snapshot #440 | Final entity count: 9 | Player 55 in snapshot: true | All entity IDs: [6, 27, 32, 47, 51, 52, 54, 55, 56]
[INTERPOLATOR] Buffer: 40 pkts | Health: 172.2ms / 150.0ms | Status: OK
[DESERIALIZE] Starting snapshot #450 | Timestamp: 9.55 | Entity count: 9 | Player ID: 55 | Has baseline: true | Baseline seq: 447
[DESERIALIZE] Completed snapshot #450 | Final entity count: 9 | Player 55 in snapshot: true | All entity IDs: [6, 27, 32, 47, 51, 52, 54, 55, 56]
[DESERIALIZE] Starting snapshot #460 | Timestamp: 9.75 | Entity count: 9 | Player ID: 55 | Has baseline: false | Baseline seq: 0
[DESERIALIZE] Completed snapshot #460 | Final entity count: 9 | Player 55 in snapshot: true | All entity IDs: [6, 27, 32, 47, 51, 52, 54, 55, 56]
[INTERPOLATOR] Buffer: 40 pkts | Health: 183.3ms / 150.0ms | Status: OK
[DESERIALIZE] Starting snapshot #470 | Timestamp: 9.9 | Entity count: 8 | Player ID: 55 | Has baseline: true | Baseline seq: 466
[DESERIALIZE] Completed snapshot #470 | Final entity count: 8 | Player 55 in snapshot: true | All entity IDs: [6, 27, 32, 47, 51, 52, 54, 55]
[INTERPOLATOR] Entity 56 disappeared (in from_snapshot seq 468 but not in to_snapshot seq 469)
[INTERPOLATOR] Entity 56 disappeared (in from_snapshot seq 468 but not in to_snapshot seq 469)
[INTERPOLATOR] Entity 56 disappeared (in from_snapshot seq 468 but not in to_snapshot seq 469)
[INTERPOLATOR] Entity 56 disappeared (in from_snapshot seq 468 but not in to_snapshot seq 469)
[INTERPOLATOR] Entity 56 disappeared (in from_snapshot seq 468 but not in to_snapshot seq 469)
[INTERPOLATOR] Entity 56 disappeared (in from_snapshot seq 468 but not in to_snapshot seq 469)
[INTERPOLATOR] Entity 56 disappeared (in from_snapshot seq 468 but not in to_snapshot seq 469)
[DESERIALIZE] Starting snapshot #480 | Timestamp: 10.05 | Entity count: 8 | Player ID: 55 | Has baseline: false | Baseline seq: 0
[DESERIALIZE] Completed snapshot #480 | Final entity count: 8 | Player 55 in snapshot: true | All entity IDs: [6, 27, 32, 47, 51, 52, 54, 55]
[INTERPOLATOR] Buffer: 40 pkts | Health: 152.7ms / 150.0ms | Status: OK
[DESERIALIZE] Starting snapshot #490 | Timestamp: 10.25 | Entity count: 8 | Player ID: 55 | Has baseline: true | Baseline seq: 486
[DESERIALIZE] Completed snapshot #490 | Final entity count: 8 | Player 55 in snapshot: true | All entity IDs: [6, 27, 32, 47, 51, 52, 54, 55]
[DESERIALIZE] Starting snapshot #500 | Timestamp: 10.4 | Entity count: 8 | Player ID: 55 | Has baseline: false | Baseline seq: 0
[DESERIALIZE] Completed snapshot #500 | Final entity count: 8 | Player 55 in snapshot: true | All entity IDs: [6, 27, 32, 47, 51, 52, 54, 55]
[CLIENT] Received snapshot #500 | Snapshot timestamp: 10.4 | Current client time: 8.473 | Interpolator render_time: 10.2278094824938 | Interpolator latest_server_time: 10.4 | Entities: 8 | Player in snapshot: true | Player ID: 55 | Data size: 96 bytes
[CLIENT] Remote Entity 6 Pos: (126.0513, 77.19165) Vel: (-0.125061, -0.125061)
[INTERPOLATOR] Buffer full, removing old snapshot seq 460
[INTERPOLATOR] Buffer: 40 pkts | Health: 172.2ms / 150.0ms | Status: OK
[DESERIALIZE] Starting snapshot #510 | Timestamp: 10.55 | Entity count: 11 | Player ID: 55 | Has baseline: true | Baseline seq: 506
[DESERIALIZE] Completed snapshot #510 | Final entity count: 11 | Player 55 in snapshot: true | All entity IDs: [6, 22, 27, 32, 37, 41, 47, 51, 52, 54, 55]
[DESERIALIZE] Starting snapshot #520 | Timestamp: 10.75 | Entity count: 11 | Player ID: 55 | Has baseline: false | Baseline seq: 0
[DESERIALIZE] Completed snapshot #520 | Final entity count: 11 | Player 55 in snapshot: true | All entity IDs: [6, 22, 27, 32, 37, 41, 47, 51, 52, 54, 55]
[INTERPOLATOR] Buffer: 40 pkts | Health: 183.3ms / 150.0ms | Status: OK
[DESERIALIZE] Starting snapshot #530 | Timestamp: 10.9 | Entity count: 11 | Player ID: 55 | Has baseline: true | Baseline seq: 526
[DESERIALIZE] Completed snapshot #530 | Final entity count: 11 | Player 55 in snapshot: true | All entity IDs: [6, 22, 27, 32, 37, 41, 47, 51, 52, 54, 55]
[DESERIALIZE] Starting snapshot #540 | Timestamp: 11.05 | Entity count: 11 | Player ID: 55 | Has baseline: false | Baseline seq: 0
[DESERIALIZE] Completed snapshot #540 | Final entity count: 11 | Player 55 in snapshot: true | All entity IDs: [6, 22, 27, 32, 37, 41, 47, 51, 52, 54, 55]
[INTERPOLATOR] Buffer: 40 pkts | Health: 152.7ms / 150.0ms | Status: OK
[DESERIALIZE] Starting snapshot #550 | Timestamp: 11.25 | Entity count: 10 | Player ID: 55 | Has baseline: true | Baseline seq: 546
[DESERIALIZE] Completed snapshot #550 | Final entity count: 10 | Player 55 in snapshot: true | All entity IDs: [6, 22, 27, 32, 37, 41, 47, 51, 54, 55]
[INTERPOLATOR] Entity 52 disappeared (in from_snapshot seq 546 but not in to_snapshot seq 547)
[INTERPOLATOR] Entity 52 disappeared (in from_snapshot seq 546 but not in to_snapshot seq 547)
[INTERPOLATOR] Entity 52 disappeared (in from_snapshot seq 546 but not in to_snapshot seq 547)
[INTERPOLATOR] Entity 52 disappeared (in from_snapshot seq 546 but not in to_snapshot seq 547)
[INTERPOLATOR] Entity 52 disappeared (in from_snapshot seq 546 but not in to_snapshot seq 547)
[INTERPOLATOR] Entity 52 disappeared (in from_snapshot seq 546 but not in to_snapshot seq 547)
[INTERPOLATOR] Entity 52 disappeared (in from_snapshot seq 546 but not in to_snapshot seq 547)
[DESERIALIZE] Starting snapshot #560 | Timestamp: 11.4 | Entity count: 10 | Player ID: 55 | Has baseline: false | Baseline seq: 0
[DESERIALIZE] Completed snapshot #560 | Final entity count: 10 | Player 55 in snapshot: true | All entity IDs: [6, 22, 27, 32, 37, 41, 47, 51, 54, 55]
[INTERPOLATOR] Buffer: 40 pkts | Health: 172.2ms / 150.0ms | Status: OK
[DESERIALIZE] Starting snapshot #570 | Timestamp: 11.55 | Entity count: 9 | Player ID: 55 | Has baseline: true | Baseline seq: 569
[DESERIALIZE] Completed snapshot #570 | Final entity count: 9 | Player 55 in snapshot: true | All entity IDs: [6, 27, 32, 37, 41, 47, 51, 54, 55]
[INTERPOLATOR] Entity 22 disappeared (in from_snapshot seq 567 but not in to_snapshot seq 568)
[INTERPOLATOR] Entity 22 disappeared (in from_snapshot seq 567 but not in to_snapshot seq 568)
[INTERPOLATOR] Entity 22 disappeared (in from_snapshot seq 567 but not in to_snapshot seq 568)
[INTERPOLATOR] Entity 22 disappeared (in from_snapshot seq 567 but not in to_snapshot seq 568)
[INTERPOLATOR] Entity 22 disappeared (in from_snapshot seq 567 but not in to_snapshot seq 568)
[INTERPOLATOR] Entity 22 disappeared (in from_snapshot seq 567 but not in to_snapshot seq 568)
[INTERPOLATOR] Entity 22 disappeared (in from_snapshot seq 567 but not in to_snapshot seq 568)
[DESERIALIZE] Starting snapshot #580 | Timestamp: 11.75 | Entity count: 10 | Player ID: 55 | Has baseline: false | Baseline seq: 0
[DESERIALIZE] Completed snapshot #580 | Final entity count: 10 | Player 55 in snapshot: true | All entity IDs: [6, 22, 27, 32, 37, 47, 51, 54, 55, 56]
[INTERPOLATOR] Buffer: 40 pkts | Health: 183.3ms / 150.0ms | Status: OK
[DESERIALIZE] Starting snapshot #590 | Timestamp: 11.9 | Entity count: 10 | Player ID: 55 | Has baseline: true | Baseline seq: 589
[DESERIALIZE] Completed snapshot #590 | Final entity count: 10 | Player 55 in snapshot: true | All entity IDs: [6, 22, 27, 32, 37, 47, 51, 54, 55, 56]
[DESERIALIZE] Starting snapshot #600 | Timestamp: 12.05 | Entity count: 10 | Player ID: 55 | Has baseline: false | Baseline seq: 0
[DESERIALIZE] Completed snapshot #600 | Final entity count: 10 | Player 55 in snapshot: true | All entity IDs: [6, 22, 27, 32, 37, 47, 51, 54, 55, 56]
[CLIENT] Received snapshot #600 | Snapshot timestamp: 12.05 | Current client time: 10.144 | Interpolator render_time: 11.89727178017 | Interpolator latest_server_time: 12.05 | Entities: 10 | Player in snapshot: true | Player ID: 55 | Data size: 117 bytes
[CLIENT] Remote Entity 6 Pos: (124.6606, 79.77759) Vel: (-0.125061, -0.125061)
[INTERPOLATOR] Buffer full, removing old snapshot seq 560
[INTERPOLATOR] Buffer: 40 pkts | Health: 152.7ms / 150.0ms | Status: OK
[DESERIALIZE] Starting snapshot #610 | Timestamp: 12.25 | Entity count: 10 | Player ID: 55 | Has baseline: true | Baseline seq: 609
[DESERIALIZE] Completed snapshot #610 | Final entity count: 10 | Player 55 in snapshot: true | All entity IDs: [6, 22, 27, 32, 37, 47, 51, 54, 55, 56]
[DESERIALIZE] Starting snapshot #620 | Timestamp: 12.4 | Entity count: 11 | Player ID: 55 | Has baseline: false | Baseline seq: 0
[DESERIALIZE] Completed snapshot #620 | Final entity count: 11 | Player 55 in snapshot: true | All entity IDs: [6, 22, 27, 32, 37, 47, 51, 52, 54, 55, 56]
[INTERPOLATOR] Buffer: 40 pkts | Health: 172.2ms / 150.0ms | Status: OK
[DESERIALIZE] Starting snapshot #630 | Timestamp: 12.55 | Entity count: 8 | Player ID: 55 | Has baseline: true | Baseline seq: 629
[DESERIALIZE] Completed snapshot #630 | Final entity count: 8 | Player 55 in snapshot: true | All entity IDs: [6, 27, 32, 47, 51, 52, 55, 56]
[DESERIALIZE] Starting snapshot #640 | Timestamp: 12.75 | Entity count: 8 | Player ID: 55 | Has baseline: false | Baseline seq: 0
[DESERIALIZE] Completed snapshot #640 | Final entity count: 8 | Player 55 in snapshot: true | All entity IDs: [6, 27, 32, 47, 51, 52, 55, 56]
[INTERPOLATOR] Buffer: 40 pkts | Health: 183.3ms / 150.0ms | Status: OK
[DESERIALIZE] Starting snapshot #650 | Timestamp: 12.9 | Entity count: 8 | Player ID: 55 | Has baseline: true | Baseline seq: 649
[DESERIALIZE] Completed snapshot #650 | Final entity count: 8 | Player 55 in snapshot: true | All entity IDs: [6, 27, 32, 47, 51, 52, 55, 56]
[DESERIALIZE] Starting snapshot #660 | Timestamp: 13.05 | Entity count: 6 | Player ID: 55 | Has baseline: false | Baseline seq: 0
[DESERIALIZE] Completed snapshot #660 | Final entity count: 6 | Player 55 in snapshot: true | All entity IDs: [6, 27, 32, 47, 52, 55]
[INTERPOLATOR] Buffer: 40 pkts | Health: 152.7ms / 150.0ms | Status: OK
[DESERIALIZE] Starting snapshot #670 | Timestamp: 13.25 | Entity count: 6 | Player ID: 55 | Has baseline: true | Baseline seq: 668
[DESERIALIZE] Completed snapshot #670 | Final entity count: 6 | Player 55 in snapshot: true | All entity IDs: [6, 27, 32, 47, 52, 55]
[DESERIALIZE] Starting snapshot #680 | Timestamp: 13.4 | Entity count: 6 | Player ID: 55 | Has baseline: false | Baseline seq: 0
[DESERIALIZE] Completed snapshot #680 | Final entity count: 6 | Player 55 in snapshot: true | All entity IDs: [6, 27, 32, 47, 52, 55]
[INTERPOLATOR] Buffer: 40 pkts | Health: 172.2ms / 150.0ms | Status: OK
[DESERIALIZE] Starting snapshot #690 | Timestamp: 13.55 | Entity count: 6 | Player ID: 55 | Has baseline: true | Baseline seq: 688
[DESERIALIZE] Completed snapshot #690 | Final entity count: 6 | Player 55 in snapshot: true | All entity IDs: [6, 27, 32, 47, 52, 55]
[DESERIALIZE] Starting snapshot #700 | Timestamp: 13.75 | Entity count: 8 | Player ID: 55 | Has baseline: false | Baseline seq: 0
[DESERIALIZE] Completed snapshot #700 | Final entity count: 8 | Player 55 in snapshot: true | All entity IDs: [6, 27, 32, 41, 47, 52, 54, 55]
[CLIENT] Received snapshot #700 | Snapshot timestamp: 13.75 | Current client time: 11.814 | Interpolator render_time: 13.5666614718739 | Interpolator latest_server_time: 13.7 | Entities: 8 | Player in snapshot: true | Player ID: 55 | Data size: 96 bytes
[CLIENT] Remote Entity 6 Pos: (124.6606, 79.77759) Vel: (-0.125061, -0.125061)
[INTERPOLATOR] Buffer full, removing old snapshot seq 660
[INTERPOLATOR] Buffer: 40 pkts | Health: 183.3ms / 150.0ms | Status: OK
[INTERPOLATOR] Entity 37 disappeared (in from_snapshot seq 699 but not in to_snapshot seq 700)
[INTERPOLATOR] Entity 37 disappeared (in from_snapshot seq 699 but not in to_snapshot seq 700)
[INTERPOLATOR] Entity 37 disappeared (in from_snapshot seq 699 but not in to_snapshot seq 700)
[INTERPOLATOR] Entity 37 disappeared (in from_snapshot seq 699 but not in to_snapshot seq 700)
[INTERPOLATOR] Entity 37 disappeared (in from_snapshot seq 699 but not in to_snapshot seq 700)
[DESERIALIZE] Starting snapshot #710 | Timestamp: 13.9 | Entity count: 8 | Player ID: 55 | Has baseline: true | Baseline seq: 708
[DESERIALIZE] Completed snapshot #710 | Final entity count: 8 | Player 55 in snapshot: true | All entity IDs: [6, 27, 32, 41, 47, 52, 54, 55]
[INTERPOLATOR] Entity 37 disappeared (in from_snapshot seq 699 but not in to_snapshot seq 700)
[INTERPOLATOR] Entity 37 disappeared (in from_snapshot seq 699 but not in to_snapshot seq 700)
[DESERIALIZE] Starting snapshot #720 | Timestamp: 14.05 | Entity count: 8 | Player ID: 55 | Has baseline: false | Baseline seq: 0
[DESERIALIZE] Completed snapshot #720 | Final entity count: 8 | Player 55 in snapshot: true | All entity IDs: [6, 27, 32, 41, 47, 52, 54, 55]
[INTERPOLATOR] Buffer: 40 pkts | Health: 152.7ms / 150.0ms | Status: OK
[DESERIALIZE] Starting snapshot #730 | Timestamp: 14.25 | Entity count: 8 | Player ID: 55 | Has baseline: true | Baseline seq: 728
[DESERIALIZE] Completed snapshot #730 | Final entity count: 8 | Player 55 in snapshot: true | All entity IDs: [6, 27, 32, 41, 47, 52, 54, 55]
[DESERIALIZE] Starting snapshot #740 | Timestamp: 14.4 | Entity count: 7 | Player ID: 55 | Has baseline: false | Baseline seq: 0
[DESERIALIZE] Completed snapshot #740 | Final entity count: 7 | Player 55 in snapshot: true | All entity IDs: [6, 27, 32, 41, 47, 52, 55]
[INTERPOLATOR] Buffer: 40 pkts | Health: 172.2ms / 150.0ms | Status: OK
[INTERPOLATOR] Entity 54 disappeared (in from_snapshot seq 738 but not in to_snapshot seq 739)
[INTERPOLATOR] Entity 54 disappeared (in from_snapshot seq 738 but not in to_snapshot seq 739)
[INTERPOLATOR] Entity 54 disappeared (in from_snapshot seq 738 but not in to_snapshot seq 739)
[INTERPOLATOR] Entity 54 disappeared (in from_snapshot seq 738 but not in to_snapshot seq 739)
[INTERPOLATOR] Entity 54 disappeared (in from_snapshot seq 738 but not in to_snapshot seq 739)
[INTERPOLATOR] Entity 54 disappeared (in from_snapshot seq 738 but not in to_snapshot seq 739)
[INTERPOLATOR] Entity 54 disappeared (in from_snapshot seq 738 but not in to_snapshot seq 739)
[DESERIALIZE] Starting snapshot #750 | Timestamp: 14.55 | Entity count: 7 | Player ID: 55 | Has baseline: true | Baseline seq: 748
[DESERIALIZE] Completed snapshot #750 | Final entity count: 7 | Player 55 in snapshot: true | All entity IDs: [6, 27, 32, 41, 47, 52, 55]
[DESERIALIZE] Starting snapshot #760 | Timestamp: 14.75 | Entity count: 7 | Player ID: 55 | Has baseline: false | Baseline seq: 0
[DESERIALIZE] Completed snapshot #760 | Final entity count: 7 | Player 55 in snapshot: true | All entity IDs: [6, 27, 32, 41, 47, 52, 55]
[INTERPOLATOR] Buffer: 40 pkts | Health: 183.3ms / 150.0ms | Status: OK
[DESERIALIZE] Starting snapshot #770 | Timestamp: 14.9 | Entity count: 11 | Player ID: 55 | Has baseline: true | Baseline seq: 768
[DESERIALIZE] Completed snapshot #770 | Final entity count: 11 | Player 55 in snapshot: true | All entity IDs: [6, 22, 27, 32, 37, 47, 51, 52, 54, 55, 56]
[DESERIALIZE] Starting snapshot #780 | Timestamp: 15.05 | Entity count: 10 | Player ID: 55 | Has baseline: false | Baseline seq: 0
[DESERIALIZE] Completed snapshot #780 | Final entity count: 10 | Player 55 in snapshot: true | All entity IDs: [6, 22, 27, 32, 47, 51, 52, 54, 55, 56]
[INTERPOLATOR] Buffer: 40 pkts | Health: 152.7ms / 150.0ms | Status: OK
[INTERPOLATOR] Entity 37 disappeared (in from_snapshot seq 774 but not in to_snapshot seq 775)
[INTERPOLATOR] Entity 37 disappeared (in from_snapshot seq 774 but not in to_snapshot seq 775)
[INTERPOLATOR] Entity 37 disappeared (in from_snapshot seq 774 but not in to_snapshot seq 775)
[INTERPOLATOR] Entity 37 disappeared (in from_snapshot seq 774 but not in to_snapshot seq 775)
[INTERPOLATOR] Entity 37 disappeared (in from_snapshot seq 774 but not in to_snapshot seq 775)
[INTERPOLATOR] Entity 37 disappeared (in from_snapshot seq 774 but not in to_snapshot seq 775)
[INTERPOLATOR] Entity 37 disappeared (in from_snapshot seq 774 but not in to_snapshot seq 775)
[DESERIALIZE] Starting snapshot #790 | Timestamp: 15.25 | Entity count: 9 | Player ID: 55 | Has baseline: true | Baseline seq: 788
[DESERIALIZE] Completed snapshot #790 | Final entity count: 9 | Player 55 in snapshot: true | All entity IDs: [6, 27, 32, 47, 51, 52, 54, 55, 56]
[INTERPOLATOR] Entity 22 disappeared (in from_snapshot seq 783 but not in to_snapshot seq 784)
[INTERPOLATOR] Entity 22 disappeared (in from_snapshot seq 783 but not in to_snapshot seq 784)
[INTERPOLATOR] Entity 22 disappeared (in from_snapshot seq 783 but not in to_snapshot seq 784)
[INTERPOLATOR] Entity 22 disappeared (in from_snapshot seq 783 but not in to_snapshot seq 784)
[INTERPOLATOR] Entity 22 disappeared (in from_snapshot seq 783 but not in to_snapshot seq 784)
[INTERPOLATOR] Entity 22 disappeared (in from_snapshot seq 783 but not in to_snapshot seq 784)
[INTERPOLATOR] Entity 22 disappeared (in from_snapshot seq 783 but not in to_snapshot seq 784)
[DESERIALIZE] Starting snapshot #800 | Timestamp: 15.4 | Entity count: 9 | Player ID: 55 | Has baseline: false | Baseline seq: 0
[DESERIALIZE] Completed snapshot #800 | Final entity count: 9 | Player 55 in snapshot: true | All entity IDs: [6, 27, 32, 47, 51, 52, 54, 55, 56]
[CLIENT] Received snapshot #800 | Snapshot timestamp: 15.4 | Current client time: 13.476 | Interpolator render_time: 15.2278094824938 | Interpolator latest_server_time: 15.4 | Entities: 9 | Player in snapshot: true | Player ID: 55 | Data size: 107 bytes
[CLIENT] Remote Entity 6 Pos: (124.6606, 79.77759) Vel: (-0.125061, -0.125061)
[INTERPOLATOR] Buffer full, removing old snapshot seq 760
[INTERPOLATOR] Buffer: 40 pkts | Health: 172.2ms / 150.0ms | Status: OK
[DESERIALIZE] Starting snapshot #810 | Timestamp: 15.55 | Entity count: 9 | Player ID: 55 | Has baseline: true | Baseline seq: 807
[DESERIALIZE] Completed snapshot #810 | Final entity count: 9 | Player 55 in snapshot: true | All entity IDs: [6, 27, 32, 47, 51, 52, 54, 55, 56]
[DESERIALIZE] Starting snapshot #820 | Timestamp: 15.75 | Entity count: 9 | Player ID: 55 | Has baseline: false | Baseline seq: 0
[DESERIALIZE] Completed snapshot #820 | Final entity count: 9 | Player 55 in snapshot: true | All entity IDs: [6, 27, 32, 47, 51, 52, 54, 55, 56]
[INTERPOLATOR] Buffer: 40 pkts | Health: 183.5ms / 150.0ms | Status: OK
[DESERIALIZE] Starting snapshot #830 | Timestamp: 15.9 | Entity count: 9 | Player ID: 55 | Has baseline: true | Baseline seq: 827
[DESERIALIZE] Completed snapshot #830 | Final entity count: 9 | Player 55 in snapshot: true | All entity IDs: [6, 27, 32, 47, 51, 52, 54, 55, 56]
[DESERIALIZE] Starting snapshot #840 | Timestamp: 16.05 | Entity count: 9 | Player ID: 55 | Has baseline: false | Baseline seq: 0
[DESERIALIZE] Completed snapshot #840 | Final entity count: 9 | Player 55 in snapshot: true | All entity IDs: [6, 27, 32, 47, 51, 52, 54, 55, 56]
[INTERPOLATOR] Buffer: 40 pkts | Health: 152.7ms / 150.0ms | Status: OK
[DESERIALIZE] Starting snapshot #850 | Timestamp: 16.25 | Entity count: 9 | Player ID: 55 | Has baseline: true | Baseline seq: 847
[DESERIALIZE] Completed snapshot #850 | Final entity count: 9 | Player 55 in snapshot: true | All entity IDs: [6, 27, 32, 47, 51, 52, 54, 55, 56]
[DESERIALIZE] Starting snapshot #860 | Timestamp: 16.4 | Entity count: 7 | Player ID: 55 | Has baseline: false | Baseline seq: 0
[DESERIALIZE] Completed snapshot #860 | Final entity count: 7 | Player 55 in snapshot: true | All entity IDs: [6, 27, 32, 41, 47, 52, 55]
[INTERPOLATOR] Buffer: 40 pkts | Health: 172.2ms / 150.0ms | Status: OK
[INTERPOLATOR] Entity 51 disappeared (in from_snapshot seq 855 but not in to_snapshot seq 856)
[INTERPOLATOR] Entity 54 disappeared (in from_snapshot seq 855 but not in to_snapshot seq 856)
[INTERPOLATOR] Entity 56 disappeared (in from_snapshot seq 855 but not in to_snapshot seq 856)
[INTERPOLATOR] Entity 51 disappeared (in from_snapshot seq 855 but not in to_snapshot seq 856)
[INTERPOLATOR] Entity 54 disappeared (in from_snapshot seq 855 but not in to_snapshot seq 856)
[INTERPOLATOR] Entity 56 disappeared (in from_snapshot seq 855 but not in to_snapshot seq 856)
[INTERPOLATOR] Entity 51 disappeared (in from_snapshot seq 855 but not in to_snapshot seq 856)
[INTERPOLATOR] Entity 54 disappeared (in from_snapshot seq 855 but not in to_snapshot seq 856)
[INTERPOLATOR] Entity 56 disappeared (in from_snapshot seq 855 but not in to_snapshot seq 856)
[INTERPOLATOR] Entity 51 disappeared (in from_snapshot seq 855 but not in to_snapshot seq 856)
[INTERPOLATOR] Entity 54 disappeared (in from_snapshot seq 855 but not in to_snapshot seq 856)
[INTERPOLATOR] Entity 56 disappeared (in from_snapshot seq 855 but not in to_snapshot seq 856)
[INTERPOLATOR] Entity 51 disappeared (in from_snapshot seq 855 but not in to_snapshot seq 856)
[INTERPOLATOR] Entity 54 disappeared (in from_snapshot seq 855 but not in to_snapshot seq 856)
[INTERPOLATOR] Entity 56 disappeared (in from_snapshot seq 855 but not in to_snapshot seq 856)
[INTERPOLATOR] Entity 51 disappeared (in from_snapshot seq 855 but not in to_snapshot seq 856)
[INTERPOLATOR] Entity 54 disappeared (in from_snapshot seq 855 but not in to_snapshot seq 856)
[INTERPOLATOR] Entity 56 disappeared (in from_snapshot seq 855 but not in to_snapshot seq 856)
[INTERPOLATOR] Entity 51 disappeared (in from_snapshot seq 855 but not in to_snapshot seq 856)
[INTERPOLATOR] Entity 54 disappeared (in from_snapshot seq 855 but not in to_snapshot seq 856)
[INTERPOLATOR] Entity 56 disappeared (in from_snapshot seq 855 but not in to_snapshot seq 856)
[DESERIALIZE] Starting snapshot #870 | Timestamp: 16.55 | Entity count: 7 | Player ID: 55 | Has baseline: true | Baseline seq: 867
[DESERIALIZE] Completed snapshot #870 | Final entity count: 7 | Player 55 in snapshot: true | All entity IDs: [6, 27, 32, 41, 47, 52, 55]
[DESERIALIZE] Starting snapshot #880 | Timestamp: 16.75 | Entity count: 7 | Player ID: 55 | Has baseline: false | Baseline seq: 0
[DESERIALIZE] Completed snapshot #880 | Final entity count: 7 | Player 55 in snapshot: true | All entity IDs: [6, 27, 32, 41, 47, 52, 55]
[INTERPOLATOR] Buffer: 40 pkts | Health: 183.5ms / 150.0ms | Status: OK
[DESERIALIZE] Starting snapshot #890 | Timestamp: 16.9 | Entity count: 6 | Player ID: 55 | Has baseline: true | Baseline seq: 887
[DESERIALIZE] Completed snapshot #890 | Final entity count: 6 | Player 55 in snapshot: true | All entity IDs: [6, 27, 32, 41, 52, 55]
[INTERPOLATOR] Entity 47 disappeared (in from_snapshot seq 885 but not in to_snapshot seq 886)
[INTERPOLATOR] Entity 47 disappeared (in from_snapshot seq 885 but not in to_snapshot seq 886)
[INTERPOLATOR] Entity 47 disappeared (in from_snapshot seq 885 but not in to_snapshot seq 886)
[INTERPOLATOR] Entity 47 disappeared (in from_snapshot seq 885 but not in to_snapshot seq 886)
[INTERPOLATOR] Entity 47 disappeared (in from_snapshot seq 885 but not in to_snapshot seq 886)
[INTERPOLATOR] Entity 47 disappeared (in from_snapshot seq 885 but not in to_snapshot seq 886)
[INTERPOLATOR] Entity 47 disappeared (in from_snapshot seq 885 but not in to_snapshot seq 886)
[INTERPOLATOR] Entity 47 disappeared (in from_snapshot seq 885 but not in to_snapshot seq 886)
[DESERIALIZE] Starting snapshot #900 | Timestamp: 17.05 | Entity count: 6 | Player ID: 55 | Has baseline: false | Baseline seq: 0
[DESERIALIZE] Completed snapshot #900 | Final entity count: 6 | Player 55 in snapshot: true | All entity IDs: [6, 27, 32, 41, 52, 55]
[CLIENT] Received snapshot #900 | Snapshot timestamp: 17.05 | Current client time: 15.145 | Interpolator render_time: 16.89727178017 | Interpolator latest_server_time: 17.05 | Entities: 6 | Player in snapshot: true | Player ID: 55 | Data size: 76 bytes
[CLIENT] Remote Entity 6 Pos: (124.6606, 79.77759) Vel: (-0.125061, -0.125061)
[INTERPOLATOR] Buffer full, removing old snapshot seq 860
[INTERPOLATOR] Buffer: 40 pkts | Health: 152.7ms / 150.0ms | Status: OK
[DESERIALIZE] Starting snapshot #910 | Timestamp: 17.25 | Entity count: 6 | Player ID: 55 | Has baseline: true | Baseline seq: 907
[DESERIALIZE] Completed snapshot #910 | Final entity count: 6 | Player 55 in snapshot: true | All entity IDs: [6, 27, 32, 41, 52, 55]
[DESERIALIZE] Starting snapshot #920 | Timestamp: 17.4 | Entity count: 6 | Player ID: 55 | Has baseline: false | Baseline seq: 0
[DESERIALIZE] Completed snapshot #920 | Final entity count: 6 | Player 55 in snapshot: true | All entity IDs: [6, 27, 32, 41, 52, 55]
[INTERPOLATOR] Buffer: 40 pkts | Health: 172.2ms / 150.0ms | Status: OK
[DESERIALIZE] Starting snapshot #930 | Timestamp: 17.55 | Entity count: 6 | Player ID: 55 | Has baseline: true | Baseline seq: 927
[DESERIALIZE] Completed snapshot #930 | Final entity count: 6 | Player 55 in snapshot: true | All entity IDs: [6, 27, 32, 41, 52, 55]
[DESERIALIZE] Starting snapshot #940 | Timestamp: 17.75 | Entity count: 11 | Player ID: 55 | Has baseline: false | Baseline seq: 0
[DESERIALIZE] Completed snapshot #940 | Final entity count: 11 | Player 55 in snapshot: true | All entity IDs: [6, 22, 27, 32, 37, 51, 52, 53, 54, 55, 56]
[INTERPOLATOR] Buffer: 40 pkts | Health: 183.5ms / 150.0ms | Status: OK
[DESERIALIZE] Starting snapshot #950 | Timestamp: 17.9 | Entity count: 11 | Player ID: 55 | Has baseline: true | Baseline seq: 946
[DESERIALIZE] Completed snapshot #950 | Final entity count: 11 | Player 55 in snapshot: true | All entity IDs: [6, 22, 27, 32, 37, 51, 52, 53, 54, 55, 56]
[DESERIALIZE] Starting snapshot #960 | Timestamp: 18.05 | Entity count: 11 | Player ID: 55 | Has baseline: false | Baseline seq: 0
[DESERIALIZE] Completed snapshot #960 | Final entity count: 11 | Player 55 in snapshot: true | All entity IDs: [6, 22, 27, 32, 37, 51, 52, 53, 54, 55, 56]
[INTERPOLATOR] Buffer: 40 pkts | Health: 152.7ms / 150.0ms | Status: OK
[DESERIALIZE] Starting snapshot #970 | Timestamp: 18.25 | Entity count: 11 | Player ID: 55 | Has baseline: true | Baseline seq: 966
[DESERIALIZE] Completed snapshot #970 | Final entity count: 11 | Player 55 in snapshot: true | All entity IDs: [6, 22, 27, 32, 37, 51, 52, 53, 54, 55, 56]
[DESERIALIZE] Starting snapshot #980 | Timestamp: 18.4 | Entity count: 11 | Player ID: 55 | Has baseline: false | Baseline seq: 0
[DESERIALIZE] Completed snapshot #980 | Final entity count: 11 | Player 55 in snapshot: true | All entity IDs: [6, 22, 27, 32, 37, 51, 52, 53, 54, 55, 56]
[INTERPOLATOR] Buffer: 40 pkts | Health: 172.2ms / 150.0ms | Status: OK
[DESERIALIZE] Starting snapshot #990 | Timestamp: 18.55 | Entity count: 11 | Player ID: 55 | Has baseline: true | Baseline seq: 986
[DESERIALIZE] Completed snapshot #990 | Final entity count: 11 | Player 55 in snapshot: true | All entity IDs: [6, 22, 27, 32, 37, 51, 52, 53, 54, 55, 56]
[DESERIALIZE] Starting snapshot #1000 | Timestamp: 18.75 | Entity count: 11 | Player ID: 55 | Has baseline: false | Baseline seq: 0
[DESERIALIZE] Completed snapshot #1000 | Final entity count: 11 | Player 55 in snapshot: true | All entity IDs: [6, 22, 27, 32, 37, 51, 52, 53, 54, 55, 56]
[CLIENT] Received snapshot #1000 | Snapshot timestamp: 18.75 | Current client time: 16.816 | Interpolator render_time: 18.5666614718739 | Interpolator latest_server_time: 18.7 | Entities: 11 | Player in snapshot: true | Player ID: 55 | Data size: 127 bytes
[CLIENT] Remote Entity 6 Pos: (124.6606, 79.77759) Vel: (-0.125061, -0.125061)
[INTERPOLATOR] Buffer full, removing old snapshot seq 960
[INTERPOLATOR] Buffer: 40 pkts | Health: 183.3ms / 150.0ms | Status: OK
