Godot Engine v4.5.1.stable.official.f62fdbde1 - https://godotengine.org

Connecting to server at 127.0.0.1:7777
[RENDERER] Debug walls drawn
[RENDERER] Debug obstacle paths drawn
Connected to server!
[CLIENT] Player entity ID tracked: 55
[INTERPOLATOR] First snapshot received! Seq: 1 | Timestamp: 2.1 | Setting render_time to: 1.95 | Delay: 0.15
[INTERPOLATOR] WARNING: Behind buffer! Jumping render_time from 1.96 to 2.1
[RENDERER] Client prediction ENABLED for player entity 55
[RENDERER] Created sprite for PLAYER entity 55
[INTERPOLATOR] WARNING: Behind buffer! Jumping render_time from 2.00666666666667 to 2.1
[INTERPOLATOR] WARNING: Behind buffer! Jumping render_time from 2.00666666666667 to 2.1
[INTERPOLATOR] WARNING: Behind buffer! Jumping render_time from 2.00666666666667 to 2.1
[INTERPOLATOR] WARNING: Behind buffer! Jumping render_time from 2.05666666666667 to 2.1
[INTERPOLATOR] WARNING: Behind buffer! Jumping render_time from 2.05666666666667 to 2.1
[INTERPOLATOR] WARNING: Behind buffer! Jumping render_time from 2.05666666666667 to 2.1
[DESERIALIZE] Starting snapshot #10 | Timestamp: 2.25 | Entity count: 7 | Player ID: 55 | Has baseline: true | Baseline seq: 6
[DESERIALIZE] Completed snapshot #10 | Final entity count: 7 | Player 55 in snapshot: true | All entity IDs: [24, 39, 44, 45, 51, 54, 55]
[DESERIALIZE] Starting snapshot #20 | Timestamp: 2.4 | Entity count: 7 | Player ID: 55 | Has baseline: false | Baseline seq: 0
[DESERIALIZE] Completed snapshot #20 | Final entity count: 7 | Player 55 in snapshot: true | All entity IDs: [24, 39, 44, 45, 51, 54, 55]
[INTERPOLATOR] Buffer: 20 pkts | Health: 150.5ms / 150.0ms | Status: OK
[DESERIALIZE] Starting snapshot #30 | Timestamp: 2.6 | Entity count: 8 | Player ID: 55 | Has baseline: true | Baseline seq: 26
[DESERIALIZE] Completed snapshot #30 | Final entity count: 8 | Player 55 in snapshot: true | All entity IDs: [24, 39, 44, 45, 51, 53, 54, 55]
[DESERIALIZE] Starting snapshot #40 | Timestamp: 2.75 | Entity count: 8 | Player ID: 55 | Has baseline: false | Baseline seq: 0
[DESERIALIZE] Completed snapshot #40 | Final entity count: 8 | Player 55 in snapshot: true | All entity IDs: [24, 39, 44, 45, 51, 53, 54, 55]
[INTERPOLATOR] Buffer: 40 pkts | Health: 167.8ms / 150.0ms | Status: OK
[DESERIALIZE] Starting snapshot #50 | Timestamp: 2.9 | Entity count: 9 | Player ID: 55 | Has baseline: true | Baseline seq: 46
[DESERIALIZE] Completed snapshot #50 | Final entity count: 9 | Player 55 in snapshot: true | All entity IDs: [24, 39, 44, 45, 51, 52, 53, 54, 55]
[DESERIALIZE] Starting snapshot #60 | Timestamp: 3.1 | Entity count: 9 | Player ID: 55 | Has baseline: false | Baseline seq: 0
[DESERIALIZE] Completed snapshot #60 | Final entity count: 9 | Player 55 in snapshot: true | All entity IDs: [24, 39, 44, 45, 51, 52, 53, 54, 55]
[INTERPOLATOR] Buffer: 40 pkts | Health: 187.8ms / 150.0ms | Status: OK
[DESERIALIZE] Starting snapshot #70 | Timestamp: 3.25 | Entity count: 10 | Player ID: 55 | Has baseline: true | Baseline seq: 66
[DESERIALIZE] Completed snapshot #70 | Final entity count: 10 | Player 55 in snapshot: true | All entity IDs: [24, 39, 44, 45, 51, 52, 53, 54, 55, 56]
[DESERIALIZE] Starting snapshot #80 | Timestamp: 3.4 | Entity count: 10 | Player ID: 55 | Has baseline: false | Baseline seq: 0
[DESERIALIZE] Completed snapshot #80 | Final entity count: 10 | Player 55 in snapshot: true | All entity IDs: [24, 39, 44, 45, 51, 52, 53, 54, 55, 56]
[INTERPOLATOR] Buffer: 40 pkts | Health: 150.0ms / 150.0ms | Status: OK
[DESERIALIZE] Starting snapshot #90 | Timestamp: 3.6 | Entity count: 10 | Player ID: 55 | Has baseline: true | Baseline seq: 89
[DESERIALIZE] Completed snapshot #90 | Final entity count: 10 | Player 55 in snapshot: true | All entity IDs: [24, 39, 44, 45, 51, 52, 53, 54, 55, 56]
[DESERIALIZE] Starting snapshot #100 | Timestamp: 3.75 | Entity count: 10 | Player ID: 55 | Has baseline: false | Baseline seq: 0
[DESERIALIZE] Completed snapshot #100 | Final entity count: 10 | Player 55 in snapshot: true | All entity IDs: [24, 39, 44, 45, 51, 52, 53, 54, 55, 56]
[CLIENT] Received snapshot #100 | Snapshot timestamp: 3.75 | Current client time: 1.811 | Interpolator render_time: 3.58198720035557 | Interpolator latest_server_time: 3.75 | Entities: 10 | Player in snapshot: true | Player ID: 55 | Data size: 117 bytes
[INTERPOLATOR] Buffer full, removing old snapshot seq 60
[INTERPOLATOR] Buffer: 40 pkts | Health: 168.0ms / 150.0ms | Status: OK
[DESERIALIZE] Starting snapshot #110 | Timestamp: 3.9 | Entity count: 10 | Player ID: 55 | Has baseline: true | Baseline seq: 109
[DESERIALIZE] Completed snapshot #110 | Final entity count: 10 | Player 55 in snapshot: true | All entity IDs: [24, 39, 44, 45, 51, 52, 53, 54, 55, 56]
=== CLIENT MODE ===
[DESERIALIZE] Starting snapshot #120 | Timestamp: 4.1 | Entity count: 10 | Player ID: 55 | Has baseline: false | Baseline seq: 0
[DESERIALIZE] Completed snapshot #120 | Final entity count: 10 | Player 55 in snapshot: true | All entity IDs: [24, 39, 44, 45, 51, 52, 53, 54, 55, 56]
[INTERPOLATOR] Buffer: 40 pkts | Health: 187.4ms / 150.0ms | Status: OK
[DESERIALIZE] Starting snapshot #130 | Timestamp: 4.25 | Entity count: 10 | Player ID: 55 | Has baseline: true | Baseline seq: 129
[DESERIALIZE] Completed snapshot #130 | Final entity count: 10 | Player 55 in snapshot: true | All entity IDs: [24, 39, 44, 45, 51, 52, 53, 54, 55, 56]
[DESERIALIZE] Starting snapshot #140 | Timestamp: 4.4 | Entity count: 10 | Player ID: 55 | Has baseline: false | Baseline seq: 0
[DESERIALIZE] Completed snapshot #140 | Final entity count: 10 | Player 55 in snapshot: true | All entity IDs: [24, 39, 44, 45, 51, 52, 53, 54, 55, 56]
[INTERPOLATOR] Buffer: 40 pkts | Health: 154.0ms / 150.0ms | Status: OK
[DESERIALIZE] Starting snapshot #150 | Timestamp: 4.6 | Entity count: 10 | Player ID: 55 | Has baseline: true | Baseline seq: 149
[DESERIALIZE] Completed snapshot #150 | Final entity count: 10 | Player 55 in snapshot: true | All entity IDs: [24, 39, 44, 45, 51, 52, 53, 54, 55, 56]
[DESERIALIZE] Starting snapshot #160 | Timestamp: 4.75 | Entity count: 10 | Player ID: 55 | Has baseline: false | Baseline seq: 0
[DESERIALIZE] Completed snapshot #160 | Final entity count: 10 | Player 55 in snapshot: true | All entity IDs: [24, 39, 44, 45, 51, 52, 53, 54, 55, 56]
[INTERPOLATOR] Buffer: 40 pkts | Health: 166.8ms / 150.0ms | Status: OK
[DESERIALIZE] Starting snapshot #170 | Timestamp: 4.9 | Entity count: 10 | Player ID: 55 | Has baseline: true | Baseline seq: 169
[DESERIALIZE] Completed snapshot #170 | Final entity count: 10 | Player 55 in snapshot: true | All entity IDs: [24, 39, 44, 45, 51, 52, 53, 54, 55, 56]
[DESERIALIZE] Starting snapshot #180 | Timestamp: 5.1 | Entity count: 10 | Player ID: 55 | Has baseline: false | Baseline seq: 0
[DESERIALIZE] Completed snapshot #180 | Final entity count: 10 | Player 55 in snapshot: true | All entity IDs: [24, 39, 44, 45, 51, 52, 53, 54, 55, 56]
[INTERPOLATOR] Buffer: 40 pkts | Health: 186.2ms / 150.0ms | Status: OK
[DESERIALIZE] Starting snapshot #190 | Timestamp: 5.25 | Entity count: 10 | Player ID: 55 | Has baseline: true | Baseline seq: 188
[DESERIALIZE] Completed snapshot #190 | Final entity count: 10 | Player 55 in snapshot: true | All entity IDs: [24, 39, 44, 45, 51, 52, 53, 54, 55, 56]
[DESERIALIZE] Starting snapshot #200 | Timestamp: 5.4 | Entity count: 10 | Player ID: 55 | Has baseline: false | Baseline seq: 0
[DESERIALIZE] Completed snapshot #200 | Final entity count: 10 | Player 55 in snapshot: true | All entity IDs: [24, 39, 44, 45, 51, 52, 53, 54, 55, 56]
[CLIENT] Received snapshot #200 | Snapshot timestamp: 5.4 | Current client time: 3.474 | Interpolator render_time: 5.24586174585596 | Interpolator latest_server_time: 5.4 | Entities: 10 | Player in snapshot: true | Player ID: 55 | Data size: 117 bytes
[INTERPOLATOR] Buffer full, removing old snapshot seq 160
[INTERPOLATOR] Buffer: 40 pkts | Health: 154.1ms / 150.0ms | Status: OK
[DESERIALIZE] Starting snapshot #210 | Timestamp: 5.6 | Entity count: 10 | Player ID: 55 | Has baseline: true | Baseline seq: 208
[DESERIALIZE] Completed snapshot #210 | Final entity count: 10 | Player 55 in snapshot: true | All entity IDs: [24, 39, 44, 45, 51, 52, 53, 54, 55, 56]
[DESERIALIZE] Starting snapshot #220 | Timestamp: 5.75 | Entity count: 10 | Player ID: 55 | Has baseline: false | Baseline seq: 0
[DESERIALIZE] Completed snapshot #220 | Final entity count: 10 | Player 55 in snapshot: true | All entity IDs: [24, 39, 44, 45, 51, 52, 53, 54, 55, 56]
[INTERPOLATOR] Buffer: 40 pkts | Health: 166.6ms / 150.0ms | Status: OK
[DESERIALIZE] Starting snapshot #230 | Timestamp: 5.9 | Entity count: 10 | Player ID: 55 | Has baseline: true | Baseline seq: 228
[DESERIALIZE] Completed snapshot #230 | Final entity count: 10 | Player 55 in snapshot: true | All entity IDs: [24, 39, 44, 45, 51, 52, 53, 54, 55, 56]
[DESERIALIZE] Starting snapshot #240 | Timestamp: 6.1 | Entity count: 10 | Player ID: 55 | Has baseline: false | Baseline seq: 0
[DESERIALIZE] Completed snapshot #240 | Final entity count: 10 | Player 55 in snapshot: true | All entity IDs: [24, 39, 44, 45, 51, 52, 53, 54, 55, 56]
[INTERPOLATOR] Buffer: 40 pkts | Health: 186.1ms / 150.0ms | Status: OK
[DESERIALIZE] Starting snapshot #250 | Timestamp: 6.25 | Entity count: 10 | Player ID: 55 | Has baseline: true | Baseline seq: 248
[DESERIALIZE] Completed snapshot #250 | Final entity count: 10 | Player 55 in snapshot: true | All entity IDs: [24, 39, 44, 45, 51, 52, 53, 54, 55, 56]
[DESERIALIZE] Starting snapshot #260 | Timestamp: 6.4 | Entity count: 10 | Player ID: 55 | Has baseline: false | Baseline seq: 0
[DESERIALIZE] Completed snapshot #260 | Final entity count: 10 | Player 55 in snapshot: true | All entity IDs: [24, 39, 44, 45, 51, 52, 53, 54, 55, 56]
[INTERPOLATOR] Buffer: 40 pkts | Health: 154.2ms / 150.0ms | Status: OK
[DESERIALIZE] Starting snapshot #270 | Timestamp: 6.6 | Entity count: 10 | Player ID: 55 | Has baseline: true | Baseline seq: 268
[DESERIALIZE] Completed snapshot #270 | Final entity count: 10 | Player 55 in snapshot: true | All entity IDs: [24, 39, 44, 45, 51, 52, 53, 54, 55, 56]
[DESERIALIZE] Starting snapshot #280 | Timestamp: 6.75 | Entity count: 10 | Player ID: 55 | Has baseline: false | Baseline seq: 0
[DESERIALIZE] Completed snapshot #280 | Final entity count: 10 | Player 55 in snapshot: true | All entity IDs: [24, 39, 44, 45, 51, 52, 53, 54, 55, 56]
[INTERPOLATOR] Buffer: 40 pkts | Health: 166.4ms / 150.0ms | Status: OK
[DESERIALIZE] Starting snapshot #290 | Timestamp: 6.9 | Entity count: 10 | Player ID: 55 | Has baseline: true | Baseline seq: 288
[DESERIALIZE] Completed snapshot #290 | Final entity count: 10 | Player 55 in snapshot: true | All entity IDs: [24, 39, 44, 45, 51, 52, 53, 54, 55, 56]
[DESERIALIZE] Starting snapshot #300 | Timestamp: 7.1 | Entity count: 10 | Player ID: 55 | Has baseline: false | Baseline seq: 0
[DESERIALIZE] Completed snapshot #300 | Final entity count: 10 | Player 55 in snapshot: true | All entity IDs: [24, 39, 44, 45, 51, 52, 53, 54, 55, 56]
[CLIENT] Received snapshot #300 | Snapshot timestamp: 7.1 | Current client time: 5.144 | Interpolator render_time: 6.91378555555555 | Interpolator latest_server_time: 7.05 | Entities: 10 | Player in snapshot: true | Player ID: 55 | Data size: 117 bytes
[INTERPOLATOR] Buffer full, removing old snapshot seq 260
[INTERPOLATOR] Buffer: 40 pkts | Health: 186.2ms / 150.0ms | Status: OK
[DESERIALIZE] Starting snapshot #310 | Timestamp: 7.25 | Entity count: 10 | Player ID: 55 | Has baseline: true | Baseline seq: 308
[DESERIALIZE] Completed snapshot #310 | Final entity count: 10 | Player 55 in snapshot: true | All entity IDs: [24, 39, 44, 45, 51, 52, 53, 54, 55, 56]
[DESERIALIZE] Starting snapshot #320 | Timestamp: 7.4 | Entity count: 10 | Player ID: 55 | Has baseline: false | Baseline seq: 0
[DESERIALIZE] Completed snapshot #320 | Final entity count: 10 | Player 55 in snapshot: true | All entity IDs: [24, 39, 44, 45, 51, 52, 53, 54, 55, 56]
[INTERPOLATOR] Buffer: 40 pkts | Health: 154.1ms / 150.0ms | Status: OK
[DESERIALIZE] Starting snapshot #330 | Timestamp: 7.6 | Entity count: 11 | Player ID: 55 | Has baseline: true | Baseline seq: 327
[DESERIALIZE] Completed snapshot #330 | Final entity count: 11 | Player 55 in snapshot: true | All entity IDs: [24, 39, 44, 45, 49, 51, 52, 53, 54, 55, 56]
[DESERIALIZE] Starting snapshot #340 | Timestamp: 7.75 | Entity count: 11 | Player ID: 55 | Has baseline: false | Baseline seq: 0
[DESERIALIZE] Completed snapshot #340 | Final entity count: 11 | Player 55 in snapshot: true | All entity IDs: [24, 39, 44, 45, 49, 51, 52, 53, 54, 55, 56]
[INTERPOLATOR] Buffer: 40 pkts | Health: 166.6ms / 150.0ms | Status: OK
[DESERIALIZE] Starting snapshot #350 | Timestamp: 7.9 | Entity count: 11 | Player ID: 55 | Has baseline: true | Baseline seq: 347
[DESERIALIZE] Completed snapshot #350 | Final entity count: 11 | Player 55 in snapshot: true | All entity IDs: [24, 39, 44, 45, 49, 51, 52, 53, 54, 55, 56]
[DESERIALIZE] Starting snapshot #360 | Timestamp: 8.1 | Entity count: 11 | Player ID: 55 | Has baseline: false | Baseline seq: 0
[DESERIALIZE] Completed snapshot #360 | Final entity count: 11 | Player 55 in snapshot: true | All entity IDs: [24, 39, 44, 45, 49, 51, 52, 53, 54, 55, 56]
[INTERPOLATOR] Buffer: 40 pkts | Health: 186.4ms / 150.0ms | Status: OK
[DESERIALIZE] Starting snapshot #370 | Timestamp: 8.25 | Entity count: 11 | Player ID: 55 | Has baseline: true | Baseline seq: 367
[DESERIALIZE] Completed snapshot #370 | Final entity count: 11 | Player 55 in snapshot: true | All entity IDs: [24, 39, 44, 45, 49, 51, 52, 53, 54, 55, 56]
[DESERIALIZE] Starting snapshot #380 | Timestamp: 8.4 | Entity count: 11 | Player ID: 55 | Has baseline: false | Baseline seq: 0
[DESERIALIZE] Completed snapshot #380 | Final entity count: 11 | Player 55 in snapshot: true | All entity IDs: [24, 39, 44, 45, 49, 51, 52, 53, 54, 55, 56]
[INTERPOLATOR] Buffer: 40 pkts | Health: 154.2ms / 150.0ms | Status: OK
[DESERIALIZE] Starting snapshot #390 | Timestamp: 8.6 | Entity count: 11 | Player ID: 55 | Has baseline: true | Baseline seq: 387
[DESERIALIZE] Completed snapshot #390 | Final entity count: 11 | Player 55 in snapshot: true | All entity IDs: [24, 39, 44, 45, 49, 51, 52, 53, 54, 55, 56]
[DESERIALIZE] Starting snapshot #400 | Timestamp: 8.75 | Entity count: 11 | Player ID: 55 | Has baseline: false | Baseline seq: 0
[DESERIALIZE] Completed snapshot #400 | Final entity count: 11 | Player 55 in snapshot: true | All entity IDs: [24, 39, 44, 45, 49, 51, 52, 53, 54, 55, 56]
[CLIENT] Received snapshot #400 | Snapshot timestamp: 8.75 | Current client time: 6.814 | Interpolator render_time: 8.5835981149459 | Interpolator latest_server_time: 8.75 | Entities: 11 | Player in snapshot: true | Player ID: 55 | Data size: 127 bytes
[INTERPOLATOR] Buffer full, removing old snapshot seq 360
[INTERPOLATOR] Buffer: 40 pkts | Health: 166.4ms / 150.0ms | Status: OK
[DESERIALIZE] Starting snapshot #410 | Timestamp: 8.9 | Entity count: 11 | Player ID: 55 | Has baseline: true | Baseline seq: 407
[DESERIALIZE] Completed snapshot #410 | Final entity count: 11 | Player 55 in snapshot: true | All entity IDs: [24, 39, 44, 45, 49, 51, 52, 53, 54, 55, 56]
[DESERIALIZE] Starting snapshot #420 | Timestamp: 9.1 | Entity count: 11 | Player ID: 55 | Has baseline: false | Baseline seq: 0
[DESERIALIZE] Completed snapshot #420 | Final entity count: 11 | Player 55 in snapshot: true | All entity IDs: [24, 39, 44, 45, 49, 51, 52, 53, 54, 55, 56]
[INTERPOLATOR] Buffer: 40 pkts | Health: 186.2ms / 150.0ms | Status: OK
[DESERIALIZE] Starting snapshot #430 | Timestamp: 9.25 | Entity count: 11 | Player ID: 55 | Has baseline: true | Baseline seq: 427
[DESERIALIZE] Completed snapshot #430 | Final entity count: 11 | Player 55 in snapshot: true | All entity IDs: [24, 39, 44, 45, 49, 51, 52, 53, 54, 55, 56]
[DESERIALIZE] Starting snapshot #440 | Timestamp: 9.4 | Entity count: 11 | Player ID: 55 | Has baseline: false | Baseline seq: 0
[DESERIALIZE] Completed snapshot #440 | Final entity count: 11 | Player 55 in snapshot: true | All entity IDs: [24, 39, 44, 45, 49, 51, 52, 53, 54, 55, 56]
[INTERPOLATOR] Buffer: 40 pkts | Health: 154.2ms / 150.0ms | Status: OK
[DESERIALIZE] Starting snapshot #450 | Timestamp: 9.6 | Entity count: 11 | Player ID: 55 | Has baseline: true | Baseline seq: 447
[DESERIALIZE] Completed snapshot #450 | Final entity count: 11 | Player 55 in snapshot: true | All entity IDs: [24, 39, 44, 45, 49, 51, 52, 53, 54, 55, 56]
[DESERIALIZE] Starting snapshot #460 | Timestamp: 9.75 | Entity count: 11 | Player ID: 55 | Has baseline: false | Baseline seq: 0
[DESERIALIZE] Completed snapshot #460 | Final entity count: 11 | Player 55 in snapshot: true | All entity IDs: [24, 39, 44, 45, 49, 51, 52, 53, 54, 55, 56]
[INTERPOLATOR] Buffer: 40 pkts | Health: 166.6ms / 150.0ms | Status: OK
[DESERIALIZE] Starting snapshot #470 | Timestamp: 9.9 | Entity count: 11 | Player ID: 55 | Has baseline: true | Baseline seq: 466
[DESERIALIZE] Completed snapshot #470 | Final entity count: 11 | Player 55 in snapshot: true | All entity IDs: [24, 39, 44, 45, 49, 51, 52, 53, 54, 55, 56]
[DESERIALIZE] Starting snapshot #480 | Timestamp: 10.1 | Entity count: 11 | Player ID: 55 | Has baseline: false | Baseline seq: 0
[DESERIALIZE] Completed snapshot #480 | Final entity count: 11 | Player 55 in snapshot: true | All entity IDs: [24, 39, 44, 45, 49, 51, 52, 53, 54, 55, 56]
[INTERPOLATOR] Buffer: 40 pkts | Health: 186.2ms / 150.0ms | Status: OK
[DESERIALIZE] Starting snapshot #490 | Timestamp: 10.25 | Entity count: 11 | Player ID: 55 | Has baseline: true | Baseline seq: 486
[DESERIALIZE] Completed snapshot #490 | Final entity count: 11 | Player 55 in snapshot: true | All entity IDs: [24, 39, 44, 45, 49, 51, 52, 53, 54, 55, 56]
[DESERIALIZE] Starting snapshot #500 | Timestamp: 10.4 | Entity count: 11 | Player ID: 55 | Has baseline: false | Baseline seq: 0
[DESERIALIZE] Completed snapshot #500 | Final entity count: 11 | Player 55 in snapshot: true | All entity IDs: [24, 39, 44, 45, 49, 51, 52, 53, 54, 55, 56]
[CLIENT] Received snapshot #500 | Snapshot timestamp: 10.4 | Current client time: 8.477 | Interpolator render_time: 10.2458034373452 | Interpolator latest_server_time: 10.4 | Entities: 11 | Player in snapshot: true | Player ID: 55 | Data size: 127 bytes
[INTERPOLATOR] Buffer full, removing old snapshot seq 460
[INTERPOLATOR] Buffer: 40 pkts | Health: 154.2ms / 150.0ms | Status: OK
[DESERIALIZE] Starting snapshot #510 | Timestamp: 10.6 | Entity count: 11 | Player ID: 55 | Has baseline: true | Baseline seq: 506
[DESERIALIZE] Completed snapshot #510 | Final entity count: 11 | Player 55 in snapshot: true | All entity IDs: [24, 39, 44, 45, 49, 51, 52, 53, 54, 55, 56]
[DESERIALIZE] Starting snapshot #520 | Timestamp: 10.75 | Entity count: 11 | Player ID: 55 | Has baseline: false | Baseline seq: 0
[DESERIALIZE] Completed snapshot #520 | Final entity count: 11 | Player 55 in snapshot: true | All entity IDs: [24, 39, 44, 45, 49, 51, 52, 53, 54, 55, 56]
[INTERPOLATOR] Buffer: 40 pkts | Health: 166.6ms / 150.0ms | Status: OK
[DESERIALIZE] Starting snapshot #530 | Timestamp: 10.9 | Entity count: 11 | Player ID: 55 | Has baseline: true | Baseline seq: 526
[DESERIALIZE] Completed snapshot #530 | Final entity count: 11 | Player 55 in snapshot: true | All entity IDs: [24, 39, 44, 45, 49, 51, 52, 53, 54, 55, 56]
[DESERIALIZE] Starting snapshot #540 | Timestamp: 11.1 | Entity count: 11 | Player ID: 55 | Has baseline: false | Baseline seq: 0
[DESERIALIZE] Completed snapshot #540 | Final entity count: 11 | Player 55 in snapshot: true | All entity IDs: [24, 39, 44, 45, 49, 51, 52, 53, 54, 55, 56]
[INTERPOLATOR] Buffer: 40 pkts | Health: 186.2ms / 150.0ms | Status: OK
[DESERIALIZE] Starting snapshot #550 | Timestamp: 11.25 | Entity count: 11 | Player ID: 55 | Has baseline: true | Baseline seq: 546
[DESERIALIZE] Completed snapshot #550 | Final entity count: 11 | Player 55 in snapshot: true | All entity IDs: [24, 39, 44, 45, 49, 51, 52, 53, 54, 55, 56]
[DESERIALIZE] Starting snapshot #560 | Timestamp: 11.4 | Entity count: 11 | Player ID: 55 | Has baseline: false | Baseline seq: 0
[DESERIALIZE] Completed snapshot #560 | Final entity count: 11 | Player 55 in snapshot: true | All entity IDs: [24, 39, 44, 45, 49, 51, 52, 53, 54, 55, 56]
[INTERPOLATOR] Buffer: 40 pkts | Health: 154.2ms / 150.0ms | Status: OK
[DESERIALIZE] Starting snapshot #570 | Timestamp: 11.6 | Entity count: 11 | Player ID: 55 | Has baseline: true | Baseline seq: 569
[DESERIALIZE] Completed snapshot #570 | Final entity count: 11 | Player 55 in snapshot: true | All entity IDs: [24, 39, 44, 45, 49, 51, 52, 53, 54, 55, 56]
[DESERIALIZE] Starting snapshot #580 | Timestamp: 11.75 | Entity count: 11 | Player ID: 55 | Has baseline: false | Baseline seq: 0
[DESERIALIZE] Completed snapshot #580 | Final entity count: 11 | Player 55 in snapshot: true | All entity IDs: [24, 39, 44, 45, 49, 51, 52, 53, 54, 55, 56]
[INTERPOLATOR] Buffer: 40 pkts | Health: 166.6ms / 150.0ms | Status: OK
[DESERIALIZE] Starting snapshot #590 | Timestamp: 11.9 | Entity count: 11 | Player ID: 55 | Has baseline: true | Baseline seq: 586
[DESERIALIZE] Completed snapshot #590 | Final entity count: 11 | Player 55 in snapshot: true | All entity IDs: [24, 39, 44, 45, 49, 51, 52, 53, 54, 55, 56]
[DESERIALIZE] Starting snapshot #600 | Timestamp: 12.1 | Entity count: 11 | Player ID: 55 | Has baseline: false | Baseline seq: 0
[DESERIALIZE] Completed snapshot #600 | Final entity count: 11 | Player 55 in snapshot: true | All entity IDs: [24, 39, 44, 45, 49, 51, 52, 53, 54, 55, 56]
[CLIENT] Received snapshot #600 | Snapshot timestamp: 12.1 | Current client time: 10.147 | Interpolator render_time: 11.913792 | Interpolator latest_server_time: 12.05 | Entities: 11 | Player in snapshot: true | Player ID: 55 | Data size: 127 bytes
[INTERPOLATOR] Buffer full, removing old snapshot seq 560
[INTERPOLATOR] Buffer: 40 pkts | Health: 186.2ms / 150.0ms | Status: OK
[DESERIALIZE] Starting snapshot #610 | Timestamp: 12.25 | Entity count: 11 | Player ID: 55 | Has baseline: true | Baseline seq: 609
[DESERIALIZE] Completed snapshot #610 | Final entity count: 11 | Player 55 in snapshot: true | All entity IDs: [24, 39, 44, 45, 49, 51, 52, 53, 54, 55, 56]
[DESERIALIZE] Starting snapshot #620 | Timestamp: 12.4 | Entity count: 11 | Player ID: 55 | Has baseline: false | Baseline seq: 0
[DESERIALIZE] Completed snapshot #620 | Final entity count: 11 | Player 55 in snapshot: true | All entity IDs: [24, 39, 44, 45, 49, 51, 52, 53, 54, 55, 56]
[INTERPOLATOR] Buffer: 40 pkts | Health: 154.2ms / 150.0ms | Status: OK
[DESERIALIZE] Starting snapshot #630 | Timestamp: 12.6 | Entity count: 11 | Player ID: 55 | Has baseline: true | Baseline seq: 629
[DESERIALIZE] Completed snapshot #630 | Final entity count: 11 | Player 55 in snapshot: true | All entity IDs: [24, 39, 44, 45, 49, 51, 52, 53, 54, 55, 56]
[DESERIALIZE] Starting snapshot #640 | Timestamp: 12.75 | Entity count: 11 | Player ID: 55 | Has baseline: false | Baseline seq: 0
[DESERIALIZE] Completed snapshot #640 | Final entity count: 11 | Player 55 in snapshot: true | All entity IDs: [24, 39, 44, 45, 49, 51, 52, 53, 54, 55, 56]
[INTERPOLATOR] Buffer: 40 pkts | Health: 166.6ms / 150.0ms | Status: OK
[DESERIALIZE] Starting snapshot #650 | Timestamp: 12.9 | Entity count: 11 | Player ID: 55 | Has baseline: true | Baseline seq: 648
[DESERIALIZE] Completed snapshot #650 | Final entity count: 11 | Player 55 in snapshot: true | All entity IDs: [24, 39, 44, 45, 49, 51, 52, 53, 54, 55, 56]
[DESERIALIZE] Starting snapshot #660 | Timestamp: 13.1 | Entity count: 11 | Player ID: 55 | Has baseline: false | Baseline seq: 0
[DESERIALIZE] Completed snapshot #660 | Final entity count: 11 | Player 55 in snapshot: true | All entity IDs: [24, 39, 44, 45, 49, 51, 52, 53, 54, 55, 56]
[INTERPOLATOR] Buffer: 40 pkts | Health: 186.2ms / 150.0ms | Status: OK
[DESERIALIZE] Starting snapshot #670 | Timestamp: 13.25 | Entity count: 11 | Player ID: 55 | Has baseline: true | Baseline seq: 668
[DESERIALIZE] Completed snapshot #670 | Final entity count: 11 | Player 55 in snapshot: true | All entity IDs: [24, 39, 44, 45, 49, 51, 52, 53, 54, 55, 56]
[DESERIALIZE] Starting snapshot #680 | Timestamp: 13.4 | Entity count: 11 | Player ID: 55 | Has baseline: false | Baseline seq: 0
[DESERIALIZE] Completed snapshot #680 | Final entity count: 11 | Player 55 in snapshot: true | All entity IDs: [24, 39, 44, 45, 49, 51, 52, 53, 54, 55, 56]
[INTERPOLATOR] Buffer: 40 pkts | Health: 154.2ms / 150.0ms | Status: OK
[DESERIALIZE] Starting snapshot #690 | Timestamp: 13.6 | Entity count: 10 | Player ID: 55 | Has baseline: true | Baseline seq: 688
[DESERIALIZE] Completed snapshot #690 | Final entity count: 10 | Player 55 in snapshot: true | All entity IDs: [24, 39, 44, 45, 49, 51, 52, 54, 55, 56]
[INTERPOLATOR] Entity 53 disappeared (in from_snapshot seq 689 but not in to_snapshot seq 690)
[INTERPOLATOR] Entity 53 disappeared (in from_snapshot seq 689 but not in to_snapshot seq 690)
[INTERPOLATOR] Entity 53 disappeared (in from_snapshot seq 689 but not in to_snapshot seq 690)
[INTERPOLATOR] Entity 53 disappeared (in from_snapshot seq 689 but not in to_snapshot seq 690)
[INTERPOLATOR] Entity 53 disappeared (in from_snapshot seq 689 but not in to_snapshot seq 690)
[DESERIALIZE] Starting snapshot #700 | Timestamp: 13.75 | Entity count: 10 | Player ID: 55 | Has baseline: false | Baseline seq: 0
[DESERIALIZE] Completed snapshot #700 | Final entity count: 10 | Player 55 in snapshot: true | All entity IDs: [24, 39, 44, 45, 49, 51, 52, 54, 55, 56]
[CLIENT] Received snapshot #700 | Snapshot timestamp: 13.75 | Current client time: 11.816 | Interpolator render_time: 13.5834226213685 | Interpolator latest_server_time: 13.75 | Entities: 10 | Player in snapshot: true | Player ID: 55 | Data size: 117 bytes
[INTERPOLATOR] Buffer full, removing old snapshot seq 660
[INTERPOLATOR] Buffer: 40 pkts | Health: 166.6ms / 150.0ms | Status: OK
[INTERPOLATOR] Entity 53 disappeared (in from_snapshot seq 689 but not in to_snapshot seq 690)
[INTERPOLATOR] Entity 53 disappeared (in from_snapshot seq 689 but not in to_snapshot seq 690)
[DESERIALIZE] Starting snapshot #710 | Timestamp: 13.9 | Entity count: 10 | Player ID: 55 | Has baseline: true | Baseline seq: 708
[DESERIALIZE] Completed snapshot #710 | Final entity count: 10 | Player 55 in snapshot: true | All entity IDs: [24, 39, 44, 45, 49, 51, 52, 54, 55, 56]
[DESERIALIZE] Starting snapshot #720 | Timestamp: 14.1 | Entity count: 10 | Player ID: 55 | Has baseline: false | Baseline seq: 0
[DESERIALIZE] Completed snapshot #720 | Final entity count: 10 | Player 55 in snapshot: true | All entity IDs: [24, 39, 44, 45, 49, 51, 52, 54, 55, 56]
[INTERPOLATOR] Buffer: 40 pkts | Health: 186.2ms / 150.0ms | Status: OK
[DESERIALIZE] Starting snapshot #730 | Timestamp: 14.25 | Entity count: 10 | Player ID: 55 | Has baseline: true | Baseline seq: 728
[DESERIALIZE] Completed snapshot #730 | Final entity count: 10 | Player 55 in snapshot: true | All entity IDs: [24, 39, 44, 45, 49, 51, 52, 54, 55, 56]
[DESERIALIZE] Starting snapshot #740 | Timestamp: 14.4 | Entity count: 10 | Player ID: 55 | Has baseline: false | Baseline seq: 0
[DESERIALIZE] Completed snapshot #740 | Final entity count: 10 | Player 55 in snapshot: true | All entity IDs: [24, 39, 44, 45, 49, 51, 52, 54, 55, 56]
[INTERPOLATOR] Buffer: 40 pkts | Health: 154.2ms / 150.0ms | Status: OK
[DESERIALIZE] Starting snapshot #750 | Timestamp: 14.6 | Entity count: 10 | Player ID: 55 | Has baseline: true | Baseline seq: 748
[DESERIALIZE] Completed snapshot #750 | Final entity count: 10 | Player 55 in snapshot: true | All entity IDs: [24, 39, 44, 45, 49, 51, 52, 54, 55, 56]
[DESERIALIZE] Starting snapshot #760 | Timestamp: 14.75 | Entity count: 10 | Player ID: 55 | Has baseline: false | Baseline seq: 0
[DESERIALIZE] Completed snapshot #760 | Final entity count: 10 | Player 55 in snapshot: true | All entity IDs: [24, 39, 44, 45, 49, 51, 52, 54, 55, 56]
[INTERPOLATOR] Buffer: 40 pkts | Health: 166.6ms / 150.0ms | Status: OK
[DESERIALIZE] Starting snapshot #770 | Timestamp: 14.9 | Entity count: 10 | Player ID: 55 | Has baseline: true | Baseline seq: 768
[DESERIALIZE] Completed snapshot #770 | Final entity count: 10 | Player 55 in snapshot: true | All entity IDs: [24, 39, 44, 45, 49, 51, 52, 54, 55, 56]
[DESERIALIZE] Starting snapshot #780 | Timestamp: 15.1 | Entity count: 10 | Player ID: 55 | Has baseline: false | Baseline seq: 0
[DESERIALIZE] Completed snapshot #780 | Final entity count: 10 | Player 55 in snapshot: true | All entity IDs: [24, 39, 44, 45, 49, 51, 52, 54, 55, 56]
[INTERPOLATOR] Buffer: 40 pkts | Health: 186.2ms / 150.0ms | Status: OK
[DESERIALIZE] Starting snapshot #790 | Timestamp: 15.25 | Entity count: 10 | Player ID: 55 | Has baseline: true | Baseline seq: 788
[DESERIALIZE] Completed snapshot #790 | Final entity count: 10 | Player 55 in snapshot: true | All entity IDs: [24, 39, 44, 45, 49, 51, 52, 54, 55, 56]
[DESERIALIZE] Starting snapshot #800 | Timestamp: 15.4 | Entity count: 10 | Player ID: 55 | Has baseline: false | Baseline seq: 0
[DESERIALIZE] Completed snapshot #800 | Final entity count: 10 | Player 55 in snapshot: true | All entity IDs: [24, 39, 44, 45, 49, 51, 52, 54, 55, 56]
[CLIENT] Received snapshot #800 | Snapshot timestamp: 15.4 | Current client time: 13.479 | Interpolator render_time: 15.2458034373452 | Interpolator latest_server_time: 15.4 | Entities: 10 | Player in snapshot: true | Player ID: 55 | Data size: 117 bytes
[INTERPOLATOR] Buffer full, removing old snapshot seq 760
[INTERPOLATOR] Buffer: 40 pkts | Health: 154.2ms / 150.0ms | Status: OK
[DESERIALIZE] Starting snapshot #810 | Timestamp: 15.6 | Entity count: 10 | Player ID: 55 | Has baseline: true | Baseline seq: 807
[DESERIALIZE] Completed snapshot #810 | Final entity count: 10 | Player 55 in snapshot: true | All entity IDs: [24, 39, 44, 45, 49, 51, 52, 54, 55, 56]
[DESERIALIZE] Starting snapshot #820 | Timestamp: 15.75 | Entity count: 10 | Player ID: 55 | Has baseline: false | Baseline seq: 0
[DESERIALIZE] Completed snapshot #820 | Final entity count: 10 | Player 55 in snapshot: true | All entity IDs: [24, 39, 44, 45, 49, 51, 52, 54, 55, 56]
[INTERPOLATOR] Buffer: 40 pkts | Health: 166.6ms / 150.0ms | Status: OK
[DESERIALIZE] Starting snapshot #830 | Timestamp: 15.9 | Entity count: 10 | Player ID: 55 | Has baseline: true | Baseline seq: 827
[DESERIALIZE] Completed snapshot #830 | Final entity count: 10 | Player 55 in snapshot: true | All entity IDs: [24, 39, 44, 45, 49, 51, 52, 54, 55, 56]
[DESERIALIZE] Starting snapshot #840 | Timestamp: 16.1 | Entity count: 10 | Player ID: 55 | Has baseline: false | Baseline seq: 0
[DESERIALIZE] Completed snapshot #840 | Final entity count: 10 | Player 55 in snapshot: true | All entity IDs: [24, 39, 44, 45, 49, 51, 52, 54, 55, 56]
[INTERPOLATOR] Buffer: 40 pkts | Health: 186.2ms / 150.0ms | Status: OK
[DESERIALIZE] Starting snapshot #850 | Timestamp: 16.25 | Entity count: 10 | Player ID: 55 | Has baseline: true | Baseline seq: 847
[DESERIALIZE] Completed snapshot #850 | Final entity count: 10 | Player 55 in snapshot: true | All entity IDs: [24, 39, 44, 45, 49, 51, 52, 54, 55, 56]
[DESERIALIZE] Starting snapshot #860 | Timestamp: 16.4 | Entity count: 10 | Player ID: 55 | Has baseline: false | Baseline seq: 0
[DESERIALIZE] Completed snapshot #860 | Final entity count: 10 | Player 55 in snapshot: true | All entity IDs: [24, 39, 44, 45, 49, 51, 52, 54, 55, 56]
[INTERPOLATOR] Buffer: 40 pkts | Health: 154.2ms / 150.0ms | Status: OK
[DESERIALIZE] Starting snapshot #870 | Timestamp: 16.6 | Entity count: 10 | Player ID: 55 | Has baseline: true | Baseline seq: 867
[DESERIALIZE] Completed snapshot #870 | Final entity count: 10 | Player 55 in snapshot: true | All entity IDs: [24, 39, 44, 45, 49, 51, 52, 54, 55, 56]
[DESERIALIZE] Starting snapshot #880 | Timestamp: 16.75 | Entity count: 10 | Player ID: 55 | Has baseline: false | Baseline seq: 0
[DESERIALIZE] Completed snapshot #880 | Final entity count: 10 | Player 55 in snapshot: true | All entity IDs: [24, 39, 44, 45, 49, 51, 52, 54, 55, 56]
[INTERPOLATOR] Buffer: 40 pkts | Health: 166.6ms / 150.0ms | Status: OK
[DESERIALIZE] Starting snapshot #890 | Timestamp: 16.9 | Entity count: 10 | Player ID: 55 | Has baseline: true | Baseline seq: 887
[DESERIALIZE] Completed snapshot #890 | Final entity count: 10 | Player 55 in snapshot: true | All entity IDs: [24, 39, 44, 45, 49, 51, 52, 54, 55, 56]
[DESERIALIZE] Starting snapshot #900 | Timestamp: 17.1 | Entity count: 10 | Player ID: 55 | Has baseline: false | Baseline seq: 0
[DESERIALIZE] Completed snapshot #900 | Final entity count: 10 | Player 55 in snapshot: true | All entity IDs: [24, 39, 44, 45, 49, 51, 52, 54, 55, 56]
[CLIENT] Received snapshot #900 | Snapshot timestamp: 17.1 | Current client time: 15.149 | Interpolator render_time: 16.913792 | Interpolator latest_server_time: 17.05 | Entities: 10 | Player in snapshot: true | Player ID: 55 | Data size: 117 bytes
[INTERPOLATOR] Buffer full, removing old snapshot seq 860
[INTERPOLATOR] Buffer: 40 pkts | Health: 186.2ms / 150.0ms | Status: OK
[DESERIALIZE] Starting snapshot #910 | Timestamp: 17.25 | Entity count: 10 | Player ID: 55 | Has baseline: true | Baseline seq: 907
[DESERIALIZE] Completed snapshot #910 | Final entity count: 10 | Player 55 in snapshot: true | All entity IDs: [24, 39, 44, 45, 49, 51, 52, 54, 55, 56]
[DESERIALIZE] Starting snapshot #920 | Timestamp: 17.4 | Entity count: 11 | Player ID: 55 | Has baseline: false | Baseline seq: 0
[DESERIALIZE] Completed snapshot #920 | Final entity count: 11 | Player 55 in snapshot: true | All entity IDs: [24, 39, 44, 45, 49, 51, 52, 53, 54, 55, 56]
[INTERPOLATOR] Buffer: 40 pkts | Health: 154.0ms / 150.0ms | Status: OK
[DESERIALIZE] Starting snapshot #930 | Timestamp: 17.6 | Entity count: 11 | Player ID: 55 | Has baseline: true | Baseline seq: 927
[DESERIALIZE] Completed snapshot #930 | Final entity count: 11 | Player 55 in snapshot: true | All entity IDs: [24, 39, 44, 45, 49, 51, 52, 53, 54, 55, 56]
[DESERIALIZE] Starting snapshot #940 | Timestamp: 17.75 | Entity count: 11 | Player ID: 55 | Has baseline: false | Baseline seq: 0
[DESERIALIZE] Completed snapshot #940 | Final entity count: 11 | Player 55 in snapshot: true | All entity IDs: [24, 39, 44, 45, 49, 51, 52, 53, 54, 55, 56]
[INTERPOLATOR] Buffer: 40 pkts | Health: 170.7ms / 150.0ms | Status: OK
[DESERIALIZE] Starting snapshot #950 | Timestamp: 17.9 | Entity count: 11 | Player ID: 55 | Has baseline: true | Baseline seq: 947
[DESERIALIZE] Completed snapshot #950 | Final entity count: 11 | Player 55 in snapshot: true | All entity IDs: [24, 39, 44, 45, 49, 51, 52, 53, 54, 55, 56]
[DESERIALIZE] Starting snapshot #960 | Timestamp: 18.1 | Entity count: 11 | Player ID: 55 | Has baseline: false | Baseline seq: 0
[DESERIALIZE] Completed snapshot #960 | Final entity count: 11 | Player 55 in snapshot: true | All entity IDs: [24, 39, 44, 45, 49, 51, 52, 53, 54, 55, 56]
[INTERPOLATOR] Buffer: 40 pkts | Health: 187.6ms / 150.0ms | Status: OK
[DESERIALIZE] Starting snapshot #970 | Timestamp: 18.25 | Entity count: 11 | Player ID: 55 | Has baseline: true | Baseline seq: 967
[DESERIALIZE] Completed snapshot #970 | Final entity count: 11 | Player 55 in snapshot: true | All entity IDs: [24, 39, 44, 45, 49, 51, 52, 53, 54, 55, 56]
[DESERIALIZE] Starting snapshot #980 | Timestamp: 18.4 | Entity count: 11 | Player ID: 55 | Has baseline: false | Baseline seq: 0
[DESERIALIZE] Completed snapshot #980 | Final entity count: 11 | Player 55 in snapshot: true | All entity IDs: [24, 39, 44, 45, 49, 51, 52, 53, 54, 55, 56]
[INTERPOLATOR] Buffer: 40 pkts | Health: 154.2ms / 150.0ms | Status: OK
[DESERIALIZE] Starting snapshot #990 | Timestamp: 18.6 | Entity count: 11 | Player ID: 55 | Has baseline: true | Baseline seq: 987
[DESERIALIZE] Completed snapshot #990 | Final entity count: 11 | Player 55 in snapshot: true | All entity IDs: [24, 39, 44, 45, 49, 51, 52, 53, 54, 55, 56]
[DESERIALIZE] Starting snapshot #1000 | Timestamp: 18.75 | Entity count: 11 | Player ID: 55 | Has baseline: false | Baseline seq: 0
[DESERIALIZE] Completed snapshot #1000 | Final entity count: 11 | Player 55 in snapshot: true | All entity IDs: [24, 39, 44, 45, 49, 51, 52, 53, 54, 55, 56]
[CLIENT] Received snapshot #1000 | Snapshot timestamp: 18.75 | Current client time: 16.812 | Interpolator render_time: 18.5834226213685 | Interpolator latest_server_time: 18.75 | Entities: 11 | Player in snapshot: true | Player ID: 55 | Data size: 127 bytes
[INTERPOLATOR] Buffer full, removing old snapshot seq 960
[INTERPOLATOR] Buffer: 40 pkts | Health: 166.6ms / 150.0ms | Status: OK
