Godot Engine v4.5.1.stable.official.f62fdbde1 - https://godotengine.org
Metal 3.2 - Forward+ - Using Device #0: Apple - Apple M2 Pro (Apple8)

Connecting to server at 127.0.0.1:7777
[RENDERER] Debug walls drawn
[RENDERER] Debug obstacle paths drawn
[INTERPOLATOR] WARNING: Low buffer! Time until latest: 0.0ms (min: 75.0ms)
[INTERPOLATOR] WARNING: Low buffer! Time until latest: -7.5ms (min: 75.0ms)
Connected to server!
[INTERPOLATOR] WARNING: Low buffer! Time until latest: -15.0ms (min: 75.0ms)
[INTERPOLATOR] WARNING: Low buffer! Time until latest: -22.5ms (min: 75.0ms)
[INTERPOLATOR] WARNING: Low buffer! Time until latest: -30.0ms (min: 75.0ms)
[CLIENT] Player entity ID tracked: 55
[INTERPOLATOR] First snapshot received! Seq: 1 | Timestamp: 4.468 | Setting render_time to: 4.393 | Delay: 0.075
[INTERPOLATOR] WARNING: Behind buffer! Jumping render_time from 4.42466666666667 to 4.468
[RENDERER] Client prediction ENABLED for player entity 55
[RENDERER] Created sprite for PLAYER entity 55
[INTERPOLATOR] Entity 19 disappeared (in from_snapshot seq 6 but not in to_snapshot seq 7)
[INTERPOLATOR] Entity 28 disappeared (in from_snapshot seq 6 but not in to_snapshot seq 7)
[INTERPOLATOR] Entity 19 disappeared (in from_snapshot seq 6 but not in to_snapshot seq 7)
[INTERPOLATOR] Entity 28 disappeared (in from_snapshot seq 6 but not in to_snapshot seq 7)
[INTERPOLATOR] Entity 19 disappeared (in from_snapshot seq 6 but not in to_snapshot seq 7)
[INTERPOLATOR] Entity 28 disappeared (in from_snapshot seq 6 but not in to_snapshot seq 7)
[INTERPOLATOR] Entity 19 disappeared (in from_snapshot seq 6 but not in to_snapshot seq 7)
[INTERPOLATOR] Entity 28 disappeared (in from_snapshot seq 6 but not in to_snapshot seq 7)
[INTERPOLATOR] Entity 19 disappeared (in from_snapshot seq 6 but not in to_snapshot seq 7)
[INTERPOLATOR] Entity 28 disappeared (in from_snapshot seq 6 but not in to_snapshot seq 7)
[INTERPOLATOR] Entity 19 disappeared (in from_snapshot seq 6 but not in to_snapshot seq 7)
[INTERPOLATOR] Entity 28 disappeared (in from_snapshot seq 6 but not in to_snapshot seq 7)
[INTERPOLATOR] Entity 19 disappeared (in from_snapshot seq 6 but not in to_snapshot seq 7)
[INTERPOLATOR] Entity 28 disappeared (in from_snapshot seq 6 but not in to_snapshot seq 7)
[INTERPOLATOR] Entity 19 disappeared (in from_snapshot seq 6 but not in to_snapshot seq 7)
[INTERPOLATOR] Entity 28 disappeared (in from_snapshot seq 6 but not in to_snapshot seq 7)
[INTERPOLATOR] Entity 19 disappeared (in from_snapshot seq 6 but not in to_snapshot seq 7)
[INTERPOLATOR] Entity 28 disappeared (in from_snapshot seq 6 but not in to_snapshot seq 7)
[INTERPOLATOR] Entity 19 disappeared (in from_snapshot seq 6 but not in to_snapshot seq 7)
[INTERPOLATOR] Entity 28 disappeared (in from_snapshot seq 6 but not in to_snapshot seq 7)
[INTERPOLATOR] Entity 19 disappeared (in from_snapshot seq 6 but not in to_snapshot seq 7)
[INTERPOLATOR] Entity 28 disappeared (in from_snapshot seq 6 but not in to_snapshot seq 7)
[INTERPOLATOR] Entity 19 disappeared (in from_snapshot seq 6 but not in to_snapshot seq 7)
[INTERPOLATOR] Entity 28 disappeared (in from_snapshot seq 6 but not in to_snapshot seq 7)
[DESERIALIZE] Starting snapshot #10 | Timestamp: 4.875 | Entity count: 12 | Player ID: 55 | Has baseline: true | Baseline seq: 9
[DESERIALIZE] Completed snapshot #10 | Final entity count: 12 | Player 55 in snapshot: true | All entity IDs: [8, 9, 18, 31, 37, 40, 48, 51, 52, 53, 54, 55]
[DESERIALIZE] Starting snapshot #20 | Timestamp: 5.437 | Entity count: 12 | Player ID: 55 | Has baseline: false | Baseline seq: 0
[DESERIALIZE] Completed snapshot #20 | Final entity count: 12 | Player 55 in snapshot: true | All entity IDs: [8, 9, 18, 31, 37, 40, 48, 51, 52, 53, 54, 55]
[DESERIALIZE] Starting snapshot #30 | Timestamp: 5.906 | Entity count: 12 | Player ID: 55 | Has baseline: true | Baseline seq: 29
[DESERIALIZE] Completed snapshot #30 | Final entity count: 12 | Player 55 in snapshot: true | All entity IDs: [8, 9, 18, 31, 37, 40, 48, 51, 52, 53, 54, 55]
[DESERIALIZE] Starting snapshot #40 | Timestamp: 6.375 | Entity count: 12 | Player ID: 55 | Has baseline: false | Baseline seq: 0
[DESERIALIZE] Completed snapshot #40 | Final entity count: 12 | Player 55 in snapshot: true | All entity IDs: [8, 9, 18, 31, 37, 40, 48, 51, 52, 53, 54, 55]
=== CLIENT MODE ===
[DESERIALIZE] Starting snapshot #50 | Timestamp: 6.937 | Entity count: 12 | Player ID: 55 | Has baseline: true | Baseline seq: 49
[DESERIALIZE] Completed snapshot #50 | Final entity count: 12 | Player 55 in snapshot: true | All entity IDs: [8, 9, 18, 31, 37, 40, 48, 51, 52, 53, 54, 55]
[DESERIALIZE] Starting snapshot #60 | Timestamp: 7.406 | Entity count: 14 | Player ID: 55 | Has baseline: false | Baseline seq: 0
[DESERIALIZE] Completed snapshot #60 | Final entity count: 14 | Player 55 in snapshot: true | All entity IDs: [8, 9, 18, 19, 28, 31, 37, 40, 48, 51, 52, 53, 54, 55]
[DESERIALIZE] Starting snapshot #70 | Timestamp: 7.875 | Entity count: 14 | Player ID: 55 | Has baseline: true | Baseline seq: 69
[DESERIALIZE] Completed snapshot #70 | Final entity count: 14 | Player 55 in snapshot: true | All entity IDs: [8, 9, 18, 19, 28, 31, 37, 40, 48, 51, 52, 53, 54, 55]
[INTERPOLATOR] Entity 19 disappeared (in from_snapshot seq 76 but not in to_snapshot seq 77)
[INTERPOLATOR] Entity 28 disappeared (in from_snapshot seq 76 but not in to_snapshot seq 77)
[INTERPOLATOR] Entity 19 disappeared (in from_snapshot seq 76 but not in to_snapshot seq 77)
[INTERPOLATOR] Entity 28 disappeared (in from_snapshot seq 76 but not in to_snapshot seq 77)
[INTERPOLATOR] Entity 19 disappeared (in from_snapshot seq 76 but not in to_snapshot seq 77)
[INTERPOLATOR] Entity 28 disappeared (in from_snapshot seq 76 but not in to_snapshot seq 77)
[INTERPOLATOR] Entity 19 disappeared (in from_snapshot seq 76 but not in to_snapshot seq 77)
[INTERPOLATOR] Entity 28 disappeared (in from_snapshot seq 76 but not in to_snapshot seq 77)
[INTERPOLATOR] Entity 19 disappeared (in from_snapshot seq 76 but not in to_snapshot seq 77)
[INTERPOLATOR] Entity 28 disappeared (in from_snapshot seq 76 but not in to_snapshot seq 77)
[INTERPOLATOR] Entity 19 disappeared (in from_snapshot seq 76 but not in to_snapshot seq 77)
[INTERPOLATOR] Entity 28 disappeared (in from_snapshot seq 76 but not in to_snapshot seq 77)
[INTERPOLATOR] Entity 19 disappeared (in from_snapshot seq 76 but not in to_snapshot seq 77)
[INTERPOLATOR] Entity 28 disappeared (in from_snapshot seq 76 but not in to_snapshot seq 77)
[INTERPOLATOR] Entity 19 disappeared (in from_snapshot seq 76 but not in to_snapshot seq 77)
[INTERPOLATOR] Entity 28 disappeared (in from_snapshot seq 76 but not in to_snapshot seq 77)
[INTERPOLATOR] Entity 19 disappeared (in from_snapshot seq 76 but not in to_snapshot seq 77)
[INTERPOLATOR] Entity 28 disappeared (in from_snapshot seq 76 but not in to_snapshot seq 77)
[INTERPOLATOR] Entity 19 disappeared (in from_snapshot seq 76 but not in to_snapshot seq 77)
[INTERPOLATOR] Entity 28 disappeared (in from_snapshot seq 76 but not in to_snapshot seq 77)
[INTERPOLATOR] Entity 19 disappeared (in from_snapshot seq 76 but not in to_snapshot seq 77)
[INTERPOLATOR] Entity 28 disappeared (in from_snapshot seq 76 but not in to_snapshot seq 77)
[DESERIALIZE] Starting snapshot #80 | Timestamp: 8.437 | Entity count: 14 | Player ID: 55 | Has baseline: false | Baseline seq: 0
[DESERIALIZE] Completed snapshot #80 | Final entity count: 14 | Player 55 in snapshot: true | All entity IDs: [7, 8, 9, 11, 14, 18, 31, 37, 48, 51, 52, 53, 54, 55]
[INTERPOLATOR] Entity 40 disappeared (in from_snapshot seq 79 but not in to_snapshot seq 80)
[INTERPOLATOR] Entity 40 disappeared (in from_snapshot seq 79 but not in to_snapshot seq 80)
[INTERPOLATOR] Entity 40 disappeared (in from_snapshot seq 79 but not in to_snapshot seq 80)
[INTERPOLATOR] Entity 40 disappeared (in from_snapshot seq 79 but not in to_snapshot seq 80)
[INTERPOLATOR] Entity 40 disappeared (in from_snapshot seq 79 but not in to_snapshot seq 80)
[INTERPOLATOR] Entity 40 disappeared (in from_snapshot seq 79 but not in to_snapshot seq 80)
[INTERPOLATOR] Entity 40 disappeared (in from_snapshot seq 79 but not in to_snapshot seq 80)
[INTERPOLATOR] Entity 40 disappeared (in from_snapshot seq 79 but not in to_snapshot seq 80)
[INTERPOLATOR] Entity 40 disappeared (in from_snapshot seq 79 but not in to_snapshot seq 80)
[INTERPOLATOR] Entity 40 disappeared (in from_snapshot seq 79 but not in to_snapshot seq 80)
[INTERPOLATOR] Entity 40 disappeared (in from_snapshot seq 79 but not in to_snapshot seq 80)
[DESERIALIZE] Starting snapshot #90 | Timestamp: 8.906 | Entity count: 14 | Player ID: 55 | Has baseline: true | Baseline seq: 89
[DESERIALIZE] Completed snapshot #90 | Final entity count: 14 | Player 55 in snapshot: true | All entity IDs: [7, 8, 9, 11, 14, 18, 31, 37, 48, 51, 52, 53, 54, 55]
[DESERIALIZE] Starting snapshot #100 | Timestamp: 9.375 | Entity count: 14 | Player ID: 55 | Has baseline: false | Baseline seq: 0
[DESERIALIZE] Completed snapshot #100 | Final entity count: 14 | Player 55 in snapshot: true | All entity IDs: [7, 8, 9, 11, 14, 18, 31, 37, 48, 51, 52, 53, 54, 55]
[CLIENT] Received snapshot #100 | Snapshot timestamp: 9.375 | Current client time: 7.754 | Interpolator render_time: 9.22405692348569 | Interpolator latest_server_time: 9.375 | Entities: 14 | Player in snapshot: true | Player ID: 55 | Data size: 158 bytes
[INTERPOLATOR] Buffer full, removing old snapshot seq 80
[INTERPOLATOR] Buffer state: 20 snapshots | Render time: 9.22405692348569 | Latest server time: 9.375 | Delay: 150.943076514311 ms
[DESERIALIZE] Starting snapshot #110 | Timestamp: 9.937 | Entity count: 14 | Player ID: 55 | Has baseline: true | Baseline seq: 109
[DESERIALIZE] Completed snapshot #110 | Final entity count: 14 | Player 55 in snapshot: true | All entity IDs: [7, 8, 9, 11, 14, 18, 31, 37, 48, 51, 52, 53, 54, 55]
[DESERIALIZE] Starting snapshot #120 | Timestamp: 10.406 | Entity count: 14 | Player ID: 55 | Has baseline: false | Baseline seq: 0
[DESERIALIZE] Completed snapshot #120 | Final entity count: 14 | Player 55 in snapshot: true | All entity IDs: [7, 8, 9, 11, 14, 18, 31, 37, 48, 51, 52, 53, 54, 55]
[DESERIALIZE] Starting snapshot #130 | Timestamp: 10.875 | Entity count: 14 | Player ID: 55 | Has baseline: true | Baseline seq: 129
[DESERIALIZE] Completed snapshot #130 | Final entity count: 14 | Player 55 in snapshot: true | All entity IDs: [7, 8, 9, 11, 14, 18, 31, 37, 48, 51, 52, 53, 54, 55]
[DESERIALIZE] Starting snapshot #140 | Timestamp: 11.437 | Entity count: 14 | Player ID: 55 | Has baseline: false | Baseline seq: 0
[DESERIALIZE] Completed snapshot #140 | Final entity count: 14 | Player 55 in snapshot: true | All entity IDs: [7, 8, 9, 11, 14, 18, 31, 37, 48, 51, 52, 53, 54, 55]
[DESERIALIZE] Starting snapshot #150 | Timestamp: 11.906 | Entity count: 14 | Player ID: 55 | Has baseline: true | Baseline seq: 149
[DESERIALIZE] Completed snapshot #150 | Final entity count: 14 | Player 55 in snapshot: true | All entity IDs: [7, 8, 9, 11, 14, 18, 31, 37, 48, 51, 52, 53, 54, 55]
[DESERIALIZE] Starting snapshot #160 | Timestamp: 12.375 | Entity count: 14 | Player ID: 55 | Has baseline: false | Baseline seq: 0
[DESERIALIZE] Completed snapshot #160 | Final entity count: 14 | Player 55 in snapshot: true | All entity IDs: [7, 8, 9, 11, 14, 18, 31, 37, 48, 51, 52, 53, 54, 55]
[DESERIALIZE] Starting snapshot #170 | Timestamp: 12.937 | Entity count: 14 | Player ID: 55 | Has baseline: true | Baseline seq: 169
[DESERIALIZE] Completed snapshot #170 | Final entity count: 14 | Player 55 in snapshot: true | All entity IDs: [7, 8, 9, 11, 14, 18, 31, 37, 48, 51, 52, 53, 54, 55]
[DESERIALIZE] Starting snapshot #180 | Timestamp: 13.406 | Entity count: 14 | Player ID: 55 | Has baseline: false | Baseline seq: 0
[DESERIALIZE] Completed snapshot #180 | Final entity count: 14 | Player 55 in snapshot: true | All entity IDs: [7, 8, 9, 11, 14, 18, 31, 37, 48, 51, 52, 53, 54, 55]
[DESERIALIZE] Starting snapshot #190 | Timestamp: 13.875 | Entity count: 14 | Player ID: 55 | Has baseline: true | Baseline seq: 189
[DESERIALIZE] Completed snapshot #190 | Final entity count: 14 | Player 55 in snapshot: true | All entity IDs: [7, 8, 9, 11, 14, 18, 31, 37, 48, 51, 52, 53, 54, 55]
[DESERIALIZE] Starting snapshot #200 | Timestamp: 14.437 | Entity count: 14 | Player ID: 55 | Has baseline: false | Baseline seq: 0
[DESERIALIZE] Completed snapshot #200 | Final entity count: 14 | Player 55 in snapshot: true | All entity IDs: [7, 8, 9, 11, 14, 18, 31, 37, 48, 51, 52, 53, 54, 55]
[CLIENT] Received snapshot #200 | Snapshot timestamp: 14.437 | Current client time: 12.804 | Interpolator render_time: 14.2723902568187 | Interpolator latest_server_time: 14.343 | Entities: 14 | Player in snapshot: true | Player ID: 55 | Data size: 158 bytes
[INTERPOLATOR] Buffer full, removing old snapshot seq 180
[INTERPOLATOR] Buffer state: 20 snapshots | Render time: 14.2723902568187 | Latest server time: 14.437 | Delay: 164.609743181263 ms
[DESERIALIZE] Starting snapshot #210 | Timestamp: 14.906 | Entity count: 14 | Player ID: 55 | Has baseline: true | Baseline seq: 209
[DESERIALIZE] Completed snapshot #210 | Final entity count: 14 | Player 55 in snapshot: true | All entity IDs: [7, 8, 9, 11, 14, 18, 31, 37, 48, 51, 52, 53, 54, 55]
[DESERIALIZE] Starting snapshot #220 | Timestamp: 15.375 | Entity count: 14 | Player ID: 55 | Has baseline: false | Baseline seq: 0
[DESERIALIZE] Completed snapshot #220 | Final entity count: 14 | Player 55 in snapshot: true | All entity IDs: [7, 8, 9, 11, 14, 18, 31, 37, 48, 51, 52, 53, 54, 55]
[DESERIALIZE] Starting snapshot #230 | Timestamp: 15.937 | Entity count: 14 | Player ID: 55 | Has baseline: true | Baseline seq: 229
[DESERIALIZE] Completed snapshot #230 | Final entity count: 14 | Player 55 in snapshot: true | All entity IDs: [7, 8, 9, 11, 14, 18, 31, 37, 48, 51, 52, 53, 54, 55]
[DESERIALIZE] Starting snapshot #240 | Timestamp: 16.406 | Entity count: 14 | Player ID: 55 | Has baseline: false | Baseline seq: 0
[DESERIALIZE] Completed snapshot #240 | Final entity count: 14 | Player 55 in snapshot: true | All entity IDs: [7, 8, 9, 11, 14, 18, 31, 37, 48, 51, 52, 53, 54, 55]
[INTERPOLATOR] Entity 53 disappeared (in from_snapshot seq 244 but not in to_snapshot seq 245)
[INTERPOLATOR] Entity 53 disappeared (in from_snapshot seq 244 but not in to_snapshot seq 245)
[INTERPOLATOR] Entity 53 disappeared (in from_snapshot seq 244 but not in to_snapshot seq 245)
[INTERPOLATOR] Entity 53 disappeared (in from_snapshot seq 244 but not in to_snapshot seq 245)
[INTERPOLATOR] Entity 53 disappeared (in from_snapshot seq 244 but not in to_snapshot seq 245)
[INTERPOLATOR] Entity 53 disappeared (in from_snapshot seq 244 but not in to_snapshot seq 245)
[INTERPOLATOR] Entity 53 disappeared (in from_snapshot seq 244 but not in to_snapshot seq 245)
[INTERPOLATOR] Entity 53 disappeared (in from_snapshot seq 244 but not in to_snapshot seq 245)
[INTERPOLATOR] Entity 53 disappeared (in from_snapshot seq 244 but not in to_snapshot seq 245)
[INTERPOLATOR] Entity 53 disappeared (in from_snapshot seq 244 but not in to_snapshot seq 245)
[INTERPOLATOR] Entity 53 disappeared (in from_snapshot seq 244 but not in to_snapshot seq 245)
[DESERIALIZE] Starting snapshot #250 | Timestamp: 16.875 | Entity count: 13 | Player ID: 55 | Has baseline: true | Baseline seq: 249
[DESERIALIZE] Completed snapshot #250 | Final entity count: 13 | Player 55 in snapshot: true | All entity IDs: [7, 8, 9, 11, 14, 18, 31, 37, 48, 51, 52, 54, 55]
