Godot Engine v4.5.1.stable.official.f62fdbde1 - https://godotengine.org
Metal 3.2 - Forward+ - Using Device #0: Apple - Apple M2 Pro (Apple8)

[SERVER] Creating world walls...
[SERVER] Walls created successfully
Server started on port 7777
Tick rate: 32 Hz
Snapshot rate: 10 Hz
ENet compression: FASTLZ enabled
[SERVER] Spawned entity 1 at (-222.4042, -310.9381) | Peer: NPC
[SERVER] Spawned entity 2 at (343.4589, 200.8204) | Peer: NPC
[SERVER] Spawned entity 3 at (480.2318, 369.5728) | Peer: NPC
[SERVER] Spawned entity 4 at (-450.6857, 160.1909) | Peer: NPC
[SERVER] Spawned entity 5 at (323.8352, -257.6803) | Peer: NPC
[SERVER] Spawned entity 6 at (238.1619, -85.33977) | Peer: NPC
[SERVER] Spawned entity 7 at (-137.0642, 200.5792) | Peer: NPC
[SERVER] Spawned entity 8 at (-1.392281, -70.17403) | Peer: NPC
[SERVER] Spawned entity 9 at (-108.1673, 56.95284) | Peer: NPC
[SERVER] Spawned entity 10 at (-222.8175, -385.414) | Peer: NPC
[SERVER] Spawned entity 11 at (7.174715, 235.2872) | Peer: NPC
[SERVER] Spawned entity 12 at (-359.0346, 376.9553) | Peer: NPC
[SERVER] Spawned entity 13 at (-250.1725, -406.7467) | Peer: NPC
[SERVER] Spawned entity 14 at (-132.4019, 218.1267) | Peer: NPC
[SERVER] Spawned entity 15 at (-274.0047, 159.7522) | Peer: NPC
[SERVER] Spawned entity 16 at (297.4904, 95.70661) | Peer: NPC
[SERVER] Spawned entity 17 at (-265.8188, -279.0389) | Peer: NPC
[SERVER] Spawned entity 18 at (-157.7285, 151.0354) | Peer: NPC
[SERVER] Spawned entity 19 at (-244.9353, 163.728) | Peer: NPC
[SERVER] Spawned entity 20 at (42.47736, -447.1274) | Peer: NPC
[SERVER] Spawned entity 21 at (-349.1964, 11.25537) | Peer: NPC
[SERVER] Spawned entity 22 at (-324.1767, 428.6522) | Peer: NPC
[SERVER] Spawned entity 23 at (245.3315, 353.6804) | Peer: NPC
[SERVER] Spawned entity 24 at (-264.5652, 442.0358) | Peer: NPC
[SERVER] Spawned entity 25 at (130.5546, -242.5608) | Peer: NPC
[SERVER] Spawned entity 26 at (498.3824, 202.0584) | Peer: NPC
[SERVER] Spawned entity 27 at (476.0696, -144.8105) | Peer: NPC
[SERVER] Spawned entity 28 at (-191.1883, 107.0163) | Peer: NPC
[SERVER] Spawned entity 29 at (405.54, 193.4049) | Peer: NPC
[SERVER] Spawned entity 30 at (-57.99277, 369.8978) | Peer: NPC
[SERVER] Spawned entity 31 at (-16.94286, -158.6148) | Peer: NPC
[SERVER] Spawned entity 32 at (-255.6472, 428.9956) | Peer: NPC
[SERVER] Spawned entity 33 at (391.0705, -46.0415) | Peer: NPC
[SERVER] Spawned entity 34 at (324.7816, 105.2545) | Peer: NPC
[SERVER] Spawned entity 35 at (-436.2136, -397.3248) | Peer: NPC
[SERVER] Spawned entity 36 at (-9.760467, 314.0086) | Peer: NPC
[SERVER] Spawned entity 37 at (-6.320139, 147.9656) | Peer: NPC
[SERVER] Spawned entity 38 at (337.5724, 325.7184) | Peer: NPC
[SERVER] Spawned entity 39 at (276.2936, 205.292) | Peer: NPC
[SERVER] Spawned entity 40 at (-184.2145, -82.76662) | Peer: NPC
[SERVER] Spawned entity 41 at (-213.7349, 232.5722) | Peer: NPC
[SERVER] Spawned entity 42 at (292.843, 34.67297) | Peer: NPC
[SERVER] Spawned entity 43 at (410.477, 259.1034) | Peer: NPC
[SERVER] Spawned entity 44 at (-207.5223, -497.3782) | Peer: NPC
[SERVER] Spawned entity 45 at (-184.805, 461.1155) | Peer: NPC
[SERVER] Spawned entity 46 at (297.0417, 102.2919) | Peer: NPC
[SERVER] Spawned entity 47 at (-8.560019, 387.8684) | Peer: NPC
[SERVER] Spawned entity 48 at (-5.824846, -35.23531) | Peer: NPC
[SERVER] Spawned entity 49 at (-154.6251, 333.907) | Peer: NPC
[SERVER] Spawned entity 50 at (-324.946, 499.3851) | Peer: NPC
[SERVER] Creating moving obstacles...
[SERVER] Created moving obstacle 51 from (-300.0, 0.0) to (300.0, 0.0)
[SERVER] Created moving obstacle 52 from (0.0, -300.0) to (0.0, 300.0)
[SERVER] Created moving obstacle 53 from (-200.0, -200.0) to (200.0, 200.0)
[SERVER] Created moving obstacle 54 from (150.0, -100.0) to (-150.0, 100.0)
[SERVER] Moving obstacles created
=== SERVER MODE ===
ERROR: Condition "p_points.size() < 2" is true.
   at: canvas_item_add_polyline (servers/rendering/renderer_canvas_cull.cpp:946)
   GDScript backtrace (most recent call first):
       [0] _draw (res://scripts/test_launcher.gd:69)
ERROR: Condition "p_points.size() < 2" is true.
   at: canvas_item_add_polyline (servers/rendering/renderer_canvas_cull.cpp:946)
   GDScript backtrace (most recent call first):
       [0] _draw (res://scripts/test_launcher.gd:69)
Peer connected: 1884070699
[SERVER] Spawned entity 55 at (-80.05493, 13.43554) | Peer: 1884070699
[SERVER] Player entity 55 (peer 1884070699) moved from chunk (-2, 0) to (-1, 0) | Position: (-63.45562, 11.58718)
[SERVER] DEBUG: About to add 12 entities to snapshot #10 | Player at [0]: true | Interest list: [55, 40, 18, 51, 9, 31, 53, 54, 48, 37, 52, 8]
[SERVER] DEBUG: Snapshot #10 created with 12 entities including player 55 | All entities: [55, 40, 18, 51, 9, 31, 53, 54, 48, 37, 52, 8]
[SERIALIZE] Snapshot #10 | Player ID: 55 | Player in entity_ids: true | Entity count: 12 | All IDs (sorted): [8, 9, 18, 31, 37, 40, 48, 51, 52, 53, 54, 55]
[SERVER] DEBUG: About to add 12 entities to snapshot #20 | Player at [0]: true | Interest list: [55, 40, 18, 51, 9, 31, 53, 54, 48, 37, 52, 8]
[SERVER] DEBUG: Snapshot #20 created with 12 entities including player 55 | All entities: [55, 40, 18, 51, 9, 31, 53, 54, 48, 37, 52, 8]
[SERIALIZE] Snapshot #20 | Player ID: 55 | Player in entity_ids: true | Entity count: 12 | All IDs (sorted): [8, 9, 18, 31, 37, 40, 48, 51, 52, 53, 54, 55]
[SERVER] DEBUG: About to add 12 entities to snapshot #30 | Player at [0]: true | Interest list: [55, 40, 18, 51, 9, 53, 54, 48, 37, 52, 31, 8]
[SERVER] DEBUG: Snapshot #30 created with 12 entities including player 55 | All entities: [55, 40, 18, 51, 9, 53, 54, 48, 37, 52, 31, 8]
[SERIALIZE] Snapshot #30 | Player ID: 55 | Player in entity_ids: true | Entity count: 12 | All IDs (sorted): [8, 9, 18, 31, 37, 40, 48, 51, 52, 53, 54, 55]
[SERVER] DEBUG: About to add 12 entities to snapshot #40 | Player at [0]: true | Interest list: [55, 40, 18, 51, 9, 53, 54, 48, 37, 52, 8, 31]
[SERVER] DEBUG: Snapshot #40 created with 12 entities including player 55 | All entities: [55, 40, 18, 51, 9, 53, 54, 48, 37, 52, 8, 31]
[SERIALIZE] Snapshot #40 | Player ID: 55 | Player in entity_ids: true | Entity count: 12 | All IDs (sorted): [8, 9, 18, 31, 37, 40, 48, 51, 52, 53, 54, 55]
[SERVER] DEBUG: About to add 12 entities to snapshot #50 | Player at [0]: true | Interest list: [55, 40, 18, 9, 51, 53, 54, 48, 37, 52, 8, 31]
[SERVER] DEBUG: Snapshot #50 created with 12 entities including player 55 | All entities: [55, 40, 18, 9, 51, 53, 54, 48, 37, 52, 8, 31]
[SERIALIZE] Snapshot #50 | Player ID: 55 | Player in entity_ids: true | Entity count: 12 | All IDs (sorted): [8, 9, 18, 31, 37, 40, 48, 51, 52, 53, 54, 55]
[SERVER] Player entity 55 (peer 1884070699) moved from chunk (-1, 0) to (-2, 0) | Position: (-64.06554, 56.01073)
[SERVER] DEBUG: About to add 14 entities to snapshot #60 | Player at [0]: true | Interest list: [55, 19, 28, 40, 18, 9, 51, 48, 53, 54, 37, 52, 8, 31]
[SERVER] DEBUG: Snapshot #60 created with 14 entities including player 55 | All entities: [55, 19, 28, 40, 18, 9, 51, 48, 53, 54, 37, 52, 8, 31]
[SERIALIZE] Snapshot #60 | Player ID: 55 | Player in entity_ids: true | Entity count: 14 | All IDs (sorted): [8, 9, 18, 19, 28, 31, 37, 40, 48, 51, 52, 53, 54, 55]
[SERVER] DEBUG: About to add 14 entities to snapshot #70 | Player at [0]: true | Interest list: [55, 19, 28, 40, 18, 51, 48, 9, 53, 54, 37, 52, 31, 8]
[SERVER] DEBUG: Snapshot #70 created with 14 entities including player 55 | All entities: [55, 19, 28, 40, 18, 51, 48, 9, 53, 54, 37, 52, 31, 8]
[SERIALIZE] Snapshot #70 | Player ID: 55 | Player in entity_ids: true | Entity count: 14 | All IDs (sorted): [8, 9, 18, 19, 28, 31, 37, 40, 48, 51, 52, 53, 54, 55]
[SERVER] Player entity 55 (peer 1884070699) moved from chunk (-2, 0) to (-1, 0) | Position: (-63.94866, 62.31413)
[SERVER] Player entity 55 (peer 1884070699) moved from chunk (-1, 0) to (-1, 1) | Position: (-60.71995, 64.37395)
[SERVER] DEBUG: About to add 14 entities to snapshot #80 | Player at [0]: true | Interest list: [55, 18, 7, 14, 51, 9, 53, 54, 48, 37, 31, 52, 8, 11]
[SERVER] DEBUG: Snapshot #80 created with 14 entities including player 55 | All entities: [55, 18, 7, 14, 51, 9, 53, 54, 48, 37, 31, 52, 8, 11]
[SERIALIZE] Snapshot #80 | Player ID: 55 | Player in entity_ids: true | Entity count: 14 | All IDs (sorted): [7, 8, 9, 11, 14, 18, 31, 37, 48, 51, 52, 53, 54, 55]
[SERVER] DEBUG: About to add 14 entities to snapshot #90 | Player at [0]: true | Interest list: [55, 18, 7, 14, 51, 9, 53, 54, 48, 37, 31, 52, 8, 11]
[SERVER] DEBUG: Snapshot #90 created with 14 entities including player 55 | All entities: [55, 18, 7, 14, 51, 9, 53, 54, 48, 37, 31, 52, 8, 11]
[SERIALIZE] Snapshot #90 | Player ID: 55 | Player in entity_ids: true | Entity count: 14 | All IDs (sorted): [7, 8, 9, 11, 14, 18, 31, 37, 48, 51, 52, 53, 54, 55]
[SERVER] Snapshot #100 | Tick: 300 | Timestamp: 9.375 | Player ID: 55 | Player pos: (-47.97816, 75.78372) | Player chunk: (-1, 1)
[SERVER] DEBUG: About to add 14 entities to snapshot #100 | Player at [0]: true | Interest list: [55, 18, 7, 14, 51, 9, 53, 54, 48, 52, 8, 31, 37, 11]
[SERVER] DEBUG: Snapshot #100 created with 14 entities including player 55 | All entities: [55, 18, 7, 14, 51, 9, 53, 54, 48, 52, 8, 31, 37, 11]
[SERIALIZE] Snapshot #100 | Player ID: 55 | Player in entity_ids: true | Entity count: 14 | All IDs (sorted): [7, 8, 9, 11, 14, 18, 31, 37, 48, 51, 52, 53, 54, 55]
Snapshot #100 to peer 1884070699: 14 entities, 158 bytes (uncompressed: ~700 bytes)
[SERVER] DEBUG: About to add 14 entities to snapshot #110 | Player at [0]: true | Interest list: [55, 18, 7, 14, 51, 9, 53, 54, 48, 52, 8, 31, 37, 11]
[SERVER] DEBUG: Snapshot #110 created with 14 entities including player 55 | All entities: [55, 18, 7, 14, 51, 9, 53, 54, 48, 52, 8, 31, 37, 11]
[SERIALIZE] Snapshot #110 | Player ID: 55 | Player in entity_ids: true | Entity count: 14 | All IDs (sorted): [7, 8, 9, 11, 14, 18, 31, 37, 48, 51, 52, 53, 54, 55]
[SERVER] DEBUG: About to add 14 entities to snapshot #120 | Player at [0]: true | Interest list: [55, 18, 7, 14, 51, 9, 53, 48, 52, 8, 31, 37, 54, 11]
[SERVER] DEBUG: Snapshot #120 created with 14 entities including player 55 | All entities: [55, 18, 7, 14, 51, 9, 53, 48, 52, 8, 31, 37, 54, 11]
[SERIALIZE] Snapshot #120 | Player ID: 55 | Player in entity_ids: true | Entity count: 14 | All IDs (sorted): [7, 8, 9, 11, 14, 18, 31, 37, 48, 51, 52, 53, 54, 55]
[SERVER] DEBUG: About to add 14 entities to snapshot #130 | Player at [0]: true | Interest list: [55, 18, 7, 14, 51, 9, 53, 48, 52, 8, 31, 37, 54, 11]
[SERVER] DEBUG: Snapshot #130 created with 14 entities including player 55 | All entities: [55, 18, 7, 14, 51, 9, 53, 48, 52, 8, 31, 37, 54, 11]
[SERIALIZE] Snapshot #130 | Player ID: 55 | Player in entity_ids: true | Entity count: 14 | All IDs (sorted): [7, 8, 9, 11, 14, 18, 31, 37, 48, 51, 52, 53, 54, 55]
[SERVER] DEBUG: About to add 14 entities to snapshot #140 | Player at [0]: true | Interest list: [55, 18, 7, 14, 51, 9, 48, 52, 53, 8, 31, 37, 54, 11]
[SERVER] DEBUG: Snapshot #140 created with 14 entities including player 55 | All entities: [55, 18, 7, 14, 51, 9, 48, 52, 53, 8, 31, 37, 54, 11]
[SERIALIZE] Snapshot #140 | Player ID: 55 | Player in entity_ids: true | Entity count: 14 | All IDs (sorted): [7, 8, 9, 11, 14, 18, 31, 37, 48, 51, 52, 53, 54, 55]
[SERVER] DEBUG: About to add 14 entities to snapshot #150 | Player at [0]: true | Interest list: [55, 18, 7, 14, 51, 9, 48, 54, 52, 53, 8, 31, 37, 11]
[SERVER] DEBUG: Snapshot #150 created with 14 entities including player 55 | All entities: [55, 18, 7, 14, 51, 9, 48, 54, 52, 53, 8, 31, 37, 11]
[SERIALIZE] Snapshot #150 | Player ID: 55 | Player in entity_ids: true | Entity count: 14 | All IDs (sorted): [7, 8, 9, 11, 14, 18, 31, 37, 48, 51, 52, 53, 54, 55]
[SERVER] DEBUG: About to add 14 entities to snapshot #160 | Player at [0]: true | Interest list: [55, 18, 7, 14, 51, 9, 48, 54, 52, 53, 8, 31, 37, 11]
[SERVER] DEBUG: Snapshot #160 created with 14 entities including player 55 | All entities: [55, 18, 7, 14, 51, 9, 48, 54, 52, 53, 8, 31, 37, 11]
[SERIALIZE] Snapshot #160 | Player ID: 55 | Player in entity_ids: true | Entity count: 14 | All IDs (sorted): [7, 8, 9, 11, 14, 18, 31, 37, 48, 51, 52, 53, 54, 55]
[SERVER] DEBUG: About to add 14 entities to snapshot #170 | Player at [0]: true | Interest list: [55, 18, 7, 14, 51, 9, 48, 54, 52, 53, 8, 31, 11, 37]
[SERVER] DEBUG: Snapshot #170 created with 14 entities including player 55 | All entities: [55, 18, 7, 14, 51, 9, 48, 54, 52, 53, 8, 31, 11, 37]
[SERIALIZE] Snapshot #170 | Player ID: 55 | Player in entity_ids: true | Entity count: 14 | All IDs (sorted): [7, 8, 9, 11, 14, 18, 31, 37, 48, 51, 52, 53, 54, 55]
[SERVER] DEBUG: About to add 14 entities to snapshot #180 | Player at [0]: true | Interest list: [55, 18, 7, 14, 51, 9, 48, 54, 52, 53, 8, 31, 11, 37]
[SERVER] DEBUG: Snapshot #180 created with 14 entities including player 55 | All entities: [55, 18, 7, 14, 51, 9, 48, 54, 52, 53, 8, 31, 11, 37]
[SERIALIZE] Snapshot #180 | Player ID: 55 | Player in entity_ids: true | Entity count: 14 | All IDs (sorted): [7, 8, 9, 11, 14, 18, 31, 37, 48, 51, 52, 53, 54, 55]
[SERVER] DEBUG: About to add 14 entities to snapshot #190 | Player at [0]: true | Interest list: [55, 18, 7, 14, 9, 51, 48, 54, 52, 53, 8, 31, 11, 37]
[SERVER] DEBUG: Snapshot #190 created with 14 entities including player 55 | All entities: [55, 18, 7, 14, 9, 51, 48, 54, 52, 53, 8, 31, 11, 37]
[SERIALIZE] Snapshot #190 | Player ID: 55 | Player in entity_ids: true | Entity count: 14 | All IDs (sorted): [7, 8, 9, 11, 14, 18, 31, 37, 48, 51, 52, 53, 54, 55]
[SERVER] Snapshot #200 | Tick: 462 | Timestamp: 14.4375 | Player ID: 55 | Player pos: (-10.73131, 100.2586) | Player chunk: (-1, 1)
[SERVER] DEBUG: About to add 14 entities to snapshot #200 | Player at [0]: true | Interest list: [55, 18, 7, 14, 9, 51, 48, 54, 52, 8, 31, 11, 37, 53]
[SERVER] DEBUG: Snapshot #200 created with 14 entities including player 55 | All entities: [55, 18, 7, 14, 9, 51, 48, 54, 52, 8, 31, 11, 37, 53]
[SERIALIZE] Snapshot #200 | Player ID: 55 | Player in entity_ids: true | Entity count: 14 | All IDs (sorted): [7, 8, 9, 11, 14, 18, 31, 37, 48, 51, 52, 53, 54, 55]
Snapshot #200 to peer 1884070699: 14 entities, 158 bytes (uncompressed: ~700 bytes)
[SERVER] DEBUG: About to add 14 entities to snapshot #210 | Player at [0]: true | Interest list: [55, 18, 7, 14, 9, 51, 48, 54, 52, 31, 11, 37, 53, 8]
[SERVER] DEBUG: Snapshot #210 created with 14 entities including player 55 | All entities: [55, 18, 7, 14, 9, 51, 48, 54, 52, 31, 11, 37, 53, 8]
[SERIALIZE] Snapshot #210 | Player ID: 55 | Player in entity_ids: true | Entity count: 14 | All IDs (sorted): [7, 8, 9, 11, 14, 18, 31, 37, 48, 51, 52, 53, 54, 55]
[SERIALIZE] WARNING: Player 55 unchanged from baseline in snapshot #210 - copying from baseline
[SERVER] DEBUG: About to add 14 entities to snapshot #220 | Player at [0]: true | Interest list: [55, 18, 7, 14, 9, 51, 48, 54, 52, 31, 11, 37, 53, 8]
[SERVER] DEBUG: Snapshot #220 created with 14 entities including player 55 | All entities: [55, 18, 7, 14, 9, 51, 48, 54, 52, 31, 11, 37, 53, 8]
[SERIALIZE] Snapshot #220 | Player ID: 55 | Player in entity_ids: true | Entity count: 14 | All IDs (sorted): [7, 8, 9, 11, 14, 18, 31, 37, 48, 51, 52, 53, 54, 55]
[SERVER] DEBUG: About to add 14 entities to snapshot #230 | Player at [0]: true | Interest list: [55, 18, 7, 14, 9, 51, 48, 54, 37, 52, 31, 11, 53, 8]
[SERVER] DEBUG: Snapshot #230 created with 14 entities including player 55 | All entities: [55, 18, 7, 14, 9, 51, 48, 54, 37, 52, 31, 11, 53, 8]
[SERIALIZE] Snapshot #230 | Player ID: 55 | Player in entity_ids: true | Entity count: 14 | All IDs (sorted): [7, 8, 9, 11, 14, 18, 31, 37, 48, 51, 52, 53, 54, 55]
[SERVER] DEBUG: About to add 14 entities to snapshot #240 | Player at [0]: true | Interest list: [55, 18, 7, 14, 9, 51, 48, 54, 37, 52, 31, 11, 53, 8]
[SERVER] DEBUG: Snapshot #240 created with 14 entities including player 55 | All entities: [55, 18, 7, 14, 9, 51, 48, 54, 37, 52, 31, 11, 53, 8]
[SERIALIZE] Snapshot #240 | Player ID: 55 | Player in entity_ids: true | Entity count: 14 | All IDs (sorted): [7, 8, 9, 11, 14, 18, 31, 37, 48, 51, 52, 53, 54, 55]
[SERVER] DEBUG: About to add 13 entities to snapshot #250 | Player at [0]: true | Interest list: [55, 18, 7, 14, 9, 51, 48, 54, 37, 52, 31, 11, 8]
[SERVER] DEBUG: Snapshot #250 created with 13 entities including player 55 | All entities: [55, 18, 7, 14, 9, 51, 48, 54, 37, 52, 31, 11, 8]
[SERIALIZE] Snapshot #250 | Player ID: 55 | Player in entity_ids: true | Entity count: 13 | All IDs (sorted): [7, 8, 9, 11, 14, 18, 31, 37, 48, 51, 52, 54, 55]
Peer disconnected: 1884070699
