Godot Engine v4.5.1.stable.official.f62fdbde1 - https://godotengine.org
Metal 3.2 - Forward+ - Using Device #0: Apple - Apple M2 Pro (Apple8)

[SERVER] Creating world walls...
[SERVER] Walls created successfully
Server started on port 7777
Tick rate: 32 Hz
Snapshot rate: 10 Hz
ENet compression: FASTLZ enabled
[SERVER] Spawned entity 1 at (194.2937, 486.5629) | Peer: NPC
[SERVER] Spawned entity 2 at (-167.9684, -461.8974) | Peer: NPC
[SERVER] Spawned entity 3 at (468.8805, -135.4675) | Peer: NPC
[SERVER] Spawned entity 4 at (-253.3411, 239.8728) | Peer: NPC
[SERVER] Spawned entity 5 at (217.0097, -359.3667) | Peer: NPC
[SERVER] Spawned entity 6 at (64.45789, 327.6086) | Peer: NPC
[SERVER] Spawned entity 7 at (476.9037, -302.1115) | Peer: NPC
[SERVER] Spawned entity 8 at (239.0943, -184.7591) | Peer: NPC
[SERVER] Spawned entity 9 at (-477.3537, -428.486) | Peer: NPC
[SERVER] Spawned entity 10 at (461.5288, 224.3286) | Peer: NPC
[SERVER] Spawned entity 11 at (464.0785, 291.7325) | Peer: NPC
[SERVER] Spawned entity 12 at (-308.0743, 404.3431) | Peer: NPC
[SERVER] Spawned entity 13 at (305.9909, -451.1926) | Peer: NPC
[SERVER] Spawned entity 14 at (411.817, 331.7998) | Peer: NPC
[SERVER] Spawned entity 15 at (387.8869, -150.2812) | Peer: NPC
[SERVER] Spawned entity 16 at (80.36156, 439.4353) | Peer: NPC
[SERVER] Spawned entity 17 at (379.4208, 243.3228) | Peer: NPC
[SERVER] Spawned entity 18 at (-214.3694, 84.65343) | Peer: NPC
[SERVER] Spawned entity 19 at (-44.82933, 68.43526) | Peer: NPC
[SERVER] Spawned entity 20 at (247.0336, 364.5146) | Peer: NPC
[SERVER] Spawned entity 21 at (-318.212, -375.6384) | Peer: NPC
[SERVER] Spawned entity 22 at (-426.8111, -189.2016) | Peer: NPC
[SERVER] Spawned entity 23 at (31.53118, -489.8274) | Peer: NPC
[SERVER] Spawned entity 24 at (62.63626, -297.5532) | Peer: NPC
[SERVER] Spawned entity 25 at (-378.2897, -156.0793) | Peer: NPC
[SERVER] Spawned entity 26 at (339.8315, -117.5618) | Peer: NPC
[SERVER] Spawned entity 27 at (402.0331, -241.51) | Peer: NPC
[SERVER] Spawned entity 28 at (281.1417, -308.0826) | Peer: NPC
[SERVER] Spawned entity 29 at (75.22018, 465.8349) | Peer: NPC
[SERVER] Spawned entity 30 at (-185.4642, -186.7555) | Peer: NPC
[SERVER] Spawned entity 31 at (223.203, -332.9011) | Peer: NPC
[SERVER] Spawned entity 32 at (307.4144, 66.70436) | Peer: NPC
[SERVER] Spawned entity 33 at (34.16927, 443.6532) | Peer: NPC
[SERVER] Spawned entity 34 at (280.7617, -486.0131) | Peer: NPC
[SERVER] Spawned entity 35 at (-482.3916, 228.5389) | Peer: NPC
[SERVER] Spawned entity 36 at (-302.022, -171.6952) | Peer: NPC
[SERVER] Spawned entity 37 at (266.308, 334.9889) | Peer: NPC
[SERVER] Spawned entity 38 at (72.75121, 326.6068) | Peer: NPC
[SERVER] Spawned entity 39 at (-363.9599, -103.0476) | Peer: NPC
[SERVER] Spawned entity 40 at (-161.7451, -154.5698) | Peer: NPC
[SERVER] Spawned entity 41 at (-436.9845, 212.4845) | Peer: NPC
[SERVER] Spawned entity 42 at (-372.542, 402.5206) | Peer: NPC
[SERVER] Spawned entity 43 at (-469.8035, -22.08182) | Peer: NPC
[SERVER] Spawned entity 44 at (-10.42173, 163.2491) | Peer: NPC
[SERVER] Spawned entity 45 at (3.611682, -73.15893) | Peer: NPC
[SERVER] Spawned entity 46 at (431.4153, -129.2468) | Peer: NPC
[SERVER] Spawned entity 47 at (-112.0588, 242.9906) | Peer: NPC
[SERVER] Spawned entity 48 at (41.70696, 239.1267) | Peer: NPC
[SERVER] Spawned entity 49 at (197.705, -387.2987) | Peer: NPC
[SERVER] Spawned entity 50 at (262.8806, 166.6593) | Peer: NPC
[SERVER] Creating moving obstacles...
[SERVER] Created moving obstacle 51 from (-300.0, 0.0) to (300.0, 0.0)
[SERVER] Created moving obstacle 52 from (0.0, -300.0) to (0.0, 300.0)
[SERVER] Created moving obstacle 53 from (-200.0, -200.0) to (200.0, 200.0)
[SERVER] Created moving obstacle 54 from (150.0, -100.0) to (-150.0, 100.0)
[SERVER] Moving obstacles created
=== SERVER MODE ===
Peer connected: 449239686
[SERVER] Spawned entity 55 at (7.030386, -82.31487) | Peer: 449239686
[SERVER] DEBUG: About to add 4 entities to snapshot #10 | Player at [0]: true | Interest list: [55, 45, 52, 54]
[SERVER] DEBUG: Snapshot #10 created with 4 entities including player 55 | All entities: [55, 45, 52, 54]
[SERIALIZE] Snapshot #10 | Player ID: 55 | Player in entity_ids: true | Entity count: 4 | All IDs (sorted): [45, 52, 54, 55]
[SERIALIZE] WARNING: Player 55 unchanged from baseline in snapshot #10 - copying from baseline
[SERVER] DEBUG: About to add 5 entities to snapshot #20 | Player at [0]: true | Interest list: [55, 51, 45, 54, 52]
[SERVER] DEBUG: Snapshot #20 created with 5 entities including player 55 | All entities: [55, 51, 45, 54, 52]
[SERIALIZE] Snapshot #20 | Player ID: 55 | Player in entity_ids: true | Entity count: 5 | All IDs (sorted): [45, 51, 52, 54, 55]
[SERIALIZE] WARNING: Player 55 unchanged from baseline in snapshot #20 - copying from baseline
[SERVER] DEBUG: About to add 5 entities to snapshot #30 | Player at [0]: true | Interest list: [55, 51, 45, 54, 52]
[SERVER] DEBUG: Snapshot #30 created with 5 entities including player 55 | All entities: [55, 51, 45, 54, 52]
[SERIALIZE] Snapshot #30 | Player ID: 55 | Player in entity_ids: true | Entity count: 5 | All IDs (sorted): [45, 51, 52, 54, 55]
[SERVER] DEBUG: About to add 5 entities to snapshot #40 | Player at [0]: true | Interest list: [55, 51, 45, 54, 52]
[SERVER] DEBUG: Snapshot #40 created with 5 entities including player 55 | All entities: [55, 51, 45, 54, 52]
[SERIALIZE] Snapshot #40 | Player ID: 55 | Player in entity_ids: true | Entity count: 5 | All IDs (sorted): [45, 51, 52, 54, 55]
[SERIALIZE] WARNING: Player 55 unchanged from baseline in snapshot #40 - copying from baseline
[SERVER] DEBUG: About to add 5 entities to snapshot #50 | Player at [0]: true | Interest list: [55, 51, 45, 54, 52]
[SERVER] DEBUG: Snapshot #50 created with 5 entities including player 55 | All entities: [55, 51, 45, 54, 52]
[SERIALIZE] Snapshot #50 | Player ID: 55 | Player in entity_ids: true | Entity count: 5 | All IDs (sorted): [45, 51, 52, 54, 55]
Peer connected: 868810091
[SERVER] Spawned entity 56 at (-49.78786, 5.651841) | Peer: 868810091
[SERVER] Player entity 56 (peer 868810091) moved from chunk (-1, 0) to (-1, -1) | Position: (-45.24081, -14.1794)
[SERVER] DEBUG: About to add 6 entities to snapshot #60 | Player at [0]: true | Interest list: [55, 51, 54, 45, 56, 52]
[SERVER] DEBUG: Snapshot #60 created with 6 entities including player 55 | All entities: [55, 51, 54, 45, 56, 52]
[SERIALIZE] Snapshot #60 | Player ID: 55 | Player in entity_ids: true | Entity count: 6 | All IDs (sorted): [45, 51, 52, 54, 55, 56]
[SERVER] Player entity 55 (peer 449239686) moved from chunk (0, -2) to (0, -1) | Position: (7.030386, -63.71678)
[SERVER] DEBUG: About to add 9 entities to snapshot #10 | Player at [0]: true | Interest list: [56, 30, 40, 51, 54, 45, 19, 52, 55]
[SERVER] DEBUG: Snapshot #10 created with 9 entities including player 56 | All entities: [56, 30, 40, 51, 54, 45, 19, 52, 55]
[SERIALIZE] Snapshot #10 | Player ID: 56 | Player in entity_ids: true | Entity count: 9 | All IDs (sorted): [19, 30, 40, 45, 51, 52, 54, 55, 56]
[SERIALIZE] WARNING: Player 56 unchanged from baseline in snapshot #10 - copying from baseline
[SERVER] DEBUG: About to add 7 entities to snapshot #70 | Player at [0]: true | Interest list: [55, 51, 54, 45, 56, 19, 52]
[SERVER] DEBUG: Snapshot #70 created with 7 entities including player 55 | All entities: [55, 51, 54, 45, 56, 19, 52]
[SERIALIZE] Snapshot #70 | Player ID: 55 | Player in entity_ids: true | Entity count: 7 | All IDs (sorted): [19, 45, 51, 52, 54, 55, 56]
[SERIALIZE] WARNING: Player 55 unchanged from baseline in snapshot #70 - copying from baseline
[SERVER] DEBUG: About to add 9 entities to snapshot #20 | Player at [0]: true | Interest list: [56, 30, 40, 51, 54, 45, 19, 52, 55]
[SERVER] DEBUG: Snapshot #20 created with 9 entities including player 56 | All entities: [56, 30, 40, 51, 54, 45, 19, 52, 55]
[SERIALIZE] Snapshot #20 | Player ID: 56 | Player in entity_ids: true | Entity count: 9 | All IDs (sorted): [19, 30, 40, 45, 51, 52, 54, 55, 56]
[SERIALIZE] WARNING: Player 56 unchanged from baseline in snapshot #20 - copying from baseline
[SERVER] DEBUG: About to add 7 entities to snapshot #80 | Player at [0]: true | Interest list: [55, 51, 54, 45, 56, 19, 52]
[SERVER] DEBUG: Snapshot #80 created with 7 entities including player 55 | All entities: [55, 51, 54, 45, 56, 19, 52]
[SERIALIZE] Snapshot #80 | Player ID: 55 | Player in entity_ids: true | Entity count: 7 | All IDs (sorted): [19, 45, 51, 52, 54, 55, 56]
[SERVER] DEBUG: About to add 9 entities to snapshot #30 | Player at [0]: true | Interest list: [56, 30, 40, 54, 51, 45, 19, 52, 55]
[SERVER] DEBUG: Snapshot #30 created with 9 entities including player 56 | All entities: [56, 30, 40, 54, 51, 45, 19, 52, 55]
[SERIALIZE] Snapshot #30 | Player ID: 56 | Player in entity_ids: true | Entity count: 9 | All IDs (sorted): [19, 30, 40, 45, 51, 52, 54, 55, 56]
[SERVER] DEBUG: About to add 6 entities to snapshot #90 | Player at [0]: true | Interest list: [55, 51, 45, 56, 19, 52]
[SERVER] DEBUG: Snapshot #90 created with 6 entities including player 55 | All entities: [55, 51, 45, 56, 19, 52]
[SERIALIZE] Snapshot #90 | Player ID: 55 | Player in entity_ids: true | Entity count: 6 | All IDs (sorted): [19, 45, 51, 52, 55, 56]
[SERVER] Player entity 56 (peer 868810091) moved from chunk (-1, -1) to (-1, 0) | Position: (-25.75718, 1.487269)
[SERVER] DEBUG: About to add 8 entities to snapshot #40 | Player at [0]: true | Interest list: [56, 51, 54, 45, 19, 44, 52, 55]
[SERVER] DEBUG: Snapshot #40 created with 8 entities including player 56 | All entities: [56, 51, 54, 45, 19, 44, 52, 55]
[SERIALIZE] Snapshot #40 | Player ID: 56 | Player in entity_ids: true | Entity count: 8 | All IDs (sorted): [19, 44, 45, 51, 52, 54, 55, 56]
[SERIALIZE] WARNING: Player 56 unchanged from baseline in snapshot #40 - copying from baseline
[SERVER] Snapshot #100 | Tick: 204 | Timestamp: 6.375 | Player ID: 55 | Player pos: (7.030386, -43.90053) | Player chunk: (0, -1)
[SERVER] DEBUG: About to add 7 entities to snapshot #100 | Player at [0]: true | Interest list: [55, 51, 54, 45, 56, 19, 52]
[SERVER] DEBUG: Snapshot #100 created with 7 entities including player 55 | All entities: [55, 51, 54, 45, 56, 19, 52]
[SERIALIZE] Snapshot #100 | Player ID: 55 | Player in entity_ids: true | Entity count: 7 | All IDs (sorted): [19, 45, 51, 52, 54, 55, 56]
[SERIALIZE] WARNING: Player 55 unchanged from baseline in snapshot #100 - copying from baseline
Snapshot #100 to peer 449239686: 7 entities, 49 bytes (uncompressed: ~350 bytes)
[SERVER] DEBUG: About to add 8 entities to snapshot #50 | Player at [0]: true | Interest list: [56, 51, 54, 45, 19, 44, 52, 55]
[SERVER] DEBUG: Snapshot #50 created with 8 entities including player 56 | All entities: [56, 51, 54, 45, 19, 44, 52, 55]
[SERIALIZE] Snapshot #50 | Player ID: 56 | Player in entity_ids: true | Entity count: 8 | All IDs (sorted): [19, 44, 45, 51, 52, 54, 55, 56]
[SERIALIZE] WARNING: Player 56 unchanged from baseline in snapshot #50 - copying from baseline
[SERVER] DEBUG: About to add 7 entities to snapshot #110 | Player at [0]: true | Interest list: [55, 51, 54, 45, 56, 19, 52]
[SERVER] DEBUG: Snapshot #110 created with 7 entities including player 55 | All entities: [55, 51, 54, 45, 56, 19, 52]
[SERIALIZE] Snapshot #110 | Player ID: 55 | Player in entity_ids: true | Entity count: 7 | All IDs (sorted): [19, 45, 51, 52, 54, 55, 56]
[SERVER] DEBUG: About to add 8 entities to snapshot #60 | Player at [0]: true | Interest list: [56, 54, 45, 51, 19, 44, 52, 55]
[SERVER] DEBUG: Snapshot #60 created with 8 entities including player 56 | All entities: [56, 54, 45, 51, 19, 44, 52, 55]
[SERIALIZE] Snapshot #60 | Player ID: 56 | Player in entity_ids: true | Entity count: 8 | All IDs (sorted): [19, 44, 45, 51, 52, 54, 55, 56]
[SERVER] DEBUG: About to add 7 entities to snapshot #120 | Player at [0]: true | Interest list: [55, 54, 45, 56, 51, 19, 52]
[SERVER] DEBUG: Snapshot #120 created with 7 entities including player 55 | All entities: [55, 54, 45, 56, 51, 19, 52]
[SERIALIZE] Snapshot #120 | Player ID: 55 | Player in entity_ids: true | Entity count: 7 | All IDs (sorted): [19, 45, 51, 52, 54, 55, 56]
[SERVER] Player entity 56 (peer 868810091) moved from chunk (-1, 0) to (0, 0) | Position: (0.099393, 12.17067)
[SERVER] DEBUG: About to add 8 entities to snapshot #70 | Player at [0]: true | Interest list: [56, 54, 45, 51, 19, 44, 52, 55]
[SERVER] DEBUG: Snapshot #70 created with 8 entities including player 56 | All entities: [56, 54, 45, 51, 19, 44, 52, 55]
[SERIALIZE] Snapshot #70 | Player ID: 56 | Player in entity_ids: true | Entity count: 8 | All IDs (sorted): [19, 44, 45, 51, 52, 54, 55, 56]
[SERIALIZE] WARNING: Player 56 unchanged from baseline in snapshot #70 - copying from baseline
[SERVER] DEBUG: About to add 7 entities to snapshot #130 | Player at [0]: true | Interest list: [55, 54, 45, 51, 19, 52, 56]
[SERVER] DEBUG: Snapshot #130 created with 7 entities including player 55 | All entities: [55, 54, 45, 51, 19, 52, 56]
[SERIALIZE] Snapshot #130 | Player ID: 55 | Player in entity_ids: true | Entity count: 7 | All IDs (sorted): [19, 45, 51, 52, 54, 55, 56]
[SERIALIZE] WARNING: Player 55 unchanged from baseline in snapshot #130 - copying from baseline
[SERVER] DEBUG: About to add 8 entities to snapshot #80 | Player at [0]: true | Interest list: [56, 54, 45, 51, 19, 44, 52, 55]
[SERVER] DEBUG: Snapshot #80 created with 8 entities including player 56 | All entities: [56, 54, 45, 51, 19, 44, 52, 55]
[SERIALIZE] Snapshot #80 | Player ID: 56 | Player in entity_ids: true | Entity count: 8 | All IDs (sorted): [19, 44, 45, 51, 52, 54, 55, 56]
[SERIALIZE] WARNING: Player 56 unchanged from baseline in snapshot #80 - copying from baseline
[SERVER] DEBUG: About to add 7 entities to snapshot #140 | Player at [0]: true | Interest list: [55, 54, 45, 51, 19, 52, 56]
[SERVER] DEBUG: Snapshot #140 created with 7 entities including player 55 | All entities: [55, 54, 45, 51, 19, 52, 56]
[SERIALIZE] Snapshot #140 | Player ID: 55 | Player in entity_ids: true | Entity count: 7 | All IDs (sorted): [19, 45, 51, 52, 54, 55, 56]
[SERVER] DEBUG: About to add 8 entities to snapshot #90 | Player at [0]: true | Interest list: [56, 45, 51, 54, 19, 44, 52, 55]
[SERVER] DEBUG: Snapshot #90 created with 8 entities including player 56 | All entities: [56, 45, 51, 54, 19, 44, 52, 55]
[SERIALIZE] Snapshot #90 | Player ID: 56 | Player in entity_ids: true | Entity count: 8 | All IDs (sorted): [19, 44, 45, 51, 52, 54, 55, 56]
[SERVER] DEBUG: About to add 7 entities to snapshot #150 | Player at [0]: true | Interest list: [55, 45, 51, 54, 19, 52, 56]
[SERVER] DEBUG: Snapshot #150 created with 7 entities including player 55 | All entities: [55, 45, 51, 54, 19, 52, 56]
[SERIALIZE] Snapshot #150 | Player ID: 55 | Player in entity_ids: true | Entity count: 7 | All IDs (sorted): [19, 45, 51, 52, 54, 55, 56]
[SERVER] Snapshot #100 | Tick: 291 | Timestamp: 9.09375 | Player ID: 56 | Player pos: (20.40165, 15.65391) | Player chunk: (0, 0)
[SERVER] DEBUG: About to add 8 entities to snapshot #100 | Player at [0]: true | Interest list: [56, 45, 51, 54, 19, 44, 55, 52]
[SERVER] DEBUG: Snapshot #100 created with 8 entities including player 56 | All entities: [56, 45, 51, 54, 19, 44, 55, 52]
[SERIALIZE] Snapshot #100 | Player ID: 56 | Player in entity_ids: true | Entity count: 8 | All IDs (sorted): [19, 44, 45, 51, 52, 54, 55, 56]
[SERIALIZE] WARNING: Player 56 unchanged from baseline in snapshot #100 - copying from baseline
Snapshot #100 to peer 868810091: 8 entities, 50 bytes (uncompressed: ~400 bytes)
[SERVER] DEBUG: About to add 7 entities to snapshot #160 | Player at [0]: true | Interest list: [55, 45, 51, 54, 19, 52, 56]
[SERVER] DEBUG: Snapshot #160 created with 7 entities including player 55 | All entities: [55, 45, 51, 54, 19, 52, 56]
[SERIALIZE] Snapshot #160 | Player ID: 55 | Player in entity_ids: true | Entity count: 7 | All IDs (sorted): [19, 45, 51, 52, 54, 55, 56]
[SERIALIZE] WARNING: Player 55 unchanged from baseline in snapshot #160 - copying from baseline
[SERVER] DEBUG: About to add 8 entities to snapshot #110 | Player at [0]: true | Interest list: [56, 45, 51, 54, 19, 44, 55, 52]
[SERVER] DEBUG: Snapshot #110 created with 8 entities including player 56 | All entities: [56, 45, 51, 54, 19, 44, 55, 52]
[SERIALIZE] Snapshot #110 | Player ID: 56 | Player in entity_ids: true | Entity count: 8 | All IDs (sorted): [19, 44, 45, 51, 52, 54, 55, 56]
[SERIALIZE] WARNING: Player 56 unchanged from baseline in snapshot #110 - copying from baseline
Peer disconnected: 868810091
[SERVER] DEBUG: About to add 6 entities to snapshot #170 | Player at [0]: true | Interest list: [55, 45, 54, 19, 52, 51]
[SERVER] DEBUG: Snapshot #170 created with 6 entities including player 55 | All entities: [55, 45, 54, 19, 52, 51]
[SERIALIZE] Snapshot #170 | Player ID: 55 | Player in entity_ids: true | Entity count: 6 | All IDs (sorted): [19, 45, 51, 52, 54, 55]
[SERVER] DEBUG: About to add 6 entities to snapshot #180 | Player at [0]: true | Interest list: [55, 45, 54, 19, 52, 51]
[SERVER] DEBUG: Snapshot #180 created with 6 entities including player 55 | All entities: [55, 45, 54, 19, 52, 51]
[SERIALIZE] Snapshot #180 | Player ID: 55 | Player in entity_ids: true | Entity count: 6 | All IDs (sorted): [19, 45, 51, 52, 54, 55]
Peer disconnected: 449239686
