Godot Engine v4.5.1.stable.official.f62fdbde1 - https://godotengine.org

Connecting to server at 127.0.0.1:7777
[RENDERER] Debug walls drawn
[RENDERER] Debug obstacle paths drawn
[INTERPOLATOR] WARNING: Low buffer! Time until latest: 0.0ms (min: 75.0ms)
[INTERPOLATOR] WARNING: Low buffer! Time until latest: -82.8009ms (min: 75.0ms)
Connected to server!
[INTERPOLATOR] WARNING: Low buffer! Time until latest: -90.0ms (min: 75.0ms)
[INTERPOLATOR] WARNING: Low buffer! Time until latest: -90.4842000198551ms (min: 75.0ms)
[INTERPOLATOR] WARNING: Low buffer! Time until latest: -93.0519ms (min: 75.0ms)
[INTERPOLATOR] WARNING: Low buffer! Time until latest: -105.0ms (min: 75.0ms)
[INTERPOLATOR] WARNING: Low buffer! Time until latest: -111.0ms (min: 75.0ms)
[INTERPOLATOR] WARNING: Low buffer! Time until latest: -116.0ms (min: 75.0ms)
[INTERPOLATOR] WARNING: Low buffer! Time until latest: -121.0ms (min: 75.0ms)
[INTERPOLATOR] WARNING: Low buffer! Time until latest: -126.625ms (min: 75.0ms)
[INTERPOLATOR] WARNING: Low buffer! Time until latest: -135.0ms (min: 75.0ms)
[INTERPOLATOR] WARNING: Low buffer! Time until latest: -141.0ms (min: 75.0ms)
[INTERPOLATOR] WARNING: Low buffer! Time until latest: -146.625ms (min: 75.0ms)
[INTERPOLATOR] WARNING: Low buffer! Time until latest: -152.25ms (min: 75.0ms)
[INTERPOLATOR] WARNING: Low buffer! Time until latest: -157.875ms (min: 75.0ms)
[INTERPOLATOR] WARNING: Low buffer! Time until latest: -163.5ms (min: 75.0ms)
[INTERPOLATOR] WARNING: Low buffer! Time until latest: -169.125ms (min: 75.0ms)
[INTERPOLATOR] WARNING: Low buffer! Time until latest: -174.75ms (min: 75.0ms)
[INTERPOLATOR] WARNING: Low buffer! Time until latest: -180.3906ms (min: 75.0ms)
[INTERPOLATOR] WARNING: Low buffer! Time until latest: -186.3906ms (min: 75.0ms)
[INTERPOLATOR] WARNING: Low buffer! Time until latest: -192.3906ms (min: 75.0ms)
[CLIENT] Player entity ID tracked: 55
[INTERPOLATOR] First snapshot received! Seq: 4 | Timestamp: 3.187 | Setting render_time to: 3.112 | Delay: 0.075
[CLIENT] WARNING: Packet loss detected! Expected seq 5 but got 6 (lost 1 packets)
[RENDERER] Client prediction ENABLED for player entity 55
[RENDERER] Created sprite for PLAYER entity 55
[CLIENT] WARNING: Packet loss detected! Expected seq 7 but got 9 (lost 2 packets)
[DESERIALIZE] Starting snapshot #10 | Timestamp: 3.468 | Entity count: 11 | Player ID: 55 | Has baseline: true | Baseline seq: 9
[DESERIALIZE] Completed snapshot #10 | Final entity count: 11 | Player 55 in snapshot: true | All entity IDs: [3, 13, 19, 22, 34, 41, 51, 52, 53, 54, 55]
[CLIENT] WARNING: Packet loss detected! Expected seq 11 but got 13 (lost 2 packets)
[CLIENT] WARNING: Packet loss detected! Expected seq 14 but got 15 (lost 1 packets)
[DESERIALIZE] Starting snapshot #20 | Timestamp: 3.937 | Entity count: 11 | Player ID: 55 | Has baseline: true | Baseline seq: 16
[DESERIALIZE] Completed snapshot #20 | Final entity count: 11 | Player 55 in snapshot: true | All entity IDs: [3, 13, 19, 22, 34, 41, 51, 52, 53, 54, 55]
[CLIENT] WARNING: Packet loss detected! Expected seq 17 but got 20 (lost 3 packets)
[CLIENT] WARNING: Packet loss detected! Expected seq 23 but got 25 (lost 2 packets)
[CLIENT] WARNING: Packet loss detected! Expected seq 27 but got 28 (lost 1 packets)
[CLIENT] WARNING: Packet loss detected! Expected seq 30 but got 31 (lost 1 packets)
[CLIENT] WARNING: Packet loss detected! Expected seq 33 but got 34 (lost 1 packets)
[CLIENT] WARNING: Packet loss detected! Expected seq 35 but got 36 (lost 1 packets)
[CLIENT] WARNING: Packet loss detected! Expected seq 37 but got 38 (lost 1 packets)
=== CLIENT MODE ===
[DESERIALIZE] Starting snapshot #40 | Timestamp: 4.968 | Entity count: 10 | Player ID: 55 | Has baseline: true | Baseline seq: 38
[DESERIALIZE] Completed snapshot #40 | Final entity count: 10 | Player 55 in snapshot: true | All entity IDs: [3, 13, 19, 22, 34, 41, 52, 53, 54, 55]
[CLIENT] WARNING: Packet loss detected! Expected seq 39 but got 40 (lost 1 packets)
[CLIENT] WARNING: Packet loss detected! Expected seq 41 but got 43 (lost 2 packets)
[INTERPOLATOR] Entity 51 disappeared (in from_snapshot seq 38 but not in to_snapshot seq 40)
[INTERPOLATOR] Entity 51 disappeared (in from_snapshot seq 38 but not in to_snapshot seq 40)
[INTERPOLATOR] Entity 51 disappeared (in from_snapshot seq 38 but not in to_snapshot seq 40)
[INTERPOLATOR] Entity 51 disappeared (in from_snapshot seq 38 but not in to_snapshot seq 40)
[INTERPOLATOR] Entity 51 disappeared (in from_snapshot seq 38 but not in to_snapshot seq 40)
[INTERPOLATOR] Entity 51 disappeared (in from_snapshot seq 38 but not in to_snapshot seq 40)
[INTERPOLATOR] Entity 51 disappeared (in from_snapshot seq 38 but not in to_snapshot seq 40)
[INTERPOLATOR] Entity 51 disappeared (in from_snapshot seq 38 but not in to_snapshot seq 40)
[INTERPOLATOR] Entity 51 disappeared (in from_snapshot seq 38 but not in to_snapshot seq 40)
[INTERPOLATOR] Entity 51 disappeared (in from_snapshot seq 38 but not in to_snapshot seq 40)
[INTERPOLATOR] Entity 51 disappeared (in from_snapshot seq 38 but not in to_snapshot seq 40)
[INTERPOLATOR] Entity 51 disappeared (in from_snapshot seq 38 but not in to_snapshot seq 40)
[INTERPOLATOR] Entity 51 disappeared (in from_snapshot seq 38 but not in to_snapshot seq 40)
[CLIENT] WARNING: Packet loss detected! Expected seq 44 but got 45 (lost 1 packets)
[CLIENT] WARNING: Packet loss detected! Expected seq 46 but got 52 (lost 6 packets)
[CLIENT] WARNING: Packet loss detected! Expected seq 53 but got 55 (lost 2 packets)
[DESERIALIZE] Starting snapshot #60 | Timestamp: 5.906 | Entity count: 10 | Player ID: 55 | Has baseline: true | Baseline seq: 58
[DESERIALIZE] Completed snapshot #60 | Final entity count: 10 | Player 55 in snapshot: true | All entity IDs: [3, 13, 19, 22, 34, 41, 52, 53, 54, 55]
[CLIENT] WARNING: Packet loss detected! Expected seq 61 but got 62 (lost 1 packets)
[CLIENT] WARNING: Packet loss detected! Expected seq 66 but got 67 (lost 1 packets)
[DESERIALIZE] Starting snapshot #70 | Timestamp: 6.468 | Entity count: 8 | Player ID: 55 | Has baseline: true | Baseline seq: 68
[DESERIALIZE] Completed snapshot #70 | Final entity count: 8 | Player 55 in snapshot: true | All entity IDs: [3, 13, 19, 34, 52, 53, 54, 55]
[CLIENT] WARNING: Packet loss detected! Expected seq 69 but got 70 (lost 1 packets)
[CLIENT] WARNING: Packet loss detected! Expected seq 71 but got 72 (lost 1 packets)
[INTERPOLATOR] Entity 22 disappeared (in from_snapshot seq 67 but not in to_snapshot seq 68)
[INTERPOLATOR] Entity 41 disappeared (in from_snapshot seq 67 but not in to_snapshot seq 68)
[INTERPOLATOR] Entity 22 disappeared (in from_snapshot seq 67 but not in to_snapshot seq 68)
[INTERPOLATOR] Entity 41 disappeared (in from_snapshot seq 67 but not in to_snapshot seq 68)
[INTERPOLATOR] Entity 22 disappeared (in from_snapshot seq 67 but not in to_snapshot seq 68)
[INTERPOLATOR] Entity 41 disappeared (in from_snapshot seq 67 but not in to_snapshot seq 68)
[INTERPOLATOR] Entity 22 disappeared (in from_snapshot seq 67 but not in to_snapshot seq 68)
[INTERPOLATOR] Entity 41 disappeared (in from_snapshot seq 67 but not in to_snapshot seq 68)
[INTERPOLATOR] Entity 22 disappeared (in from_snapshot seq 67 but not in to_snapshot seq 68)
[INTERPOLATOR] Entity 41 disappeared (in from_snapshot seq 67 but not in to_snapshot seq 68)
[INTERPOLATOR] Entity 22 disappeared (in from_snapshot seq 67 but not in to_snapshot seq 68)
[INTERPOLATOR] Entity 41 disappeared (in from_snapshot seq 67 but not in to_snapshot seq 68)
[INTERPOLATOR] Entity 22 disappeared (in from_snapshot seq 67 but not in to_snapshot seq 68)
[INTERPOLATOR] Entity 41 disappeared (in from_snapshot seq 67 but not in to_snapshot seq 68)
[INTERPOLATOR] Entity 22 disappeared (in from_snapshot seq 67 but not in to_snapshot seq 68)
[INTERPOLATOR] Entity 41 disappeared (in from_snapshot seq 67 but not in to_snapshot seq 68)
[INTERPOLATOR] Entity 22 disappeared (in from_snapshot seq 67 but not in to_snapshot seq 68)
[INTERPOLATOR] Entity 41 disappeared (in from_snapshot seq 67 but not in to_snapshot seq 68)
[INTERPOLATOR] Entity 22 disappeared (in from_snapshot seq 67 but not in to_snapshot seq 68)
[INTERPOLATOR] Entity 41 disappeared (in from_snapshot seq 67 but not in to_snapshot seq 68)
[INTERPOLATOR] Entity 22 disappeared (in from_snapshot seq 67 but not in to_snapshot seq 68)
[INTERPOLATOR] Entity 41 disappeared (in from_snapshot seq 67 but not in to_snapshot seq 68)
[INTERPOLATOR] Entity 22 disappeared (in from_snapshot seq 67 but not in to_snapshot seq 68)
[INTERPOLATOR] Entity 41 disappeared (in from_snapshot seq 67 but not in to_snapshot seq 68)
[INTERPOLATOR] Entity 22 disappeared (in from_snapshot seq 67 but not in to_snapshot seq 68)
[INTERPOLATOR] Entity 41 disappeared (in from_snapshot seq 67 but not in to_snapshot seq 68)
[CLIENT] WARNING: Packet loss detected! Expected seq 73 but got 78 (lost 5 packets)
[CLIENT] WARNING: Packet loss detected! Expected seq 80 but got 82 (lost 2 packets)
[CLIENT] WARNING: Packet loss detected! Expected seq 83 but got 87 (lost 4 packets)
[INTERPOLATOR] Entity 52 disappeared (in from_snapshot seq 82 but not in to_snapshot seq 87)
[INTERPOLATOR] Entity 52 disappeared (in from_snapshot seq 82 but not in to_snapshot seq 87)
[INTERPOLATOR] Entity 52 disappeared (in from_snapshot seq 82 but not in to_snapshot seq 87)
[INTERPOLATOR] Entity 52 disappeared (in from_snapshot seq 82 but not in to_snapshot seq 87)
[INTERPOLATOR] Entity 52 disappeared (in from_snapshot seq 82 but not in to_snapshot seq 87)
[INTERPOLATOR] Entity 52 disappeared (in from_snapshot seq 82 but not in to_snapshot seq 87)
[INTERPOLATOR] Entity 52 disappeared (in from_snapshot seq 82 but not in to_snapshot seq 87)
[INTERPOLATOR] Entity 52 disappeared (in from_snapshot seq 82 but not in to_snapshot seq 87)
[INTERPOLATOR] Entity 52 disappeared (in from_snapshot seq 82 but not in to_snapshot seq 87)
[INTERPOLATOR] Entity 52 disappeared (in from_snapshot seq 82 but not in to_snapshot seq 87)
[INTERPOLATOR] Entity 52 disappeared (in from_snapshot seq 82 but not in to_snapshot seq 87)
[INTERPOLATOR] Entity 52 disappeared (in from_snapshot seq 82 but not in to_snapshot seq 87)
[INTERPOLATOR] Entity 52 disappeared (in from_snapshot seq 82 but not in to_snapshot seq 87)
[INTERPOLATOR] Entity 52 disappeared (in from_snapshot seq 82 but not in to_snapshot seq 87)
[CLIENT] WARNING: Packet loss detected! Expected seq 88 but got 91 (lost 3 packets)
[INTERPOLATOR] Entity 52 disappeared (in from_snapshot seq 82 but not in to_snapshot seq 87)
[INTERPOLATOR] Entity 52 disappeared (in from_snapshot seq 82 but not in to_snapshot seq 87)
[INTERPOLATOR] Entity 52 disappeared (in from_snapshot seq 82 but not in to_snapshot seq 87)
[INTERPOLATOR] Entity 52 disappeared (in from_snapshot seq 82 but not in to_snapshot seq 87)
[INTERPOLATOR] Entity 52 disappeared (in from_snapshot seq 82 but not in to_snapshot seq 87)
[INTERPOLATOR] Entity 52 disappeared (in from_snapshot seq 82 but not in to_snapshot seq 87)
[INTERPOLATOR] Entity 52 disappeared (in from_snapshot seq 82 but not in to_snapshot seq 87)
[INTERPOLATOR] Entity 52 disappeared (in from_snapshot seq 82 but not in to_snapshot seq 87)
[INTERPOLATOR] Entity 52 disappeared (in from_snapshot seq 82 but not in to_snapshot seq 87)
[INTERPOLATOR] Entity 52 disappeared (in from_snapshot seq 82 but not in to_snapshot seq 87)
[INTERPOLATOR] Entity 52 disappeared (in from_snapshot seq 82 but not in to_snapshot seq 87)
[INTERPOLATOR] Entity 52 disappeared (in from_snapshot seq 82 but not in to_snapshot seq 87)
[INTERPOLATOR] Entity 52 disappeared (in from_snapshot seq 82 but not in to_snapshot seq 87)
[INTERPOLATOR] Entity 52 disappeared (in from_snapshot seq 82 but not in to_snapshot seq 87)
[INTERPOLATOR] Entity 52 disappeared (in from_snapshot seq 82 but not in to_snapshot seq 87)
[CLIENT] WARNING: Packet loss detected! Expected seq 92 but got 93 (lost 1 packets)
[INTERPOLATOR] Entity 52 disappeared (in from_snapshot seq 82 but not in to_snapshot seq 87)
[INTERPOLATOR] Entity 52 disappeared (in from_snapshot seq 82 but not in to_snapshot seq 87)
[INTERPOLATOR] Entity 52 disappeared (in from_snapshot seq 82 but not in to_snapshot seq 87)
[INTERPOLATOR] Entity 52 disappeared (in from_snapshot seq 82 but not in to_snapshot seq 87)
[INTERPOLATOR] Entity 52 disappeared (in from_snapshot seq 82 but not in to_snapshot seq 87)
[INTERPOLATOR] Entity 52 disappeared (in from_snapshot seq 82 but not in to_snapshot seq 87)
[INTERPOLATOR] Entity 52 disappeared (in from_snapshot seq 82 but not in to_snapshot seq 87)
[INTERPOLATOR] Entity 52 disappeared (in from_snapshot seq 82 but not in to_snapshot seq 87)
[INTERPOLATOR] Entity 52 disappeared (in from_snapshot seq 82 but not in to_snapshot seq 87)
[INTERPOLATOR] Entity 52 disappeared (in from_snapshot seq 82 but not in to_snapshot seq 87)
[INTERPOLATOR] Entity 52 disappeared (in from_snapshot seq 82 but not in to_snapshot seq 87)
[INTERPOLATOR] Entity 52 disappeared (in from_snapshot seq 82 but not in to_snapshot seq 87)
[INTERPOLATOR] Entity 53 disappeared (in from_snapshot seq 87 but not in to_snapshot seq 91)
[INTERPOLATOR] Entity 53 disappeared (in from_snapshot seq 87 but not in to_snapshot seq 91)
[INTERPOLATOR] Entity 53 disappeared (in from_snapshot seq 87 but not in to_snapshot seq 91)
[INTERPOLATOR] Entity 53 disappeared (in from_snapshot seq 87 but not in to_snapshot seq 91)
[INTERPOLATOR] Entity 53 disappeared (in from_snapshot seq 87 but not in to_snapshot seq 91)
[INTERPOLATOR] Entity 53 disappeared (in from_snapshot seq 87 but not in to_snapshot seq 91)
[INTERPOLATOR] Entity 53 disappeared (in from_snapshot seq 87 but not in to_snapshot seq 91)
[INTERPOLATOR] Entity 53 disappeared (in from_snapshot seq 87 but not in to_snapshot seq 91)
[INTERPOLATOR] Entity 53 disappeared (in from_snapshot seq 87 but not in to_snapshot seq 91)
[INTERPOLATOR] Entity 53 disappeared (in from_snapshot seq 87 but not in to_snapshot seq 91)
[INTERPOLATOR] Entity 53 disappeared (in from_snapshot seq 87 but not in to_snapshot seq 91)
[INTERPOLATOR] Entity 53 disappeared (in from_snapshot seq 87 but not in to_snapshot seq 91)
[CLIENT] WARNING: Packet loss detected! Expected seq 95 but got 96 (lost 1 packets)
[INTERPOLATOR] Entity 53 disappeared (in from_snapshot seq 87 but not in to_snapshot seq 91)
[INTERPOLATOR] Entity 53 disappeared (in from_snapshot seq 87 but not in to_snapshot seq 91)
[INTERPOLATOR] Entity 53 disappeared (in from_snapshot seq 87 but not in to_snapshot seq 91)
[INTERPOLATOR] Entity 53 disappeared (in from_snapshot seq 87 but not in to_snapshot seq 91)
[INTERPOLATOR] Entity 53 disappeared (in from_snapshot seq 87 but not in to_snapshot seq 91)
[INTERPOLATOR] Entity 53 disappeared (in from_snapshot seq 87 but not in to_snapshot seq 91)
[INTERPOLATOR] Entity 53 disappeared (in from_snapshot seq 87 but not in to_snapshot seq 91)
[INTERPOLATOR] Entity 53 disappeared (in from_snapshot seq 87 but not in to_snapshot seq 91)
[INTERPOLATOR] Entity 53 disappeared (in from_snapshot seq 87 but not in to_snapshot seq 91)
[INTERPOLATOR] Entity 53 disappeared (in from_snapshot seq 87 but not in to_snapshot seq 91)
[INTERPOLATOR] Entity 53 disappeared (in from_snapshot seq 87 but not in to_snapshot seq 91)
[INTERPOLATOR] Entity 53 disappeared (in from_snapshot seq 87 but not in to_snapshot seq 91)
[INTERPOLATOR] Entity 53 disappeared (in from_snapshot seq 87 but not in to_snapshot seq 91)
[INTERPOLATOR] Entity 53 disappeared (in from_snapshot seq 87 but not in to_snapshot seq 91)
[CLIENT] WARNING: Packet loss detected! Expected seq 98 but got 99 (lost 1 packets)
[DESERIALIZE] Starting snapshot #100 | Timestamp: 7.968 | Entity count: 5 | Player ID: 55 | Has baseline: true | Baseline seq: 99
[DESERIALIZE] Completed snapshot #100 | Final entity count: 5 | Player 55 in snapshot: true | All entity IDs: [3, 13, 19, 34, 55]
[CLIENT] Received snapshot #100 | Snapshot timestamp: 7.968 | Current client time: 5.069 | Interpolator render_time: 7.60024603174609 | Interpolator latest_server_time: 7.875 | Entities: 5 | Player in snapshot: true | Player ID: 55 | Data size: 19 bytes
[INTERPOLATOR] Buffer full, removing old snapshot seq 59
[INTERPOLATOR] Buffer state: 20 snapshots | Render time: 7.60024603174609 | Latest server time: 7.968 | Delay: 367.753968253914 ms
[INTERPOLATOR] Entity 54 disappeared (in from_snapshot seq 94 but not in to_snapshot seq 96)
[INTERPOLATOR] Entity 54 disappeared (in from_snapshot seq 94 but not in to_snapshot seq 96)
[INTERPOLATOR] Entity 54 disappeared (in from_snapshot seq 94 but not in to_snapshot seq 96)
[INTERPOLATOR] Entity 54 disappeared (in from_snapshot seq 94 but not in to_snapshot seq 96)
[INTERPOLATOR] Entity 54 disappeared (in from_snapshot seq 94 but not in to_snapshot seq 96)
[INTERPOLATOR] Entity 54 disappeared (in from_snapshot seq 94 but not in to_snapshot seq 96)
[INTERPOLATOR] Entity 54 disappeared (in from_snapshot seq 94 but not in to_snapshot seq 96)
[INTERPOLATOR] Entity 54 disappeared (in from_snapshot seq 94 but not in to_snapshot seq 96)
[INTERPOLATOR] Entity 54 disappeared (in from_snapshot seq 94 but not in to_snapshot seq 96)
[INTERPOLATOR] Entity 54 disappeared (in from_snapshot seq 94 but not in to_snapshot seq 96)
[INTERPOLATOR] Entity 54 disappeared (in from_snapshot seq 94 but not in to_snapshot seq 96)
[INTERPOLATOR] Entity 54 disappeared (in from_snapshot seq 94 but not in to_snapshot seq 96)
[INTERPOLATOR] Entity 54 disappeared (in from_snapshot seq 94 but not in to_snapshot seq 96)
[CLIENT] WARNING: Packet loss detected! Expected seq 104 but got 105 (lost 1 packets)
[CLIENT] WARNING: Packet loss detected! Expected seq 106 but got 107 (lost 1 packets)
[CLIENT] WARNING: Packet loss detected! Expected seq 108 but got 111 (lost 3 packets)
[DESERIALIZE] Starting snapshot #120 | Timestamp: 8.906 | Entity count: 5 | Player ID: 55 | Has baseline: true | Baseline seq: 115
[DESERIALIZE] Completed snapshot #120 | Final entity count: 5 | Player 55 in snapshot: true | All entity IDs: [3, 13, 19, 34, 55]
[CLIENT] WARNING: Packet loss detected! Expected seq 116 but got 120 (lost 4 packets)
[CLIENT] WARNING: Packet loss detected! Expected seq 123 but got 125 (lost 2 packets)
[CLIENT] WARNING: Packet loss detected! Expected seq 128 but got 129 (lost 1 packets)
[DESERIALIZE] Starting snapshot #130 | Timestamp: 9.468 | Entity count: 5 | Player ID: 55 | Has baseline: true | Baseline seq: 129
[DESERIALIZE] Completed snapshot #130 | Final entity count: 5 | Player 55 in snapshot: true | All entity IDs: [3, 13, 19, 34, 55]
[CLIENT] WARNING: Packet loss detected! Expected seq 131 but got 133 (lost 2 packets)
[DESERIALIZE] Starting snapshot #140 | Timestamp: 9.937 | Entity count: 5 | Player ID: 55 | Has baseline: true | Baseline seq: 133
[DESERIALIZE] Completed snapshot #140 | Final entity count: 5 | Player 55 in snapshot: true | All entity IDs: [3, 13, 19, 34, 55]
[CLIENT] WARNING: Packet loss detected! Expected seq 134 but got 140 (lost 6 packets)
[CLIENT] WARNING: Packet loss detected! Expected seq 142 but got 143 (lost 1 packets)
[CLIENT] WARNING: Packet loss detected! Expected seq 145 but got 147 (lost 2 packets)
[CLIENT] WARNING: Packet loss detected! Expected seq 148 but got 149 (lost 1 packets)
[CLIENT] WARNING: Packet loss detected! Expected seq 150 but got 152 (lost 2 packets)
[CLIENT] WARNING: Packet loss detected! Expected seq 154 but got 155 (lost 1 packets)
[CLIENT] WARNING: Packet loss detected! Expected seq 156 but got 158 (lost 2 packets)
[DESERIALIZE] Starting snapshot #160 | Timestamp: 10.968 | Entity count: 6 | Player ID: 55 | Has baseline: true | Baseline seq: 159
[DESERIALIZE] Completed snapshot #160 | Final entity count: 6 | Player 55 in snapshot: true | All entity IDs: [3, 13, 19, 34, 54, 55]
[CLIENT] WARNING: Packet loss detected! Expected seq 162 but got 166 (lost 4 packets)
[CLIENT] WARNING: Packet loss detected! Expected seq 169 but got 171 (lost 2 packets)
[CLIENT] WARNING: Packet loss detected! Expected seq 172 but got 175 (lost 3 packets)
[CLIENT] WARNING: Packet loss detected! Expected seq 177 but got 179 (lost 2 packets)
[CLIENT] WARNING: Packet loss detected! Expected seq 180 but got 182 (lost 2 packets)
[CLIENT] WARNING: Packet loss detected! Expected seq 183 but got 186 (lost 3 packets)
[CLIENT] WARNING: Packet loss detected! Expected seq 187 but got 188 (lost 1 packets)
[CLIENT] WARNING: Packet loss detected! Expected seq 190 but got 191 (lost 1 packets)
[CLIENT] WARNING: Packet loss detected! Expected seq 195 but got 196 (lost 1 packets)
[CLIENT] WARNING: Packet loss detected! Expected seq 197 but got 198 (lost 1 packets)
[DESERIALIZE] Starting snapshot #200 | Timestamp: 12.937 | Entity count: 8 | Player ID: 55 | Has baseline: true | Baseline seq: 198
[DESERIALIZE] Completed snapshot #200 | Final entity count: 8 | Player 55 in snapshot: true | All entity IDs: [3, 13, 19, 34, 51, 52, 54, 55]
[CLIENT] Received snapshot #200 | Snapshot timestamp: 12.937 | Current client time: 10.043 | Interpolator render_time: 12.5614267777775 | Interpolator latest_server_time: 12.937 | Entities: 8 | Player in snapshot: true | Player ID: 55 | Data size: 68 bytes
[INTERPOLATOR] Buffer full, removing old snapshot seq 160
[INTERPOLATOR] Buffer state: 20 snapshots | Render time: 12.5614267777775 | Latest server time: 12.937 | Delay: 375.573222222494 ms
[CLIENT] WARNING: Packet loss detected! Expected seq 201 but got 202 (lost 1 packets)
[CLIENT] WARNING: Packet loss detected! Expected seq 203 but got 204 (lost 1 packets)
[INTERPOLATOR] Entity 52 disappeared (in from_snapshot seq 202 but not in to_snapshot seq 204)
[INTERPOLATOR] Entity 52 disappeared (in from_snapshot seq 202 but not in to_snapshot seq 204)
[INTERPOLATOR] Entity 52 disappeared (in from_snapshot seq 202 but not in to_snapshot seq 204)
[INTERPOLATOR] Entity 52 disappeared (in from_snapshot seq 202 but not in to_snapshot seq 204)
[INTERPOLATOR] Entity 52 disappeared (in from_snapshot seq 202 but not in to_snapshot seq 204)
[INTERPOLATOR] Entity 52 disappeared (in from_snapshot seq 202 but not in to_snapshot seq 204)
[INTERPOLATOR] Entity 52 disappeared (in from_snapshot seq 202 but not in to_snapshot seq 204)
[INTERPOLATOR] Entity 52 disappeared (in from_snapshot seq 202 but not in to_snapshot seq 204)
[INTERPOLATOR] Entity 52 disappeared (in from_snapshot seq 202 but not in to_snapshot seq 204)
[INTERPOLATOR] Entity 52 disappeared (in from_snapshot seq 202 but not in to_snapshot seq 204)
[INTERPOLATOR] Entity 52 disappeared (in from_snapshot seq 202 but not in to_snapshot seq 204)
[INTERPOLATOR] Entity 52 disappeared (in from_snapshot seq 202 but not in to_snapshot seq 204)
[CLIENT] WARNING: Packet loss detected! Expected seq 208 but got 211 (lost 3 packets)
[INTERPOLATOR] Entity 52 disappeared (in from_snapshot seq 202 but not in to_snapshot seq 204)
[CLIENT] WARNING: Packet loss detected! Expected seq 212 but got 214 (lost 2 packets)
[CLIENT] WARNING: Packet loss detected! Expected seq 216 but got 217 (lost 1 packets)
[DESERIALIZE] Starting snapshot #220 | Timestamp: 13.968 | Entity count: 13 | Player ID: 55 | Has baseline: true | Baseline seq: 217
[DESERIALIZE] Completed snapshot #220 | Final entity count: 13 | Player 55 in snapshot: true | All entity IDs: [1, 3, 10, 13, 19, 28, 32, 34, 38, 39, 51, 54, 55]
[CLIENT] WARNING: Packet loss detected! Expected seq 218 but got 220 (lost 2 packets)
[RENDERER] Large desync detected (64.0702590942383 units) - snapping to server
[CLIENT] WARNING: Packet loss detected! Expected seq 221 but got 225 (lost 4 packets)
[CLIENT] WARNING: Packet loss detected! Expected seq 228 but got 229 (lost 1 packets)
[CLIENT] WARNING: Packet loss detected! Expected seq 230 but got 232 (lost 2 packets)
[CLIENT] WARNING: Packet loss detected! Expected seq 233 but got 234 (lost 1 packets)
[CLIENT] WARNING: Packet loss detected! Expected seq 235 but got 237 (lost 2 packets)
[RENDERER] Large desync detected (64.1406860351562 units) - snapping to server
[INTERPOLATOR] Entity 54 disappeared (in from_snapshot seq 234 but not in to_snapshot seq 237)
[INTERPOLATOR] Entity 54 disappeared (in from_snapshot seq 234 but not in to_snapshot seq 237)
[INTERPOLATOR] Entity 54 disappeared (in from_snapshot seq 234 but not in to_snapshot seq 237)
[INTERPOLATOR] Entity 54 disappeared (in from_snapshot seq 234 but not in to_snapshot seq 237)
[INTERPOLATOR] Entity 54 disappeared (in from_snapshot seq 234 but not in to_snapshot seq 237)
[INTERPOLATOR] Entity 54 disappeared (in from_snapshot seq 234 but not in to_snapshot seq 237)
[INTERPOLATOR] Entity 54 disappeared (in from_snapshot seq 234 but not in to_snapshot seq 237)
[INTERPOLATOR] Entity 54 disappeared (in from_snapshot seq 234 but not in to_snapshot seq 237)
[INTERPOLATOR] Entity 54 disappeared (in from_snapshot seq 234 but not in to_snapshot seq 237)
[INTERPOLATOR] Entity 54 disappeared (in from_snapshot seq 234 but not in to_snapshot seq 237)
[INTERPOLATOR] Entity 54 disappeared (in from_snapshot seq 234 but not in to_snapshot seq 237)
[INTERPOLATOR] Entity 54 disappeared (in from_snapshot seq 234 but not in to_snapshot seq 237)
[CLIENT] WARNING: Packet loss detected! Expected seq 240 but got 243 (lost 3 packets)
[INTERPOLATOR] Entity 54 disappeared (in from_snapshot seq 234 but not in to_snapshot seq 237)
[INTERPOLATOR] Entity 54 disappeared (in from_snapshot seq 234 but not in to_snapshot seq 237)
[INTERPOLATOR] Entity 54 disappeared (in from_snapshot seq 234 but not in to_snapshot seq 237)
[INTERPOLATOR] Entity 54 disappeared (in from_snapshot seq 234 but not in to_snapshot seq 237)
[INTERPOLATOR] Entity 54 disappeared (in from_snapshot seq 234 but not in to_snapshot seq 237)
[INTERPOLATOR] Entity 54 disappeared (in from_snapshot seq 234 but not in to_snapshot seq 237)
[INTERPOLATOR] Entity 54 disappeared (in from_snapshot seq 234 but not in to_snapshot seq 237)
[INTERPOLATOR] Entity 54 disappeared (in from_snapshot seq 234 but not in to_snapshot seq 237)
[INTERPOLATOR] Entity 54 disappeared (in from_snapshot seq 234 but not in to_snapshot seq 237)
[INTERPOLATOR] Entity 54 disappeared (in from_snapshot seq 234 but not in to_snapshot seq 237)
[INTERPOLATOR] Entity 54 disappeared (in from_snapshot seq 234 but not in to_snapshot seq 237)
[INTERPOLATOR] Entity 54 disappeared (in from_snapshot seq 234 but not in to_snapshot seq 237)
[INTERPOLATOR] Entity 54 disappeared (in from_snapshot seq 234 but not in to_snapshot seq 237)
[INTERPOLATOR] Entity 54 disappeared (in from_snapshot seq 234 but not in to_snapshot seq 237)
[INTERPOLATOR] Entity 54 disappeared (in from_snapshot seq 234 but not in to_snapshot seq 237)
[CLIENT] WARNING: Packet loss detected! Expected seq 246 but got 247 (lost 1 packets)
[DESERIALIZE] Starting snapshot #250 | Timestamp: 15.468 | Entity count: 14 | Player ID: 55 | Has baseline: true | Baseline seq: 249
[DESERIALIZE] Completed snapshot #250 | Final entity count: 14 | Player 55 in snapshot: true | All entity IDs: [1, 3, 10, 13, 19, 20, 28, 32, 34, 38, 39, 48, 51, 55]
[CLIENT] WARNING: Packet loss detected! Expected seq 253 but got 255 (lost 2 packets)
[CLIENT] WARNING: Packet loss detected! Expected seq 256 but got 257 (lost 1 packets)
[RENDERER] Large desync detected (64.0305480957031 units) - snapping to server
[DESERIALIZE] Starting snapshot #260 | Timestamp: 15.937 | Entity count: 14 | Player ID: 55 | Has baseline: true | Baseline seq: 258
[DESERIALIZE] Completed snapshot #260 | Final entity count: 14 | Player 55 in snapshot: true | All entity IDs: [1, 3, 6, 10, 20, 28, 32, 34, 37, 38, 39, 48, 51, 55]
[CLIENT] WARNING: Packet loss detected! Expected seq 259 but got 260 (lost 1 packets)
[INTERPOLATOR] Entity 13 disappeared (in from_snapshot seq 255 but not in to_snapshot seq 257)
[INTERPOLATOR] Entity 19 disappeared (in from_snapshot seq 255 but not in to_snapshot seq 257)
[INTERPOLATOR] Entity 13 disappeared (in from_snapshot seq 255 but not in to_snapshot seq 257)
[INTERPOLATOR] Entity 19 disappeared (in from_snapshot seq 255 but not in to_snapshot seq 257)
[INTERPOLATOR] Entity 13 disappeared (in from_snapshot seq 255 but not in to_snapshot seq 257)
[INTERPOLATOR] Entity 19 disappeared (in from_snapshot seq 255 but not in to_snapshot seq 257)
[INTERPOLATOR] Entity 13 disappeared (in from_snapshot seq 255 but not in to_snapshot seq 257)
[INTERPOLATOR] Entity 19 disappeared (in from_snapshot seq 255 but not in to_snapshot seq 257)
[INTERPOLATOR] Entity 13 disappeared (in from_snapshot seq 255 but not in to_snapshot seq 257)
[INTERPOLATOR] Entity 19 disappeared (in from_snapshot seq 255 but not in to_snapshot seq 257)
[INTERPOLATOR] Entity 13 disappeared (in from_snapshot seq 255 but not in to_snapshot seq 257)
[INTERPOLATOR] Entity 19 disappeared (in from_snapshot seq 255 but not in to_snapshot seq 257)
[INTERPOLATOR] Entity 13 disappeared (in from_snapshot seq 255 but not in to_snapshot seq 257)
[INTERPOLATOR] Entity 19 disappeared (in from_snapshot seq 255 but not in to_snapshot seq 257)
[INTERPOLATOR] Entity 13 disappeared (in from_snapshot seq 255 but not in to_snapshot seq 257)
[INTERPOLATOR] Entity 19 disappeared (in from_snapshot seq 255 but not in to_snapshot seq 257)
[INTERPOLATOR] Entity 13 disappeared (in from_snapshot seq 255 but not in to_snapshot seq 257)
[INTERPOLATOR] Entity 19 disappeared (in from_snapshot seq 255 but not in to_snapshot seq 257)
[INTERPOLATOR] Entity 13 disappeared (in from_snapshot seq 255 but not in to_snapshot seq 257)
[INTERPOLATOR] Entity 19 disappeared (in from_snapshot seq 255 but not in to_snapshot seq 257)
[INTERPOLATOR] Entity 13 disappeared (in from_snapshot seq 255 but not in to_snapshot seq 257)
[INTERPOLATOR] Entity 19 disappeared (in from_snapshot seq 255 but not in to_snapshot seq 257)
[INTERPOLATOR] Entity 13 disappeared (in from_snapshot seq 255 but not in to_snapshot seq 257)
[INTERPOLATOR] Entity 19 disappeared (in from_snapshot seq 255 but not in to_snapshot seq 257)
[INTERPOLATOR] Entity 13 disappeared (in from_snapshot seq 255 but not in to_snapshot seq 257)
[INTERPOLATOR] Entity 19 disappeared (in from_snapshot seq 255 but not in to_snapshot seq 257)
[INTERPOLATOR] Entity 13 disappeared (in from_snapshot seq 255 but not in to_snapshot seq 257)
[INTERPOLATOR] Entity 19 disappeared (in from_snapshot seq 255 but not in to_snapshot seq 257)
[INTERPOLATOR] Entity 13 disappeared (in from_snapshot seq 255 but not in to_snapshot seq 257)
[INTERPOLATOR] Entity 19 disappeared (in from_snapshot seq 255 but not in to_snapshot seq 257)
[INTERPOLATOR] Entity 13 disappeared (in from_snapshot seq 255 but not in to_snapshot seq 257)
[INTERPOLATOR] Entity 19 disappeared (in from_snapshot seq 255 but not in to_snapshot seq 257)
[INTERPOLATOR] Entity 13 disappeared (in from_snapshot seq 255 but not in to_snapshot seq 257)
[INTERPOLATOR] Entity 19 disappeared (in from_snapshot seq 255 but not in to_snapshot seq 257)
[INTERPOLATOR] Entity 13 disappeared (in from_snapshot seq 255 but not in to_snapshot seq 257)
[INTERPOLATOR] Entity 19 disappeared (in from_snapshot seq 255 but not in to_snapshot seq 257)
[INTERPOLATOR] Entity 13 disappeared (in from_snapshot seq 255 but not in to_snapshot seq 257)
[INTERPOLATOR] Entity 19 disappeared (in from_snapshot seq 255 but not in to_snapshot seq 257)
[INTERPOLATOR] Entity 13 disappeared (in from_snapshot seq 255 but not in to_snapshot seq 257)
[INTERPOLATOR] Entity 19 disappeared (in from_snapshot seq 255 but not in to_snapshot seq 257)
[INTERPOLATOR] Entity 13 disappeared (in from_snapshot seq 255 but not in to_snapshot seq 257)
[INTERPOLATOR] Entity 19 disappeared (in from_snapshot seq 255 but not in to_snapshot seq 257)
[INTERPOLATOR] Entity 13 disappeared (in from_snapshot seq 255 but not in to_snapshot seq 257)
[INTERPOLATOR] Entity 19 disappeared (in from_snapshot seq 255 but not in to_snapshot seq 257)
[INTERPOLATOR] Entity 13 disappeared (in from_snapshot seq 255 but not in to_snapshot seq 257)
[INTERPOLATOR] Entity 19 disappeared (in from_snapshot seq 255 but not in to_snapshot seq 257)
[INTERPOLATOR] Entity 13 disappeared (in from_snapshot seq 255 but not in to_snapshot seq 257)
[INTERPOLATOR] Entity 19 disappeared (in from_snapshot seq 255 but not in to_snapshot seq 257)
[INTERPOLATOR] Entity 13 disappeared (in from_snapshot seq 255 but not in to_snapshot seq 257)
[INTERPOLATOR] Entity 19 disappeared (in from_snapshot seq 255 but not in to_snapshot seq 257)
[CLIENT] WARNING: Packet loss detected! Expected seq 263 but got 265 (lost 2 packets)
[INTERPOLATOR] Entity 13 disappeared (in from_snapshot seq 255 but not in to_snapshot seq 257)
[INTERPOLATOR] Entity 19 disappeared (in from_snapshot seq 255 but not in to_snapshot seq 257)
[INTERPOLATOR] Entity 13 disappeared (in from_snapshot seq 255 but not in to_snapshot seq 257)
[INTERPOLATOR] Entity 19 disappeared (in from_snapshot seq 255 but not in to_snapshot seq 257)
[DESERIALIZE] Starting snapshot #270 | Timestamp: 16.406 | Entity count: 14 | Player ID: 55 | Has baseline: true | Baseline seq: 267
[DESERIALIZE] Completed snapshot #270 | Final entity count: 14 | Player 55 in snapshot: true | All entity IDs: [1, 3, 6, 10, 20, 28, 32, 34, 37, 38, 39, 48, 51, 55]
[CLIENT] WARNING: Packet loss detected! Expected seq 268 but got 270 (lost 2 packets)
[CLIENT] WARNING: Packet loss detected! Expected seq 272 but got 273 (lost 1 packets)
[CLIENT] WARNING: Packet loss detected! Expected seq 274 but got 275 (lost 1 packets)
[CLIENT] WARNING: Packet loss detected! Expected seq 277 but got 279 (lost 2 packets)
[DESERIALIZE] Starting snapshot #280 | Timestamp: 16.968 | Entity count: 14 | Player ID: 55 | Has baseline: true | Baseline seq: 279
[DESERIALIZE] Completed snapshot #280 | Final entity count: 14 | Player 55 in snapshot: true | All entity IDs: [1, 3, 6, 10, 20, 28, 32, 34, 37, 38, 39, 48, 51, 55]
[CLIENT] WARNING: Packet loss detected! Expected seq 282 but got 283 (lost 1 packets)
[DESERIALIZE] Starting snapshot #290 | Timestamp: 17.437 | Entity count: 14 | Player ID: 55 | Has baseline: true | Baseline seq: 288
[DESERIALIZE] Completed snapshot #290 | Final entity count: 14 | Player 55 in snapshot: true | All entity IDs: [1, 3, 6, 10, 20, 28, 32, 34, 37, 38, 39, 48, 51, 55]
[CLIENT] WARNING: Packet loss detected! Expected seq 291 but got 294 (lost 3 packets)
[CLIENT] WARNING: Packet loss detected! Expected seq 295 but got 297 (lost 2 packets)
[INTERPOLATOR] Entity 51 disappeared (in from_snapshot seq 290 but not in to_snapshot seq 294)
[INTERPOLATOR] Entity 51 disappeared (in from_snapshot seq 290 but not in to_snapshot seq 294)
[INTERPOLATOR] Entity 51 disappeared (in from_snapshot seq 290 but not in to_snapshot seq 294)
[INTERPOLATOR] Entity 51 disappeared (in from_snapshot seq 290 but not in to_snapshot seq 294)
[INTERPOLATOR] Entity 51 disappeared (in from_snapshot seq 290 but not in to_snapshot seq 294)
[INTERPOLATOR] Entity 51 disappeared (in from_snapshot seq 290 but not in to_snapshot seq 294)
[INTERPOLATOR] Entity 51 disappeared (in from_snapshot seq 290 but not in to_snapshot seq 294)
[INTERPOLATOR] Entity 51 disappeared (in from_snapshot seq 290 but not in to_snapshot seq 294)
[INTERPOLATOR] Entity 51 disappeared (in from_snapshot seq 290 but not in to_snapshot seq 294)
[INTERPOLATOR] Entity 51 disappeared (in from_snapshot seq 290 but not in to_snapshot seq 294)
[INTERPOLATOR] Entity 51 disappeared (in from_snapshot seq 290 but not in to_snapshot seq 294)
[INTERPOLATOR] Entity 51 disappeared (in from_snapshot seq 290 but not in to_snapshot seq 294)
[INTERPOLATOR] Entity 51 disappeared (in from_snapshot seq 290 but not in to_snapshot seq 294)
[DESERIALIZE] Starting snapshot #300 | Timestamp: 17.906 | Entity count: 13 | Player ID: 55 | Has baseline: true | Baseline seq: 298
[DESERIALIZE] Completed snapshot #300 | Final entity count: 13 | Player 55 in snapshot: true | All entity IDs: [1, 3, 6, 10, 20, 28, 32, 34, 37, 38, 39, 48, 55]
[CLIENT] Received snapshot #300 | Snapshot timestamp: 17.906 | Current client time: 15.012 | Interpolator render_time: 17.5265467777774 | Interpolator latest_server_time: 17.906 | Entities: 13 | Player in snapshot: true | Player ID: 55 | Data size: 26 bytes
[INTERPOLATOR] Buffer full, removing old snapshot seq 270
[INTERPOLATOR] Buffer state: 20 snapshots | Render time: 17.5265467777774 | Latest server time: 17.906 | Delay: 379.453222222569 ms
[INTERPOLATOR] Entity 51 disappeared (in from_snapshot seq 290 but not in to_snapshot seq 294)
[INTERPOLATOR] Entity 51 disappeared (in from_snapshot seq 290 but not in to_snapshot seq 294)
[INTERPOLATOR] Entity 51 disappeared (in from_snapshot seq 290 but not in to_snapshot seq 294)
[INTERPOLATOR] Entity 51 disappeared (in from_snapshot seq 290 but not in to_snapshot seq 294)
[INTERPOLATOR] Entity 51 disappeared (in from_snapshot seq 290 but not in to_snapshot seq 294)
[INTERPOLATOR] Entity 51 disappeared (in from_snapshot seq 290 but not in to_snapshot seq 294)
[INTERPOLATOR] Entity 51 disappeared (in from_snapshot seq 290 but not in to_snapshot seq 294)
[INTERPOLATOR] Entity 51 disappeared (in from_snapshot seq 290 but not in to_snapshot seq 294)
[INTERPOLATOR] Entity 51 disappeared (in from_snapshot seq 290 but not in to_snapshot seq 294)
[INTERPOLATOR] Entity 51 disappeared (in from_snapshot seq 290 but not in to_snapshot seq 294)
[INTERPOLATOR] Entity 51 disappeared (in from_snapshot seq 290 but not in to_snapshot seq 294)
[INTERPOLATOR] Entity 51 disappeared (in from_snapshot seq 290 but not in to_snapshot seq 294)
[INTERPOLATOR] Entity 51 disappeared (in from_snapshot seq 290 but not in to_snapshot seq 294)
[INTERPOLATOR] Entity 51 disappeared (in from_snapshot seq 290 but not in to_snapshot seq 294)
[CLIENT] WARNING: Packet loss detected! Expected seq 302 but got 305 (lost 3 packets)
[DESERIALIZE] Starting snapshot #310 | Timestamp: 18.468 | Entity count: 13 | Player ID: 55 | Has baseline: true | Baseline seq: 305
[DESERIALIZE] Completed snapshot #310 | Final entity count: 13 | Player 55 in snapshot: true | All entity IDs: [1, 3, 6, 10, 20, 28, 32, 34, 37, 38, 39, 48, 55]
[CLIENT] WARNING: Packet loss detected! Expected seq 306 but got 310 (lost 4 packets)
[CLIENT] WARNING: Packet loss detected! Expected seq 311 but got 312 (lost 1 packets)
[CLIENT] WARNING: Packet loss detected! Expected seq 314 but got 315 (lost 1 packets)
[CLIENT] WARNING: Packet loss detected! Expected seq 320 but got 322 (lost 2 packets)
[CLIENT] WARNING: Packet loss detected! Expected seq 323 but got 326 (lost 3 packets)
[DESERIALIZE] Starting snapshot #330 | Timestamp: 19.406 | Entity count: 13 | Player ID: 55 | Has baseline: true | Baseline seq: 328
[DESERIALIZE] Completed snapshot #330 | Final entity count: 13 | Player 55 in snapshot: true | All entity IDs: [1, 3, 6, 10, 20, 28, 32, 34, 37, 38, 39, 48, 55]
[CLIENT] WARNING: Packet loss detected! Expected seq 329 but got 330 (lost 1 packets)
[CLIENT] WARNING: Packet loss detected! Expected seq 336 but got 342 (lost 6 packets)
[CLIENT] WARNING: Packet loss detected! Expected seq 345 but got 348 (lost 3 packets)
[DESERIALIZE] Starting snapshot #350 | Timestamp: 20.437 | Entity count: 13 | Player ID: 55 | Has baseline: true | Baseline seq: 348
[DESERIALIZE] Completed snapshot #350 | Final entity count: 13 | Player 55 in snapshot: true | All entity IDs: [1, 3, 6, 10, 20, 28, 32, 34, 37, 38, 39, 48, 55]
[CLIENT] WARNING: Packet loss detected! Expected seq 349 but got 350 (lost 1 packets)
[DESERIALIZE] Starting snapshot #360 | Timestamp: 20.906 | Entity count: 13 | Player ID: 55 | Has baseline: true | Baseline seq: 356
[DESERIALIZE] Completed snapshot #360 | Final entity count: 13 | Player 55 in snapshot: true | All entity IDs: [1, 3, 6, 10, 20, 28, 32, 34, 37, 38, 39, 48, 55]
[CLIENT] WARNING: Packet loss detected! Expected seq 357 but got 360 (lost 3 packets)
[CLIENT] WARNING: Packet loss detected! Expected seq 362 but got 365 (lost 3 packets)
[CLIENT] WARNING: Packet loss detected! Expected seq 366 but got 367 (lost 1 packets)
[CLIENT] WARNING: Packet loss detected! Expected seq 370 but got 372 (lost 2 packets)
[CLIENT] WARNING: Packet loss detected! Expected seq 374 but got 375 (lost 1 packets)
[CLIENT] WARNING: Packet loss detected! Expected seq 377 but got 378 (lost 1 packets)
[DESERIALIZE] Starting snapshot #380 | Timestamp: 21.937 | Entity count: 13 | Player ID: 55 | Has baseline: true | Baseline seq: 378
[DESERIALIZE] Completed snapshot #380 | Final entity count: 13 | Player 55 in snapshot: true | All entity IDs: [1, 3, 6, 10, 20, 28, 32, 34, 37, 38, 39, 48, 55]
[CLIENT] WARNING: Packet loss detected! Expected seq 385 but got 386 (lost 1 packets)
[CLIENT] WARNING: Packet loss detected! Expected seq 387 but got 388 (lost 1 packets)
[DESERIALIZE] Starting snapshot #390 | Timestamp: 22.406 | Entity count: 13 | Player ID: 55 | Has baseline: true | Baseline seq: 388
[DESERIALIZE] Completed snapshot #390 | Final entity count: 13 | Player 55 in snapshot: true | All entity IDs: [1, 3, 6, 10, 20, 28, 32, 34, 37, 38, 39, 48, 55]
[CLIENT] WARNING: Packet loss detected! Expected seq 391 but got 394 (lost 3 packets)
