Godot Engine v4.5.1.stable.official.f62fdbde1 - https://godotengine.org

[CLIENT] Auto-move enabled for testing
Connecting to server at 127.0.0.1:7777
[RENDERER] Debug walls drawn
[RENDERER] Debug obstacle paths drawn
Connected to server!
[CLIENT] Player entity ID tracked: 56
[INTERPOLATOR] First snapshot received! Seq: 1 | Timestamp: 3.1 | Setting render_time to: 2.95 | Delay: 0.15
[INTERPOLATOR] WARNING: Behind buffer! Jumping render_time from 2.95666666666667 to 3.1
[INTERPOLATOR] BUFFER UNDERRUN! Render time caught up to latest snapshot. Holding frame.
[RENDERER] Client prediction ENABLED for player entity 56
[RENDERER] Created sprite for PLAYER entity 56
[INTERPOLATOR] WARNING: Behind buffer! Jumping render_time from 3.00714285714286 to 3.1
[INTERPOLATOR] WARNING: Behind buffer! Jumping render_time from 3.006897 to 3.1
[INTERPOLATOR] WARNING: Behind buffer! Jumping render_time from 3.006939 to 3.1
[INTERPOLATOR] WARNING: Behind buffer! Jumping render_time from 3.056842 to 3.1
[INTERPOLATOR] WARNING: Behind buffer! Jumping render_time from 3.056934 to 3.1
[INTERPOLATOR] WARNING: Behind buffer! Jumping render_time from 3.056934 to 3.1
[DESERIALIZE] Starting snapshot #10 | Timestamp: 3.25 | Entity count: 10 | Player ID: 56 | Has baseline: true | Baseline seq: 7
[DESERIALIZE] Completed snapshot #10 | Final entity count: 10 | Player 56 in snapshot: true | All entity IDs: [13, 22, 25, 34, 51, 52, 53, 54, 55, 56]
[DESERIALIZE] Starting snapshot #20 | Timestamp: 3.4 | Entity count: 10 | Player ID: 56 | Has baseline: false | Baseline seq: 0
[DESERIALIZE] Completed snapshot #20 | Final entity count: 10 | Player 56 in snapshot: true | All entity IDs: [13, 22, 25, 34, 51, 52, 53, 54, 55, 56]
[INTERPOLATOR] Buffer: 20 pkts | Health: 158.9ms / 150.0ms | Status: OK
[DESERIALIZE] Starting snapshot #30 | Timestamp: 3.6 | Entity count: 10 | Player ID: 56 | Has baseline: true | Baseline seq: 27
[DESERIALIZE] Completed snapshot #30 | Final entity count: 10 | Player 56 in snapshot: true | All entity IDs: [13, 22, 25, 34, 51, 52, 53, 54, 55, 56]
[DESERIALIZE] Starting snapshot #40 | Timestamp: 3.75 | Entity count: 10 | Player ID: 56 | Has baseline: false | Baseline seq: 0
[DESERIALIZE] Completed snapshot #40 | Final entity count: 10 | Player 56 in snapshot: true | All entity IDs: [13, 22, 25, 34, 51, 52, 53, 54, 55, 56]
[INTERPOLATOR] Buffer: 40 pkts | Health: 169.6ms / 150.0ms | Status: OK
[DESERIALIZE] Starting snapshot #50 | Timestamp: 3.9 | Entity count: 11 | Player ID: 56 | Has baseline: true | Baseline seq: 46
[DESERIALIZE] Completed snapshot #50 | Final entity count: 11 | Player 56 in snapshot: true | All entity IDs: [15, 16, 22, 25, 34, 51, 52, 53, 54, 55, 56]
[INTERPOLATOR] Entity 13 disappeared (in from_snapshot seq 47 but not in to_snapshot seq 48)
[INTERPOLATOR] Entity 13 disappeared (in from_snapshot seq 47 but not in to_snapshot seq 48)
[INTERPOLATOR] Entity 13 disappeared (in from_snapshot seq 47 but not in to_snapshot seq 48)
[INTERPOLATOR] Entity 13 disappeared (in from_snapshot seq 47 but not in to_snapshot seq 48)
[INTERPOLATOR] Entity 13 disappeared (in from_snapshot seq 47 but not in to_snapshot seq 48)
[INTERPOLATOR] Entity 13 disappeared (in from_snapshot seq 47 but not in to_snapshot seq 48)
[INTERPOLATOR] Entity 13 disappeared (in from_snapshot seq 47 but not in to_snapshot seq 48)
[DESERIALIZE] Starting snapshot #60 | Timestamp: 4.1 | Entity count: 10 | Player ID: 56 | Has baseline: false | Baseline seq: 0
[DESERIALIZE] Completed snapshot #60 | Final entity count: 10 | Player 56 in snapshot: true | All entity IDs: [13, 22, 25, 34, 51, 52, 53, 54, 55, 56]
[INTERPOLATOR] Buffer: 40 pkts | Health: 186.2ms / 150.0ms | Status: OK
[INTERPOLATOR] Entity 15 disappeared (in from_snapshot seq 53 but not in to_snapshot seq 54)
[INTERPOLATOR] Entity 16 disappeared (in from_snapshot seq 53 but not in to_snapshot seq 54)
[INTERPOLATOR] Entity 15 disappeared (in from_snapshot seq 53 but not in to_snapshot seq 54)
[INTERPOLATOR] Entity 16 disappeared (in from_snapshot seq 53 but not in to_snapshot seq 54)
[INTERPOLATOR] Entity 15 disappeared (in from_snapshot seq 53 but not in to_snapshot seq 54)
[INTERPOLATOR] Entity 16 disappeared (in from_snapshot seq 53 but not in to_snapshot seq 54)
[INTERPOLATOR] Entity 15 disappeared (in from_snapshot seq 53 but not in to_snapshot seq 54)
[INTERPOLATOR] Entity 16 disappeared (in from_snapshot seq 53 but not in to_snapshot seq 54)
[INTERPOLATOR] Entity 15 disappeared (in from_snapshot seq 53 but not in to_snapshot seq 54)
[INTERPOLATOR] Entity 16 disappeared (in from_snapshot seq 53 but not in to_snapshot seq 54)
[INTERPOLATOR] Entity 15 disappeared (in from_snapshot seq 53 but not in to_snapshot seq 54)
[INTERPOLATOR] Entity 16 disappeared (in from_snapshot seq 53 but not in to_snapshot seq 54)
[INTERPOLATOR] Entity 15 disappeared (in from_snapshot seq 53 but not in to_snapshot seq 54)
[INTERPOLATOR] Entity 16 disappeared (in from_snapshot seq 53 but not in to_snapshot seq 54)
[DESERIALIZE] Starting snapshot #70 | Timestamp: 4.25 | Entity count: 10 | Player ID: 56 | Has baseline: true | Baseline seq: 66
[DESERIALIZE] Completed snapshot #70 | Final entity count: 10 | Player 56 in snapshot: true | All entity IDs: [13, 22, 25, 31, 34, 51, 53, 54, 55, 56]
[INTERPOLATOR] Entity 52 disappeared (in from_snapshot seq 65 but not in to_snapshot seq 66)
[INTERPOLATOR] Entity 52 disappeared (in from_snapshot seq 65 but not in to_snapshot seq 66)
[INTERPOLATOR] Entity 52 disappeared (in from_snapshot seq 65 but not in to_snapshot seq 66)
[INTERPOLATOR] Entity 52 disappeared (in from_snapshot seq 65 but not in to_snapshot seq 66)
[INTERPOLATOR] Entity 52 disappeared (in from_snapshot seq 65 but not in to_snapshot seq 66)
[INTERPOLATOR] Entity 52 disappeared (in from_snapshot seq 65 but not in to_snapshot seq 66)
[INTERPOLATOR] Entity 52 disappeared (in from_snapshot seq 65 but not in to_snapshot seq 66)
[DESERIALIZE] Starting snapshot #80 | Timestamp: 4.4 | Entity count: 10 | Player ID: 56 | Has baseline: false | Baseline seq: 0
[DESERIALIZE] Completed snapshot #80 | Final entity count: 10 | Player 56 in snapshot: true | All entity IDs: [13, 22, 25, 31, 34, 51, 53, 54, 55, 56]
[INTERPOLATOR] Buffer: 40 pkts | Health: 154.2ms / 150.0ms | Status: OK
[DESERIALIZE] Starting snapshot #90 | Timestamp: 4.6 | Entity count: 11 | Player ID: 56 | Has baseline: true | Baseline seq: 86
[DESERIALIZE] Completed snapshot #90 | Final entity count: 11 | Player 56 in snapshot: true | All entity IDs: [13, 22, 25, 31, 34, 51, 52, 53, 54, 55, 56]
[DESERIALIZE] Starting snapshot #100 | Timestamp: 4.75 | Entity count: 11 | Player ID: 56 | Has baseline: false | Baseline seq: 0
[DESERIALIZE] Completed snapshot #100 | Final entity count: 11 | Player 56 in snapshot: true | All entity IDs: [13, 22, 25, 31, 34, 51, 52, 53, 54, 55, 56]
[CLIENT] Received snapshot #100 | Snapshot timestamp: 4.75 | Current client time: 1.808 | Interpolator render_time: 4.58314305447244 | Interpolator latest_server_time: 4.75 | Entities: 11 | Player in snapshot: true | Player ID: 56 | Data size: 127 bytes
[INTERPOLATOR] Buffer full, removing old snapshot seq 60
[INTERPOLATOR] Buffer: 40 pkts | Health: 166.9ms / 150.0ms | Status: OK
[DESERIALIZE] Starting snapshot #110 | Timestamp: 4.9 | Entity count: 11 | Player ID: 56 | Has baseline: true | Baseline seq: 106
[DESERIALIZE] Completed snapshot #110 | Final entity count: 11 | Player 56 in snapshot: true | All entity IDs: [13, 22, 25, 31, 34, 51, 52, 53, 54, 55, 56]
=== CLIENT MODE ===
[DESERIALIZE] Starting snapshot #120 | Timestamp: 5.1 | Entity count: 10 | Player ID: 56 | Has baseline: false | Baseline seq: 0
[DESERIALIZE] Completed snapshot #120 | Final entity count: 10 | Player 56 in snapshot: true | All entity IDs: [13, 22, 25, 31, 34, 52, 53, 54, 55, 56]
[INTERPOLATOR] Buffer: 40 pkts | Health: 186.4ms / 150.0ms | Status: OK
[INTERPOLATOR] Entity 51 disappeared (in from_snapshot seq 116 but not in to_snapshot seq 117)
[INTERPOLATOR] Entity 51 disappeared (in from_snapshot seq 116 but not in to_snapshot seq 117)
[INTERPOLATOR] Entity 51 disappeared (in from_snapshot seq 116 but not in to_snapshot seq 117)
[INTERPOLATOR] Entity 51 disappeared (in from_snapshot seq 116 but not in to_snapshot seq 117)
[INTERPOLATOR] Entity 51 disappeared (in from_snapshot seq 116 but not in to_snapshot seq 117)
[INTERPOLATOR] Entity 51 disappeared (in from_snapshot seq 116 but not in to_snapshot seq 117)
[INTERPOLATOR] Entity 51 disappeared (in from_snapshot seq 116 but not in to_snapshot seq 117)
[DESERIALIZE] Starting snapshot #130 | Timestamp: 5.25 | Entity count: 6 | Player ID: 56 | Has baseline: true | Baseline seq: 126
[DESERIALIZE] Completed snapshot #130 | Final entity count: 6 | Player 56 in snapshot: true | All entity IDs: [13, 22, 25, 53, 54, 56]
[DESERIALIZE] Starting snapshot #140 | Timestamp: 5.4 | Entity count: 6 | Player ID: 56 | Has baseline: false | Baseline seq: 0
[DESERIALIZE] Completed snapshot #140 | Final entity count: 6 | Player 56 in snapshot: true | All entity IDs: [13, 22, 25, 53, 54, 56]
[INTERPOLATOR] Buffer: 40 pkts | Health: 152.9ms / 150.0ms | Status: OK
[DESERIALIZE] Starting snapshot #150 | Timestamp: 5.6 | Entity count: 6 | Player ID: 56 | Has baseline: true | Baseline seq: 146
[DESERIALIZE] Completed snapshot #150 | Final entity count: 6 | Player 56 in snapshot: true | All entity IDs: [13, 22, 25, 53, 54, 56]
[DESERIALIZE] Starting snapshot #160 | Timestamp: 5.75 | Entity count: 6 | Player ID: 56 | Has baseline: false | Baseline seq: 0
[DESERIALIZE] Completed snapshot #160 | Final entity count: 6 | Player 56 in snapshot: true | All entity IDs: [13, 22, 25, 53, 54, 56]
[INTERPOLATOR] Buffer: 40 pkts | Health: 164.8ms / 150.0ms | Status: OK
[DESERIALIZE] Starting snapshot #170 | Timestamp: 5.9 | Entity count: 9 | Player ID: 56 | Has baseline: true | Baseline seq: 169
[DESERIALIZE] Completed snapshot #170 | Final entity count: 9 | Player 56 in snapshot: true | All entity IDs: [13, 22, 25, 34, 52, 53, 54, 55, 56]
[DESERIALIZE] Starting snapshot #180 | Timestamp: 6.1 | Entity count: 9 | Player ID: 56 | Has baseline: false | Baseline seq: 0
[DESERIALIZE] Completed snapshot #180 | Final entity count: 9 | Player 56 in snapshot: true | All entity IDs: [13, 22, 25, 34, 52, 53, 54, 55, 56]
[INTERPOLATOR] Buffer: 40 pkts | Health: 183.4ms / 150.0ms | Status: OK
[DESERIALIZE] Starting snapshot #190 | Timestamp: 6.25 | Entity count: 9 | Player ID: 56 | Has baseline: true | Baseline seq: 189
[DESERIALIZE] Completed snapshot #190 | Final entity count: 9 | Player 56 in snapshot: true | All entity IDs: [13, 22, 25, 34, 52, 53, 54, 55, 56]
[DESERIALIZE] Starting snapshot #200 | Timestamp: 6.4 | Entity count: 9 | Player ID: 56 | Has baseline: false | Baseline seq: 0
[DESERIALIZE] Completed snapshot #200 | Final entity count: 9 | Player 56 in snapshot: true | All entity IDs: [13, 22, 25, 34, 52, 53, 54, 55, 56]
[CLIENT] Received snapshot #200 | Snapshot timestamp: 6.4 | Current client time: 3.471 | Interpolator render_time: 6.24678814242354 | Interpolator latest_server_time: 6.4 | Entities: 9 | Player in snapshot: true | Player ID: 56 | Data size: 107 bytes
[INTERPOLATOR] Buffer full, removing old snapshot seq 160
[INTERPOLATOR] Buffer: 40 pkts | Health: 153.2ms / 150.0ms | Status: OK
[DESERIALIZE] Starting snapshot #210 | Timestamp: 6.6 | Entity count: 9 | Player ID: 56 | Has baseline: true | Baseline seq: 209
[DESERIALIZE] Completed snapshot #210 | Final entity count: 9 | Player 56 in snapshot: true | All entity IDs: [13, 22, 25, 34, 52, 53, 54, 55, 56]
[DESERIALIZE] Starting snapshot #220 | Timestamp: 6.75 | Entity count: 9 | Player ID: 56 | Has baseline: false | Baseline seq: 0
[DESERIALIZE] Completed snapshot #220 | Final entity count: 9 | Player 56 in snapshot: true | All entity IDs: [13, 22, 25, 34, 52, 53, 54, 55, 56]
[INTERPOLATOR] Buffer: 40 pkts | Health: 172.0ms / 150.0ms | Status: OK
[DESERIALIZE] Starting snapshot #230 | Timestamp: 6.9 | Entity count: 9 | Player ID: 56 | Has baseline: true | Baseline seq: 229
[DESERIALIZE] Completed snapshot #230 | Final entity count: 9 | Player 56 in snapshot: true | All entity IDs: [13, 22, 25, 34, 52, 53, 54, 55, 56]
[DESERIALIZE] Starting snapshot #240 | Timestamp: 7.1 | Entity count: 9 | Player ID: 56 | Has baseline: false | Baseline seq: 0
[DESERIALIZE] Completed snapshot #240 | Final entity count: 9 | Player 56 in snapshot: true | All entity IDs: [13, 22, 25, 34, 52, 53, 54, 55, 56]
[INTERPOLATOR] Buffer: 40 pkts | Health: 183.1ms / 150.0ms | Status: OK
[DESERIALIZE] Starting snapshot #250 | Timestamp: 7.25 | Entity count: 9 | Player ID: 56 | Has baseline: true | Baseline seq: 248
[DESERIALIZE] Completed snapshot #250 | Final entity count: 9 | Player 56 in snapshot: true | All entity IDs: [13, 22, 25, 34, 52, 53, 54, 55, 56]
[DESERIALIZE] Starting snapshot #260 | Timestamp: 7.4 | Entity count: 10 | Player ID: 56 | Has baseline: false | Baseline seq: 0
[DESERIALIZE] Completed snapshot #260 | Final entity count: 10 | Player 56 in snapshot: true | All entity IDs: [13, 22, 25, 31, 34, 52, 53, 54, 55, 56]
[INTERPOLATOR] Buffer: 40 pkts | Health: 152.6ms / 150.0ms | Status: OK
[DESERIALIZE] Starting snapshot #270 | Timestamp: 7.6 | Entity count: 10 | Player ID: 56 | Has baseline: true | Baseline seq: 268
[DESERIALIZE] Completed snapshot #270 | Final entity count: 10 | Player 56 in snapshot: true | All entity IDs: [13, 22, 25, 31, 34, 52, 53, 54, 55, 56]
[DESERIALIZE] Starting snapshot #280 | Timestamp: 7.75 | Entity count: 10 | Player ID: 56 | Has baseline: false | Baseline seq: 0
[DESERIALIZE] Completed snapshot #280 | Final entity count: 10 | Player 56 in snapshot: true | All entity IDs: [13, 22, 25, 31, 34, 52, 53, 54, 55, 56]
[INTERPOLATOR] Buffer: 40 pkts | Health: 172.3ms / 150.0ms | Status: OK
[INTERPOLATOR] Entity 52 disappeared (in from_snapshot seq 281 but not in to_snapshot seq 282)
[DESERIALIZE] Starting snapshot #290 | Timestamp: 7.9 | Entity count: 9 | Player ID: 56 | Has baseline: true | Baseline seq: 288
[DESERIALIZE] Completed snapshot #290 | Final entity count: 9 | Player 56 in snapshot: true | All entity IDs: [13, 22, 25, 31, 34, 53, 54, 55, 56]
[INTERPOLATOR] Entity 52 disappeared (in from_snapshot seq 281 but not in to_snapshot seq 282)
[INTERPOLATOR] Entity 52 disappeared (in from_snapshot seq 281 but not in to_snapshot seq 282)
[INTERPOLATOR] Entity 52 disappeared (in from_snapshot seq 281 but not in to_snapshot seq 282)
[INTERPOLATOR] Entity 52 disappeared (in from_snapshot seq 281 but not in to_snapshot seq 282)
[INTERPOLATOR] Entity 52 disappeared (in from_snapshot seq 281 but not in to_snapshot seq 282)
[INTERPOLATOR] Entity 52 disappeared (in from_snapshot seq 281 but not in to_snapshot seq 282)
[INTERPOLATOR] Entity 52 disappeared (in from_snapshot seq 281 but not in to_snapshot seq 282)
[DESERIALIZE] Starting snapshot #300 | Timestamp: 8.1 | Entity count: 9 | Player ID: 56 | Has baseline: false | Baseline seq: 0
[DESERIALIZE] Completed snapshot #300 | Final entity count: 9 | Player 56 in snapshot: true | All entity IDs: [13, 22, 25, 31, 34, 53, 54, 55, 56]
[CLIENT] Received snapshot #300 | Snapshot timestamp: 8.1 | Current client time: 5.14 | Interpolator render_time: 7.91602428504249 | Interpolator latest_server_time: 8.05 | Entities: 9 | Player in snapshot: true | Player ID: 56 | Data size: 107 bytes
[INTERPOLATOR] Buffer full, removing old snapshot seq 260
[INTERPOLATOR] Buffer: 40 pkts | Health: 184.0ms / 150.0ms | Status: OK
[DESERIALIZE] Starting snapshot #310 | Timestamp: 8.25 | Entity count: 6 | Player ID: 56 | Has baseline: true | Baseline seq: 308
[DESERIALIZE] Completed snapshot #310 | Final entity count: 6 | Player 56 in snapshot: true | All entity IDs: [13, 22, 31, 53, 54, 56]
[INTERPOLATOR] Entity 25 disappeared (in from_snapshot seq 308 but not in to_snapshot seq 309)
[INTERPOLATOR] Entity 34 disappeared (in from_snapshot seq 308 but not in to_snapshot seq 309)
[INTERPOLATOR] Entity 55 disappeared (in from_snapshot seq 308 but not in to_snapshot seq 309)
[INTERPOLATOR] Entity 25 disappeared (in from_snapshot seq 308 but not in to_snapshot seq 309)
[INTERPOLATOR] Entity 34 disappeared (in from_snapshot seq 308 but not in to_snapshot seq 309)
[INTERPOLATOR] Entity 55 disappeared (in from_snapshot seq 308 but not in to_snapshot seq 309)
[INTERPOLATOR] Entity 25 disappeared (in from_snapshot seq 308 but not in to_snapshot seq 309)
[INTERPOLATOR] Entity 34 disappeared (in from_snapshot seq 308 but not in to_snapshot seq 309)
[INTERPOLATOR] Entity 55 disappeared (in from_snapshot seq 308 but not in to_snapshot seq 309)
[INTERPOLATOR] Entity 25 disappeared (in from_snapshot seq 308 but not in to_snapshot seq 309)
[INTERPOLATOR] Entity 34 disappeared (in from_snapshot seq 308 but not in to_snapshot seq 309)
[INTERPOLATOR] Entity 55 disappeared (in from_snapshot seq 308 but not in to_snapshot seq 309)
[INTERPOLATOR] Entity 25 disappeared (in from_snapshot seq 308 but not in to_snapshot seq 309)
[INTERPOLATOR] Entity 34 disappeared (in from_snapshot seq 308 but not in to_snapshot seq 309)
[INTERPOLATOR] Entity 55 disappeared (in from_snapshot seq 308 but not in to_snapshot seq 309)
[INTERPOLATOR] Entity 25 disappeared (in from_snapshot seq 308 but not in to_snapshot seq 309)
[INTERPOLATOR] Entity 34 disappeared (in from_snapshot seq 308 but not in to_snapshot seq 309)
[INTERPOLATOR] Entity 55 disappeared (in from_snapshot seq 308 but not in to_snapshot seq 309)
[INTERPOLATOR] Entity 25 disappeared (in from_snapshot seq 308 but not in to_snapshot seq 309)
[INTERPOLATOR] Entity 34 disappeared (in from_snapshot seq 308 but not in to_snapshot seq 309)
[INTERPOLATOR] Entity 55 disappeared (in from_snapshot seq 308 but not in to_snapshot seq 309)
[DESERIALIZE] Starting snapshot #320 | Timestamp: 8.4 | Entity count: 5 | Player ID: 56 | Has baseline: false | Baseline seq: 0
[DESERIALIZE] Completed snapshot #320 | Final entity count: 5 | Player 56 in snapshot: true | All entity IDs: [13, 22, 53, 54, 56]
[INTERPOLATOR] Buffer: 40 pkts | Health: 153.2ms / 150.0ms | Status: OK
[INTERPOLATOR] Entity 53 disappeared (in from_snapshot seq 320 but not in to_snapshot seq 321)
[INTERPOLATOR] Entity 53 disappeared (in from_snapshot seq 320 but not in to_snapshot seq 321)
[DESERIALIZE] Starting snapshot #330 | Timestamp: 8.6 | Entity count: 4 | Player ID: 56 | Has baseline: true | Baseline seq: 328
[DESERIALIZE] Completed snapshot #330 | Final entity count: 4 | Player 56 in snapshot: true | All entity IDs: [13, 22, 54, 56]
[INTERPOLATOR] Entity 53 disappeared (in from_snapshot seq 320 but not in to_snapshot seq 321)
[INTERPOLATOR] Entity 53 disappeared (in from_snapshot seq 320 but not in to_snapshot seq 321)
[INTERPOLATOR] Entity 53 disappeared (in from_snapshot seq 320 but not in to_snapshot seq 321)
[INTERPOLATOR] Entity 53 disappeared (in from_snapshot seq 320 but not in to_snapshot seq 321)
[INTERPOLATOR] Entity 53 disappeared (in from_snapshot seq 320 but not in to_snapshot seq 321)
[DESERIALIZE] Starting snapshot #340 | Timestamp: 8.75 | Entity count: 4 | Player ID: 56 | Has baseline: false | Baseline seq: 0
[DESERIALIZE] Completed snapshot #340 | Final entity count: 4 | Player 56 in snapshot: true | All entity IDs: [13, 22, 54, 56]
[INTERPOLATOR] Buffer: 40 pkts | Health: 172.1ms / 150.0ms | Status: OK
[DESERIALIZE] Starting snapshot #350 | Timestamp: 8.9 | Entity count: 4 | Player ID: 56 | Has baseline: true | Baseline seq: 348
[DESERIALIZE] Completed snapshot #350 | Final entity count: 4 | Player 56 in snapshot: true | All entity IDs: [13, 22, 54, 56]
[DESERIALIZE] Starting snapshot #360 | Timestamp: 9.1 | Entity count: 6 | Player ID: 56 | Has baseline: false | Baseline seq: 0
[DESERIALIZE] Completed snapshot #360 | Final entity count: 6 | Player 56 in snapshot: true | All entity IDs: [13, 22, 25, 53, 54, 56]
[INTERPOLATOR] Buffer: 40 pkts | Health: 183.2ms / 150.0ms | Status: OK
[DESERIALIZE] Starting snapshot #370 | Timestamp: 9.25 | Entity count: 6 | Player ID: 56 | Has baseline: true | Baseline seq: 368
[DESERIALIZE] Completed snapshot #370 | Final entity count: 6 | Player 56 in snapshot: true | All entity IDs: [13, 22, 25, 53, 54, 56]
[DESERIALIZE] Starting snapshot #380 | Timestamp: 9.4 | Entity count: 6 | Player ID: 56 | Has baseline: false | Baseline seq: 0
[DESERIALIZE] Completed snapshot #380 | Final entity count: 6 | Player 56 in snapshot: true | All entity IDs: [13, 22, 25, 53, 54, 56]
[INTERPOLATOR] Buffer: 40 pkts | Health: 152.8ms / 150.0ms | Status: OK
[DESERIALIZE] Starting snapshot #390 | Timestamp: 9.6 | Entity count: 7 | Player ID: 56 | Has baseline: true | Baseline seq: 388
[DESERIALIZE] Completed snapshot #390 | Final entity count: 7 | Player 56 in snapshot: true | All entity IDs: [13, 22, 25, 53, 54, 55, 56]
[DESERIALIZE] Starting snapshot #400 | Timestamp: 9.75 | Entity count: 7 | Player ID: 56 | Has baseline: false | Baseline seq: 0
[DESERIALIZE] Completed snapshot #400 | Final entity count: 7 | Player 56 in snapshot: true | All entity IDs: [13, 22, 25, 53, 54, 55, 56]
[CLIENT] Received snapshot #400 | Snapshot timestamp: 9.75 | Current client time: 6.803 | Interpolator render_time: 9.5778094824938 | Interpolator latest_server_time: 9.75 | Entities: 7 | Player in snapshot: true | Player ID: 56 | Data size: 86 bytes
[INTERPOLATOR] Buffer full, removing old snapshot seq 360
[INTERPOLATOR] Buffer: 40 pkts | Health: 172.2ms / 150.0ms | Status: OK
[INTERPOLATOR] Entity 25 disappeared (in from_snapshot seq 401 but not in to_snapshot seq 402)
[DESERIALIZE] Starting snapshot #410 | Timestamp: 9.9 | Entity count: 6 | Player ID: 56 | Has baseline: true | Baseline seq: 407
[DESERIALIZE] Completed snapshot #410 | Final entity count: 6 | Player 56 in snapshot: true | All entity IDs: [13, 22, 53, 54, 55, 56]
[INTERPOLATOR] Entity 25 disappeared (in from_snapshot seq 401 but not in to_snapshot seq 402)
[INTERPOLATOR] Entity 25 disappeared (in from_snapshot seq 401 but not in to_snapshot seq 402)
[INTERPOLATOR] Entity 25 disappeared (in from_snapshot seq 401 but not in to_snapshot seq 402)
[INTERPOLATOR] Entity 25 disappeared (in from_snapshot seq 401 but not in to_snapshot seq 402)
[INTERPOLATOR] Entity 25 disappeared (in from_snapshot seq 401 but not in to_snapshot seq 402)
[INTERPOLATOR] Entity 25 disappeared (in from_snapshot seq 401 but not in to_snapshot seq 402)
[INTERPOLATOR] Entity 25 disappeared (in from_snapshot seq 401 but not in to_snapshot seq 402)
[DESERIALIZE] Starting snapshot #420 | Timestamp: 10.1 | Entity count: 6 | Player ID: 56 | Has baseline: false | Baseline seq: 0
[DESERIALIZE] Completed snapshot #420 | Final entity count: 6 | Player 56 in snapshot: true | All entity IDs: [13, 22, 53, 54, 55, 56]
[INTERPOLATOR] Buffer: 40 pkts | Health: 183.5ms / 150.0ms | Status: OK
[DESERIALIZE] Starting snapshot #430 | Timestamp: 10.25 | Entity count: 6 | Player ID: 56 | Has baseline: true | Baseline seq: 427
[DESERIALIZE] Completed snapshot #430 | Final entity count: 6 | Player 56 in snapshot: true | All entity IDs: [13, 22, 53, 54, 55, 56]
[DESERIALIZE] Starting snapshot #440 | Timestamp: 10.4 | Entity count: 6 | Player ID: 56 | Has baseline: false | Baseline seq: 0
[DESERIALIZE] Completed snapshot #440 | Final entity count: 6 | Player 56 in snapshot: true | All entity IDs: [13, 22, 53, 54, 55, 56]
[INTERPOLATOR] Buffer: 40 pkts | Health: 152.7ms / 150.0ms | Status: OK
[DESERIALIZE] Starting snapshot #450 | Timestamp: 10.6 | Entity count: 7 | Player ID: 56 | Has baseline: true | Baseline seq: 447
[DESERIALIZE] Completed snapshot #450 | Final entity count: 7 | Player 56 in snapshot: true | All entity IDs: [13, 22, 31, 53, 54, 55, 56]
[DESERIALIZE] Starting snapshot #460 | Timestamp: 10.75 | Entity count: 7 | Player ID: 56 | Has baseline: false | Baseline seq: 0
[DESERIALIZE] Completed snapshot #460 | Final entity count: 7 | Player 56 in snapshot: true | All entity IDs: [13, 22, 31, 53, 54, 55, 56]
[INTERPOLATOR] Buffer: 40 pkts | Health: 165.2ms / 150.0ms | Status: OK
[DESERIALIZE] Starting snapshot #470 | Timestamp: 10.9 | Entity count: 7 | Player ID: 56 | Has baseline: true | Baseline seq: 467
[DESERIALIZE] Completed snapshot #470 | Final entity count: 7 | Player 56 in snapshot: true | All entity IDs: [13, 22, 31, 53, 54, 55, 56]
[DESERIALIZE] Starting snapshot #480 | Timestamp: 11.1 | Entity count: 7 | Player ID: 56 | Has baseline: false | Baseline seq: 0
[DESERIALIZE] Completed snapshot #480 | Final entity count: 7 | Player 56 in snapshot: true | All entity IDs: [13, 22, 31, 53, 54, 55, 56]
[INTERPOLATOR] Buffer: 40 pkts | Health: 183.5ms / 150.0ms | Status: OK
[DESERIALIZE] Starting snapshot #490 | Timestamp: 11.25 | Entity count: 7 | Player ID: 56 | Has baseline: true | Baseline seq: 487
[DESERIALIZE] Completed snapshot #490 | Final entity count: 7 | Player 56 in snapshot: true | All entity IDs: [13, 22, 31, 53, 54, 55, 56]
[DESERIALIZE] Starting snapshot #500 | Timestamp: 11.4 | Entity count: 3 | Player ID: 56 | Has baseline: false | Baseline seq: 0
[DESERIALIZE] Completed snapshot #500 | Final entity count: 3 | Player 56 in snapshot: true | All entity IDs: [13, 31, 56]
[CLIENT] Received snapshot #500 | Snapshot timestamp: 11.4 | Current client time: 8.473 | Interpolator render_time: 11.24727178017 | Interpolator latest_server_time: 11.4 | Entities: 3 | Player in snapshot: true | Player ID: 56 | Data size: 45 bytes
[INTERPOLATOR] Buffer full, removing old snapshot seq 460
[INTERPOLATOR] Buffer: 40 pkts | Health: 152.7ms / 150.0ms | Status: OK
[INTERPOLATOR] Entity 22 disappeared (in from_snapshot seq 497 but not in to_snapshot seq 498)
[INTERPOLATOR] Entity 53 disappeared (in from_snapshot seq 497 but not in to_snapshot seq 498)
[INTERPOLATOR] Entity 54 disappeared (in from_snapshot seq 497 but not in to_snapshot seq 498)
[INTERPOLATOR] Entity 55 disappeared (in from_snapshot seq 497 but not in to_snapshot seq 498)
[INTERPOLATOR] Entity 22 disappeared (in from_snapshot seq 497 but not in to_snapshot seq 498)
[INTERPOLATOR] Entity 53 disappeared (in from_snapshot seq 497 but not in to_snapshot seq 498)
[INTERPOLATOR] Entity 54 disappeared (in from_snapshot seq 497 but not in to_snapshot seq 498)
[INTERPOLATOR] Entity 55 disappeared (in from_snapshot seq 497 but not in to_snapshot seq 498)
[INTERPOLATOR] Entity 22 disappeared (in from_snapshot seq 497 but not in to_snapshot seq 498)
[INTERPOLATOR] Entity 53 disappeared (in from_snapshot seq 497 but not in to_snapshot seq 498)
[INTERPOLATOR] Entity 54 disappeared (in from_snapshot seq 497 but not in to_snapshot seq 498)
[INTERPOLATOR] Entity 55 disappeared (in from_snapshot seq 497 but not in to_snapshot seq 498)
[INTERPOLATOR] Entity 22 disappeared (in from_snapshot seq 497 but not in to_snapshot seq 498)
[INTERPOLATOR] Entity 53 disappeared (in from_snapshot seq 497 but not in to_snapshot seq 498)
[INTERPOLATOR] Entity 54 disappeared (in from_snapshot seq 497 but not in to_snapshot seq 498)
[INTERPOLATOR] Entity 55 disappeared (in from_snapshot seq 497 but not in to_snapshot seq 498)
[INTERPOLATOR] Entity 22 disappeared (in from_snapshot seq 497 but not in to_snapshot seq 498)
[INTERPOLATOR] Entity 53 disappeared (in from_snapshot seq 497 but not in to_snapshot seq 498)
[INTERPOLATOR] Entity 54 disappeared (in from_snapshot seq 497 but not in to_snapshot seq 498)
[INTERPOLATOR] Entity 55 disappeared (in from_snapshot seq 497 but not in to_snapshot seq 498)
[INTERPOLATOR] Entity 22 disappeared (in from_snapshot seq 497 but not in to_snapshot seq 498)
[INTERPOLATOR] Entity 53 disappeared (in from_snapshot seq 497 but not in to_snapshot seq 498)
[INTERPOLATOR] Entity 54 disappeared (in from_snapshot seq 497 but not in to_snapshot seq 498)
[INTERPOLATOR] Entity 55 disappeared (in from_snapshot seq 497 but not in to_snapshot seq 498)
[INTERPOLATOR] Entity 22 disappeared (in from_snapshot seq 497 but not in to_snapshot seq 498)
[INTERPOLATOR] Entity 53 disappeared (in from_snapshot seq 497 but not in to_snapshot seq 498)
[INTERPOLATOR] Entity 54 disappeared (in from_snapshot seq 497 but not in to_snapshot seq 498)
[INTERPOLATOR] Entity 55 disappeared (in from_snapshot seq 497 but not in to_snapshot seq 498)
[INTERPOLATOR] Entity 22 disappeared (in from_snapshot seq 497 but not in to_snapshot seq 498)
[INTERPOLATOR] Entity 53 disappeared (in from_snapshot seq 497 but not in to_snapshot seq 498)
[INTERPOLATOR] Entity 54 disappeared (in from_snapshot seq 497 but not in to_snapshot seq 498)
[INTERPOLATOR] Entity 55 disappeared (in from_snapshot seq 497 but not in to_snapshot seq 498)
[DESERIALIZE] Starting snapshot #510 | Timestamp: 11.6 | Entity count: 2 | Player ID: 56 | Has baseline: true | Baseline seq: 507
[DESERIALIZE] Completed snapshot #510 | Final entity count: 2 | Player 56 in snapshot: true | All entity IDs: [13, 56]
[DESERIALIZE] Starting snapshot #520 | Timestamp: 11.75 | Entity count: 2 | Player ID: 56 | Has baseline: false | Baseline seq: 0
[DESERIALIZE] Completed snapshot #520 | Final entity count: 2 | Player 56 in snapshot: true | All entity IDs: [13, 56]
[INTERPOLATOR] Buffer: 40 pkts | Health: 165.2ms / 150.0ms | Status: OK
[DESERIALIZE] Starting snapshot #530 | Timestamp: 11.9 | Entity count: 2 | Player ID: 56 | Has baseline: true | Baseline seq: 527
[DESERIALIZE] Completed snapshot #530 | Final entity count: 2 | Player 56 in snapshot: true | All entity IDs: [13, 56]
[DESERIALIZE] Starting snapshot #540 | Timestamp: 12.1 | Entity count: 2 | Player ID: 56 | Has baseline: false | Baseline seq: 0
[DESERIALIZE] Completed snapshot #540 | Final entity count: 2 | Player 56 in snapshot: true | All entity IDs: [13, 56]
[INTERPOLATOR] Buffer: 40 pkts | Health: 183.5ms / 150.0ms | Status: OK
[DESERIALIZE] Starting snapshot #550 | Timestamp: 12.25 | Entity count: 5 | Player ID: 56 | Has baseline: true | Baseline seq: 546
[DESERIALIZE] Completed snapshot #550 | Final entity count: 5 | Player 56 in snapshot: true | All entity IDs: [13, 22, 53, 54, 56]
[DESERIALIZE] Starting snapshot #560 | Timestamp: 12.4 | Entity count: 5 | Player ID: 56 | Has baseline: false | Baseline seq: 0
[DESERIALIZE] Completed snapshot #560 | Final entity count: 5 | Player 56 in snapshot: true | All entity IDs: [13, 22, 53, 54, 56]
[INTERPOLATOR] Buffer: 40 pkts | Health: 152.7ms / 150.0ms | Status: OK
[DESERIALIZE] Starting snapshot #570 | Timestamp: 12.6 | Entity count: 5 | Player ID: 56 | Has baseline: true | Baseline seq: 566
[DESERIALIZE] Completed snapshot #570 | Final entity count: 5 | Player 56 in snapshot: true | All entity IDs: [13, 22, 53, 54, 56]
[DESERIALIZE] Starting snapshot #580 | Timestamp: 12.75 | Entity count: 5 | Player ID: 56 | Has baseline: false | Baseline seq: 0
[DESERIALIZE] Completed snapshot #580 | Final entity count: 5 | Player 56 in snapshot: true | All entity IDs: [13, 22, 53, 54, 56]
[INTERPOLATOR] Buffer: 40 pkts | Health: 165.2ms / 150.0ms | Status: OK
[DESERIALIZE] Starting snapshot #590 | Timestamp: 12.9 | Entity count: 5 | Player ID: 56 | Has baseline: true | Baseline seq: 586
[DESERIALIZE] Completed snapshot #590 | Final entity count: 5 | Player 56 in snapshot: true | All entity IDs: [13, 22, 53, 54, 56]
[DESERIALIZE] Starting snapshot #600 | Timestamp: 13.1 | Entity count: 5 | Player ID: 56 | Has baseline: false | Baseline seq: 0
[DESERIALIZE] Completed snapshot #600 | Final entity count: 5 | Player 56 in snapshot: true | All entity IDs: [13, 22, 53, 54, 56]
[CLIENT] Received snapshot #600 | Snapshot timestamp: 13.1 | Current client time: 10.143 | Interpolator render_time: 12.9164914373452 | Interpolator latest_server_time: 13.05 | Entities: 5 | Player in snapshot: true | Player ID: 56 | Data size: 66 bytes
[INTERPOLATOR] Buffer full, removing old snapshot seq 560
[INTERPOLATOR] Buffer: 40 pkts | Health: 183.5ms / 150.0ms | Status: OK
[DESERIALIZE] Starting snapshot #610 | Timestamp: 13.25 | Entity count: 5 | Player ID: 56 | Has baseline: true | Baseline seq: 606
[DESERIALIZE] Completed snapshot #610 | Final entity count: 5 | Player 56 in snapshot: true | All entity IDs: [13, 22, 53, 54, 56]
[DESERIALIZE] Starting snapshot #620 | Timestamp: 13.4 | Entity count: 5 | Player ID: 56 | Has baseline: false | Baseline seq: 0
[DESERIALIZE] Completed snapshot #620 | Final entity count: 5 | Player 56 in snapshot: true | All entity IDs: [13, 22, 53, 54, 56]
[INTERPOLATOR] Buffer: 40 pkts | Health: 152.7ms / 150.0ms | Status: OK
[DESERIALIZE] Starting snapshot #630 | Timestamp: 13.6 | Entity count: 5 | Player ID: 56 | Has baseline: true | Baseline seq: 626
[DESERIALIZE] Completed snapshot #630 | Final entity count: 5 | Player 56 in snapshot: true | All entity IDs: [13, 22, 53, 54, 56]
[DESERIALIZE] Starting snapshot #640 | Timestamp: 13.75 | Entity count: 6 | Player ID: 56 | Has baseline: false | Baseline seq: 0
[DESERIALIZE] Completed snapshot #640 | Final entity count: 6 | Player 56 in snapshot: true | All entity IDs: [13, 22, 31, 53, 54, 56]
[INTERPOLATOR] Buffer: 40 pkts | Health: 165.2ms / 150.0ms | Status: OK
