Godot Engine v4.5.1.stable.official.f62fdbde1 - https://godotengine.org

[SERVER] Creating world walls...
[SERVER] Walls created successfully
Server started on port 7777
Tick rate: 20 Hz
Snapshot rate: 20 Hz
ENet compression: FASTLZ enabled
[SERVER] Spawned entity 1 at (324.4814, 468.4789) | Peer: NPC
[SERVER] Spawned entity 2 at (-387.7482, -329.4151) | Peer: NPC
[SERVER] Spawned entity 3 at (454.5912, -477.5351) | Peer: NPC
[SERVER] Spawned entity 4 at (308.5563, 109.4577) | Peer: NPC
[SERVER] Spawned entity 5 at (-84.41309, -482.3704) | Peer: NPC
[SERVER] Spawned entity 6 at (-277.1339, 25.35461) | Peer: NPC
[SERVER] Spawned entity 7 at (-464.8534, -107.7612) | Peer: NPC
[SERVER] Spawned entity 8 at (-210.5533, -347.1375) | Peer: NPC
[SERVER] Spawned entity 9 at (420.9407, -214.1438) | Peer: NPC
[SERVER] Spawned entity 10 at (468.8584, -208.3239) | Peer: NPC
[SERVER] Spawned entity 11 at (24.31059, -491.4994) | Peer: NPC
[SERVER] Spawned entity 12 at (373.0207, -361.8147) | Peer: NPC
[SERVER] Spawned entity 13 at (370.3037, 447.7857) | Peer: NPC
[SERVER] Spawned entity 14 at (80.74954, 437.304) | Peer: NPC
[SERVER] Spawned entity 15 at (-339.998, -115.1202) | Peer: NPC
[SERVER] Spawned entity 16 at (268.3438, -87.87891) | Peer: NPC
[SERVER] Spawned entity 17 at (361.6262, -13.23664) | Peer: NPC
[SERVER] Spawned entity 18 at (-337.609, -45.03786) | Peer: NPC
[SERVER] Spawned entity 19 at (475.495, 172.7543) | Peer: NPC
[SERVER] Spawned entity 20 at (70.79412, 447.1663) | Peer: NPC
[SERVER] Spawned entity 21 at (-56.69028, 416.9155) | Peer: NPC
[SERVER] Spawned entity 22 at (-13.81217, 481.6924) | Peer: NPC
[SERVER] Spawned entity 23 at (335.341, -81.31712) | Peer: NPC
[SERVER] Spawned entity 24 at (-150.6323, -126.1463) | Peer: NPC
[SERVER] Spawned entity 25 at (-471.793, -133.7837) | Peer: NPC
[SERVER] Spawned entity 26 at (418.5426, 430.5988) | Peer: NPC
[SERVER] Spawned entity 27 at (-363.5356, 123.0909) | Peer: NPC
[SERVER] Spawned entity 28 at (-239.8147, 394.4274) | Peer: NPC
[SERVER] Spawned entity 29 at (433.3499, -419.5956) | Peer: NPC
[SERVER] Spawned entity 30 at (160.3911, -448.478) | Peer: NPC
[SERVER] Spawned entity 31 at (378.0482, -162.1823) | Peer: NPC
[SERVER] Spawned entity 32 at (277.6412, 51.03004) | Peer: NPC
[SERVER] Spawned entity 33 at (266.1772, -67.71519) | Peer: NPC
[SERVER] Spawned entity 34 at (308.5294, -240.6327) | Peer: NPC
[SERVER] Spawned entity 35 at (71.42514, 275.2913) | Peer: NPC
[SERVER] Spawned entity 36 at (-478.2151, 335.2284) | Peer: NPC
[SERVER] Spawned entity 37 at (140.0906, -302.0099) | Peer: NPC
[SERVER] Spawned entity 38 at (-422.0271, 384.9123) | Peer: NPC
[SERVER] Spawned entity 39 at (36.38484, -32.54616) | Peer: NPC
[SERVER] Spawned entity 40 at (230.4532, 226.5513) | Peer: NPC
[SERVER] Spawned entity 41 at (-345.9801, 230.7789) | Peer: NPC
[SERVER] Spawned entity 42 at (163.938, 384.3662) | Peer: NPC
[SERVER] Spawned entity 43 at (-414.6434, 406.4336) | Peer: NPC
[SERVER] Spawned entity 44 at (-73.22405, -66.57405) | Peer: NPC
[SERVER] Spawned entity 45 at (-19.48677, -68.23863) | Peer: NPC
[SERVER] Spawned entity 46 at (-431.6042, -346.9068) | Peer: NPC
[SERVER] Spawned entity 47 at (-3.09321, -346.4023) | Peer: NPC
[SERVER] Spawned entity 48 at (141.168, -420.8246) | Peer: NPC
[SERVER] Spawned entity 49 at (-42.35465, 201.8387) | Peer: NPC
[SERVER] Spawned entity 50 at (-219.3429, 361.3048) | Peer: NPC
[SERVER] Creating moving obstacles...
[SERVER] Created moving obstacle 51 from (-300.0, 0.0) to (300.0, 0.0)
[SERVER] Created moving obstacle 52 from (0.0, -300.0) to (0.0, 300.0)
[SERVER] Created moving obstacle 53 from (-200.0, -200.0) to (200.0, 200.0)
[SERVER] Created moving obstacle 54 from (150.0, -100.0) to (-150.0, 100.0)
[SERVER] Moving obstacles created
=== SERVER MODE ===
Peer connected: 2126890292
[SERVER] Spawned entity 55 at (-97.26061, 0.072089) | Peer: 2126890292
[SERVER] DEBUG: About to add 7 entities to snapshot #10 | Player at [0]: true | Interest list: [55, 51, 44, 24, 45, 39, 54]
[SERVER] DEBUG: Snapshot #10 created with 7 entities including player 55 | All entities: [55, 51, 44, 24, 45, 39, 54]
[SERIALIZE] Snapshot #10 | Player ID: 55 | Player in entity_ids: true | Entity count: 7 | All IDs (sorted): [24, 39, 44, 45, 51, 54, 55]
[SERVER] DEBUG: About to add 7 entities to snapshot #20 | Player at [0]: true | Interest list: [55, 44, 24, 51, 45, 39, 54]
[SERVER] DEBUG: Snapshot #20 created with 7 entities including player 55 | All entities: [55, 44, 24, 51, 45, 39, 54]
[SERIALIZE] Snapshot #20 | Player ID: 55 | Player in entity_ids: true | Entity count: 7 | All IDs (sorted): [24, 39, 44, 45, 51, 54, 55]
[SERVER] DEBUG: About to add 8 entities to snapshot #30 | Player at [0]: true | Interest list: [55, 44, 24, 53, 51, 45, 39, 54]
[SERVER] DEBUG: Snapshot #30 created with 8 entities including player 55 | All entities: [55, 44, 24, 53, 51, 45, 39, 54]
[SERIALIZE] Snapshot #30 | Player ID: 55 | Player in entity_ids: true | Entity count: 8 | All IDs (sorted): [24, 39, 44, 45, 51, 53, 54, 55]
[SERVER] DEBUG: About to add 8 entities to snapshot #40 | Player at [0]: true | Interest list: [55, 44, 24, 53, 51, 45, 39, 54]
[SERVER] DEBUG: Snapshot #40 created with 8 entities including player 55 | All entities: [55, 44, 24, 53, 51, 45, 39, 54]
[SERIALIZE] Snapshot #40 | Player ID: 55 | Player in entity_ids: true | Entity count: 8 | All IDs (sorted): [24, 39, 44, 45, 51, 53, 54, 55]
[SERVER] Player entity 55 (peer 2126890292) moved from chunk (-2, 0) to (-1, 0) | Position: (-62.66458, 0.487964)
[SERVER] DEBUG: About to add 9 entities to snapshot #50 | Player at [0]: true | Interest list: [55, 44, 24, 53, 51, 45, 39, 54, 52]
[SERVER] DEBUG: Snapshot #50 created with 9 entities including player 55 | All entities: [55, 44, 24, 53, 51, 45, 39, 54, 52]
[SERIALIZE] Snapshot #50 | Player ID: 55 | Player in entity_ids: true | Entity count: 9 | All IDs (sorted): [24, 39, 44, 45, 51, 52, 53, 54, 55]
[SERVER] DEBUG: About to add 9 entities to snapshot #60 | Player at [0]: true | Interest list: [55, 44, 24, 53, 51, 45, 39, 54, 52]
[SERVER] DEBUG: Snapshot #60 created with 9 entities including player 55 | All entities: [55, 44, 24, 53, 51, 45, 39, 54, 52]
[SERIALIZE] Snapshot #60 | Player ID: 55 | Player in entity_ids: true | Entity count: 9 | All IDs (sorted): [24, 39, 44, 45, 51, 52, 53, 54, 55]
Peer connected: 1907671360
[SERVER] Spawned entity 56 at (20.46839, 88.37218) | Peer: 1907671360
[SERVER] DEBUG: About to add 10 entities to snapshot #70 | Player at [0]: true | Interest list: [55, 44, 24, 53, 51, 45, 39, 54, 52, 56]
[SERVER] DEBUG: Snapshot #70 created with 10 entities including player 55 | All entities: [55, 44, 24, 53, 51, 45, 39, 54, 52, 56]
[SERIALIZE] Snapshot #70 | Player ID: 55 | Player in entity_ids: true | Entity count: 10 | All IDs (sorted): [24, 39, 44, 45, 51, 52, 53, 54, 55, 56]
[SERVER] DEBUG: About to add 6 entities to snapshot #10 | Player at [0]: true | Interest list: [56, 51, 39, 54, 55, 49]
[SERVER] DEBUG: Snapshot #10 created with 6 entities including player 56 | All entities: [56, 51, 39, 54, 55, 49]
[SERIALIZE] Snapshot #10 | Player ID: 56 | Player in entity_ids: true | Entity count: 6 | All IDs (sorted): [39, 49, 51, 54, 55, 56]
[SERIALIZE] WARNING: Player 56 unchanged from baseline in snapshot #10 - copying from baseline
[SERVER] DEBUG: About to add 10 entities to snapshot #80 | Player at [0]: true | Interest list: [55, 53, 24, 44, 51, 45, 39, 54, 52, 56]
[SERVER] DEBUG: Snapshot #80 created with 10 entities including player 55 | All entities: [55, 53, 24, 44, 51, 45, 39, 54, 52, 56]
[SERIALIZE] Snapshot #80 | Player ID: 55 | Player in entity_ids: true | Entity count: 10 | All IDs (sorted): [24, 39, 44, 45, 51, 52, 53, 54, 55, 56]
[SERVER] DEBUG: About to add 9 entities to snapshot #20 | Player at [0]: true | Interest list: [56, 24, 44, 51, 45, 39, 54, 55, 49]
[SERVER] DEBUG: Snapshot #20 created with 9 entities including player 56 | All entities: [56, 24, 44, 51, 45, 39, 54, 55, 49]
[SERIALIZE] Snapshot #20 | Player ID: 56 | Player in entity_ids: true | Entity count: 9 | All IDs (sorted): [24, 39, 44, 45, 49, 51, 54, 55, 56]
[SERVER] DEBUG: About to add 10 entities to snapshot #90 | Player at [0]: true | Interest list: [55, 53, 24, 44, 51, 45, 39, 54, 52, 56]
[SERVER] DEBUG: Snapshot #90 created with 10 entities including player 55 | All entities: [55, 53, 24, 44, 51, 45, 39, 54, 52, 56]
[SERIALIZE] Snapshot #90 | Player ID: 55 | Player in entity_ids: true | Entity count: 10 | All IDs (sorted): [24, 39, 44, 45, 51, 52, 53, 54, 55, 56]
[SERVER] DEBUG: About to add 9 entities to snapshot #30 | Player at [0]: true | Interest list: [56, 24, 44, 51, 45, 39, 54, 55, 49]
[SERVER] DEBUG: Snapshot #30 created with 9 entities including player 56 | All entities: [56, 24, 44, 51, 45, 39, 54, 55, 49]
[SERIALIZE] Snapshot #30 | Player ID: 56 | Player in entity_ids: true | Entity count: 9 | All IDs (sorted): [24, 39, 44, 45, 49, 51, 54, 55, 56]
[SERIALIZE] WARNING: Player 56 unchanged from baseline in snapshot #30 - copying from baseline
[SERVER] Snapshot #100 | Tick: 75 | Timestamp: 3.75 | Player ID: 55 | Player pos: (-52.72754, 11.4277) | Player chunk: (-1, 0)
[SERVER] DEBUG: About to add 10 entities to snapshot #100 | Player at [0]: true | Interest list: [55, 53, 24, 44, 51, 45, 39, 54, 52, 56]
[SERVER] DEBUG: Snapshot #100 created with 10 entities including player 55 | All entities: [55, 53, 24, 44, 51, 45, 39, 54, 52, 56]
[SERIALIZE] Snapshot #100 | Player ID: 55 | Player in entity_ids: true | Entity count: 10 | All IDs (sorted): [24, 39, 44, 45, 51, 52, 53, 54, 55, 56]
Snapshot #100 to peer 2126890292: 10 entities, 117 bytes (uncompressed: ~500 bytes)
[SERVER] DEBUG: About to add 9 entities to snapshot #40 | Player at [0]: true | Interest list: [56, 24, 44, 51, 45, 39, 54, 55, 49]
[SERVER] DEBUG: Snapshot #40 created with 9 entities including player 56 | All entities: [56, 24, 44, 51, 45, 39, 54, 55, 49]
[SERIALIZE] Snapshot #40 | Player ID: 56 | Player in entity_ids: true | Entity count: 9 | All IDs (sorted): [24, 39, 44, 45, 49, 51, 54, 55, 56]
[SERVER] DEBUG: About to add 10 entities to snapshot #110 | Player at [0]: true | Interest list: [55, 53, 24, 51, 45, 44, 39, 54, 52, 56]
[SERVER] DEBUG: Snapshot #110 created with 10 entities including player 55 | All entities: [55, 53, 24, 51, 45, 44, 39, 54, 52, 56]
[SERIALIZE] Snapshot #110 | Player ID: 55 | Player in entity_ids: true | Entity count: 10 | All IDs (sorted): [24, 39, 44, 45, 51, 52, 53, 54, 55, 56]
[SERVER] DEBUG: About to add 9 entities to snapshot #50 | Player at [0]: true | Interest list: [56, 24, 51, 45, 44, 39, 54, 55, 49]
[SERVER] DEBUG: Snapshot #50 created with 9 entities including player 56 | All entities: [56, 24, 51, 45, 44, 39, 54, 55, 49]
[SERIALIZE] Snapshot #50 | Player ID: 56 | Player in entity_ids: true | Entity count: 9 | All IDs (sorted): [24, 39, 44, 45, 49, 51, 54, 55, 56]
[SERIALIZE] WARNING: Player 56 unchanged from baseline in snapshot #50 - copying from baseline
[SERVER] DEBUG: About to add 10 entities to snapshot #120 | Player at [0]: true | Interest list: [55, 53, 24, 51, 45, 44, 39, 54, 52, 56]
[SERVER] DEBUG: Snapshot #120 created with 10 entities including player 55 | All entities: [55, 53, 24, 51, 45, 44, 39, 54, 52, 56]
[SERIALIZE] Snapshot #120 | Player ID: 55 | Player in entity_ids: true | Entity count: 10 | All IDs (sorted): [24, 39, 44, 45, 51, 52, 53, 54, 55, 56]
[SERVER] DEBUG: About to add 9 entities to snapshot #60 | Player at [0]: true | Interest list: [56, 24, 51, 45, 44, 39, 54, 55, 49]
[SERVER] DEBUG: Snapshot #60 created with 9 entities including player 56 | All entities: [56, 24, 51, 45, 44, 39, 54, 55, 49]
[SERIALIZE] Snapshot #60 | Player ID: 56 | Player in entity_ids: true | Entity count: 9 | All IDs (sorted): [24, 39, 44, 45, 49, 51, 54, 55, 56]
[SERVER] DEBUG: About to add 10 entities to snapshot #130 | Player at [0]: true | Interest list: [55, 53, 24, 51, 45, 44, 39, 54, 52, 56]
[SERVER] DEBUG: Snapshot #130 created with 10 entities including player 55 | All entities: [55, 53, 24, 51, 45, 44, 39, 54, 52, 56]
[SERIALIZE] Snapshot #130 | Player ID: 55 | Player in entity_ids: true | Entity count: 10 | All IDs (sorted): [24, 39, 44, 45, 51, 52, 53, 54, 55, 56]
[SERVER] DEBUG: About to add 10 entities to snapshot #70 | Player at [0]: true | Interest list: [56, 24, 51, 45, 44, 39, 54, 55, 49, 52]
[SERVER] DEBUG: Snapshot #70 created with 10 entities including player 56 | All entities: [56, 24, 51, 45, 44, 39, 54, 55, 49, 52]
[SERIALIZE] Snapshot #70 | Player ID: 56 | Player in entity_ids: true | Entity count: 10 | All IDs (sorted): [24, 39, 44, 45, 49, 51, 52, 54, 55, 56]
[SERIALIZE] WARNING: Player 56 unchanged from baseline in snapshot #70 - copying from baseline
[SERVER] DEBUG: About to add 10 entities to snapshot #140 | Player at [0]: true | Interest list: [55, 53, 24, 51, 45, 44, 39, 54, 52, 56]
[SERVER] DEBUG: Snapshot #140 created with 10 entities including player 55 | All entities: [55, 53, 24, 51, 45, 44, 39, 54, 52, 56]
[SERIALIZE] Snapshot #140 | Player ID: 55 | Player in entity_ids: true | Entity count: 10 | All IDs (sorted): [24, 39, 44, 45, 51, 52, 53, 54, 55, 56]
[SERVER] DEBUG: About to add 10 entities to snapshot #80 | Player at [0]: true | Interest list: [56, 24, 51, 45, 44, 39, 54, 55, 49, 52]
[SERVER] DEBUG: Snapshot #80 created with 10 entities including player 56 | All entities: [56, 24, 51, 45, 44, 39, 54, 55, 49, 52]
[SERIALIZE] Snapshot #80 | Player ID: 56 | Player in entity_ids: true | Entity count: 10 | All IDs (sorted): [24, 39, 44, 45, 49, 51, 52, 54, 55, 56]
[SERVER] DEBUG: About to add 10 entities to snapshot #150 | Player at [0]: true | Interest list: [55, 53, 24, 51, 45, 44, 39, 54, 52, 56]
[SERVER] DEBUG: Snapshot #150 created with 10 entities including player 55 | All entities: [55, 53, 24, 51, 45, 44, 39, 54, 52, 56]
[SERIALIZE] Snapshot #150 | Player ID: 55 | Player in entity_ids: true | Entity count: 10 | All IDs (sorted): [24, 39, 44, 45, 51, 52, 53, 54, 55, 56]
[SERVER] DEBUG: About to add 10 entities to snapshot #90 | Player at [0]: true | Interest list: [56, 24, 51, 45, 44, 39, 54, 55, 49, 52]
[SERVER] DEBUG: Snapshot #90 created with 10 entities including player 56 | All entities: [56, 24, 51, 45, 44, 39, 54, 55, 49, 52]
[SERIALIZE] Snapshot #90 | Player ID: 56 | Player in entity_ids: true | Entity count: 10 | All IDs (sorted): [24, 39, 44, 45, 49, 51, 52, 54, 55, 56]
[SERIALIZE] WARNING: Player 56 unchanged from baseline in snapshot #90 - copying from baseline
[SERVER] DEBUG: About to add 10 entities to snapshot #160 | Player at [0]: true | Interest list: [55, 53, 51, 45, 44, 24, 39, 54, 52, 56]
[SERVER] DEBUG: Snapshot #160 created with 10 entities including player 55 | All entities: [55, 53, 51, 45, 44, 24, 39, 54, 52, 56]
[SERIALIZE] Snapshot #160 | Player ID: 55 | Player in entity_ids: true | Entity count: 10 | All IDs (sorted): [24, 39, 44, 45, 51, 52, 53, 54, 55, 56]
[SERVER] Snapshot #100 | Tick: 95 | Timestamp: 4.75 | Player ID: 56 | Player pos: (20.46839, 88.37218) | Player chunk: (0, 1)
[SERVER] DEBUG: About to add 10 entities to snapshot #100 | Player at [0]: true | Interest list: [56, 51, 45, 44, 24, 39, 54, 55, 49, 52]
[SERVER] DEBUG: Snapshot #100 created with 10 entities including player 56 | All entities: [56, 51, 45, 44, 24, 39, 54, 55, 49, 52]
[SERIALIZE] Snapshot #100 | Player ID: 56 | Player in entity_ids: true | Entity count: 10 | All IDs (sorted): [24, 39, 44, 45, 49, 51, 52, 54, 55, 56]
Snapshot #100 to peer 1907671360: 10 entities, 117 bytes (uncompressed: ~500 bytes)
[SERVER] DEBUG: About to add 10 entities to snapshot #170 | Player at [0]: true | Interest list: [55, 53, 51, 44, 24, 39, 54, 45, 52, 56]
[SERVER] DEBUG: Snapshot #170 created with 10 entities including player 55 | All entities: [55, 53, 51, 44, 24, 39, 54, 45, 52, 56]
[SERIALIZE] Snapshot #170 | Player ID: 55 | Player in entity_ids: true | Entity count: 10 | All IDs (sorted): [24, 39, 44, 45, 51, 52, 53, 54, 55, 56]
[SERVER] DEBUG: About to add 10 entities to snapshot #110 | Player at [0]: true | Interest list: [56, 51, 44, 24, 39, 54, 55, 45, 49, 52]
[SERVER] DEBUG: Snapshot #110 created with 10 entities including player 56 | All entities: [56, 51, 44, 24, 39, 54, 55, 45, 49, 52]
[SERIALIZE] Snapshot #110 | Player ID: 56 | Player in entity_ids: true | Entity count: 10 | All IDs (sorted): [24, 39, 44, 45, 49, 51, 52, 54, 55, 56]
[SERIALIZE] WARNING: Player 56 unchanged from baseline in snapshot #110 - copying from baseline
[SERVER] DEBUG: About to add 10 entities to snapshot #180 | Player at [0]: true | Interest list: [55, 53, 51, 44, 24, 39, 54, 45, 52, 56]
[SERVER] DEBUG: Snapshot #180 created with 10 entities including player 55 | All entities: [55, 53, 51, 44, 24, 39, 54, 45, 52, 56]
[SERIALIZE] Snapshot #180 | Player ID: 55 | Player in entity_ids: true | Entity count: 10 | All IDs (sorted): [24, 39, 44, 45, 51, 52, 53, 54, 55, 56]
[SERVER] DEBUG: About to add 10 entities to snapshot #120 | Player at [0]: true | Interest list: [56, 51, 44, 24, 39, 54, 55, 45, 49, 52]
[SERVER] DEBUG: Snapshot #120 created with 10 entities including player 56 | All entities: [56, 51, 44, 24, 39, 54, 55, 45, 49, 52]
[SERIALIZE] Snapshot #120 | Player ID: 56 | Player in entity_ids: true | Entity count: 10 | All IDs (sorted): [24, 39, 44, 45, 49, 51, 52, 54, 55, 56]
[SERVER] DEBUG: About to add 10 entities to snapshot #190 | Player at [0]: true | Interest list: [55, 53, 51, 44, 24, 39, 54, 45, 52, 56]
[SERVER] DEBUG: Snapshot #190 created with 10 entities including player 55 | All entities: [55, 53, 51, 44, 24, 39, 54, 45, 52, 56]
[SERIALIZE] Snapshot #190 | Player ID: 55 | Player in entity_ids: true | Entity count: 10 | All IDs (sorted): [24, 39, 44, 45, 51, 52, 53, 54, 55, 56]
[SERVER] DEBUG: About to add 10 entities to snapshot #130 | Player at [0]: true | Interest list: [56, 51, 44, 24, 39, 54, 55, 45, 49, 52]
[SERVER] DEBUG: Snapshot #130 created with 10 entities including player 56 | All entities: [56, 51, 44, 24, 39, 54, 55, 45, 49, 52]
[SERIALIZE] Snapshot #130 | Player ID: 56 | Player in entity_ids: true | Entity count: 10 | All IDs (sorted): [24, 39, 44, 45, 49, 51, 52, 54, 55, 56]
[SERIALIZE] WARNING: Player 56 unchanged from baseline in snapshot #130 - copying from baseline
[SERVER] Snapshot #200 | Tick: 108 | Timestamp: 5.4 | Player ID: 55 | Player pos: (-50.17642, 34.82082) | Player chunk: (-1, 0)
[SERVER] DEBUG: About to add 10 entities to snapshot #200 | Player at [0]: true | Interest list: [55, 51, 44, 24, 53, 39, 54, 45, 52, 56]
[SERVER] DEBUG: Snapshot #200 created with 10 entities including player 55 | All entities: [55, 51, 44, 24, 53, 39, 54, 45, 52, 56]
[SERIALIZE] Snapshot #200 | Player ID: 55 | Player in entity_ids: true | Entity count: 10 | All IDs (sorted): [24, 39, 44, 45, 51, 52, 53, 54, 55, 56]
Snapshot #200 to peer 2126890292: 10 entities, 117 bytes (uncompressed: ~500 bytes)
[SERVER] DEBUG: About to add 11 entities to snapshot #140 | Player at [0]: true | Interest list: [56, 51, 44, 24, 53, 39, 54, 55, 45, 49, 52]
[SERVER] DEBUG: Snapshot #140 created with 11 entities including player 56 | All entities: [56, 51, 44, 24, 53, 39, 54, 55, 45, 49, 52]
[SERIALIZE] Snapshot #140 | Player ID: 56 | Player in entity_ids: true | Entity count: 11 | All IDs (sorted): [24, 39, 44, 45, 49, 51, 52, 53, 54, 55, 56]
[SERVER] DEBUG: About to add 10 entities to snapshot #210 | Player at [0]: true | Interest list: [55, 51, 44, 24, 53, 39, 54, 45, 52, 56]
[SERVER] DEBUG: Snapshot #210 created with 10 entities including player 55 | All entities: [55, 51, 44, 24, 53, 39, 54, 45, 52, 56]
[SERIALIZE] Snapshot #210 | Player ID: 55 | Player in entity_ids: true | Entity count: 10 | All IDs (sorted): [24, 39, 44, 45, 51, 52, 53, 54, 55, 56]
[SERVER] DEBUG: About to add 11 entities to snapshot #150 | Player at [0]: true | Interest list: [56, 51, 44, 24, 53, 39, 54, 55, 45, 49, 52]
[SERVER] DEBUG: Snapshot #150 created with 11 entities including player 56 | All entities: [56, 51, 44, 24, 53, 39, 54, 55, 45, 49, 52]
[SERIALIZE] Snapshot #150 | Player ID: 56 | Player in entity_ids: true | Entity count: 11 | All IDs (sorted): [24, 39, 44, 45, 49, 51, 52, 53, 54, 55, 56]
[SERVER] DEBUG: About to add 10 entities to snapshot #220 | Player at [0]: true | Interest list: [55, 51, 44, 24, 53, 54, 45, 39, 52, 56]
[SERVER] DEBUG: Snapshot #220 created with 10 entities including player 55 | All entities: [55, 51, 44, 24, 53, 54, 45, 39, 52, 56]
[SERIALIZE] Snapshot #220 | Player ID: 55 | Player in entity_ids: true | Entity count: 10 | All IDs (sorted): [24, 39, 44, 45, 51, 52, 53, 54, 55, 56]
[SERVER] DEBUG: About to add 11 entities to snapshot #160 | Player at [0]: true | Interest list: [56, 51, 44, 24, 53, 54, 55, 45, 39, 49, 52]
[SERVER] DEBUG: Snapshot #160 created with 11 entities including player 56 | All entities: [56, 51, 44, 24, 53, 54, 55, 45, 39, 49, 52]
[SERIALIZE] Snapshot #160 | Player ID: 56 | Player in entity_ids: true | Entity count: 11 | All IDs (sorted): [24, 39, 44, 45, 49, 51, 52, 53, 54, 55, 56]
[SERVER] DEBUG: About to add 10 entities to snapshot #230 | Player at [0]: true | Interest list: [55, 51, 44, 24, 53, 54, 45, 39, 52, 56]
[SERVER] DEBUG: Snapshot #230 created with 10 entities including player 55 | All entities: [55, 51, 44, 24, 53, 54, 45, 39, 52, 56]
[SERIALIZE] Snapshot #230 | Player ID: 55 | Player in entity_ids: true | Entity count: 10 | All IDs (sorted): [24, 39, 44, 45, 51, 52, 53, 54, 55, 56]
[SERVER] DEBUG: About to add 11 entities to snapshot #170 | Player at [0]: true | Interest list: [56, 51, 44, 24, 53, 54, 55, 45, 39, 49, 52]
[SERVER] DEBUG: Snapshot #170 created with 11 entities including player 56 | All entities: [56, 51, 44, 24, 53, 54, 55, 45, 39, 49, 52]
[SERIALIZE] Snapshot #170 | Player ID: 56 | Player in entity_ids: true | Entity count: 11 | All IDs (sorted): [24, 39, 44, 45, 49, 51, 52, 53, 54, 55, 56]
[SERVER] DEBUG: About to add 10 entities to snapshot #240 | Player at [0]: true | Interest list: [55, 51, 44, 24, 53, 54, 45, 39, 52, 56]
[SERVER] DEBUG: Snapshot #240 created with 10 entities including player 55 | All entities: [55, 51, 44, 24, 53, 54, 45, 39, 52, 56]
[SERIALIZE] Snapshot #240 | Player ID: 55 | Player in entity_ids: true | Entity count: 10 | All IDs (sorted): [24, 39, 44, 45, 51, 52, 53, 54, 55, 56]
[SERVER] DEBUG: About to add 11 entities to snapshot #180 | Player at [0]: true | Interest list: [56, 51, 44, 24, 53, 54, 55, 45, 39, 49, 52]
[SERVER] DEBUG: Snapshot #180 created with 11 entities including player 56 | All entities: [56, 51, 44, 24, 53, 54, 55, 45, 39, 49, 52]
[SERIALIZE] Snapshot #180 | Player ID: 56 | Player in entity_ids: true | Entity count: 11 | All IDs (sorted): [24, 39, 44, 45, 49, 51, 52, 53, 54, 55, 56]
[SERVER] DEBUG: About to add 10 entities to snapshot #250 | Player at [0]: true | Interest list: [55, 51, 44, 24, 53, 45, 39, 54, 52, 56]
[SERVER] DEBUG: Snapshot #250 created with 10 entities including player 55 | All entities: [55, 51, 44, 24, 53, 45, 39, 54, 52, 56]
[SERIALIZE] Snapshot #250 | Player ID: 55 | Player in entity_ids: true | Entity count: 10 | All IDs (sorted): [24, 39, 44, 45, 51, 52, 53, 54, 55, 56]
[SERVER] DEBUG: About to add 11 entities to snapshot #190 | Player at [0]: true | Interest list: [56, 51, 44, 24, 53, 55, 45, 39, 54, 49, 52]
[SERVER] DEBUG: Snapshot #190 created with 11 entities including player 56 | All entities: [56, 51, 44, 24, 53, 55, 45, 39, 54, 49, 52]
[SERIALIZE] Snapshot #190 | Player ID: 56 | Player in entity_ids: true | Entity count: 11 | All IDs (sorted): [24, 39, 44, 45, 49, 51, 52, 53, 54, 55, 56]
[SERVER] DEBUG: About to add 10 entities to snapshot #260 | Player at [0]: true | Interest list: [55, 51, 44, 24, 53, 45, 39, 54, 52, 56]
[SERVER] DEBUG: Snapshot #260 created with 10 entities including player 55 | All entities: [55, 51, 44, 24, 53, 45, 39, 54, 52, 56]
[SERIALIZE] Snapshot #260 | Player ID: 55 | Player in entity_ids: true | Entity count: 10 | All IDs (sorted): [24, 39, 44, 45, 51, 52, 53, 54, 55, 56]
[SERVER] Snapshot #200 | Tick: 128 | Timestamp: 6.4 | Player ID: 56 | Player pos: (22.46068, 109.4675) | Player chunk: (0, 1)
[SERVER] DEBUG: About to add 11 entities to snapshot #200 | Player at [0]: true | Interest list: [56, 51, 44, 24, 53, 55, 45, 39, 54, 49, 52]
[SERVER] DEBUG: Snapshot #200 created with 11 entities including player 56 | All entities: [56, 51, 44, 24, 53, 55, 45, 39, 54, 49, 52]
[SERIALIZE] Snapshot #200 | Player ID: 56 | Player in entity_ids: true | Entity count: 11 | All IDs (sorted): [24, 39, 44, 45, 49, 51, 52, 53, 54, 55, 56]
Snapshot #200 to peer 1907671360: 11 entities, 127 bytes (uncompressed: ~550 bytes)
[SERVER] DEBUG: About to add 10 entities to snapshot #270 | Player at [0]: true | Interest list: [55, 51, 44, 24, 53, 45, 39, 54, 52, 56]
[SERVER] DEBUG: Snapshot #270 created with 10 entities including player 55 | All entities: [55, 51, 44, 24, 53, 45, 39, 54, 52, 56]
[SERIALIZE] Snapshot #270 | Player ID: 55 | Player in entity_ids: true | Entity count: 10 | All IDs (sorted): [24, 39, 44, 45, 51, 52, 53, 54, 55, 56]
[SERVER] DEBUG: About to add 11 entities to snapshot #210 | Player at [0]: true | Interest list: [56, 51, 44, 24, 53, 55, 45, 39, 54, 49, 52]
[SERVER] DEBUG: Snapshot #210 created with 11 entities including player 56 | All entities: [56, 51, 44, 24, 53, 55, 45, 39, 54, 49, 52]
[SERIALIZE] Snapshot #210 | Player ID: 56 | Player in entity_ids: true | Entity count: 11 | All IDs (sorted): [24, 39, 44, 45, 49, 51, 52, 53, 54, 55, 56]
[SERVER] DEBUG: About to add 10 entities to snapshot #280 | Player at [0]: true | Interest list: [55, 51, 53, 45, 24, 44, 39, 54, 52, 56]
[SERVER] DEBUG: Snapshot #280 created with 10 entities including player 55 | All entities: [55, 51, 53, 45, 24, 44, 39, 54, 52, 56]
[SERIALIZE] Snapshot #280 | Player ID: 55 | Player in entity_ids: true | Entity count: 10 | All IDs (sorted): [24, 39, 44, 45, 51, 52, 53, 54, 55, 56]
[SERVER] DEBUG: About to add 11 entities to snapshot #220 | Player at [0]: true | Interest list: [56, 51, 53, 55, 45, 24, 44, 39, 54, 49, 52]
[SERVER] DEBUG: Snapshot #220 created with 11 entities including player 56 | All entities: [56, 51, 53, 55, 45, 24, 44, 39, 54, 49, 52]
[SERIALIZE] Snapshot #220 | Player ID: 56 | Player in entity_ids: true | Entity count: 11 | All IDs (sorted): [24, 39, 44, 45, 49, 51, 52, 53, 54, 55, 56]
[SERVER] DEBUG: About to add 10 entities to snapshot #290 | Player at [0]: true | Interest list: [55, 51, 53, 45, 24, 44, 39, 54, 52, 56]
[SERVER] DEBUG: Snapshot #290 created with 10 entities including player 55 | All entities: [55, 51, 53, 45, 24, 44, 39, 54, 52, 56]
[SERIALIZE] Snapshot #290 | Player ID: 55 | Player in entity_ids: true | Entity count: 10 | All IDs (sorted): [24, 39, 44, 45, 51, 52, 53, 54, 55, 56]
[SERVER] DEBUG: About to add 11 entities to snapshot #230 | Player at [0]: true | Interest list: [56, 51, 53, 55, 45, 24, 44, 39, 54, 49, 52]
[SERVER] DEBUG: Snapshot #230 created with 11 entities including player 56 | All entities: [56, 51, 53, 55, 45, 24, 44, 39, 54, 49, 52]
[SERIALIZE] Snapshot #230 | Player ID: 56 | Player in entity_ids: true | Entity count: 11 | All IDs (sorted): [24, 39, 44, 45, 49, 51, 52, 53, 54, 55, 56]
[SERVER] Snapshot #300 | Tick: 142 | Timestamp: 7.1 | Player ID: 55 | Player pos: (-45.94061, 59.42437) | Player chunk: (-1, 0)
[SERVER] DEBUG: About to add 10 entities to snapshot #300 | Player at [0]: true | Interest list: [55, 51, 53, 45, 24, 44, 39, 54, 52, 56]
[SERVER] DEBUG: Snapshot #300 created with 10 entities including player 55 | All entities: [55, 51, 53, 45, 24, 44, 39, 54, 52, 56]
[SERIALIZE] Snapshot #300 | Player ID: 55 | Player in entity_ids: true | Entity count: 10 | All IDs (sorted): [24, 39, 44, 45, 51, 52, 53, 54, 55, 56]
Snapshot #300 to peer 2126890292: 10 entities, 117 bytes (uncompressed: ~500 bytes)
[SERVER] DEBUG: About to add 11 entities to snapshot #240 | Player at [0]: true | Interest list: [56, 51, 53, 55, 45, 24, 44, 39, 54, 49, 52]
[SERVER] DEBUG: Snapshot #240 created with 11 entities including player 56 | All entities: [56, 51, 53, 55, 45, 24, 44, 39, 54, 49, 52]
[SERIALIZE] Snapshot #240 | Player ID: 56 | Player in entity_ids: true | Entity count: 11 | All IDs (sorted): [24, 39, 44, 45, 49, 51, 52, 53, 54, 55, 56]
[SERVER] DEBUG: About to add 10 entities to snapshot #310 | Player at [0]: true | Interest list: [55, 51, 53, 45, 24, 44, 39, 54, 52, 56]
[SERVER] DEBUG: Snapshot #310 created with 10 entities including player 55 | All entities: [55, 51, 53, 45, 24, 44, 39, 54, 52, 56]
[SERIALIZE] Snapshot #310 | Player ID: 55 | Player in entity_ids: true | Entity count: 10 | All IDs (sorted): [24, 39, 44, 45, 51, 52, 53, 54, 55, 56]
[SERVER] DEBUG: About to add 11 entities to snapshot #250 | Player at [0]: true | Interest list: [56, 51, 53, 55, 45, 24, 44, 39, 54, 49, 52]
[SERVER] DEBUG: Snapshot #250 created with 11 entities including player 56 | All entities: [56, 51, 53, 55, 45, 24, 44, 39, 54, 49, 52]
[SERIALIZE] Snapshot #250 | Player ID: 56 | Player in entity_ids: true | Entity count: 11 | All IDs (sorted): [24, 39, 44, 45, 49, 51, 52, 53, 54, 55, 56]
[SERVER] DEBUG: About to add 10 entities to snapshot #320 | Player at [0]: true | Interest list: [55, 51, 53, 45, 24, 44, 39, 54, 52, 56]
[SERVER] DEBUG: Snapshot #320 created with 10 entities including player 55 | All entities: [55, 51, 53, 45, 24, 44, 39, 54, 52, 56]
[SERIALIZE] Snapshot #320 | Player ID: 55 | Player in entity_ids: true | Entity count: 10 | All IDs (sorted): [24, 39, 44, 45, 51, 52, 53, 54, 55, 56]
[SERVER] DEBUG: About to add 11 entities to snapshot #260 | Player at [0]: true | Interest list: [56, 51, 53, 55, 45, 24, 44, 39, 54, 49, 52]
[SERVER] DEBUG: Snapshot #260 created with 11 entities including player 56 | All entities: [56, 51, 53, 55, 45, 24, 44, 39, 54, 49, 52]
[SERIALIZE] Snapshot #260 | Player ID: 56 | Player in entity_ids: true | Entity count: 11 | All IDs (sorted): [24, 39, 44, 45, 49, 51, 52, 53, 54, 55, 56]
[SERVER] Player entity 55 (peer 2126890292) moved from chunk (-1, 0) to (-1, 1) | Position: (-44.98852, 64.30519)
[SERVER] DEBUG: About to add 11 entities to snapshot #330 | Player at [0]: true | Interest list: [55, 51, 53, 45, 24, 44, 39, 54, 49, 52, 56]
[SERVER] DEBUG: Snapshot #330 created with 11 entities including player 55 | All entities: [55, 51, 53, 45, 24, 44, 39, 54, 49, 52, 56]
[SERIALIZE] Snapshot #330 | Player ID: 55 | Player in entity_ids: true | Entity count: 11 | All IDs (sorted): [24, 39, 44, 45, 49, 51, 52, 53, 54, 55, 56]
[SERVER] DEBUG: About to add 11 entities to snapshot #270 | Player at [0]: true | Interest list: [56, 51, 53, 45, 24, 44, 39, 54, 55, 49, 52]
[SERVER] DEBUG: Snapshot #270 created with 11 entities including player 56 | All entities: [56, 51, 53, 45, 24, 44, 39, 54, 55, 49, 52]
[SERIALIZE] Snapshot #270 | Player ID: 56 | Player in entity_ids: true | Entity count: 11 | All IDs (sorted): [24, 39, 44, 45, 49, 51, 52, 53, 54, 55, 56]
[SERVER] Player entity 56 (peer 1907671360) moved from chunk (0, 1) to (0, 2) | Position: (24.25323, 128.378)
[SERVER] DEBUG: About to add 11 entities to snapshot #340 | Player at [0]: true | Interest list: [55, 51, 53, 45, 24, 44, 39, 54, 49, 52, 56]
[SERVER] DEBUG: Snapshot #340 created with 11 entities including player 55 | All entities: [55, 51, 53, 45, 24, 44, 39, 54, 49, 52, 56]
[SERIALIZE] Snapshot #340 | Player ID: 55 | Player in entity_ids: true | Entity count: 11 | All IDs (sorted): [24, 39, 44, 45, 49, 51, 52, 53, 54, 55, 56]
[SERVER] DEBUG: About to add 11 entities to snapshot #280 | Player at [0]: true | Interest list: [56, 51, 45, 24, 44, 39, 54, 55, 49, 52, 35]
[SERVER] DEBUG: Snapshot #280 created with 11 entities including player 56 | All entities: [56, 51, 45, 24, 44, 39, 54, 55, 49, 52, 35]
[SERIALIZE] Snapshot #280 | Player ID: 56 | Player in entity_ids: true | Entity count: 11 | All IDs (sorted): [24, 35, 39, 44, 45, 49, 51, 52, 54, 55, 56]
[SERVER] DEBUG: About to add 11 entities to snapshot #350 | Player at [0]: true | Interest list: [55, 51, 53, 45, 24, 44, 39, 54, 49, 52, 56]
[SERVER] DEBUG: Snapshot #350 created with 11 entities including player 55 | All entities: [55, 51, 53, 45, 24, 44, 39, 54, 49, 52, 56]
[SERIALIZE] Snapshot #350 | Player ID: 55 | Player in entity_ids: true | Entity count: 11 | All IDs (sorted): [24, 39, 44, 45, 49, 51, 52, 53, 54, 55, 56]
[SERVER] DEBUG: About to add 11 entities to snapshot #290 | Player at [0]: true | Interest list: [56, 51, 45, 24, 44, 39, 54, 55, 49, 52, 35]
[SERVER] DEBUG: Snapshot #290 created with 11 entities including player 56 | All entities: [56, 51, 45, 24, 44, 39, 54, 55, 49, 52, 35]
[SERIALIZE] Snapshot #290 | Player ID: 56 | Player in entity_ids: true | Entity count: 11 | All IDs (sorted): [24, 35, 39, 44, 45, 49, 51, 52, 54, 55, 56]
[SERVER] DEBUG: About to add 11 entities to snapshot #360 | Player at [0]: true | Interest list: [55, 51, 53, 45, 24, 44, 39, 54, 49, 52, 56]
[SERVER] DEBUG: Snapshot #360 created with 11 entities including player 55 | All entities: [55, 51, 53, 45, 24, 44, 39, 54, 49, 52, 56]
[SERIALIZE] Snapshot #360 | Player ID: 55 | Player in entity_ids: true | Entity count: 11 | All IDs (sorted): [24, 39, 44, 45, 49, 51, 52, 53, 54, 55, 56]
[SERVER] Snapshot #300 | Tick: 162 | Timestamp: 8.1 | Player ID: 56 | Player pos: (24.78958, 135.0837) | Player chunk: (0, 2)
[SERVER] DEBUG: About to add 11 entities to snapshot #300 | Player at [0]: true | Interest list: [56, 51, 45, 24, 44, 39, 54, 55, 49, 52, 35]
[SERVER] DEBUG: Snapshot #300 created with 11 entities including player 56 | All entities: [56, 51, 45, 24, 44, 39, 54, 55, 49, 52, 35]
[SERIALIZE] Snapshot #300 | Player ID: 56 | Player in entity_ids: true | Entity count: 11 | All IDs (sorted): [24, 35, 39, 44, 45, 49, 51, 52, 54, 55, 56]
Snapshot #300 to peer 1907671360: 11 entities, 127 bytes (uncompressed: ~550 bytes)
[SERVER] DEBUG: About to add 11 entities to snapshot #370 | Player at [0]: true | Interest list: [55, 51, 53, 45, 24, 44, 39, 54, 49, 52, 56]
[SERVER] DEBUG: Snapshot #370 created with 11 entities including player 55 | All entities: [55, 51, 53, 45, 24, 44, 39, 54, 49, 52, 56]
[SERIALIZE] Snapshot #370 | Player ID: 55 | Player in entity_ids: true | Entity count: 11 | All IDs (sorted): [24, 39, 44, 45, 49, 51, 52, 53, 54, 55, 56]
[SERVER] DEBUG: About to add 11 entities to snapshot #310 | Player at [0]: true | Interest list: [56, 51, 45, 24, 44, 39, 54, 55, 49, 52, 35]
[SERVER] DEBUG: Snapshot #310 created with 11 entities including player 56 | All entities: [56, 51, 45, 24, 44, 39, 54, 55, 49, 52, 35]
[SERIALIZE] Snapshot #310 | Player ID: 56 | Player in entity_ids: true | Entity count: 11 | All IDs (sorted): [24, 35, 39, 44, 45, 49, 51, 52, 54, 55, 56]
[SERVER] DEBUG: About to add 11 entities to snapshot #380 | Player at [0]: true | Interest list: [55, 51, 53, 45, 24, 44, 39, 54, 49, 52, 56]
[SERVER] DEBUG: Snapshot #380 created with 11 entities including player 55 | All entities: [55, 51, 53, 45, 24, 44, 39, 54, 49, 52, 56]
[SERIALIZE] Snapshot #380 | Player ID: 55 | Player in entity_ids: true | Entity count: 11 | All IDs (sorted): [24, 39, 44, 45, 49, 51, 52, 53, 54, 55, 56]
[SERVER] DEBUG: About to add 11 entities to snapshot #320 | Player at [0]: true | Interest list: [56, 51, 45, 24, 44, 39, 54, 55, 49, 52, 35]
[SERVER] DEBUG: Snapshot #320 created with 11 entities including player 56 | All entities: [56, 51, 45, 24, 44, 39, 54, 55, 49, 52, 35]
[SERIALIZE] Snapshot #320 | Player ID: 56 | Player in entity_ids: true | Entity count: 11 | All IDs (sorted): [24, 35, 39, 44, 45, 49, 51, 52, 54, 55, 56]
[SERVER] DEBUG: About to add 11 entities to snapshot #390 | Player at [0]: true | Interest list: [55, 51, 53, 45, 24, 44, 39, 54, 49, 52, 56]
[SERVER] DEBUG: Snapshot #390 created with 11 entities including player 55 | All entities: [55, 51, 53, 45, 24, 44, 39, 54, 49, 52, 56]
[SERIALIZE] Snapshot #390 | Player ID: 55 | Player in entity_ids: true | Entity count: 11 | All IDs (sorted): [24, 39, 44, 45, 49, 51, 52, 53, 54, 55, 56]
[SERVER] DEBUG: About to add 11 entities to snapshot #330 | Player at [0]: true | Interest list: [56, 51, 45, 24, 44, 39, 54, 55, 49, 52, 35]
[SERVER] DEBUG: Snapshot #330 created with 11 entities including player 56 | All entities: [56, 51, 45, 24, 44, 39, 54, 55, 49, 52, 35]
[SERIALIZE] Snapshot #330 | Player ID: 56 | Player in entity_ids: true | Entity count: 11 | All IDs (sorted): [24, 35, 39, 44, 45, 49, 51, 52, 54, 55, 56]
[SERVER] Snapshot #400 | Tick: 175 | Timestamp: 8.75 | Player ID: 55 | Player pos: (-42.00911, 78.87053) | Player chunk: (-1, 1)
[SERVER] DEBUG: About to add 11 entities to snapshot #400 | Player at [0]: true | Interest list: [55, 51, 53, 45, 24, 44, 39, 54, 49, 52, 56]
[SERVER] DEBUG: Snapshot #400 created with 11 entities including player 55 | All entities: [55, 51, 53, 45, 24, 44, 39, 54, 49, 52, 56]
[SERIALIZE] Snapshot #400 | Player ID: 55 | Player in entity_ids: true | Entity count: 11 | All IDs (sorted): [24, 39, 44, 45, 49, 51, 52, 53, 54, 55, 56]
Snapshot #400 to peer 2126890292: 11 entities, 127 bytes (uncompressed: ~550 bytes)
[SERVER] DEBUG: About to add 11 entities to snapshot #340 | Player at [0]: true | Interest list: [56, 51, 45, 24, 44, 39, 54, 55, 49, 52, 35]
[SERVER] DEBUG: Snapshot #340 created with 11 entities including player 56 | All entities: [56, 51, 45, 24, 44, 39, 54, 55, 49, 52, 35]
[SERIALIZE] Snapshot #340 | Player ID: 56 | Player in entity_ids: true | Entity count: 11 | All IDs (sorted): [24, 35, 39, 44, 45, 49, 51, 52, 54, 55, 56]
[SERVER] DEBUG: About to add 11 entities to snapshot #410 | Player at [0]: true | Interest list: [55, 51, 53, 24, 44, 39, 54, 45, 49, 52, 56]
[SERVER] DEBUG: Snapshot #410 created with 11 entities including player 55 | All entities: [55, 51, 53, 24, 44, 39, 54, 45, 49, 52, 56]
[SERIALIZE] Snapshot #410 | Player ID: 55 | Player in entity_ids: true | Entity count: 11 | All IDs (sorted): [24, 39, 44, 45, 49, 51, 52, 53, 54, 55, 56]
[SERVER] DEBUG: About to add 11 entities to snapshot #350 | Player at [0]: true | Interest list: [56, 51, 24, 44, 39, 54, 55, 45, 49, 52, 35]
[SERVER] DEBUG: Snapshot #350 created with 11 entities including player 56 | All entities: [56, 51, 24, 44, 39, 54, 55, 45, 49, 52, 35]
[SERIALIZE] Snapshot #350 | Player ID: 56 | Player in entity_ids: true | Entity count: 11 | All IDs (sorted): [24, 35, 39, 44, 45, 49, 51, 52, 54, 55, 56]
[SERVER] DEBUG: About to add 11 entities to snapshot #420 | Player at [0]: true | Interest list: [55, 51, 53, 24, 44, 39, 54, 45, 49, 52, 56]
[SERVER] DEBUG: Snapshot #420 created with 11 entities including player 55 | All entities: [55, 51, 53, 24, 44, 39, 54, 45, 49, 52, 56]
[SERIALIZE] Snapshot #420 | Player ID: 55 | Player in entity_ids: true | Entity count: 11 | All IDs (sorted): [24, 39, 44, 45, 49, 51, 52, 53, 54, 55, 56]
[SERVER] DEBUG: About to add 11 entities to snapshot #360 | Player at [0]: true | Interest list: [56, 51, 24, 44, 39, 54, 55, 45, 49, 52, 35]
[SERVER] DEBUG: Snapshot #360 created with 11 entities including player 56 | All entities: [56, 51, 24, 44, 39, 54, 55, 45, 49, 52, 35]
[SERIALIZE] Snapshot #360 | Player ID: 56 | Player in entity_ids: true | Entity count: 11 | All IDs (sorted): [24, 35, 39, 44, 45, 49, 51, 52, 54, 55, 56]
[SERVER] DEBUG: About to add 11 entities to snapshot #430 | Player at [0]: true | Interest list: [55, 51, 24, 44, 39, 54, 45, 49, 52, 53, 56]
[SERVER] DEBUG: Snapshot #430 created with 11 entities including player 55 | All entities: [55, 51, 24, 44, 39, 54, 45, 49, 52, 53, 56]
[SERIALIZE] Snapshot #430 | Player ID: 55 | Player in entity_ids: true | Entity count: 11 | All IDs (sorted): [24, 39, 44, 45, 49, 51, 52, 53, 54, 55, 56]
[SERVER] DEBUG: About to add 12 entities to snapshot #370 | Player at [0]: true | Interest list: [56, 51, 24, 44, 39, 54, 55, 45, 49, 52, 53, 35]
[SERVER] DEBUG: Snapshot #370 created with 12 entities including player 56 | All entities: [56, 51, 24, 44, 39, 54, 55, 45, 49, 52, 53, 35]
[SERIALIZE] Snapshot #370 | Player ID: 56 | Player in entity_ids: true | Entity count: 12 | All IDs (sorted): [24, 35, 39, 44, 45, 49, 51, 52, 53, 54, 55, 56]
[SERVER] DEBUG: About to add 11 entities to snapshot #440 | Player at [0]: true | Interest list: [55, 51, 24, 44, 39, 54, 45, 49, 52, 53, 56]
[SERVER] DEBUG: Snapshot #440 created with 11 entities including player 55 | All entities: [55, 51, 24, 44, 39, 54, 45, 49, 52, 53, 56]
[SERIALIZE] Snapshot #440 | Player ID: 55 | Player in entity_ids: true | Entity count: 11 | All IDs (sorted): [24, 39, 44, 45, 49, 51, 52, 53, 54, 55, 56]
[SERVER] DEBUG: About to add 12 entities to snapshot #380 | Player at [0]: true | Interest list: [56, 51, 24, 44, 39, 54, 55, 45, 49, 52, 53, 35]
[SERVER] DEBUG: Snapshot #380 created with 12 entities including player 56 | All entities: [56, 51, 24, 44, 39, 54, 55, 45, 49, 52, 53, 35]
[SERIALIZE] Snapshot #380 | Player ID: 56 | Player in entity_ids: true | Entity count: 12 | All IDs (sorted): [24, 35, 39, 44, 45, 49, 51, 52, 53, 54, 55, 56]
[SERVER] DEBUG: About to add 11 entities to snapshot #450 | Player at [0]: true | Interest list: [55, 51, 24, 44, 39, 54, 45, 49, 52, 53, 56]
[SERVER] DEBUG: Snapshot #450 created with 11 entities including player 55 | All entities: [55, 51, 24, 44, 39, 54, 45, 49, 52, 53, 56]
[SERIALIZE] Snapshot #450 | Player ID: 55 | Player in entity_ids: true | Entity count: 11 | All IDs (sorted): [24, 39, 44, 45, 49, 51, 52, 53, 54, 55, 56]
[SERVER] DEBUG: About to add 12 entities to snapshot #390 | Player at [0]: true | Interest list: [56, 51, 24, 44, 39, 54, 55, 45, 49, 52, 53, 35]
[SERVER] DEBUG: Snapshot #390 created with 12 entities including player 56 | All entities: [56, 51, 24, 44, 39, 54, 55, 45, 49, 52, 53, 35]
[SERIALIZE] Snapshot #390 | Player ID: 56 | Player in entity_ids: true | Entity count: 12 | All IDs (sorted): [24, 35, 39, 44, 45, 49, 51, 52, 53, 54, 55, 56]
[SERVER] DEBUG: About to add 11 entities to snapshot #460 | Player at [0]: true | Interest list: [55, 51, 24, 44, 39, 45, 49, 52, 53, 54, 56]
[SERVER] DEBUG: Snapshot #460 created with 11 entities including player 55 | All entities: [55, 51, 24, 44, 39, 45, 49, 52, 53, 54, 56]
[SERIALIZE] Snapshot #460 | Player ID: 55 | Player in entity_ids: true | Entity count: 11 | All IDs (sorted): [24, 39, 44, 45, 49, 51, 52, 53, 54, 55, 56]
[SERVER] Snapshot #400 | Tick: 195 | Timestamp: 9.75 | Player ID: 56 | Player pos: (25.38424, 156.6673) | Player chunk: (0, 2)
[SERVER] DEBUG: About to add 12 entities to snapshot #400 | Player at [0]: true | Interest list: [56, 51, 24, 44, 39, 55, 45, 49, 52, 53, 54, 35]
[SERVER] DEBUG: Snapshot #400 created with 12 entities including player 56 | All entities: [56, 51, 24, 44, 39, 55, 45, 49, 52, 53, 54, 35]
[SERIALIZE] Snapshot #400 | Player ID: 56 | Player in entity_ids: true | Entity count: 12 | All IDs (sorted): [24, 35, 39, 44, 45, 49, 51, 52, 53, 54, 55, 56]
Snapshot #400 to peer 1907671360: 12 entities, 137 bytes (uncompressed: ~600 bytes)
[SERVER] DEBUG: About to add 11 entities to snapshot #470 | Player at [0]: true | Interest list: [55, 51, 24, 44, 39, 45, 49, 52, 53, 54, 56]
[SERVER] DEBUG: Snapshot #470 created with 11 entities including player 55 | All entities: [55, 51, 24, 44, 39, 45, 49, 52, 53, 54, 56]
[SERIALIZE] Snapshot #470 | Player ID: 55 | Player in entity_ids: true | Entity count: 11 | All IDs (sorted): [24, 39, 44, 45, 49, 51, 52, 53, 54, 55, 56]
[SERVER] DEBUG: About to add 12 entities to snapshot #410 | Player at [0]: true | Interest list: [56, 51, 24, 44, 39, 55, 45, 49, 52, 53, 54, 35]
[SERVER] DEBUG: Snapshot #410 created with 12 entities including player 56 | All entities: [56, 51, 24, 44, 39, 55, 45, 49, 52, 53, 54, 35]
[SERIALIZE] Snapshot #410 | Player ID: 56 | Player in entity_ids: true | Entity count: 12 | All IDs (sorted): [24, 35, 39, 44, 45, 49, 51, 52, 53, 54, 55, 56]
[SERVER] DEBUG: About to add 11 entities to snapshot #480 | Player at [0]: true | Interest list: [55, 51, 24, 44, 39, 45, 49, 52, 53, 54, 56]
[SERVER] DEBUG: Snapshot #480 created with 11 entities including player 55 | All entities: [55, 51, 24, 44, 39, 45, 49, 52, 53, 54, 56]
[SERIALIZE] Snapshot #480 | Player ID: 55 | Player in entity_ids: true | Entity count: 11 | All IDs (sorted): [24, 39, 44, 45, 49, 51, 52, 53, 54, 55, 56]
[SERVER] DEBUG: About to add 12 entities to snapshot #420 | Player at [0]: true | Interest list: [56, 51, 24, 44, 39, 55, 45, 49, 52, 53, 54, 35]
[SERVER] DEBUG: Snapshot #420 created with 12 entities including player 56 | All entities: [56, 51, 24, 44, 39, 55, 45, 49, 52, 53, 54, 35]
[SERIALIZE] Snapshot #420 | Player ID: 56 | Player in entity_ids: true | Entity count: 12 | All IDs (sorted): [24, 35, 39, 44, 45, 49, 51, 52, 53, 54, 55, 56]
[SERVER] DEBUG: About to add 11 entities to snapshot #490 | Player at [0]: true | Interest list: [55, 51, 24, 44, 39, 45, 49, 52, 53, 54, 56]
[SERVER] DEBUG: Snapshot #490 created with 11 entities including player 55 | All entities: [55, 51, 24, 44, 39, 45, 49, 52, 53, 54, 56]
[SERIALIZE] Snapshot #490 | Player ID: 55 | Player in entity_ids: true | Entity count: 11 | All IDs (sorted): [24, 39, 44, 45, 49, 51, 52, 53, 54, 55, 56]
[SERVER] DEBUG: About to add 12 entities to snapshot #430 | Player at [0]: true | Interest list: [56, 51, 24, 44, 39, 55, 45, 49, 52, 53, 54, 35]
[SERVER] DEBUG: Snapshot #430 created with 12 entities including player 56 | All entities: [56, 51, 24, 44, 39, 55, 45, 49, 52, 53, 54, 35]
[SERIALIZE] Snapshot #430 | Player ID: 56 | Player in entity_ids: true | Entity count: 12 | All IDs (sorted): [24, 35, 39, 44, 45, 49, 51, 52, 53, 54, 55, 56]
[SERVER] Snapshot #500 | Tick: 208 | Timestamp: 10.4 | Player ID: 55 | Player pos: (-38.01819, 94.90406) | Player chunk: (-1, 1)
[SERVER] DEBUG: About to add 11 entities to snapshot #500 | Player at [0]: true | Interest list: [55, 51, 24, 44, 39, 45, 49, 52, 53, 54, 56]
[SERVER] DEBUG: Snapshot #500 created with 11 entities including player 55 | All entities: [55, 51, 24, 44, 39, 45, 49, 52, 53, 54, 56]
[SERIALIZE] Snapshot #500 | Player ID: 55 | Player in entity_ids: true | Entity count: 11 | All IDs (sorted): [24, 39, 44, 45, 49, 51, 52, 53, 54, 55, 56]
Snapshot #500 to peer 2126890292: 11 entities, 127 bytes (uncompressed: ~550 bytes)
[SERVER] DEBUG: About to add 12 entities to snapshot #440 | Player at [0]: true | Interest list: [56, 51, 24, 44, 39, 55, 45, 49, 52, 53, 54, 35]
[SERVER] DEBUG: Snapshot #440 created with 12 entities including player 56 | All entities: [56, 51, 24, 44, 39, 55, 45, 49, 52, 53, 54, 35]
[SERIALIZE] Snapshot #440 | Player ID: 56 | Player in entity_ids: true | Entity count: 12 | All IDs (sorted): [24, 35, 39, 44, 45, 49, 51, 52, 53, 54, 55, 56]
[SERVER] DEBUG: About to add 11 entities to snapshot #510 | Player at [0]: true | Interest list: [55, 51, 24, 44, 39, 45, 49, 52, 53, 54, 56]
[SERVER] DEBUG: Snapshot #510 created with 11 entities including player 55 | All entities: [55, 51, 24, 44, 39, 45, 49, 52, 53, 54, 56]
[SERIALIZE] Snapshot #510 | Player ID: 55 | Player in entity_ids: true | Entity count: 11 | All IDs (sorted): [24, 39, 44, 45, 49, 51, 52, 53, 54, 55, 56]
[SERVER] DEBUG: About to add 12 entities to snapshot #450 | Player at [0]: true | Interest list: [56, 51, 24, 44, 39, 55, 45, 49, 52, 53, 54, 35]
[SERVER] DEBUG: Snapshot #450 created with 12 entities including player 56 | All entities: [56, 51, 24, 44, 39, 55, 45, 49, 52, 53, 54, 35]
[SERIALIZE] Snapshot #450 | Player ID: 56 | Player in entity_ids: true | Entity count: 12 | All IDs (sorted): [24, 35, 39, 44, 45, 49, 51, 52, 53, 54, 55, 56]
[SERVER] DEBUG: About to add 11 entities to snapshot #520 | Player at [0]: true | Interest list: [55, 51, 24, 44, 39, 45, 49, 52, 53, 54, 56]
[SERVER] DEBUG: Snapshot #520 created with 11 entities including player 55 | All entities: [55, 51, 24, 44, 39, 45, 49, 52, 53, 54, 56]
[SERIALIZE] Snapshot #520 | Player ID: 55 | Player in entity_ids: true | Entity count: 11 | All IDs (sorted): [24, 39, 44, 45, 49, 51, 52, 53, 54, 55, 56]
[SERVER] DEBUG: About to add 12 entities to snapshot #460 | Player at [0]: true | Interest list: [56, 51, 24, 44, 39, 55, 45, 49, 52, 53, 54, 35]
[SERVER] DEBUG: Snapshot #460 created with 12 entities including player 56 | All entities: [56, 51, 24, 44, 39, 55, 45, 49, 52, 53, 54, 35]
[SERIALIZE] Snapshot #460 | Player ID: 56 | Player in entity_ids: true | Entity count: 12 | All IDs (sorted): [24, 35, 39, 44, 45, 49, 51, 52, 53, 54, 55, 56]
[SERVER] DEBUG: About to add 11 entities to snapshot #530 | Player at [0]: true | Interest list: [55, 51, 24, 44, 39, 45, 49, 52, 53, 54, 56]
[SERVER] DEBUG: Snapshot #530 created with 11 entities including player 55 | All entities: [55, 51, 24, 44, 39, 45, 49, 52, 53, 54, 56]
[SERIALIZE] Snapshot #530 | Player ID: 55 | Player in entity_ids: true | Entity count: 11 | All IDs (sorted): [24, 39, 44, 45, 49, 51, 52, 53, 54, 55, 56]
[SERVER] DEBUG: About to add 12 entities to snapshot #470 | Player at [0]: true | Interest list: [56, 51, 24, 44, 39, 55, 45, 49, 52, 53, 54, 35]
[SERVER] DEBUG: Snapshot #470 created with 12 entities including player 56 | All entities: [56, 51, 24, 44, 39, 55, 45, 49, 52, 53, 54, 35]
[SERIALIZE] Snapshot #470 | Player ID: 56 | Player in entity_ids: true | Entity count: 12 | All IDs (sorted): [24, 35, 39, 44, 45, 49, 51, 52, 53, 54, 55, 56]
[SERVER] DEBUG: About to add 11 entities to snapshot #540 | Player at [0]: true | Interest list: [55, 51, 24, 44, 39, 45, 49, 52, 53, 56, 54]
[SERVER] DEBUG: Snapshot #540 created with 11 entities including player 55 | All entities: [55, 51, 24, 44, 39, 45, 49, 52, 53, 56, 54]
[SERIALIZE] Snapshot #540 | Player ID: 55 | Player in entity_ids: true | Entity count: 11 | All IDs (sorted): [24, 39, 44, 45, 49, 51, 52, 53, 54, 55, 56]
[SERVER] DEBUG: About to add 12 entities to snapshot #480 | Player at [0]: true | Interest list: [56, 51, 24, 44, 39, 55, 45, 49, 52, 53, 54, 35]
[SERVER] DEBUG: Snapshot #480 created with 12 entities including player 56 | All entities: [56, 51, 24, 44, 39, 55, 45, 49, 52, 53, 54, 35]
[SERIALIZE] Snapshot #480 | Player ID: 56 | Player in entity_ids: true | Entity count: 12 | All IDs (sorted): [24, 35, 39, 44, 45, 49, 51, 52, 53, 54, 55, 56]
[SERVER] DEBUG: About to add 11 entities to snapshot #550 | Player at [0]: true | Interest list: [55, 51, 24, 44, 39, 45, 49, 52, 53, 56, 54]
[SERVER] DEBUG: Snapshot #550 created with 11 entities including player 55 | All entities: [55, 51, 24, 44, 39, 45, 49, 52, 53, 56, 54]
[SERIALIZE] Snapshot #550 | Player ID: 55 | Player in entity_ids: true | Entity count: 11 | All IDs (sorted): [24, 39, 44, 45, 49, 51, 52, 53, 54, 55, 56]
[SERVER] DEBUG: About to add 12 entities to snapshot #490 | Player at [0]: true | Interest list: [56, 51, 24, 44, 39, 55, 45, 49, 52, 53, 54, 35]
[SERVER] DEBUG: Snapshot #490 created with 12 entities including player 56 | All entities: [56, 51, 24, 44, 39, 55, 45, 49, 52, 53, 54, 35]
[SERIALIZE] Snapshot #490 | Player ID: 56 | Player in entity_ids: true | Entity count: 12 | All IDs (sorted): [24, 35, 39, 44, 45, 49, 51, 52, 53, 54, 55, 56]
[SERVER] DEBUG: About to add 11 entities to snapshot #560 | Player at [0]: true | Interest list: [55, 51, 24, 44, 39, 45, 49, 52, 53, 56, 54]
[SERVER] DEBUG: Snapshot #560 created with 11 entities including player 55 | All entities: [55, 51, 24, 44, 39, 45, 49, 52, 53, 56, 54]
[SERIALIZE] Snapshot #560 | Player ID: 55 | Player in entity_ids: true | Entity count: 11 | All IDs (sorted): [24, 39, 44, 45, 49, 51, 52, 53, 54, 55, 56]
[SERVER] Snapshot #500 | Tick: 228 | Timestamp: 11.4 | Player ID: 56 | Player pos: (23.61804, 169.8501) | Player chunk: (0, 2)
[SERVER] DEBUG: About to add 12 entities to snapshot #500 | Player at [0]: true | Interest list: [56, 51, 24, 44, 39, 55, 45, 49, 52, 53, 54, 35]
[SERVER] DEBUG: Snapshot #500 created with 12 entities including player 56 | All entities: [56, 51, 24, 44, 39, 55, 45, 49, 52, 53, 54, 35]
[SERIALIZE] Snapshot #500 | Player ID: 56 | Player in entity_ids: true | Entity count: 12 | All IDs (sorted): [24, 35, 39, 44, 45, 49, 51, 52, 53, 54, 55, 56]
Snapshot #500 to peer 1907671360: 12 entities, 137 bytes (uncompressed: ~600 bytes)
[SERVER] DEBUG: About to add 11 entities to snapshot #570 | Player at [0]: true | Interest list: [55, 51, 24, 44, 39, 45, 54, 49, 52, 53, 56]
[SERVER] DEBUG: Snapshot #570 created with 11 entities including player 55 | All entities: [55, 51, 24, 44, 39, 45, 54, 49, 52, 53, 56]
[SERIALIZE] Snapshot #570 | Player ID: 55 | Player in entity_ids: true | Entity count: 11 | All IDs (sorted): [24, 39, 44, 45, 49, 51, 52, 53, 54, 55, 56]
[SERVER] DEBUG: About to add 12 entities to snapshot #510 | Player at [0]: true | Interest list: [56, 51, 24, 44, 39, 55, 45, 54, 49, 52, 53, 35]
[SERVER] DEBUG: Snapshot #510 created with 12 entities including player 56 | All entities: [56, 51, 24, 44, 39, 55, 45, 54, 49, 52, 53, 35]
[SERIALIZE] Snapshot #510 | Player ID: 56 | Player in entity_ids: true | Entity count: 12 | All IDs (sorted): [24, 35, 39, 44, 45, 49, 51, 52, 53, 54, 55, 56]
[SERVER] DEBUG: About to add 11 entities to snapshot #580 | Player at [0]: true | Interest list: [55, 51, 24, 44, 39, 45, 54, 49, 52, 53, 56]
[SERVER] DEBUG: Snapshot #580 created with 11 entities including player 55 | All entities: [55, 51, 24, 44, 39, 45, 54, 49, 52, 53, 56]
[SERIALIZE] Snapshot #580 | Player ID: 55 | Player in entity_ids: true | Entity count: 11 | All IDs (sorted): [24, 39, 44, 45, 49, 51, 52, 53, 54, 55, 56]
[SERVER] DEBUG: About to add 12 entities to snapshot #520 | Player at [0]: true | Interest list: [56, 51, 24, 44, 39, 55, 45, 54, 49, 52, 53, 35]
[SERVER] DEBUG: Snapshot #520 created with 12 entities including player 56 | All entities: [56, 51, 24, 44, 39, 55, 45, 54, 49, 52, 53, 35]
[SERIALIZE] Snapshot #520 | Player ID: 56 | Player in entity_ids: true | Entity count: 12 | All IDs (sorted): [24, 35, 39, 44, 45, 49, 51, 52, 53, 54, 55, 56]
[SERVER] DEBUG: About to add 11 entities to snapshot #590 | Player at [0]: true | Interest list: [55, 51, 24, 44, 39, 45, 54, 49, 52, 56, 53]
[SERVER] DEBUG: Snapshot #590 created with 11 entities including player 55 | All entities: [55, 51, 24, 44, 39, 45, 54, 49, 52, 56, 53]
[SERIALIZE] Snapshot #590 | Player ID: 55 | Player in entity_ids: true | Entity count: 11 | All IDs (sorted): [24, 39, 44, 45, 49, 51, 52, 53, 54, 55, 56]
[SERVER] DEBUG: About to add 12 entities to snapshot #530 | Player at [0]: true | Interest list: [56, 51, 24, 44, 39, 55, 45, 54, 49, 52, 53, 35]
[SERVER] DEBUG: Snapshot #530 created with 12 entities including player 56 | All entities: [56, 51, 24, 44, 39, 55, 45, 54, 49, 52, 53, 35]
[SERIALIZE] Snapshot #530 | Player ID: 56 | Player in entity_ids: true | Entity count: 12 | All IDs (sorted): [24, 35, 39, 44, 45, 49, 51, 52, 53, 54, 55, 56]
[SERVER] Snapshot #600 | Tick: 242 | Timestamp: 12.1 | Player ID: 55 | Player pos: (-40.5818, 103.3473) | Player chunk: (-1, 1)
[SERVER] DEBUG: About to add 11 entities to snapshot #600 | Player at [0]: true | Interest list: [55, 51, 24, 44, 45, 54, 39, 49, 52, 56, 53]
[SERVER] DEBUG: Snapshot #600 created with 11 entities including player 55 | All entities: [55, 51, 24, 44, 45, 54, 39, 49, 52, 56, 53]
[SERIALIZE] Snapshot #600 | Player ID: 55 | Player in entity_ids: true | Entity count: 11 | All IDs (sorted): [24, 39, 44, 45, 49, 51, 52, 53, 54, 55, 56]
Snapshot #600 to peer 2126890292: 11 entities, 127 bytes (uncompressed: ~550 bytes)
[SERVER] DEBUG: About to add 12 entities to snapshot #540 | Player at [0]: true | Interest list: [56, 51, 24, 44, 55, 45, 54, 39, 49, 52, 53, 35]
[SERVER] DEBUG: Snapshot #540 created with 12 entities including player 56 | All entities: [56, 51, 24, 44, 55, 45, 54, 39, 49, 52, 53, 35]
[SERIALIZE] Snapshot #540 | Player ID: 56 | Player in entity_ids: true | Entity count: 12 | All IDs (sorted): [24, 35, 39, 44, 45, 49, 51, 52, 53, 54, 55, 56]
[SERVER] DEBUG: About to add 11 entities to snapshot #610 | Player at [0]: true | Interest list: [55, 51, 24, 44, 45, 54, 39, 49, 52, 56, 53]
[SERVER] DEBUG: Snapshot #610 created with 11 entities including player 55 | All entities: [55, 51, 24, 44, 45, 54, 39, 49, 52, 56, 53]
[SERIALIZE] Snapshot #610 | Player ID: 55 | Player in entity_ids: true | Entity count: 11 | All IDs (sorted): [24, 39, 44, 45, 49, 51, 52, 53, 54, 55, 56]
[SERVER] DEBUG: About to add 12 entities to snapshot #550 | Player at [0]: true | Interest list: [56, 51, 24, 44, 55, 45, 54, 39, 49, 52, 53, 35]
[SERVER] DEBUG: Snapshot #550 created with 12 entities including player 56 | All entities: [56, 51, 24, 44, 55, 45, 54, 39, 49, 52, 53, 35]
[SERIALIZE] Snapshot #550 | Player ID: 56 | Player in entity_ids: true | Entity count: 12 | All IDs (sorted): [24, 35, 39, 44, 45, 49, 51, 52, 53, 54, 55, 56]
[SERVER] DEBUG: About to add 11 entities to snapshot #620 | Player at [0]: true | Interest list: [55, 51, 24, 44, 45, 54, 39, 49, 52, 56, 53]
[SERVER] DEBUG: Snapshot #620 created with 11 entities including player 55 | All entities: [55, 51, 24, 44, 45, 54, 39, 49, 52, 56, 53]
[SERIALIZE] Snapshot #620 | Player ID: 55 | Player in entity_ids: true | Entity count: 11 | All IDs (sorted): [24, 39, 44, 45, 49, 51, 52, 53, 54, 55, 56]
[SERVER] DEBUG: About to add 12 entities to snapshot #560 | Player at [0]: true | Interest list: [56, 51, 24, 44, 55, 45, 54, 39, 49, 52, 53, 35]
[SERVER] DEBUG: Snapshot #560 created with 12 entities including player 56 | All entities: [56, 51, 24, 44, 55, 45, 54, 39, 49, 52, 53, 35]
[SERIALIZE] Snapshot #560 | Player ID: 56 | Player in entity_ids: true | Entity count: 12 | All IDs (sorted): [24, 35, 39, 44, 45, 49, 51, 52, 53, 54, 55, 56]
[SERVER] DEBUG: About to add 11 entities to snapshot #630 | Player at [0]: true | Interest list: [55, 51, 24, 44, 45, 54, 39, 49, 52, 56, 53]
[SERVER] DEBUG: Snapshot #630 created with 11 entities including player 55 | All entities: [55, 51, 24, 44, 45, 54, 39, 49, 52, 56, 53]
[SERIALIZE] Snapshot #630 | Player ID: 55 | Player in entity_ids: true | Entity count: 11 | All IDs (sorted): [24, 39, 44, 45, 49, 51, 52, 53, 54, 55, 56]
[SERVER] DEBUG: About to add 12 entities to snapshot #570 | Player at [0]: true | Interest list: [56, 51, 24, 44, 55, 45, 54, 39, 49, 52, 53, 35]
[SERVER] DEBUG: Snapshot #570 created with 12 entities including player 56 | All entities: [56, 51, 24, 44, 55, 45, 54, 39, 49, 52, 53, 35]
[SERIALIZE] Snapshot #570 | Player ID: 56 | Player in entity_ids: true | Entity count: 12 | All IDs (sorted): [24, 35, 39, 44, 45, 49, 51, 52, 53, 54, 55, 56]
[SERVER] DEBUG: About to add 11 entities to snapshot #640 | Player at [0]: true | Interest list: [55, 51, 24, 44, 45, 54, 39, 49, 52, 56, 53]
[SERVER] DEBUG: Snapshot #640 created with 11 entities including player 55 | All entities: [55, 51, 24, 44, 45, 54, 39, 49, 52, 56, 53]
[SERIALIZE] Snapshot #640 | Player ID: 55 | Player in entity_ids: true | Entity count: 11 | All IDs (sorted): [24, 39, 44, 45, 49, 51, 52, 53, 54, 55, 56]
[SERVER] DEBUG: About to add 12 entities to snapshot #580 | Player at [0]: true | Interest list: [56, 51, 24, 44, 55, 45, 54, 39, 49, 52, 53, 35]
[SERVER] DEBUG: Snapshot #580 created with 12 entities including player 56 | All entities: [56, 51, 24, 44, 55, 45, 54, 39, 49, 52, 53, 35]
[SERIALIZE] Snapshot #580 | Player ID: 56 | Player in entity_ids: true | Entity count: 12 | All IDs (sorted): [24, 35, 39, 44, 45, 49, 51, 52, 53, 54, 55, 56]
[SERVER] DEBUG: About to add 11 entities to snapshot #650 | Player at [0]: true | Interest list: [55, 51, 24, 44, 45, 54, 39, 49, 52, 56, 53]
[SERVER] DEBUG: Snapshot #650 created with 11 entities including player 55 | All entities: [55, 51, 24, 44, 45, 54, 39, 49, 52, 56, 53]
[SERIALIZE] Snapshot #650 | Player ID: 55 | Player in entity_ids: true | Entity count: 11 | All IDs (sorted): [24, 39, 44, 45, 49, 51, 52, 53, 54, 55, 56]
[SERVER] DEBUG: About to add 12 entities to snapshot #590 | Player at [0]: true | Interest list: [56, 51, 24, 44, 55, 45, 54, 39, 49, 52, 53, 35]
[SERVER] DEBUG: Snapshot #590 created with 12 entities including player 56 | All entities: [56, 51, 24, 44, 55, 45, 54, 39, 49, 52, 53, 35]
[SERIALIZE] Snapshot #590 | Player ID: 56 | Player in entity_ids: true | Entity count: 12 | All IDs (sorted): [24, 35, 39, 44, 45, 49, 51, 52, 53, 54, 55, 56]
[SERVER] DEBUG: About to add 11 entities to snapshot #660 | Player at [0]: true | Interest list: [55, 51, 24, 44, 45, 54, 39, 49, 52, 56, 53]
[SERVER] DEBUG: Snapshot #660 created with 11 entities including player 55 | All entities: [55, 51, 24, 44, 45, 54, 39, 49, 52, 56, 53]
[SERIALIZE] Snapshot #660 | Player ID: 55 | Player in entity_ids: true | Entity count: 11 | All IDs (sorted): [24, 39, 44, 45, 49, 51, 52, 53, 54, 55, 56]
[SERVER] Snapshot #600 | Tick: 262 | Timestamp: 13.1 | Player ID: 56 | Player pos: (20.24064, 177.5793) | Player chunk: (0, 2)
[SERVER] DEBUG: About to add 12 entities to snapshot #600 | Player at [0]: true | Interest list: [56, 51, 24, 44, 55, 45, 54, 39, 49, 52, 53, 35]
[SERVER] DEBUG: Snapshot #600 created with 12 entities including player 56 | All entities: [56, 51, 24, 44, 55, 45, 54, 39, 49, 52, 53, 35]
[SERIALIZE] Snapshot #600 | Player ID: 56 | Player in entity_ids: true | Entity count: 12 | All IDs (sorted): [24, 35, 39, 44, 45, 49, 51, 52, 53, 54, 55, 56]
Snapshot #600 to peer 1907671360: 12 entities, 137 bytes (uncompressed: ~600 bytes)
[SERVER] DEBUG: About to add 11 entities to snapshot #670 | Player at [0]: true | Interest list: [55, 51, 24, 44, 45, 54, 39, 49, 52, 56, 53]
[SERVER] DEBUG: Snapshot #670 created with 11 entities including player 55 | All entities: [55, 51, 24, 44, 45, 54, 39, 49, 52, 56, 53]
[SERIALIZE] Snapshot #670 | Player ID: 55 | Player in entity_ids: true | Entity count: 11 | All IDs (sorted): [24, 39, 44, 45, 49, 51, 52, 53, 54, 55, 56]
[SERVER] DEBUG: About to add 12 entities to snapshot #610 | Player at [0]: true | Interest list: [56, 51, 24, 44, 55, 45, 54, 39, 49, 52, 53, 35]
[SERVER] DEBUG: Snapshot #610 created with 12 entities including player 56 | All entities: [56, 51, 24, 44, 55, 45, 54, 39, 49, 52, 53, 35]
[SERIALIZE] Snapshot #610 | Player ID: 56 | Player in entity_ids: true | Entity count: 12 | All IDs (sorted): [24, 35, 39, 44, 45, 49, 51, 52, 53, 54, 55, 56]
[SERVER] DEBUG: About to add 11 entities to snapshot #680 | Player at [0]: true | Interest list: [55, 51, 24, 44, 45, 54, 39, 49, 52, 56, 53]
[SERVER] DEBUG: Snapshot #680 created with 11 entities including player 55 | All entities: [55, 51, 24, 44, 45, 54, 39, 49, 52, 56, 53]
[SERIALIZE] Snapshot #680 | Player ID: 55 | Player in entity_ids: true | Entity count: 11 | All IDs (sorted): [24, 39, 44, 45, 49, 51, 52, 53, 54, 55, 56]
[SERVER] DEBUG: About to add 12 entities to snapshot #620 | Player at [0]: true | Interest list: [56, 51, 24, 44, 55, 45, 54, 39, 49, 52, 53, 35]
[SERVER] DEBUG: Snapshot #620 created with 12 entities including player 56 | All entities: [56, 51, 24, 44, 55, 45, 54, 39, 49, 52, 53, 35]
[SERIALIZE] Snapshot #620 | Player ID: 56 | Player in entity_ids: true | Entity count: 12 | All IDs (sorted): [24, 35, 39, 44, 45, 49, 51, 52, 53, 54, 55, 56]
[SERVER] DEBUG: About to add 10 entities to snapshot #690 | Player at [0]: true | Interest list: [55, 51, 24, 44, 45, 54, 39, 49, 52, 56]
[SERVER] DEBUG: Snapshot #690 created with 10 entities including player 55 | All entities: [55, 51, 24, 44, 45, 54, 39, 49, 52, 56]
[SERIALIZE] Snapshot #690 | Player ID: 55 | Player in entity_ids: true | Entity count: 10 | All IDs (sorted): [24, 39, 44, 45, 49, 51, 52, 54, 55, 56]
[SERVER] DEBUG: About to add 12 entities to snapshot #630 | Player at [0]: true | Interest list: [56, 51, 24, 44, 55, 45, 54, 39, 49, 52, 35, 53]
[SERVER] DEBUG: Snapshot #630 created with 12 entities including player 56 | All entities: [56, 51, 24, 44, 55, 45, 54, 39, 49, 52, 35, 53]
[SERIALIZE] Snapshot #630 | Player ID: 56 | Player in entity_ids: true | Entity count: 12 | All IDs (sorted): [24, 35, 39, 44, 45, 49, 51, 52, 53, 54, 55, 56]
[SERVER] Snapshot #700 | Tick: 275 | Timestamp: 13.75 | Player ID: 55 | Player pos: (-43.07304, 109.9557) | Player chunk: (-1, 1)
[SERVER] DEBUG: About to add 10 entities to snapshot #700 | Player at [0]: true | Interest list: [55, 51, 24, 44, 45, 54, 39, 49, 52, 56]
[SERVER] DEBUG: Snapshot #700 created with 10 entities including player 55 | All entities: [55, 51, 24, 44, 45, 54, 39, 49, 52, 56]
[SERIALIZE] Snapshot #700 | Player ID: 55 | Player in entity_ids: true | Entity count: 10 | All IDs (sorted): [24, 39, 44, 45, 49, 51, 52, 54, 55, 56]
Snapshot #700 to peer 2126890292: 10 entities, 117 bytes (uncompressed: ~500 bytes)
[SERVER] DEBUG: About to add 12 entities to snapshot #640 | Player at [0]: true | Interest list: [56, 51, 24, 44, 55, 45, 54, 39, 49, 52, 35, 53]
[SERVER] DEBUG: Snapshot #640 created with 12 entities including player 56 | All entities: [56, 51, 24, 44, 55, 45, 54, 39, 49, 52, 35, 53]
[SERIALIZE] Snapshot #640 | Player ID: 56 | Player in entity_ids: true | Entity count: 12 | All IDs (sorted): [24, 35, 39, 44, 45, 49, 51, 52, 53, 54, 55, 56]
[SERVER] DEBUG: About to add 10 entities to snapshot #710 | Player at [0]: true | Interest list: [55, 51, 24, 44, 45, 54, 39, 49, 52, 56]
[SERVER] DEBUG: Snapshot #710 created with 10 entities including player 55 | All entities: [55, 51, 24, 44, 45, 54, 39, 49, 52, 56]
[SERIALIZE] Snapshot #710 | Player ID: 55 | Player in entity_ids: true | Entity count: 10 | All IDs (sorted): [24, 39, 44, 45, 49, 51, 52, 54, 55, 56]
[SERVER] DEBUG: About to add 12 entities to snapshot #650 | Player at [0]: true | Interest list: [56, 51, 24, 44, 55, 45, 54, 39, 49, 52, 35, 53]
[SERVER] DEBUG: Snapshot #650 created with 12 entities including player 56 | All entities: [56, 51, 24, 44, 55, 45, 54, 39, 49, 52, 35, 53]
[SERIALIZE] Snapshot #650 | Player ID: 56 | Player in entity_ids: true | Entity count: 12 | All IDs (sorted): [24, 35, 39, 44, 45, 49, 51, 52, 53, 54, 55, 56]
[SERVER] DEBUG: About to add 10 entities to snapshot #720 | Player at [0]: true | Interest list: [55, 51, 24, 44, 45, 54, 39, 49, 52, 56]
[SERVER] DEBUG: Snapshot #720 created with 10 entities including player 55 | All entities: [55, 51, 24, 44, 45, 54, 39, 49, 52, 56]
[SERIALIZE] Snapshot #720 | Player ID: 55 | Player in entity_ids: true | Entity count: 10 | All IDs (sorted): [24, 39, 44, 45, 49, 51, 52, 54, 55, 56]
[SERVER] DEBUG: About to add 12 entities to snapshot #660 | Player at [0]: true | Interest list: [56, 51, 24, 44, 55, 45, 54, 39, 49, 52, 35, 53]
[SERVER] DEBUG: Snapshot #660 created with 12 entities including player 56 | All entities: [56, 51, 24, 44, 55, 45, 54, 39, 49, 52, 35, 53]
[SERIALIZE] Snapshot #660 | Player ID: 56 | Player in entity_ids: true | Entity count: 12 | All IDs (sorted): [24, 35, 39, 44, 45, 49, 51, 52, 53, 54, 55, 56]
[SERVER] DEBUG: About to add 10 entities to snapshot #730 | Player at [0]: true | Interest list: [55, 51, 24, 44, 45, 54, 39, 49, 52, 56]
[SERVER] DEBUG: Snapshot #730 created with 10 entities including player 55 | All entities: [55, 51, 24, 44, 45, 54, 39, 49, 52, 56]
[SERIALIZE] Snapshot #730 | Player ID: 55 | Player in entity_ids: true | Entity count: 10 | All IDs (sorted): [24, 39, 44, 45, 49, 51, 52, 54, 55, 56]
[SERVER] DEBUG: About to add 12 entities to snapshot #670 | Player at [0]: true | Interest list: [56, 51, 24, 44, 55, 45, 54, 39, 49, 52, 35, 53]
[SERVER] DEBUG: Snapshot #670 created with 12 entities including player 56 | All entities: [56, 51, 24, 44, 55, 45, 54, 39, 49, 52, 35, 53]
[SERIALIZE] Snapshot #670 | Player ID: 56 | Player in entity_ids: true | Entity count: 12 | All IDs (sorted): [24, 35, 39, 44, 45, 49, 51, 52, 53, 54, 55, 56]
[SERVER] DEBUG: About to add 10 entities to snapshot #740 | Player at [0]: true | Interest list: [55, 51, 24, 44, 45, 54, 39, 49, 52, 56]
[SERVER] DEBUG: Snapshot #740 created with 10 entities including player 55 | All entities: [55, 51, 24, 44, 45, 54, 39, 49, 52, 56]
[SERIALIZE] Snapshot #740 | Player ID: 55 | Player in entity_ids: true | Entity count: 10 | All IDs (sorted): [24, 39, 44, 45, 49, 51, 52, 54, 55, 56]
[SERVER] DEBUG: About to add 12 entities to snapshot #680 | Player at [0]: true | Interest list: [56, 51, 24, 44, 55, 45, 54, 39, 49, 52, 35, 53]
[SERVER] DEBUG: Snapshot #680 created with 12 entities including player 56 | All entities: [56, 51, 24, 44, 55, 45, 54, 39, 49, 52, 35, 53]
[SERIALIZE] Snapshot #680 | Player ID: 56 | Player in entity_ids: true | Entity count: 12 | All IDs (sorted): [24, 35, 39, 44, 45, 49, 51, 52, 53, 54, 55, 56]
[SERVER] DEBUG: About to add 10 entities to snapshot #750 | Player at [0]: true | Interest list: [55, 51, 24, 44, 45, 54, 39, 49, 52, 56]
[SERVER] DEBUG: Snapshot #750 created with 10 entities including player 55 | All entities: [55, 51, 24, 44, 45, 54, 39, 49, 52, 56]
[SERIALIZE] Snapshot #750 | Player ID: 55 | Player in entity_ids: true | Entity count: 10 | All IDs (sorted): [24, 39, 44, 45, 49, 51, 52, 54, 55, 56]
[SERVER] DEBUG: About to add 12 entities to snapshot #690 | Player at [0]: true | Interest list: [56, 51, 24, 44, 55, 45, 54, 39, 49, 52, 35, 53]
[SERVER] DEBUG: Snapshot #690 created with 12 entities including player 56 | All entities: [56, 51, 24, 44, 55, 45, 54, 39, 49, 52, 35, 53]
[SERIALIZE] Snapshot #690 | Player ID: 56 | Player in entity_ids: true | Entity count: 12 | All IDs (sorted): [24, 35, 39, 44, 45, 49, 51, 52, 53, 54, 55, 56]
[SERVER] DEBUG: About to add 10 entities to snapshot #760 | Player at [0]: true | Interest list: [55, 51, 24, 45, 44, 54, 39, 49, 52, 56]
[SERVER] DEBUG: Snapshot #760 created with 10 entities including player 55 | All entities: [55, 51, 24, 45, 44, 54, 39, 49, 52, 56]
[SERIALIZE] Snapshot #760 | Player ID: 55 | Player in entity_ids: true | Entity count: 10 | All IDs (sorted): [24, 39, 44, 45, 49, 51, 52, 54, 55, 56]
[SERVER] Snapshot #700 | Tick: 295 | Timestamp: 14.75 | Player ID: 56 | Player pos: (17.32716, 183.5697) | Player chunk: (0, 2)
[SERVER] DEBUG: About to add 12 entities to snapshot #700 | Player at [0]: true | Interest list: [56, 51, 24, 55, 45, 44, 54, 39, 49, 52, 35, 53]
[SERVER] DEBUG: Snapshot #700 created with 12 entities including player 56 | All entities: [56, 51, 24, 55, 45, 44, 54, 39, 49, 52, 35, 53]
[SERIALIZE] Snapshot #700 | Player ID: 56 | Player in entity_ids: true | Entity count: 12 | All IDs (sorted): [24, 35, 39, 44, 45, 49, 51, 52, 53, 54, 55, 56]
Snapshot #700 to peer 1907671360: 12 entities, 137 bytes (uncompressed: ~600 bytes)
[SERVER] DEBUG: About to add 10 entities to snapshot #770 | Player at [0]: true | Interest list: [55, 51, 24, 45, 44, 54, 39, 49, 52, 56]
[SERVER] DEBUG: Snapshot #770 created with 10 entities including player 55 | All entities: [55, 51, 24, 45, 44, 54, 39, 49, 52, 56]
[SERIALIZE] Snapshot #770 | Player ID: 55 | Player in entity_ids: true | Entity count: 10 | All IDs (sorted): [24, 39, 44, 45, 49, 51, 52, 54, 55, 56]
[SERVER] DEBUG: About to add 12 entities to snapshot #710 | Player at [0]: true | Interest list: [56, 51, 24, 55, 45, 44, 54, 39, 49, 52, 35, 53]
[SERVER] DEBUG: Snapshot #710 created with 12 entities including player 56 | All entities: [56, 51, 24, 55, 45, 44, 54, 39, 49, 52, 35, 53]
[SERIALIZE] Snapshot #710 | Player ID: 56 | Player in entity_ids: true | Entity count: 12 | All IDs (sorted): [24, 35, 39, 44, 45, 49, 51, 52, 53, 54, 55, 56]
[SERVER] DEBUG: About to add 10 entities to snapshot #780 | Player at [0]: true | Interest list: [55, 51, 24, 45, 44, 54, 39, 49, 52, 56]
[SERVER] DEBUG: Snapshot #780 created with 10 entities including player 55 | All entities: [55, 51, 24, 45, 44, 54, 39, 49, 52, 56]
[SERIALIZE] Snapshot #780 | Player ID: 55 | Player in entity_ids: true | Entity count: 10 | All IDs (sorted): [24, 39, 44, 45, 49, 51, 52, 54, 55, 56]
[SERVER] DEBUG: About to add 12 entities to snapshot #720 | Player at [0]: true | Interest list: [56, 51, 24, 55, 45, 44, 54, 39, 49, 52, 35, 53]
[SERVER] DEBUG: Snapshot #720 created with 12 entities including player 56 | All entities: [56, 51, 24, 55, 45, 44, 54, 39, 49, 52, 35, 53]
[SERIALIZE] Snapshot #720 | Player ID: 56 | Player in entity_ids: true | Entity count: 12 | All IDs (sorted): [24, 35, 39, 44, 45, 49, 51, 52, 53, 54, 55, 56]
[SERVER] DEBUG: About to add 10 entities to snapshot #790 | Player at [0]: true | Interest list: [55, 51, 24, 45, 44, 54, 39, 49, 52, 56]
[SERVER] DEBUG: Snapshot #790 created with 10 entities including player 55 | All entities: [55, 51, 24, 45, 44, 54, 39, 49, 52, 56]
[SERIALIZE] Snapshot #790 | Player ID: 55 | Player in entity_ids: true | Entity count: 10 | All IDs (sorted): [24, 39, 44, 45, 49, 51, 52, 54, 55, 56]
[SERVER] DEBUG: About to add 12 entities to snapshot #730 | Player at [0]: true | Interest list: [56, 51, 24, 55, 45, 44, 54, 39, 49, 52, 35, 53]
[SERVER] DEBUG: Snapshot #730 created with 12 entities including player 56 | All entities: [56, 51, 24, 55, 45, 44, 54, 39, 49, 52, 35, 53]
[SERIALIZE] Snapshot #730 | Player ID: 56 | Player in entity_ids: true | Entity count: 12 | All IDs (sorted): [24, 35, 39, 44, 45, 49, 51, 52, 53, 54, 55, 56]
[SERVER] Snapshot #800 | Tick: 308 | Timestamp: 15.4 | Player ID: 55 | Player pos: (-45.54415, 115.1131) | Player chunk: (-1, 1)
[SERVER] DEBUG: About to add 10 entities to snapshot #800 | Player at [0]: true | Interest list: [55, 51, 24, 45, 44, 54, 39, 49, 52, 56]
[SERVER] DEBUG: Snapshot #800 created with 10 entities including player 55 | All entities: [55, 51, 24, 45, 44, 54, 39, 49, 52, 56]
[SERIALIZE] Snapshot #800 | Player ID: 55 | Player in entity_ids: true | Entity count: 10 | All IDs (sorted): [24, 39, 44, 45, 49, 51, 52, 54, 55, 56]
Snapshot #800 to peer 2126890292: 10 entities, 117 bytes (uncompressed: ~500 bytes)
[SERVER] DEBUG: About to add 12 entities to snapshot #740 | Player at [0]: true | Interest list: [56, 51, 24, 55, 45, 44, 54, 39, 49, 52, 35, 53]
[SERVER] DEBUG: Snapshot #740 created with 12 entities including player 56 | All entities: [56, 51, 24, 55, 45, 44, 54, 39, 49, 52, 35, 53]
[SERIALIZE] Snapshot #740 | Player ID: 56 | Player in entity_ids: true | Entity count: 12 | All IDs (sorted): [24, 35, 39, 44, 45, 49, 51, 52, 53, 54, 55, 56]
[SERVER] DEBUG: About to add 10 entities to snapshot #810 | Player at [0]: true | Interest list: [55, 51, 24, 45, 44, 54, 39, 49, 52, 56]
[SERVER] DEBUG: Snapshot #810 created with 10 entities including player 55 | All entities: [55, 51, 24, 45, 44, 54, 39, 49, 52, 56]
[SERIALIZE] Snapshot #810 | Player ID: 55 | Player in entity_ids: true | Entity count: 10 | All IDs (sorted): [24, 39, 44, 45, 49, 51, 52, 54, 55, 56]
[SERVER] DEBUG: About to add 12 entities to snapshot #750 | Player at [0]: true | Interest list: [56, 51, 24, 55, 45, 44, 54, 39, 49, 52, 35, 53]
[SERVER] DEBUG: Snapshot #750 created with 12 entities including player 56 | All entities: [56, 51, 24, 55, 45, 44, 54, 39, 49, 52, 35, 53]
[SERIALIZE] Snapshot #750 | Player ID: 56 | Player in entity_ids: true | Entity count: 12 | All IDs (sorted): [24, 35, 39, 44, 45, 49, 51, 52, 53, 54, 55, 56]
[SERVER] DEBUG: About to add 10 entities to snapshot #820 | Player at [0]: true | Interest list: [55, 51, 24, 45, 44, 54, 39, 49, 52, 56]
[SERVER] DEBUG: Snapshot #820 created with 10 entities including player 55 | All entities: [55, 51, 24, 45, 44, 54, 39, 49, 52, 56]
[SERIALIZE] Snapshot #820 | Player ID: 55 | Player in entity_ids: true | Entity count: 10 | All IDs (sorted): [24, 39, 44, 45, 49, 51, 52, 54, 55, 56]
[SERVER] DEBUG: About to add 12 entities to snapshot #760 | Player at [0]: true | Interest list: [56, 51, 24, 55, 45, 44, 54, 39, 49, 52, 35, 53]
[SERVER] DEBUG: Snapshot #760 created with 12 entities including player 56 | All entities: [56, 51, 24, 55, 45, 44, 54, 39, 49, 52, 35, 53]
[SERIALIZE] Snapshot #760 | Player ID: 56 | Player in entity_ids: true | Entity count: 12 | All IDs (sorted): [24, 35, 39, 44, 45, 49, 51, 52, 53, 54, 55, 56]
[SERVER] DEBUG: About to add 10 entities to snapshot #830 | Player at [0]: true | Interest list: [55, 51, 24, 45, 44, 54, 39, 49, 52, 56]
[SERVER] DEBUG: Snapshot #830 created with 10 entities including player 55 | All entities: [55, 51, 24, 45, 44, 54, 39, 49, 52, 56]
[SERIALIZE] Snapshot #830 | Player ID: 55 | Player in entity_ids: true | Entity count: 10 | All IDs (sorted): [24, 39, 44, 45, 49, 51, 52, 54, 55, 56]
[SERVER] DEBUG: About to add 12 entities to snapshot #770 | Player at [0]: true | Interest list: [56, 51, 24, 55, 45, 44, 54, 39, 49, 52, 35, 53]
[SERVER] DEBUG: Snapshot #770 created with 12 entities including player 56 | All entities: [56, 51, 24, 55, 45, 44, 54, 39, 49, 52, 35, 53]
[SERIALIZE] Snapshot #770 | Player ID: 56 | Player in entity_ids: true | Entity count: 12 | All IDs (sorted): [24, 35, 39, 44, 45, 49, 51, 52, 53, 54, 55, 56]
[SERVER] DEBUG: About to add 10 entities to snapshot #840 | Player at [0]: true | Interest list: [55, 51, 24, 45, 44, 54, 39, 49, 52, 56]
[SERVER] DEBUG: Snapshot #840 created with 10 entities including player 55 | All entities: [55, 51, 24, 45, 44, 54, 39, 49, 52, 56]
[SERIALIZE] Snapshot #840 | Player ID: 55 | Player in entity_ids: true | Entity count: 10 | All IDs (sorted): [24, 39, 44, 45, 49, 51, 52, 54, 55, 56]
[SERVER] DEBUG: About to add 12 entities to snapshot #780 | Player at [0]: true | Interest list: [56, 51, 24, 55, 45, 44, 54, 39, 49, 52, 35, 53]
[SERVER] DEBUG: Snapshot #780 created with 12 entities including player 56 | All entities: [56, 51, 24, 55, 45, 44, 54, 39, 49, 52, 35, 53]
[SERIALIZE] Snapshot #780 | Player ID: 56 | Player in entity_ids: true | Entity count: 12 | All IDs (sorted): [24, 35, 39, 44, 45, 49, 51, 52, 53, 54, 55, 56]
[SERVER] DEBUG: About to add 10 entities to snapshot #850 | Player at [0]: true | Interest list: [55, 51, 24, 45, 44, 54, 39, 49, 52, 56]
[SERVER] DEBUG: Snapshot #850 created with 10 entities including player 55 | All entities: [55, 51, 24, 45, 44, 54, 39, 49, 52, 56]
[SERIALIZE] Snapshot #850 | Player ID: 55 | Player in entity_ids: true | Entity count: 10 | All IDs (sorted): [24, 39, 44, 45, 49, 51, 52, 54, 55, 56]
[SERVER] DEBUG: About to add 12 entities to snapshot #790 | Player at [0]: true | Interest list: [56, 51, 24, 55, 45, 44, 54, 39, 49, 52, 35, 53]
[SERVER] DEBUG: Snapshot #790 created with 12 entities including player 56 | All entities: [56, 51, 24, 55, 45, 44, 54, 39, 49, 52, 35, 53]
[SERIALIZE] Snapshot #790 | Player ID: 56 | Player in entity_ids: true | Entity count: 12 | All IDs (sorted): [24, 35, 39, 44, 45, 49, 51, 52, 53, 54, 55, 56]
[SERVER] DEBUG: About to add 10 entities to snapshot #860 | Player at [0]: true | Interest list: [55, 51, 24, 45, 44, 54, 39, 49, 52, 56]
[SERVER] DEBUG: Snapshot #860 created with 10 entities including player 55 | All entities: [55, 51, 24, 45, 44, 54, 39, 49, 52, 56]
[SERIALIZE] Snapshot #860 | Player ID: 55 | Player in entity_ids: true | Entity count: 10 | All IDs (sorted): [24, 39, 44, 45, 49, 51, 52, 54, 55, 56]
[SERVER] Snapshot #800 | Tick: 328 | Timestamp: 16.4 | Player ID: 56 | Player pos: (14.8803, 188.223) | Player chunk: (0, 2)
[SERVER] DEBUG: About to add 12 entities to snapshot #800 | Player at [0]: true | Interest list: [56, 51, 24, 55, 45, 44, 54, 39, 49, 52, 35, 53]
[SERVER] DEBUG: Snapshot #800 created with 12 entities including player 56 | All entities: [56, 51, 24, 55, 45, 44, 54, 39, 49, 52, 35, 53]
[SERIALIZE] Snapshot #800 | Player ID: 56 | Player in entity_ids: true | Entity count: 12 | All IDs (sorted): [24, 35, 39, 44, 45, 49, 51, 52, 53, 54, 55, 56]
Snapshot #800 to peer 1907671360: 12 entities, 137 bytes (uncompressed: ~600 bytes)
[SERVER] DEBUG: About to add 10 entities to snapshot #870 | Player at [0]: true | Interest list: [55, 51, 24, 45, 44, 54, 39, 49, 52, 56]
[SERVER] DEBUG: Snapshot #870 created with 10 entities including player 55 | All entities: [55, 51, 24, 45, 44, 54, 39, 49, 52, 56]
[SERIALIZE] Snapshot #870 | Player ID: 55 | Player in entity_ids: true | Entity count: 10 | All IDs (sorted): [24, 39, 44, 45, 49, 51, 52, 54, 55, 56]
[SERVER] DEBUG: About to add 12 entities to snapshot #810 | Player at [0]: true | Interest list: [56, 51, 24, 55, 45, 44, 54, 39, 49, 52, 35, 53]
[SERVER] DEBUG: Snapshot #810 created with 12 entities including player 56 | All entities: [56, 51, 24, 55, 45, 44, 54, 39, 49, 52, 35, 53]
[SERIALIZE] Snapshot #810 | Player ID: 56 | Player in entity_ids: true | Entity count: 12 | All IDs (sorted): [24, 35, 39, 44, 45, 49, 51, 52, 53, 54, 55, 56]
[SERVER] DEBUG: About to add 10 entities to snapshot #880 | Player at [0]: true | Interest list: [55, 51, 24, 45, 44, 54, 39, 49, 52, 56]
[SERVER] DEBUG: Snapshot #880 created with 10 entities including player 55 | All entities: [55, 51, 24, 45, 44, 54, 39, 49, 52, 56]
[SERIALIZE] Snapshot #880 | Player ID: 55 | Player in entity_ids: true | Entity count: 10 | All IDs (sorted): [24, 39, 44, 45, 49, 51, 52, 54, 55, 56]
[SERVER] DEBUG: About to add 12 entities to snapshot #820 | Player at [0]: true | Interest list: [56, 51, 24, 55, 45, 44, 54, 39, 49, 52, 35, 53]
[SERVER] DEBUG: Snapshot #820 created with 12 entities including player 56 | All entities: [56, 51, 24, 55, 45, 44, 54, 39, 49, 52, 35, 53]
[SERIALIZE] Snapshot #820 | Player ID: 56 | Player in entity_ids: true | Entity count: 12 | All IDs (sorted): [24, 35, 39, 44, 45, 49, 51, 52, 53, 54, 55, 56]
[SERVER] DEBUG: About to add 10 entities to snapshot #890 | Player at [0]: true | Interest list: [55, 51, 24, 45, 44, 54, 39, 49, 52, 56]
[SERVER] DEBUG: Snapshot #890 created with 10 entities including player 55 | All entities: [55, 51, 24, 45, 44, 54, 39, 49, 52, 56]
[SERIALIZE] Snapshot #890 | Player ID: 55 | Player in entity_ids: true | Entity count: 10 | All IDs (sorted): [24, 39, 44, 45, 49, 51, 52, 54, 55, 56]
[SERVER] DEBUG: About to add 12 entities to snapshot #830 | Player at [0]: true | Interest list: [56, 51, 24, 55, 45, 44, 54, 39, 49, 52, 35, 53]
[SERVER] DEBUG: Snapshot #830 created with 12 entities including player 56 | All entities: [56, 51, 24, 55, 45, 44, 54, 39, 49, 52, 35, 53]
[SERIALIZE] Snapshot #830 | Player ID: 56 | Player in entity_ids: true | Entity count: 12 | All IDs (sorted): [24, 35, 39, 44, 45, 49, 51, 52, 53, 54, 55, 56]
[SERVER] Snapshot #900 | Tick: 342 | Timestamp: 17.1 | Player ID: 55 | Player pos: (-47.22717, 119.1669) | Player chunk: (-1, 1)
[SERVER] DEBUG: About to add 10 entities to snapshot #900 | Player at [0]: true | Interest list: [55, 51, 24, 45, 44, 54, 39, 49, 52, 56]
[SERVER] DEBUG: Snapshot #900 created with 10 entities including player 55 | All entities: [55, 51, 24, 45, 44, 54, 39, 49, 52, 56]
[SERIALIZE] Snapshot #900 | Player ID: 55 | Player in entity_ids: true | Entity count: 10 | All IDs (sorted): [24, 39, 44, 45, 49, 51, 52, 54, 55, 56]
Snapshot #900 to peer 2126890292: 10 entities, 117 bytes (uncompressed: ~500 bytes)
[SERVER] DEBUG: About to add 12 entities to snapshot #840 | Player at [0]: true | Interest list: [56, 51, 24, 55, 45, 44, 54, 39, 49, 52, 35, 53]
[SERVER] DEBUG: Snapshot #840 created with 12 entities including player 56 | All entities: [56, 51, 24, 55, 45, 44, 54, 39, 49, 52, 35, 53]
[SERIALIZE] Snapshot #840 | Player ID: 56 | Player in entity_ids: true | Entity count: 12 | All IDs (sorted): [24, 35, 39, 44, 45, 49, 51, 52, 53, 54, 55, 56]
[SERVER] DEBUG: About to add 10 entities to snapshot #910 | Player at [0]: true | Interest list: [55, 51, 24, 45, 44, 54, 39, 49, 52, 56]
[SERVER] DEBUG: Snapshot #910 created with 10 entities including player 55 | All entities: [55, 51, 24, 45, 44, 54, 39, 49, 52, 56]
[SERIALIZE] Snapshot #910 | Player ID: 55 | Player in entity_ids: true | Entity count: 10 | All IDs (sorted): [24, 39, 44, 45, 49, 51, 52, 54, 55, 56]
[SERVER] DEBUG: About to add 12 entities to snapshot #850 | Player at [0]: true | Interest list: [56, 51, 24, 55, 45, 44, 54, 39, 49, 52, 35, 53]
[SERVER] DEBUG: Snapshot #850 created with 12 entities including player 56 | All entities: [56, 51, 24, 55, 45, 44, 54, 39, 49, 52, 35, 53]
[SERIALIZE] Snapshot #850 | Player ID: 56 | Player in entity_ids: true | Entity count: 12 | All IDs (sorted): [24, 35, 39, 44, 45, 49, 51, 52, 53, 54, 55, 56]
[SERVER] DEBUG: About to add 11 entities to snapshot #920 | Player at [0]: true | Interest list: [55, 51, 24, 45, 44, 54, 39, 49, 52, 56, 53]
[SERVER] DEBUG: Snapshot #920 created with 11 entities including player 55 | All entities: [55, 51, 24, 45, 44, 54, 39, 49, 52, 56, 53]
[SERIALIZE] Snapshot #920 | Player ID: 55 | Player in entity_ids: true | Entity count: 11 | All IDs (sorted): [24, 39, 44, 45, 49, 51, 52, 53, 54, 55, 56]
[SERVER] DEBUG: About to add 12 entities to snapshot #860 | Player at [0]: true | Interest list: [56, 51, 24, 55, 45, 44, 54, 39, 49, 52, 53, 35]
[SERVER] DEBUG: Snapshot #860 created with 12 entities including player 56 | All entities: [56, 51, 24, 55, 45, 44, 54, 39, 49, 52, 53, 35]
[SERIALIZE] Snapshot #860 | Player ID: 56 | Player in entity_ids: true | Entity count: 12 | All IDs (sorted): [24, 35, 39, 44, 45, 49, 51, 52, 53, 54, 55, 56]
[SERVER] DEBUG: About to add 11 entities to snapshot #930 | Player at [0]: true | Interest list: [55, 51, 24, 45, 44, 54, 39, 49, 52, 56, 53]
[SERVER] DEBUG: Snapshot #930 created with 11 entities including player 55 | All entities: [55, 51, 24, 45, 44, 54, 39, 49, 52, 56, 53]
[SERIALIZE] Snapshot #930 | Player ID: 55 | Player in entity_ids: true | Entity count: 11 | All IDs (sorted): [24, 39, 44, 45, 49, 51, 52, 53, 54, 55, 56]
[SERVER] DEBUG: About to add 12 entities to snapshot #870 | Player at [0]: true | Interest list: [56, 51, 24, 55, 45, 44, 54, 39, 49, 52, 53, 35]
[SERVER] DEBUG: Snapshot #870 created with 12 entities including player 56 | All entities: [56, 51, 24, 55, 45, 44, 54, 39, 49, 52, 53, 35]
[SERIALIZE] Snapshot #870 | Player ID: 56 | Player in entity_ids: true | Entity count: 12 | All IDs (sorted): [24, 35, 39, 44, 45, 49, 51, 52, 53, 54, 55, 56]
[SERVER] DEBUG: About to add 11 entities to snapshot #940 | Player at [0]: true | Interest list: [55, 51, 24, 45, 44, 54, 39, 49, 52, 56, 53]
[SERVER] DEBUG: Snapshot #940 created with 11 entities including player 55 | All entities: [55, 51, 24, 45, 44, 54, 39, 49, 52, 56, 53]
[SERIALIZE] Snapshot #940 | Player ID: 55 | Player in entity_ids: true | Entity count: 11 | All IDs (sorted): [24, 39, 44, 45, 49, 51, 52, 53, 54, 55, 56]
[SERVER] DEBUG: About to add 12 entities to snapshot #880 | Player at [0]: true | Interest list: [56, 51, 24, 55, 45, 44, 54, 39, 49, 52, 53, 35]
[SERVER] DEBUG: Snapshot #880 created with 12 entities including player 56 | All entities: [56, 51, 24, 55, 45, 44, 54, 39, 49, 52, 53, 35]
[SERIALIZE] Snapshot #880 | Player ID: 56 | Player in entity_ids: true | Entity count: 12 | All IDs (sorted): [24, 35, 39, 44, 45, 49, 51, 52, 53, 54, 55, 56]
[SERVER] DEBUG: About to add 11 entities to snapshot #950 | Player at [0]: true | Interest list: [55, 51, 24, 45, 44, 54, 39, 49, 52, 56, 53]
[SERVER] DEBUG: Snapshot #950 created with 11 entities including player 55 | All entities: [55, 51, 24, 45, 44, 54, 39, 49, 52, 56, 53]
[SERIALIZE] Snapshot #950 | Player ID: 55 | Player in entity_ids: true | Entity count: 11 | All IDs (sorted): [24, 39, 44, 45, 49, 51, 52, 53, 54, 55, 56]
[SERVER] DEBUG: About to add 12 entities to snapshot #890 | Player at [0]: true | Interest list: [56, 51, 24, 55, 45, 44, 54, 39, 49, 52, 53, 35]
[SERVER] DEBUG: Snapshot #890 created with 12 entities including player 56 | All entities: [56, 51, 24, 55, 45, 44, 54, 39, 49, 52, 53, 35]
[SERIALIZE] Snapshot #890 | Player ID: 56 | Player in entity_ids: true | Entity count: 12 | All IDs (sorted): [24, 35, 39, 44, 45, 49, 51, 52, 53, 54, 55, 56]
[SERVER] DEBUG: About to add 11 entities to snapshot #960 | Player at [0]: true | Interest list: [55, 51, 24, 45, 44, 54, 39, 49, 52, 56, 53]
[SERVER] DEBUG: Snapshot #960 created with 11 entities including player 55 | All entities: [55, 51, 24, 45, 44, 54, 39, 49, 52, 56, 53]
[SERIALIZE] Snapshot #960 | Player ID: 55 | Player in entity_ids: true | Entity count: 11 | All IDs (sorted): [24, 39, 44, 45, 49, 51, 52, 53, 54, 55, 56]
[SERVER] Snapshot #900 | Tick: 362 | Timestamp: 18.1 | Player ID: 56 | Player pos: (13.04037, 191.8669) | Player chunk: (0, 2)
[SERVER] DEBUG: About to add 12 entities to snapshot #900 | Player at [0]: true | Interest list: [56, 51, 24, 55, 45, 44, 54, 39, 49, 52, 53, 35]
[SERVER] DEBUG: Snapshot #900 created with 12 entities including player 56 | All entities: [56, 51, 24, 55, 45, 44, 54, 39, 49, 52, 53, 35]
[SERIALIZE] Snapshot #900 | Player ID: 56 | Player in entity_ids: true | Entity count: 12 | All IDs (sorted): [24, 35, 39, 44, 45, 49, 51, 52, 53, 54, 55, 56]
Snapshot #900 to peer 1907671360: 12 entities, 137 bytes (uncompressed: ~600 bytes)
[SERVER] Player entity 56 (peer 1907671360) moved from chunk (0, 2) to (0, 3) | Position: (12.96121, 192.021)
[SERVER] DEBUG: About to add 11 entities to snapshot #970 | Player at [0]: true | Interest list: [55, 51, 24, 45, 44, 54, 39, 49, 52, 56, 53]
[SERVER] DEBUG: Snapshot #970 created with 11 entities including player 55 | All entities: [55, 51, 24, 45, 44, 54, 39, 49, 52, 56, 53]
[SERIALIZE] Snapshot #970 | Player ID: 55 | Player in entity_ids: true | Entity count: 11 | All IDs (sorted): [24, 39, 44, 45, 49, 51, 52, 53, 54, 55, 56]
[SERVER] DEBUG: About to add 11 entities to snapshot #910 | Player at [0]: true | Interest list: [56, 51, 55, 45, 44, 54, 39, 49, 52, 53, 35]
[SERVER] DEBUG: Snapshot #910 created with 11 entities including player 56 | All entities: [56, 51, 55, 45, 44, 54, 39, 49, 52, 53, 35]
[SERIALIZE] Snapshot #910 | Player ID: 56 | Player in entity_ids: true | Entity count: 11 | All IDs (sorted): [35, 39, 44, 45, 49, 51, 52, 53, 54, 55, 56]
[SERVER] DEBUG: About to add 11 entities to snapshot #980 | Player at [0]: true | Interest list: [55, 51, 24, 45, 44, 54, 39, 49, 52, 56, 53]
[SERVER] DEBUG: Snapshot #980 created with 11 entities including player 55 | All entities: [55, 51, 24, 45, 44, 54, 39, 49, 52, 56, 53]
[SERIALIZE] Snapshot #980 | Player ID: 55 | Player in entity_ids: true | Entity count: 11 | All IDs (sorted): [24, 39, 44, 45, 49, 51, 52, 53, 54, 55, 56]
[SERVER] DEBUG: About to add 11 entities to snapshot #920 | Player at [0]: true | Interest list: [56, 51, 55, 45, 44, 54, 39, 49, 52, 53, 35]
[SERVER] DEBUG: Snapshot #920 created with 11 entities including player 56 | All entities: [56, 51, 55, 45, 44, 54, 39, 49, 52, 53, 35]
[SERIALIZE] Snapshot #920 | Player ID: 56 | Player in entity_ids: true | Entity count: 11 | All IDs (sorted): [35, 39, 44, 45, 49, 51, 52, 53, 54, 55, 56]
[SERVER] DEBUG: About to add 11 entities to snapshot #990 | Player at [0]: true | Interest list: [55, 51, 24, 45, 44, 54, 39, 49, 52, 56, 53]
[SERVER] DEBUG: Snapshot #990 created with 11 entities including player 55 | All entities: [55, 51, 24, 45, 44, 54, 39, 49, 52, 56, 53]
[SERIALIZE] Snapshot #990 | Player ID: 55 | Player in entity_ids: true | Entity count: 11 | All IDs (sorted): [24, 39, 44, 45, 49, 51, 52, 53, 54, 55, 56]
[SERVER] DEBUG: About to add 11 entities to snapshot #930 | Player at [0]: true | Interest list: [56, 51, 55, 45, 44, 54, 39, 49, 52, 53, 35]
[SERVER] DEBUG: Snapshot #930 created with 11 entities including player 56 | All entities: [56, 51, 55, 45, 44, 54, 39, 49, 52, 53, 35]
[SERIALIZE] Snapshot #930 | Player ID: 56 | Player in entity_ids: true | Entity count: 11 | All IDs (sorted): [35, 39, 44, 45, 49, 51, 52, 53, 54, 55, 56]
[SERVER] Snapshot #1000 | Tick: 375 | Timestamp: 18.75 | Player ID: 55 | Player pos: (-48.87212, 122.2461) | Player chunk: (-1, 1)
[SERVER] DEBUG: About to add 11 entities to snapshot #1000 | Player at [0]: true | Interest list: [55, 51, 24, 45, 44, 54, 39, 49, 52, 56, 53]
[SERVER] DEBUG: Snapshot #1000 created with 11 entities including player 55 | All entities: [55, 51, 24, 45, 44, 54, 39, 49, 52, 56, 53]
[SERIALIZE] Snapshot #1000 | Player ID: 55 | Player in entity_ids: true | Entity count: 11 | All IDs (sorted): [24, 39, 44, 45, 49, 51, 52, 53, 54, 55, 56]
Snapshot #1000 to peer 2126890292: 11 entities, 127 bytes (uncompressed: ~550 bytes)
[SERVER] DEBUG: About to add 11 entities to snapshot #940 | Player at [0]: true | Interest list: [56, 51, 55, 45, 44, 54, 39, 49, 52, 53, 35]
[SERVER] DEBUG: Snapshot #940 created with 11 entities including player 56 | All entities: [56, 51, 55, 45, 44, 54, 39, 49, 52, 53, 35]
[SERIALIZE] Snapshot #940 | Player ID: 56 | Player in entity_ids: true | Entity count: 11 | All IDs (sorted): [35, 39, 44, 45, 49, 51, 52, 53, 54, 55, 56]
