Godot Engine v4.5.1.stable.official.f62fdbde1 - https://godotengine.org

[SERVER] Creating world walls...
[SERVER] Walls created successfully
Server started on port 7777
Tick rate: 20 Hz
Snapshot rate: 20 Hz
ENet compression: FASTLZ enabled
[SERVER] Spawned entity 1 at (-184.5923, 87.66115) | Peer: NPC
[SERVER] Spawned entity 2 at (-396.6759, 229.481) | Peer: NPC
[SERVER] Spawned entity 3 at (127.3631, 211.8177) | Peer: NPC
[SERVER] Spawned entity 4 at (342.4565, -487.3381) | Peer: NPC
[SERVER] Spawned entity 5 at (295.1871, -481.3365) | Peer: NPC
[SERVER] Spawned entity 6 at (-427.2131, 359.9166) | Peer: NPC
[SERVER] Spawned entity 7 at (-310.8763, 238.6109) | Peer: NPC
[SERVER] Spawned entity 8 at (94.86844, -133.712) | Peer: NPC
[SERVER] Spawned entity 9 at (441.1971, -229.1857) | Peer: NPC
[SERVER] Spawned entity 10 at (-144.0819, -43.88638) | Peer: NPC
[SERVER] Spawned entity 11 at (133.6508, 325.9266) | Peer: NPC
[SERVER] Spawned entity 12 at (300.4083, -127.88) | Peer: NPC
[SERVER] Spawned entity 13 at (394.8469, 156.2732) | Peer: NPC
[SERVER] Spawned entity 14 at (180.5841, -130.1985) | Peer: NPC
[SERVER] Spawned entity 15 at (461.4008, -24.24848) | Peer: NPC
[SERVER] Spawned entity 16 at (290.2945, 429.4488) | Peer: NPC
[SERVER] Spawned entity 17 at (-301.7891, -177.1767) | Peer: NPC
[SERVER] Spawned entity 18 at (325.5811, 275.7418) | Peer: NPC
[SERVER] Spawned entity 19 at (-305.3239, -325.995) | Peer: NPC
[SERVER] Spawned entity 20 at (-383.8053, -181.4127) | Peer: NPC
[SERVER] Spawned entity 21 at (-357.4887, -264.4395) | Peer: NPC
[SERVER] Spawned entity 22 at (430.6387, -351.0256) | Peer: NPC
[SERVER] Spawned entity 23 at (140.9277, 70.83993) | Peer: NPC
[SERVER] Spawned entity 24 at (-189.2374, 419.4584) | Peer: NPC
[SERVER] Spawned entity 25 at (403.1059, 403.7875) | Peer: NPC
[SERVER] Spawned entity 26 at (68.31505, -476.1852) | Peer: NPC
[SERVER] Spawned entity 27 at (-277.5322, 1.51511) | Peer: NPC
[SERVER] Spawned entity 28 at (-233.3301, 205.5237) | Peer: NPC
[SERVER] Spawned entity 29 at (-449.716, 83.30667) | Peer: NPC
[SERVER] Spawned entity 30 at (85.56314, -93.21809) | Peer: NPC
[SERVER] Spawned entity 31 at (-419.605, -110.0533) | Peer: NPC
[SERVER] Spawned entity 32 at (-363.3207, -152.6258) | Peer: NPC
[SERVER] Spawned entity 33 at (65.28294, 126.7678) | Peer: NPC
[SERVER] Spawned entity 34 at (121.1333, 406.3992) | Peer: NPC
[SERVER] Spawned entity 35 at (248.4211, 69.75234) | Peer: NPC
[SERVER] Spawned entity 36 at (130.6527, -165.9451) | Peer: NPC
[SERVER] Spawned entity 37 at (137.0008, 131.5737) | Peer: NPC
[SERVER] Spawned entity 38 at (396.1284, -269.6618) | Peer: NPC
[SERVER] Spawned entity 39 at (-222.1552, -460.7637) | Peer: NPC
[SERVER] Spawned entity 40 at (471.4143, 97.61642) | Peer: NPC
[SERVER] Spawned entity 41 at (-285.5227, -399.9736) | Peer: NPC
[SERVER] Spawned entity 42 at (-287.4466, 371.5957) | Peer: NPC
[SERVER] Spawned entity 43 at (-343.7827, 307.9678) | Peer: NPC
[SERVER] Spawned entity 44 at (-125.9689, 56.44936) | Peer: NPC
[SERVER] Spawned entity 45 at (250.1314, -195.2363) | Peer: NPC
[SERVER] Spawned entity 46 at (97.56494, 115.5923) | Peer: NPC
[SERVER] Spawned entity 47 at (-151.6164, 453.6526) | Peer: NPC
[SERVER] Spawned entity 48 at (113.2414, -219.5625) | Peer: NPC
[SERVER] Spawned entity 49 at (178.1261, -424.8301) | Peer: NPC
[SERVER] Spawned entity 50 at (-482.2306, 485.3014) | Peer: NPC
[SERVER] Creating moving obstacles...
[SERVER] Created moving obstacle 51 from (-300.0, 0.0) to (300.0, 0.0)
[SERVER] Created moving obstacle 52 from (0.0, -300.0) to (0.0, 300.0)
[SERVER] Created moving obstacle 53 from (-200.0, -200.0) to (200.0, 200.0)
[SERVER] Created moving obstacle 54 from (150.0, -100.0) to (-150.0, 100.0)
[SERVER] Moving obstacles created
=== SERVER MODE ===
Peer connected: 1327770505
[SERVER] Spawned entity 55 at (-72.91169, -98.08549) | Peer: 1327770505
[SERVER] DEBUG: About to add 9 entities to snapshot #10 | Player at [0]: true | Interest list: [55, 10, 51, 27, 53, 44, 30, 52, 54]
[SERVER] DEBUG: Snapshot #10 created with 9 entities including player 55 | All entities: [55, 10, 51, 27, 53, 44, 30, 52, 54]
[SERIALIZE] Snapshot #10 | Player ID: 55 | Player in entity_ids: true | Entity count: 9 | All IDs (sorted): [10, 27, 30, 44, 51, 52, 53, 54, 55]
[SERVER] Player entity 55 (peer 1327770505) moved from chunk (-2, -2) to (-1, -2) | Position: (-61.90334, -95.71851)
[SERVER] DEBUG: About to add 11 entities to snapshot #20 | Player at [0]: true | Interest list: [55, 10, 51, 27, 53, 44, 30, 52, 54, 48, 8]
[SERVER] DEBUG: Snapshot #20 created with 11 entities including player 55 | All entities: [55, 10, 51, 27, 53, 44, 30, 52, 54, 48, 8]
[SERIALIZE] Snapshot #20 | Player ID: 55 | Player in entity_ids: true | Entity count: 11 | All IDs (sorted): [8, 10, 27, 30, 44, 48, 51, 52, 53, 54, 55]
[SERVER] DEBUG: About to add 11 entities to snapshot #30 | Player at [0]: true | Interest list: [55, 10, 51, 53, 44, 27, 30, 52, 54, 48, 8]
[SERVER] DEBUG: Snapshot #30 created with 11 entities including player 55 | All entities: [55, 10, 51, 53, 44, 27, 30, 52, 54, 48, 8]
[SERIALIZE] Snapshot #30 | Player ID: 55 | Player in entity_ids: true | Entity count: 11 | All IDs (sorted): [8, 10, 27, 30, 44, 48, 51, 52, 53, 54, 55]
[SERVER] DEBUG: About to add 11 entities to snapshot #40 | Player at [0]: true | Interest list: [55, 10, 51, 53, 44, 27, 30, 52, 54, 48, 8]
[SERVER] DEBUG: Snapshot #40 created with 11 entities including player 55 | All entities: [55, 10, 51, 53, 44, 27, 30, 52, 54, 48, 8]
[SERIALIZE] Snapshot #40 | Player ID: 55 | Player in entity_ids: true | Entity count: 11 | All IDs (sorted): [8, 10, 27, 30, 44, 48, 51, 52, 53, 54, 55]
[SERVER] DEBUG: About to add 13 entities to snapshot #50 | Player at [0]: true | Interest list: [55, 10, 51, 1, 53, 44, 27, 30, 54, 52, 8, 33, 46]
[SERVER] DEBUG: Snapshot #50 created with 13 entities including player 55 | All entities: [55, 10, 51, 1, 53, 44, 27, 30, 54, 52, 8, 33, 46]
[SERIALIZE] Snapshot #50 | Player ID: 55 | Player in entity_ids: true | Entity count: 13 | All IDs (sorted): [1, 8, 10, 27, 30, 33, 44, 46, 51, 52, 53, 54, 55]
[SERVER] Player entity 55 (peer 1327770505) moved from chunk (-1, -2) to (-1, -1) | Position: (-38.0289, -61.5675)
[SERVER] Received input from 1327770505: (-0.167424, 0.985885) | Ack: 53
[SERVER] DEBUG: About to add 13 entities to snapshot #60 | Player at [0]: true | Interest list: [55, 10, 51, 1, 53, 44, 27, 54, 30, 52, 8, 33, 46]
[SERVER] DEBUG: Snapshot #60 created with 13 entities including player 55 | All entities: [55, 10, 51, 1, 53, 44, 27, 54, 30, 52, 8, 33, 46]
[SERIALIZE] Snapshot #60 | Player ID: 55 | Player in entity_ids: true | Entity count: 13 | All IDs (sorted): [1, 8, 10, 27, 30, 33, 44, 46, 51, 52, 53, 54, 55]
Peer connected: 1486008679
[SERVER] Spawned entity 56 at (-78.72112, -50.46025) | Peer: 1486008679
[SERVER] DEBUG: About to add 11 entities to snapshot #10 | Player at [0]: true | Interest list: [56, 10, 51, 1, 53, 44, 27, 55, 54, 30, 52]
[SERVER] DEBUG: Snapshot #10 created with 11 entities including player 56 | All entities: [56, 10, 51, 1, 53, 44, 27, 55, 54, 30, 52]
[SERIALIZE] Snapshot #10 | Player ID: 56 | Player in entity_ids: true | Entity count: 11 | All IDs (sorted): [1, 10, 27, 30, 44, 51, 52, 53, 54, 55, 56]
[SERVER] DEBUG: About to add 14 entities to snapshot #70 | Player at [0]: true | Interest list: [55, 10, 51, 1, 53, 56, 44, 27, 54, 30, 52, 8, 33, 46]
[SERVER] DEBUG: Snapshot #70 created with 14 entities including player 55 | All entities: [55, 10, 51, 1, 53, 56, 44, 27, 54, 30, 52, 8, 33, 46]
[SERIALIZE] Snapshot #70 | Player ID: 55 | Player in entity_ids: true | Entity count: 14 | All IDs (sorted): [1, 8, 10, 27, 30, 33, 44, 46, 51, 52, 53, 54, 55, 56]
[SERVER] DEBUG: About to add 11 entities to snapshot #20 | Player at [0]: true | Interest list: [56, 10, 1, 53, 51, 44, 27, 30, 55, 54, 52]
[SERVER] DEBUG: Snapshot #20 created with 11 entities including player 56 | All entities: [56, 10, 1, 53, 51, 44, 27, 30, 55, 54, 52]
[SERIALIZE] Snapshot #20 | Player ID: 56 | Player in entity_ids: true | Entity count: 11 | All IDs (sorted): [1, 10, 27, 30, 44, 51, 52, 53, 54, 55, 56]
[SERVER] DEBUG: About to add 14 entities to snapshot #80 | Player at [0]: true | Interest list: [55, 10, 1, 53, 56, 51, 44, 27, 30, 54, 52, 8, 33, 46]
[SERVER] DEBUG: Snapshot #80 created with 14 entities including player 55 | All entities: [55, 10, 1, 53, 56, 51, 44, 27, 30, 54, 52, 8, 33, 46]
[SERIALIZE] Snapshot #80 | Player ID: 55 | Player in entity_ids: true | Entity count: 14 | All IDs (sorted): [1, 8, 10, 27, 30, 33, 44, 46, 51, 52, 53, 54, 55, 56]
[SERVER] DEBUG: About to add 11 entities to snapshot #30 | Player at [0]: true | Interest list: [56, 10, 1, 53, 44, 27, 30, 51, 55, 54, 52]
[SERVER] DEBUG: Snapshot #30 created with 11 entities including player 56 | All entities: [56, 10, 1, 53, 44, 27, 30, 51, 55, 54, 52]
[SERIALIZE] Snapshot #30 | Player ID: 56 | Player in entity_ids: true | Entity count: 11 | All IDs (sorted): [1, 10, 27, 30, 44, 51, 52, 53, 54, 55, 56]
[SERVER] DEBUG: About to add 14 entities to snapshot #90 | Player at [0]: true | Interest list: [55, 10, 1, 53, 56, 44, 27, 30, 51, 54, 52, 8, 33, 46]
[SERVER] DEBUG: Snapshot #90 created with 14 entities including player 55 | All entities: [55, 10, 1, 53, 56, 44, 27, 30, 51, 54, 52, 8, 33, 46]
[SERIALIZE] Snapshot #90 | Player ID: 55 | Player in entity_ids: true | Entity count: 14 | All IDs (sorted): [1, 8, 10, 27, 30, 33, 44, 46, 51, 52, 53, 54, 55, 56]
[SERVER] DEBUG: About to add 11 entities to snapshot #40 | Player at [0]: true | Interest list: [56, 10, 1, 53, 44, 27, 30, 51, 55, 54, 52]
[SERVER] DEBUG: Snapshot #40 created with 11 entities including player 56 | All entities: [56, 10, 1, 53, 44, 27, 30, 51, 55, 54, 52]
[SERIALIZE] Snapshot #40 | Player ID: 56 | Player in entity_ids: true | Entity count: 11 | All IDs (sorted): [1, 10, 27, 30, 44, 51, 52, 53, 54, 55, 56]
[SERVER] Snapshot #100 | Tick: 75 | Timestamp: 3.75 | Player ID: 55 | Player pos: (-54.23499, -19.18875) | Player chunk: (-1, -1)
[SERVER] DEBUG: About to add 14 entities to snapshot #100 | Player at [0]: true | Interest list: [55, 10, 1, 53, 56, 44, 27, 30, 51, 54, 52, 8, 33, 46]
[SERVER] DEBUG: Snapshot #100 created with 14 entities including player 55 | All entities: [55, 10, 1, 53, 56, 44, 27, 30, 51, 54, 52, 8, 33, 46]
[SERIALIZE] Snapshot #100 | Player ID: 55 | Player in entity_ids: true | Entity count: 14 | All IDs (sorted): [1, 8, 10, 27, 30, 33, 44, 46, 51, 52, 53, 54, 55, 56]
Snapshot #100 to peer 1327770505: 14 entities, 158 bytes (uncompressed: ~700 bytes)
[SERVER] DEBUG: About to add 11 entities to snapshot #50 | Player at [0]: true | Interest list: [56, 10, 1, 44, 27, 30, 51, 53, 55, 54, 52]
[SERVER] DEBUG: Snapshot #50 created with 11 entities including player 56 | All entities: [56, 10, 1, 44, 27, 30, 51, 53, 55, 54, 52]
[SERIALIZE] Snapshot #50 | Player ID: 56 | Player in entity_ids: true | Entity count: 11 | All IDs (sorted): [1, 10, 27, 30, 44, 51, 52, 53, 54, 55, 56]
[SERVER] DEBUG: About to add 14 entities to snapshot #110 | Player at [0]: true | Interest list: [55, 10, 1, 56, 44, 27, 30, 51, 53, 54, 52, 8, 33, 46]
[SERVER] DEBUG: Snapshot #110 created with 14 entities including player 55 | All entities: [55, 10, 1, 56, 44, 27, 30, 51, 53, 54, 52, 8, 33, 46]
[SERIALIZE] Snapshot #110 | Player ID: 55 | Player in entity_ids: true | Entity count: 14 | All IDs (sorted): [1, 8, 10, 27, 30, 33, 44, 46, 51, 52, 53, 54, 55, 56]
[SERVER] Received input from 1327770505: (-0.83459, -0.550871) | Ack: 112
[SERVER] DEBUG: About to add 11 entities to snapshot #60 | Player at [0]: true | Interest list: [56, 10, 1, 44, 27, 51, 55, 53, 54, 30, 52]
[SERVER] DEBUG: Snapshot #60 created with 11 entities including player 56 | All entities: [56, 10, 1, 44, 27, 51, 55, 53, 54, 30, 52]
[SERIALIZE] Snapshot #60 | Player ID: 56 | Player in entity_ids: true | Entity count: 11 | All IDs (sorted): [1, 10, 27, 30, 44, 51, 52, 53, 54, 55, 56]
[SERVER] Player entity 55 (peer 1327770505) moved from chunk (-1, -1) to (-2, -1) | Position: (-64.73184, -17.97329)
[SERVER] DEBUG: About to add 11 entities to snapshot #120 | Player at [0]: true | Interest list: [55, 10, 1, 56, 44, 27, 51, 53, 54, 30, 52]
[SERVER] DEBUG: Snapshot #120 created with 11 entities including player 55 | All entities: [55, 10, 1, 56, 44, 27, 51, 53, 54, 30, 52]
[SERIALIZE] Snapshot #120 | Player ID: 55 | Player in entity_ids: true | Entity count: 11 | All IDs (sorted): [1, 10, 27, 30, 44, 51, 52, 53, 54, 55, 56]
[SERVER] DEBUG: About to add 11 entities to snapshot #70 | Player at [0]: true | Interest list: [56, 10, 1, 55, 44, 27, 51, 30, 53, 54, 52]
[SERVER] DEBUG: Snapshot #70 created with 11 entities including player 56 | All entities: [56, 10, 1, 55, 44, 27, 51, 30, 53, 54, 52]
[SERIALIZE] Snapshot #70 | Player ID: 56 | Player in entity_ids: true | Entity count: 11 | All IDs (sorted): [1, 10, 27, 30, 44, 51, 52, 53, 54, 55, 56]
[SERVER] DEBUG: About to add 11 entities to snapshot #130 | Player at [0]: true | Interest list: [55, 10, 1, 56, 44, 27, 51, 30, 53, 54, 52]
[SERVER] DEBUG: Snapshot #130 created with 11 entities including player 55 | All entities: [55, 10, 1, 56, 44, 27, 51, 30, 53, 54, 52]
[SERIALIZE] Snapshot #130 | Player ID: 55 | Player in entity_ids: true | Entity count: 11 | All IDs (sorted): [1, 10, 27, 30, 44, 51, 52, 53, 54, 55, 56]
[SERVER] Player entity 55 (peer 1327770505) moved from chunk (-2, -1) to (-1, -1) | Position: (-63.77993, -19.5882)
[SERVER] DEBUG: About to add 11 entities to snapshot #80 | Player at [0]: true | Interest list: [56, 10, 1, 44, 27, 51, 30, 53, 55, 54, 52]
[SERVER] DEBUG: Snapshot #80 created with 11 entities including player 56 | All entities: [56, 10, 1, 44, 27, 51, 30, 53, 55, 54, 52]
[SERIALIZE] Snapshot #80 | Player ID: 56 | Player in entity_ids: true | Entity count: 11 | All IDs (sorted): [1, 10, 27, 30, 44, 51, 52, 53, 54, 55, 56]
[SERVER] DEBUG: About to add 14 entities to snapshot #140 | Player at [0]: true | Interest list: [55, 10, 1, 56, 44, 27, 51, 30, 53, 54, 52, 8, 33, 46]
[SERVER] DEBUG: Snapshot #140 created with 14 entities including player 55 | All entities: [55, 10, 1, 56, 44, 27, 51, 30, 53, 54, 52, 8, 33, 46]
[SERIALIZE] Snapshot #140 | Player ID: 55 | Player in entity_ids: true | Entity count: 14 | All IDs (sorted): [1, 8, 10, 27, 30, 33, 44, 46, 51, 52, 53, 54, 55, 56]
[SERVER] DEBUG: About to add 11 entities to snapshot #90 | Player at [0]: true | Interest list: [56, 10, 1, 44, 27, 51, 30, 53, 55, 54, 52]
[SERVER] DEBUG: Snapshot #90 created with 11 entities including player 56 | All entities: [56, 10, 1, 44, 27, 51, 30, 53, 55, 54, 52]
[SERIALIZE] Snapshot #90 | Player ID: 56 | Player in entity_ids: true | Entity count: 11 | All IDs (sorted): [1, 10, 27, 30, 44, 51, 52, 53, 54, 55, 56]
[SERVER] DEBUG: About to add 14 entities to snapshot #150 | Player at [0]: true | Interest list: [55, 10, 1, 56, 44, 27, 51, 30, 53, 54, 52, 8, 33, 46]
[SERVER] DEBUG: Snapshot #150 created with 14 entities including player 55 | All entities: [55, 10, 1, 56, 44, 27, 51, 30, 53, 54, 52, 8, 33, 46]
[SERIALIZE] Snapshot #150 | Player ID: 55 | Player in entity_ids: true | Entity count: 14 | All IDs (sorted): [1, 8, 10, 27, 30, 33, 44, 46, 51, 52, 53, 54, 55, 56]
[SERVER] Snapshot #100 | Tick: 95 | Timestamp: 4.75 | Player ID: 56 | Player pos: (-90.99067, -4.458879) | Player chunk: (-2, -1)
[SERVER] DEBUG: About to add 11 entities to snapshot #100 | Player at [0]: true | Interest list: [56, 10, 44, 51, 1, 27, 30, 53, 55, 54, 52]
[SERVER] DEBUG: Snapshot #100 created with 11 entities including player 56 | All entities: [56, 10, 44, 51, 1, 27, 30, 53, 55, 54, 52]
[SERIALIZE] Snapshot #100 | Player ID: 56 | Player in entity_ids: true | Entity count: 11 | All IDs (sorted): [1, 10, 27, 30, 44, 51, 52, 53, 54, 55, 56]
Snapshot #100 to peer 1486008679: 11 entities, 127 bytes (uncompressed: ~550 bytes)
[SERVER] DEBUG: About to add 14 entities to snapshot #160 | Player at [0]: true | Interest list: [55, 10, 44, 51, 1, 56, 27, 30, 53, 54, 52, 8, 33, 46]
[SERVER] DEBUG: Snapshot #160 created with 14 entities including player 55 | All entities: [55, 10, 44, 51, 1, 56, 27, 30, 53, 54, 52, 8, 33, 46]
[SERIALIZE] Snapshot #160 | Player ID: 55 | Player in entity_ids: true | Entity count: 14 | All IDs (sorted): [1, 8, 10, 27, 30, 33, 44, 46, 51, 52, 53, 54, 55, 56]
[SERVER] DEBUG: About to add 11 entities to snapshot #110 | Player at [0]: true | Interest list: [56, 10, 44, 51, 1, 27, 30, 53, 55, 54, 52]
[SERVER] DEBUG: Snapshot #110 created with 11 entities including player 56 | All entities: [56, 10, 44, 51, 1, 27, 30, 53, 55, 54, 52]
[SERIALIZE] Snapshot #110 | Player ID: 56 | Player in entity_ids: true | Entity count: 11 | All IDs (sorted): [1, 10, 27, 30, 44, 51, 52, 53, 54, 55, 56]
[SERVER] DEBUG: About to add 14 entities to snapshot #170 | Player at [0]: true | Interest list: [55, 10, 44, 51, 1, 56, 27, 30, 53, 54, 52, 8, 33, 46]
[SERVER] DEBUG: Snapshot #170 created with 14 entities including player 55 | All entities: [55, 10, 44, 51, 1, 56, 27, 30, 53, 54, 52, 8, 33, 46]
[SERIALIZE] Snapshot #170 | Player ID: 55 | Player in entity_ids: true | Entity count: 14 | All IDs (sorted): [1, 8, 10, 27, 30, 33, 44, 46, 51, 52, 53, 54, 55, 56]
[SERVER] DEBUG: About to add 11 entities to snapshot #120 | Player at [0]: true | Interest list: [56, 10, 44, 51, 1, 27, 30, 53, 55, 54, 52]
[SERVER] DEBUG: Snapshot #120 created with 11 entities including player 56 | All entities: [56, 10, 44, 51, 1, 27, 30, 53, 55, 54, 52]
[SERIALIZE] Snapshot #120 | Player ID: 56 | Player in entity_ids: true | Entity count: 11 | All IDs (sorted): [1, 10, 27, 30, 44, 51, 52, 53, 54, 55, 56]
[SERVER] DEBUG: About to add 14 entities to snapshot #180 | Player at [0]: true | Interest list: [55, 10, 44, 51, 1, 56, 27, 30, 53, 54, 52, 8, 33, 46]
[SERVER] DEBUG: Snapshot #180 created with 14 entities including player 55 | All entities: [55, 10, 44, 51, 1, 56, 27, 30, 53, 54, 52, 8, 33, 46]
[SERIALIZE] Snapshot #180 | Player ID: 55 | Player in entity_ids: true | Entity count: 14 | All IDs (sorted): [1, 8, 10, 27, 30, 33, 44, 46, 51, 52, 53, 54, 55, 56]
[SERVER] DEBUG: About to add 11 entities to snapshot #130 | Player at [0]: true | Interest list: [56, 10, 44, 51, 1, 27, 30, 53, 55, 54, 52]
[SERVER] DEBUG: Snapshot #130 created with 11 entities including player 56 | All entities: [56, 10, 44, 51, 1, 27, 30, 53, 55, 54, 52]
[SERIALIZE] Snapshot #130 | Player ID: 56 | Player in entity_ids: true | Entity count: 11 | All IDs (sorted): [1, 10, 27, 30, 44, 51, 52, 53, 54, 55, 56]
[SERVER] DEBUG: About to add 14 entities to snapshot #190 | Player at [0]: true | Interest list: [55, 10, 44, 51, 1, 56, 27, 30, 53, 54, 52, 8, 33, 46]
[SERVER] DEBUG: Snapshot #190 created with 14 entities including player 55 | All entities: [55, 10, 44, 51, 1, 56, 27, 30, 53, 54, 52, 8, 33, 46]
[SERIALIZE] Snapshot #190 | Player ID: 55 | Player in entity_ids: true | Entity count: 14 | All IDs (sorted): [1, 8, 10, 27, 30, 33, 44, 46, 51, 52, 53, 54, 55, 56]
[SERVER] DEBUG: About to add 11 entities to snapshot #140 | Player at [0]: true | Interest list: [56, 10, 44, 51, 1, 27, 30, 55, 53, 54, 52]
[SERVER] DEBUG: Snapshot #140 created with 11 entities including player 56 | All entities: [56, 10, 44, 51, 1, 27, 30, 55, 53, 54, 52]
[SERIALIZE] Snapshot #140 | Player ID: 56 | Player in entity_ids: true | Entity count: 11 | All IDs (sorted): [1, 10, 27, 30, 44, 51, 52, 53, 54, 55, 56]
[SERVER] Snapshot #200 | Tick: 108 | Timestamp: 5.4 | Player ID: 55 | Player pos: (-32.04828, -19.30701) | Player chunk: (-1, -1)
[SERVER] DEBUG: About to add 14 entities to snapshot #200 | Player at [0]: true | Interest list: [55, 10, 44, 51, 1, 56, 27, 30, 53, 54, 52, 8, 33, 46]
[SERVER] DEBUG: Snapshot #200 created with 14 entities including player 55 | All entities: [55, 10, 44, 51, 1, 56, 27, 30, 53, 54, 52, 8, 33, 46]
[SERIALIZE] Snapshot #200 | Player ID: 55 | Player in entity_ids: true | Entity count: 14 | All IDs (sorted): [1, 8, 10, 27, 30, 33, 44, 46, 51, 52, 53, 54, 55, 56]
Snapshot #200 to peer 1327770505: 14 entities, 158 bytes (uncompressed: ~700 bytes)
[SERVER] DEBUG: About to add 11 entities to snapshot #150 | Player at [0]: true | Interest list: [56, 10, 44, 51, 1, 27, 30, 55, 53, 54, 52]
[SERVER] DEBUG: Snapshot #150 created with 11 entities including player 56 | All entities: [56, 10, 44, 51, 1, 27, 30, 55, 53, 54, 52]
[SERIALIZE] Snapshot #150 | Player ID: 56 | Player in entity_ids: true | Entity count: 11 | All IDs (sorted): [1, 10, 27, 30, 44, 51, 52, 53, 54, 55, 56]
[SERVER] DEBUG: About to add 14 entities to snapshot #210 | Player at [0]: true | Interest list: [55, 10, 44, 51, 1, 56, 27, 30, 53, 54, 52, 8, 33, 46]
[SERVER] DEBUG: Snapshot #210 created with 14 entities including player 55 | All entities: [55, 10, 44, 51, 1, 56, 27, 30, 53, 54, 52, 8, 33, 46]
[SERIALIZE] Snapshot #210 | Player ID: 55 | Player in entity_ids: true | Entity count: 14 | All IDs (sorted): [1, 8, 10, 27, 30, 33, 44, 46, 51, 52, 53, 54, 55, 56]
[SERVER] DEBUG: About to add 11 entities to snapshot #160 | Player at [0]: true | Interest list: [56, 10, 44, 51, 1, 27, 30, 55, 53, 54, 52]
[SERVER] DEBUG: Snapshot #160 created with 11 entities including player 56 | All entities: [56, 10, 44, 51, 1, 27, 30, 55, 53, 54, 52]
[SERIALIZE] Snapshot #160 | Player ID: 56 | Player in entity_ids: true | Entity count: 11 | All IDs (sorted): [1, 10, 27, 30, 44, 51, 52, 53, 54, 55, 56]
[SERVER] DEBUG: About to add 14 entities to snapshot #220 | Player at [0]: true | Interest list: [55, 10, 44, 51, 1, 56, 27, 30, 53, 54, 52, 8, 33, 46]
[SERVER] DEBUG: Snapshot #220 created with 14 entities including player 55 | All entities: [55, 10, 44, 51, 1, 56, 27, 30, 53, 54, 52, 8, 33, 46]
[SERIALIZE] Snapshot #220 | Player ID: 55 | Player in entity_ids: true | Entity count: 14 | All IDs (sorted): [1, 8, 10, 27, 30, 33, 44, 46, 51, 52, 53, 54, 55, 56]
[SERVER] Player entity 55 (peer 1327770505) moved from chunk (-1, -1) to (-1, 0) | Position: (-19.80373, 2.933987)
[SERVER] DEBUG: About to add 11 entities to snapshot #170 | Player at [0]: true | Interest list: [56, 10, 44, 51, 1, 27, 30, 53, 54, 55, 52]
[SERVER] DEBUG: Snapshot #170 created with 11 entities including player 56 | All entities: [56, 10, 44, 51, 1, 27, 30, 53, 54, 55, 52]
[SERIALIZE] Snapshot #170 | Player ID: 56 | Player in entity_ids: true | Entity count: 11 | All IDs (sorted): [1, 10, 27, 30, 44, 51, 52, 53, 54, 55, 56]
[SERVER] DEBUG: About to add 13 entities to snapshot #230 | Player at [0]: true | Interest list: [55, 10, 44, 51, 1, 56, 27, 30, 53, 54, 52, 33, 46]
[SERVER] DEBUG: Snapshot #230 created with 13 entities including player 55 | All entities: [55, 10, 44, 51, 1, 56, 27, 30, 53, 54, 52, 33, 46]
[SERIALIZE] Snapshot #230 | Player ID: 55 | Player in entity_ids: true | Entity count: 13 | All IDs (sorted): [1, 10, 27, 30, 33, 44, 46, 51, 52, 53, 54, 55, 56]
[SERVER] DEBUG: About to add 11 entities to snapshot #180 | Player at [0]: true | Interest list: [56, 10, 51, 1, 44, 27, 30, 54, 55, 53, 52]
[SERVER] DEBUG: Snapshot #180 created with 11 entities including player 56 | All entities: [56, 10, 51, 1, 44, 27, 30, 54, 55, 53, 52]
[SERIALIZE] Snapshot #180 | Player ID: 56 | Player in entity_ids: true | Entity count: 11 | All IDs (sorted): [1, 10, 27, 30, 44, 51, 52, 53, 54, 55, 56]
[SERVER] DEBUG: About to add 13 entities to snapshot #240 | Player at [0]: true | Interest list: [55, 10, 51, 1, 44, 56, 27, 30, 54, 53, 52, 33, 46]
[SERVER] DEBUG: Snapshot #240 created with 13 entities including player 55 | All entities: [55, 10, 51, 1, 44, 56, 27, 30, 54, 53, 52, 33, 46]
[SERIALIZE] Snapshot #240 | Player ID: 55 | Player in entity_ids: true | Entity count: 13 | All IDs (sorted): [1, 10, 27, 30, 33, 44, 46, 51, 52, 53, 54, 55, 56]
[SERVER] Player entity 56 (peer 1486008679) moved from chunk (-2, -1) to (-2, -2) | Position: (-73.05155, -64.69015)
[SERVER] DEBUG: About to add 8 entities to snapshot #190 | Player at [0]: true | Interest list: [56, 10, 51, 27, 30, 54, 55, 53]
[SERVER] DEBUG: Snapshot #190 created with 8 entities including player 56 | All entities: [56, 10, 51, 27, 30, 54, 55, 53]
[SERIALIZE] Snapshot #190 | Player ID: 56 | Player in entity_ids: true | Entity count: 8 | All IDs (sorted): [10, 27, 30, 51, 53, 54, 55, 56]
[SERVER] DEBUG: About to add 13 entities to snapshot #250 | Player at [0]: true | Interest list: [55, 10, 51, 1, 44, 56, 27, 30, 54, 53, 52, 33, 46]
[SERVER] DEBUG: Snapshot #250 created with 13 entities including player 55 | All entities: [55, 10, 51, 1, 44, 56, 27, 30, 54, 53, 52, 33, 46]
[SERIALIZE] Snapshot #250 | Player ID: 55 | Player in entity_ids: true | Entity count: 13 | All IDs (sorted): [1, 10, 27, 30, 33, 44, 46, 51, 52, 53, 54, 55, 56]
[SERVER] Player entity 56 (peer 1486008679) moved from chunk (-2, -2) to (-1, -2) | Position: (-62.03922, -66.21658)
[SERVER] Snapshot #200 | Tick: 128 | Timestamp: 6.4 | Player ID: 56 | Player pos: (-52.15045, -64.66638) | Player chunk: (-1, -2)
[SERVER] DEBUG: About to add 10 entities to snapshot #200 | Player at [0]: true | Interest list: [56, 10, 51, 27, 30, 54, 55, 53, 48, 8]
[SERVER] DEBUG: Snapshot #200 created with 10 entities including player 56 | All entities: [56, 10, 51, 27, 30, 54, 55, 53, 48, 8]
[SERIALIZE] Snapshot #200 | Player ID: 56 | Player in entity_ids: true | Entity count: 10 | All IDs (sorted): [8, 10, 27, 30, 48, 51, 53, 54, 55, 56]
Snapshot #200 to peer 1486008679: 10 entities, 117 bytes (uncompressed: ~500 bytes)
[SERVER] DEBUG: About to add 13 entities to snapshot #260 | Player at [0]: true | Interest list: [55, 10, 51, 1, 44, 27, 30, 56, 54, 53, 52, 33, 46]
[SERVER] DEBUG: Snapshot #260 created with 13 entities including player 55 | All entities: [55, 10, 51, 1, 44, 27, 30, 56, 54, 53, 52, 33, 46]
[SERIALIZE] Snapshot #260 | Player ID: 55 | Player in entity_ids: true | Entity count: 13 | All IDs (sorted): [1, 10, 27, 30, 33, 44, 46, 51, 52, 53, 54, 55, 56]
[SERVER] Player entity 56 (peer 1486008679) moved from chunk (-1, -2) to (-1, -1) | Position: (-47.73875, -63.06223)
[SERVER] DEBUG: About to add 14 entities to snapshot #210 | Player at [0]: true | Interest list: [56, 10, 51, 1, 44, 27, 30, 55, 54, 53, 52, 8, 33, 46]
[SERVER] DEBUG: Snapshot #210 created with 14 entities including player 56 | All entities: [56, 10, 51, 1, 44, 27, 30, 55, 54, 53, 52, 8, 33, 46]
[SERIALIZE] Snapshot #210 | Player ID: 56 | Player in entity_ids: true | Entity count: 14 | All IDs (sorted): [1, 8, 10, 27, 30, 33, 44, 46, 51, 52, 53, 54, 55, 56]
[SERVER] DEBUG: About to add 13 entities to snapshot #270 | Player at [0]: true | Interest list: [55, 10, 51, 1, 44, 27, 30, 56, 54, 53, 52, 33, 46]
[SERVER] DEBUG: Snapshot #270 created with 13 entities including player 55 | All entities: [55, 10, 51, 1, 44, 27, 30, 56, 54, 53, 52, 33, 46]
[SERIALIZE] Snapshot #270 | Player ID: 55 | Player in entity_ids: true | Entity count: 13 | All IDs (sorted): [1, 10, 27, 30, 33, 44, 46, 51, 52, 53, 54, 55, 56]
[SERVER] DEBUG: About to add 14 entities to snapshot #220 | Player at [0]: true | Interest list: [56, 10, 51, 1, 44, 27, 30, 55, 54, 53, 52, 8, 33, 46]
[SERVER] DEBUG: Snapshot #220 created with 14 entities including player 56 | All entities: [56, 10, 51, 1, 44, 27, 30, 55, 54, 53, 52, 8, 33, 46]
[SERIALIZE] Snapshot #220 | Player ID: 56 | Player in entity_ids: true | Entity count: 14 | All IDs (sorted): [1, 8, 10, 27, 30, 33, 44, 46, 51, 52, 53, 54, 55, 56]
[SERVER] DEBUG: About to add 13 entities to snapshot #280 | Player at [0]: true | Interest list: [55, 10, 51, 1, 44, 27, 30, 56, 54, 53, 52, 33, 46]
[SERVER] DEBUG: Snapshot #280 created with 13 entities including player 55 | All entities: [55, 10, 51, 1, 44, 27, 30, 56, 54, 53, 52, 33, 46]
[SERIALIZE] Snapshot #280 | Player ID: 55 | Player in entity_ids: true | Entity count: 13 | All IDs (sorted): [1, 10, 27, 30, 33, 44, 46, 51, 52, 53, 54, 55, 56]
[SERVER] DEBUG: About to add 14 entities to snapshot #230 | Player at [0]: true | Interest list: [56, 10, 51, 1, 44, 27, 30, 55, 54, 53, 52, 8, 33, 46]
[SERVER] DEBUG: Snapshot #230 created with 14 entities including player 56 | All entities: [56, 10, 51, 1, 44, 27, 30, 55, 54, 53, 52, 8, 33, 46]
[SERIALIZE] Snapshot #230 | Player ID: 56 | Player in entity_ids: true | Entity count: 14 | All IDs (sorted): [1, 8, 10, 27, 30, 33, 44, 46, 51, 52, 53, 54, 55, 56]
[SERVER] DEBUG: About to add 13 entities to snapshot #290 | Player at [0]: true | Interest list: [55, 10, 51, 1, 44, 27, 30, 56, 54, 53, 52, 33, 46]
[SERVER] DEBUG: Snapshot #290 created with 13 entities including player 55 | All entities: [55, 10, 51, 1, 44, 27, 30, 56, 54, 53, 52, 33, 46]
[SERIALIZE] Snapshot #290 | Player ID: 55 | Player in entity_ids: true | Entity count: 13 | All IDs (sorted): [1, 10, 27, 30, 33, 44, 46, 51, 52, 53, 54, 55, 56]
[SERVER] DEBUG: About to add 14 entities to snapshot #240 | Player at [0]: true | Interest list: [56, 10, 51, 1, 44, 27, 30, 55, 54, 53, 52, 8, 33, 46]
[SERVER] DEBUG: Snapshot #240 created with 14 entities including player 56 | All entities: [56, 10, 51, 1, 44, 27, 30, 55, 54, 53, 52, 8, 33, 46]
[SERIALIZE] Snapshot #240 | Player ID: 56 | Player in entity_ids: true | Entity count: 14 | All IDs (sorted): [1, 8, 10, 27, 30, 33, 44, 46, 51, 52, 53, 54, 55, 56]
[SERVER] Snapshot #300 | Tick: 142 | Timestamp: 7.1 | Player ID: 55 | Player pos: (-56.40713, 25.12515) | Player chunk: (-1, 0)
[SERVER] DEBUG: About to add 13 entities to snapshot #300 | Player at [0]: true | Interest list: [55, 10, 51, 1, 44, 27, 30, 56, 54, 53, 52, 33, 46]
[SERVER] DEBUG: Snapshot #300 created with 13 entities including player 55 | All entities: [55, 10, 51, 1, 44, 27, 30, 56, 54, 53, 52, 33, 46]
[SERIALIZE] Snapshot #300 | Player ID: 55 | Player in entity_ids: true | Entity count: 13 | All IDs (sorted): [1, 10, 27, 30, 33, 44, 46, 51, 52, 53, 54, 55, 56]
Snapshot #300 to peer 1327770505: 13 entities, 148 bytes (uncompressed: ~650 bytes)
[SERVER] Player entity 55 (peer 1327770505) moved from chunk (-1, 0) to (-2, 0) | Position: (-64.41544, 19.68009)
[SERVER] DEBUG: About to add 14 entities to snapshot #250 | Player at [0]: true | Interest list: [56, 10, 51, 1, 44, 27, 30, 55, 54, 53, 52, 8, 33, 46]
[SERVER] DEBUG: Snapshot #250 created with 14 entities including player 56 | All entities: [56, 10, 51, 1, 44, 27, 30, 55, 54, 53, 52, 8, 33, 46]
[SERIALIZE] Snapshot #250 | Player ID: 56 | Player in entity_ids: true | Entity count: 14 | All IDs (sorted): [1, 8, 10, 27, 30, 33, 44, 46, 51, 52, 53, 54, 55, 56]
[SERVER] DEBUG: About to add 11 entities to snapshot #310 | Player at [0]: true | Interest list: [55, 10, 51, 1, 44, 27, 30, 56, 54, 53, 52]
[SERVER] DEBUG: Snapshot #310 created with 11 entities including player 55 | All entities: [55, 10, 51, 1, 44, 27, 30, 56, 54, 53, 52]
[SERIALIZE] Snapshot #310 | Player ID: 55 | Player in entity_ids: true | Entity count: 11 | All IDs (sorted): [1, 10, 27, 30, 44, 51, 52, 53, 54, 55, 56]
[SERVER] DEBUG: About to add 13 entities to snapshot #260 | Player at [0]: true | Interest list: [56, 10, 51, 1, 44, 27, 30, 55, 54, 53, 8, 33, 46]
[SERVER] DEBUG: Snapshot #260 created with 13 entities including player 56 | All entities: [56, 10, 51, 1, 44, 27, 30, 55, 54, 53, 8, 33, 46]
[SERIALIZE] Snapshot #260 | Player ID: 56 | Player in entity_ids: true | Entity count: 13 | All IDs (sorted): [1, 8, 10, 27, 30, 33, 44, 46, 51, 53, 54, 55, 56]
[SERVER] DEBUG: About to add 11 entities to snapshot #320 | Player at [0]: true | Interest list: [55, 10, 51, 1, 44, 27, 30, 56, 54, 53, 52]
[SERVER] DEBUG: Snapshot #320 created with 11 entities including player 55 | All entities: [55, 10, 51, 1, 44, 27, 30, 56, 54, 53, 52]
[SERIALIZE] Snapshot #320 | Player ID: 55 | Player in entity_ids: true | Entity count: 11 | All IDs (sorted): [1, 10, 27, 30, 44, 51, 52, 53, 54, 55, 56]
[SERVER] Player entity 56 (peer 1486008679) moved from chunk (-1, -1) to (-1, 0) | Position: (-41.1059, 0.281241)
[SERVER] DEBUG: About to add 13 entities to snapshot #270 | Player at [0]: true | Interest list: [56, 10, 51, 1, 44, 27, 30, 55, 54, 53, 52, 33, 46]
[SERVER] DEBUG: Snapshot #270 created with 13 entities including player 56 | All entities: [56, 10, 51, 1, 44, 27, 30, 55, 54, 53, 52, 33, 46]
[SERIALIZE] Snapshot #270 | Player ID: 56 | Player in entity_ids: true | Entity count: 13 | All IDs (sorted): [1, 10, 27, 30, 33, 44, 46, 51, 52, 53, 54, 55, 56]
[SERVER] Player entity 55 (peer 1327770505) moved from chunk (-2, 0) to (-2, -1) | Position: (-76.25861, -2.363565)
[SERVER] DEBUG: About to add 10 entities to snapshot #330 | Player at [0]: true | Interest list: [55, 10, 51, 1, 44, 27, 30, 56, 54, 53]
[SERVER] DEBUG: Snapshot #330 created with 10 entities including player 55 | All entities: [55, 10, 51, 1, 44, 27, 30, 56, 54, 53]
[SERIALIZE] Snapshot #330 | Player ID: 55 | Player in entity_ids: true | Entity count: 10 | All IDs (sorted): [1, 10, 27, 30, 44, 51, 53, 54, 55, 56]
[SERVER] DEBUG: About to add 13 entities to snapshot #280 | Player at [0]: true | Interest list: [56, 10, 51, 1, 44, 55, 27, 30, 54, 53, 52, 33, 46]
[SERVER] DEBUG: Snapshot #280 created with 13 entities including player 56 | All entities: [56, 10, 51, 1, 44, 55, 27, 30, 54, 53, 52, 33, 46]
[SERIALIZE] Snapshot #280 | Player ID: 56 | Player in entity_ids: true | Entity count: 13 | All IDs (sorted): [1, 10, 27, 30, 33, 44, 46, 51, 52, 53, 54, 55, 56]
[SERVER] DEBUG: About to add 10 entities to snapshot #340 | Player at [0]: true | Interest list: [55, 10, 51, 1, 44, 27, 30, 56, 54, 53]
[SERVER] DEBUG: Snapshot #340 created with 10 entities including player 55 | All entities: [55, 10, 51, 1, 44, 27, 30, 56, 54, 53]
[SERIALIZE] Snapshot #340 | Player ID: 55 | Player in entity_ids: true | Entity count: 10 | All IDs (sorted): [1, 10, 27, 30, 44, 51, 53, 54, 55, 56]
[SERVER] Player entity 56 (peer 1486008679) moved from chunk (-1, 0) to (-2, 0) | Position: (-65.47166, 7.095029)
[SERVER] DEBUG: About to add 11 entities to snapshot #290 | Player at [0]: true | Interest list: [56, 10, 51, 1, 44, 55, 27, 30, 54, 53, 52]
[SERVER] DEBUG: Snapshot #290 created with 11 entities including player 56 | All entities: [56, 10, 51, 1, 44, 55, 27, 30, 54, 53, 52]
[SERIALIZE] Snapshot #290 | Player ID: 56 | Player in entity_ids: true | Entity count: 11 | All IDs (sorted): [1, 10, 27, 30, 44, 51, 52, 53, 54, 55, 56]
[SERVER] DEBUG: About to add 10 entities to snapshot #350 | Player at [0]: true | Interest list: [55, 10, 51, 1, 44, 27, 30, 56, 54, 53]
[SERVER] DEBUG: Snapshot #350 created with 10 entities including player 55 | All entities: [55, 10, 51, 1, 44, 27, 30, 56, 54, 53]
[SERIALIZE] Snapshot #350 | Player ID: 55 | Player in entity_ids: true | Entity count: 10 | All IDs (sorted): [1, 10, 27, 30, 44, 51, 53, 54, 55, 56]
[SERVER] Received input from 1486008679: (-0.930386, -0.36658) | Ack: 294
[SERVER] Snapshot #300 | Tick: 161 | Timestamp: 8.05 | Player ID: 56 | Player pos: (-79.41167, 3.096432) | Player chunk: (-2, 0)
[SERVER] DEBUG: About to add 10 entities to snapshot #300 | Player at [0]: true | Interest list: [56, 10, 51, 1, 44, 55, 27, 30, 54, 52]
[SERVER] DEBUG: Snapshot #300 created with 10 entities including player 56 | All entities: [56, 10, 51, 1, 44, 55, 27, 30, 54, 52]
[SERIALIZE] Snapshot #300 | Player ID: 56 | Player in entity_ids: true | Entity count: 10 | All IDs (sorted): [1, 10, 27, 30, 44, 51, 52, 54, 55, 56]
Snapshot #300 to peer 1486008679: 10 entities, 117 bytes (uncompressed: ~500 bytes)
[SERVER] Player entity 55 (peer 1327770505) moved from chunk (-2, -1) to (-1, -1) | Position: (-63.98133, -35.38243)
[SERVER] DEBUG: About to add 13 entities to snapshot #360 | Player at [0]: true | Interest list: [55, 10, 51, 1, 44, 27, 30, 56, 54, 8, 53, 33, 46]
[SERVER] DEBUG: Snapshot #360 created with 13 entities including player 55 | All entities: [55, 10, 51, 1, 44, 27, 30, 56, 54, 8, 53, 33, 46]
[SERIALIZE] Snapshot #360 | Player ID: 55 | Player in entity_ids: true | Entity count: 13 | All IDs (sorted): [1, 8, 10, 27, 30, 33, 44, 46, 51, 53, 54, 55, 56]
[SERVER] Player entity 56 (peer 1486008679) moved from chunk (-2, 0) to (-2, -1) | Position: (-85.68361, -1.038721)
[SERVER] DEBUG: About to add 9 entities to snapshot #310 | Player at [0]: true | Interest list: [56, 10, 51, 1, 44, 27, 30, 55, 54]
[SERVER] DEBUG: Snapshot #310 created with 9 entities including player 56 | All entities: [56, 10, 51, 1, 44, 27, 30, 55, 54]
[SERIALIZE] Snapshot #310 | Player ID: 56 | Player in entity_ids: true | Entity count: 9 | All IDs (sorted): [1, 10, 27, 30, 44, 51, 54, 55, 56]
[SERVER] DEBUG: About to add 13 entities to snapshot #370 | Player at [0]: true | Interest list: [55, 10, 51, 1, 44, 56, 27, 30, 54, 8, 53, 33, 46]
[SERVER] DEBUG: Snapshot #370 created with 13 entities including player 55 | All entities: [55, 10, 51, 1, 44, 56, 27, 30, 54, 8, 53, 33, 46]
[SERIALIZE] Snapshot #370 | Player ID: 55 | Player in entity_ids: true | Entity count: 13 | All IDs (sorted): [1, 8, 10, 27, 30, 33, 44, 46, 51, 53, 54, 55, 56]
[SERVER] DEBUG: About to add 9 entities to snapshot #320 | Player at [0]: true | Interest list: [56, 10, 51, 1, 44, 27, 30, 55, 54]
[SERVER] DEBUG: Snapshot #320 created with 9 entities including player 56 | All entities: [56, 10, 51, 1, 44, 27, 30, 55, 54]
[SERIALIZE] Snapshot #320 | Player ID: 56 | Player in entity_ids: true | Entity count: 9 | All IDs (sorted): [1, 10, 27, 30, 44, 51, 54, 55, 56]
[SERVER] DEBUG: About to add 13 entities to snapshot #380 | Player at [0]: true | Interest list: [55, 10, 51, 1, 44, 56, 27, 30, 54, 8, 53, 33, 46]
[SERVER] DEBUG: Snapshot #380 created with 13 entities including player 55 | All entities: [55, 10, 51, 1, 44, 56, 27, 30, 54, 8, 53, 33, 46]
[SERIALIZE] Snapshot #380 | Player ID: 55 | Player in entity_ids: true | Entity count: 13 | All IDs (sorted): [1, 8, 10, 27, 30, 33, 44, 46, 51, 53, 54, 55, 56]
[SERVER] DEBUG: About to add 9 entities to snapshot #330 | Player at [0]: true | Interest list: [56, 10, 51, 1, 44, 27, 30, 55, 54]
[SERVER] DEBUG: Snapshot #330 created with 9 entities including player 56 | All entities: [56, 10, 51, 1, 44, 27, 30, 55, 54]
[SERIALIZE] Snapshot #330 | Player ID: 56 | Player in entity_ids: true | Entity count: 9 | All IDs (sorted): [1, 10, 27, 30, 44, 51, 54, 55, 56]
[SERVER] DEBUG: About to add 13 entities to snapshot #390 | Player at [0]: true | Interest list: [55, 10, 51, 1, 44, 56, 27, 30, 54, 8, 53, 33, 46]
[SERVER] DEBUG: Snapshot #390 created with 13 entities including player 55 | All entities: [55, 10, 51, 1, 44, 56, 27, 30, 54, 8, 53, 33, 46]
[SERIALIZE] Snapshot #390 | Player ID: 55 | Player in entity_ids: true | Entity count: 13 | All IDs (sorted): [1, 8, 10, 27, 30, 33, 44, 46, 51, 53, 54, 55, 56]
[SERVER] DEBUG: About to add 9 entities to snapshot #340 | Player at [0]: true | Interest list: [56, 10, 51, 1, 44, 27, 30, 55, 54]
[SERVER] DEBUG: Snapshot #340 created with 9 entities including player 56 | All entities: [56, 10, 51, 1, 44, 27, 30, 55, 54]
[SERIALIZE] Snapshot #340 | Player ID: 56 | Player in entity_ids: true | Entity count: 9 | All IDs (sorted): [1, 10, 27, 30, 44, 51, 54, 55, 56]
[SERVER] Snapshot #400 | Tick: 175 | Timestamp: 8.75 | Player ID: 55 | Player pos: (-17.23285, -36.47207) | Player chunk: (-1, -1)
[SERVER] DEBUG: About to add 13 entities to snapshot #400 | Player at [0]: true | Interest list: [55, 10, 51, 1, 44, 56, 27, 30, 54, 8, 33, 46, 53]
[SERVER] DEBUG: Snapshot #400 created with 13 entities including player 55 | All entities: [55, 10, 51, 1, 44, 56, 27, 30, 54, 8, 33, 46, 53]
[SERIALIZE] Snapshot #400 | Player ID: 55 | Player in entity_ids: true | Entity count: 13 | All IDs (sorted): [1, 8, 10, 27, 30, 33, 44, 46, 51, 53, 54, 55, 56]
Snapshot #400 to peer 1327770505: 13 entities, 148 bytes (uncompressed: ~650 bytes)
[SERVER] DEBUG: About to add 9 entities to snapshot #350 | Player at [0]: true | Interest list: [56, 10, 51, 1, 44, 27, 30, 55, 54]
[SERVER] DEBUG: Snapshot #350 created with 9 entities including player 56 | All entities: [56, 10, 51, 1, 44, 27, 30, 55, 54]
[SERIALIZE] Snapshot #350 | Player ID: 56 | Player in entity_ids: true | Entity count: 9 | All IDs (sorted): [1, 10, 27, 30, 44, 51, 54, 55, 56]
[SERVER] DEBUG: About to add 13 entities to snapshot #410 | Player at [0]: true | Interest list: [55, 10, 51, 1, 44, 56, 27, 30, 54, 8, 33, 46, 53]
[SERVER] DEBUG: Snapshot #410 created with 13 entities including player 55 | All entities: [55, 10, 51, 1, 44, 56, 27, 30, 54, 8, 33, 46, 53]
[SERIALIZE] Snapshot #410 | Player ID: 55 | Player in entity_ids: true | Entity count: 13 | All IDs (sorted): [1, 8, 10, 27, 30, 33, 44, 46, 51, 53, 54, 55, 56]
[SERVER] Received input from 1486008679: (0.711789, -0.702393) | Ack: 354
[SERVER] DEBUG: About to add 9 entities to snapshot #360 | Player at [0]: true | Interest list: [56, 10, 51, 1, 44, 27, 30, 55, 54]
[SERVER] DEBUG: Snapshot #360 created with 9 entities including player 56 | All entities: [56, 10, 51, 1, 44, 27, 30, 55, 54]
[SERIALIZE] Snapshot #360 | Player ID: 56 | Player in entity_ids: true | Entity count: 9 | All IDs (sorted): [1, 10, 27, 30, 44, 51, 54, 55, 56]
[SERVER] DEBUG: About to add 13 entities to snapshot #420 | Player at [0]: true | Interest list: [55, 10, 51, 1, 44, 56, 27, 30, 54, 8, 33, 46, 53]
[SERVER] DEBUG: Snapshot #420 created with 13 entities including player 55 | All entities: [55, 10, 51, 1, 44, 56, 27, 30, 54, 8, 33, 46, 53]
[SERIALIZE] Snapshot #420 | Player ID: 55 | Player in entity_ids: true | Entity count: 13 | All IDs (sorted): [1, 8, 10, 27, 30, 33, 44, 46, 51, 53, 54, 55, 56]
[SERVER] DEBUG: About to add 6 entities to snapshot #370 | Player at [0]: true | Interest list: [56, 10, 51, 27, 30, 55]
[SERVER] DEBUG: Snapshot #370 created with 6 entities including player 56 | All entities: [56, 10, 51, 27, 30, 55]
[SERIALIZE] Snapshot #370 | Player ID: 56 | Player in entity_ids: true | Entity count: 6 | All IDs (sorted): [10, 27, 30, 51, 55, 56]
[SERVER] DEBUG: About to add 13 entities to snapshot #430 | Player at [0]: true | Interest list: [55, 10, 51, 1, 44, 56, 27, 30, 54, 8, 33, 46, 53]
[SERVER] DEBUG: Snapshot #430 created with 13 entities including player 55 | All entities: [55, 10, 51, 1, 44, 56, 27, 30, 54, 8, 33, 46, 53]
[SERIALIZE] Snapshot #430 | Player ID: 55 | Player in entity_ids: true | Entity count: 13 | All IDs (sorted): [1, 8, 10, 27, 30, 33, 44, 46, 51, 53, 54, 55, 56]
[SERVER] Player entity 56 (peer 1486008679) moved from chunk (-2, -1) to (-2, -2) | Position: (-72.46425, -64.95407)
[SERVER] Player entity 55 (peer 1327770505) moved from chunk (-1, -1) to (-1, 0) | Position: (-4.065398, 0.554289)
[SERVER] DEBUG: About to add 8 entities to snapshot #380 | Player at [0]: true | Interest list: [56, 10, 51, 27, 30, 55, 48, 8]
[SERVER] DEBUG: Snapshot #380 created with 8 entities including player 56 | All entities: [56, 10, 51, 27, 30, 55, 48, 8]
[SERIALIZE] Snapshot #380 | Player ID: 56 | Player in entity_ids: true | Entity count: 8 | All IDs (sorted): [8, 10, 27, 30, 48, 51, 55, 56]
[SERVER] DEBUG: About to add 12 entities to snapshot #440 | Player at [0]: true | Interest list: [55, 10, 51, 1, 44, 56, 27, 30, 54, 33, 46, 53]
[SERVER] DEBUG: Snapshot #440 created with 12 entities including player 55 | All entities: [55, 10, 51, 1, 44, 56, 27, 30, 54, 33, 46, 53]
[SERIALIZE] Snapshot #440 | Player ID: 55 | Player in entity_ids: true | Entity count: 12 | All IDs (sorted): [1, 10, 27, 30, 33, 44, 46, 51, 53, 54, 55, 56]
[SERVER] Player entity 56 (peer 1486008679) moved from chunk (-2, -2) to (-1, -2) | Position: (-61.28478, -66.26668)
[SERVER] DEBUG: About to add 8 entities to snapshot #390 | Player at [0]: true | Interest list: [56, 10, 51, 27, 30, 55, 48, 8]
[SERVER] DEBUG: Snapshot #390 created with 8 entities including player 56 | All entities: [56, 10, 51, 27, 30, 55, 48, 8]
[SERIALIZE] Snapshot #390 | Player ID: 56 | Player in entity_ids: true | Entity count: 8 | All IDs (sorted): [8, 10, 27, 30, 48, 51, 55, 56]
[SERVER] DEBUG: About to add 12 entities to snapshot #450 | Player at [0]: true | Interest list: [55, 10, 51, 1, 44, 27, 30, 56, 54, 53, 33, 46]
[SERVER] DEBUG: Snapshot #450 created with 12 entities including player 55 | All entities: [55, 10, 51, 1, 44, 27, 30, 56, 54, 53, 33, 46]
[SERIALIZE] Snapshot #450 | Player ID: 55 | Player in entity_ids: true | Entity count: 12 | All IDs (sorted): [1, 10, 27, 30, 33, 44, 46, 51, 53, 54, 55, 56]
[SERVER] Player entity 56 (peer 1486008679) moved from chunk (-1, -2) to (-1, -1) | Position: (-46.9206, -62.6385)
[SERVER] Snapshot #400 | Tick: 195 | Timestamp: 9.75 | Player ID: 56 | Player pos: (-39.74423, -58.19673) | Player chunk: (-1, -1)
[SERVER] DEBUG: About to add 11 entities to snapshot #400 | Player at [0]: true | Interest list: [56, 10, 51, 1, 44, 27, 30, 55, 54, 8, 53]
[SERVER] DEBUG: Snapshot #400 created with 11 entities including player 56 | All entities: [56, 10, 51, 1, 44, 27, 30, 55, 54, 8, 53]
[SERIALIZE] Snapshot #400 | Player ID: 56 | Player in entity_ids: true | Entity count: 11 | All IDs (sorted): [1, 8, 10, 27, 30, 44, 51, 53, 54, 55, 56]
Snapshot #400 to peer 1486008679: 11 entities, 127 bytes (uncompressed: ~550 bytes)
[SERVER] DEBUG: About to add 12 entities to snapshot #460 | Player at [0]: true | Interest list: [55, 10, 51, 1, 44, 27, 30, 56, 54, 53, 33, 46]
[SERVER] DEBUG: Snapshot #460 created with 12 entities including player 55 | All entities: [55, 10, 51, 1, 44, 27, 30, 56, 54, 53, 33, 46]
[SERIALIZE] Snapshot #460 | Player ID: 55 | Player in entity_ids: true | Entity count: 12 | All IDs (sorted): [1, 10, 27, 30, 33, 44, 46, 51, 53, 54, 55, 56]
[SERVER] DEBUG: About to add 11 entities to snapshot #410 | Player at [0]: true | Interest list: [56, 10, 51, 1, 44, 27, 30, 55, 54, 8, 53]
[SERVER] DEBUG: Snapshot #410 created with 11 entities including player 56 | All entities: [56, 10, 51, 1, 44, 27, 30, 55, 54, 8, 53]
[SERIALIZE] Snapshot #410 | Player ID: 56 | Player in entity_ids: true | Entity count: 11 | All IDs (sorted): [1, 8, 10, 27, 30, 44, 51, 53, 54, 55, 56]
[SERVER] DEBUG: About to add 12 entities to snapshot #470 | Player at [0]: true | Interest list: [55, 10, 51, 1, 44, 27, 30, 56, 54, 53, 33, 46]
[SERVER] DEBUG: Snapshot #470 created with 12 entities including player 55 | All entities: [55, 10, 51, 1, 44, 27, 30, 56, 54, 53, 33, 46]
[SERIALIZE] Snapshot #470 | Player ID: 55 | Player in entity_ids: true | Entity count: 12 | All IDs (sorted): [1, 10, 27, 30, 33, 44, 46, 51, 53, 54, 55, 56]
[SERVER] Received input from 1486008679: (0.354778, 0.93495) | Ack: 413
[SERVER] Received input from 1327770505: (-0.998737, -0.050242) | Ack: 473
[SERVER] DEBUG: About to add 11 entities to snapshot #420 | Player at [0]: true | Interest list: [56, 10, 51, 1, 44, 27, 30, 55, 54, 8, 53]
[SERVER] DEBUG: Snapshot #420 created with 11 entities including player 56 | All entities: [56, 10, 51, 1, 44, 27, 30, 55, 54, 8, 53]
[SERIALIZE] Snapshot #420 | Player ID: 56 | Player in entity_ids: true | Entity count: 11 | All IDs (sorted): [1, 8, 10, 27, 30, 44, 51, 53, 54, 55, 56]
[SERVER] DEBUG: About to add 12 entities to snapshot #480 | Player at [0]: true | Interest list: [55, 10, 51, 1, 44, 27, 30, 56, 54, 53, 33, 46]
[SERVER] DEBUG: Snapshot #480 created with 12 entities including player 55 | All entities: [55, 10, 51, 1, 44, 27, 30, 56, 54, 53, 33, 46]
[SERIALIZE] Snapshot #480 | Player ID: 55 | Player in entity_ids: true | Entity count: 12 | All IDs (sorted): [1, 10, 27, 30, 33, 44, 46, 51, 53, 54, 55, 56]
[SERVER] DEBUG: About to add 11 entities to snapshot #430 | Player at [0]: true | Interest list: [56, 10, 51, 1, 44, 27, 30, 55, 54, 8, 53]
[SERVER] DEBUG: Snapshot #430 created with 11 entities including player 56 | All entities: [56, 10, 51, 1, 44, 27, 30, 55, 54, 8, 53]
[SERIALIZE] Snapshot #430 | Player ID: 56 | Player in entity_ids: true | Entity count: 11 | All IDs (sorted): [1, 8, 10, 27, 30, 44, 51, 53, 54, 55, 56]
[SERVER] DEBUG: About to add 12 entities to snapshot #490 | Player at [0]: true | Interest list: [55, 10, 51, 1, 44, 27, 30, 56, 54, 53, 33, 46]
[SERVER] DEBUG: Snapshot #490 created with 12 entities including player 55 | All entities: [55, 10, 51, 1, 44, 27, 30, 56, 54, 53, 33, 46]
[SERIALIZE] Snapshot #490 | Player ID: 55 | Player in entity_ids: true | Entity count: 12 | All IDs (sorted): [1, 10, 27, 30, 33, 44, 46, 51, 53, 54, 55, 56]
[SERVER] Player entity 55 (peer 1327770505) moved from chunk (-1, 0) to (-2, 0) | Position: (-64.75224, 19.33383)
[SERVER] DEBUG: About to add 11 entities to snapshot #440 | Player at [0]: true | Interest list: [56, 10, 51, 1, 44, 27, 30, 55, 54, 8, 53]
[SERVER] DEBUG: Snapshot #440 created with 11 entities including player 56 | All entities: [56, 10, 51, 1, 44, 27, 30, 55, 54, 8, 53]
[SERIALIZE] Snapshot #440 | Player ID: 56 | Player in entity_ids: true | Entity count: 11 | All IDs (sorted): [1, 8, 10, 27, 30, 44, 51, 53, 54, 55, 56]
[SERVER] Snapshot #500 | Tick: 208 | Timestamp: 10.4 | Player ID: 55 | Player pos: (-67.28761, 16.75339) | Player chunk: (-2, 0)
[SERVER] DEBUG: About to add 9 entities to snapshot #500 | Player at [0]: true | Interest list: [55, 10, 51, 1, 44, 27, 30, 56, 54]
[SERVER] DEBUG: Snapshot #500 created with 9 entities including player 55 | All entities: [55, 10, 51, 1, 44, 27, 30, 56, 54]
[SERIALIZE] Snapshot #500 | Player ID: 55 | Player in entity_ids: true | Entity count: 9 | All IDs (sorted): [1, 10, 27, 30, 44, 51, 54, 55, 56]
Snapshot #500 to peer 1327770505: 9 entities, 107 bytes (uncompressed: ~450 bytes)
[SERVER] DEBUG: About to add 11 entities to snapshot #450 | Player at [0]: true | Interest list: [56, 10, 51, 1, 44, 27, 30, 55, 54, 8, 53]
[SERVER] DEBUG: Snapshot #450 created with 11 entities including player 56 | All entities: [56, 10, 51, 1, 44, 27, 30, 55, 54, 8, 53]
[SERIALIZE] Snapshot #450 | Player ID: 56 | Player in entity_ids: true | Entity count: 11 | All IDs (sorted): [1, 8, 10, 27, 30, 44, 51, 53, 54, 55, 56]
[SERVER] DEBUG: About to add 9 entities to snapshot #510 | Player at [0]: true | Interest list: [55, 10, 51, 1, 44, 27, 30, 56, 54]
[SERVER] DEBUG: Snapshot #510 created with 9 entities including player 55 | All entities: [55, 10, 51, 1, 44, 27, 30, 56, 54]
[SERIALIZE] Snapshot #510 | Player ID: 55 | Player in entity_ids: true | Entity count: 9 | All IDs (sorted): [1, 10, 27, 30, 44, 51, 54, 55, 56]
[SERVER] Player entity 56 (peer 1486008679) moved from chunk (-1, -1) to (-1, 0) | Position: (-41.92916, 0.808456)
[SERVER] Player entity 55 (peer 1327770505) moved from chunk (-2, 0) to (-2, -1) | Position: (-76.15494, -3.292327)
[SERVER] DEBUG: About to add 12 entities to snapshot #460 | Player at [0]: true | Interest list: [56, 10, 51, 1, 44, 55, 27, 30, 54, 53, 33, 46]
[SERVER] DEBUG: Snapshot #460 created with 12 entities including player 56 | All entities: [56, 10, 51, 1, 44, 55, 27, 30, 54, 53, 33, 46]
[SERIALIZE] Snapshot #460 | Player ID: 56 | Player in entity_ids: true | Entity count: 12 | All IDs (sorted): [1, 10, 27, 30, 33, 44, 46, 51, 53, 54, 55, 56]
[SERVER] DEBUG: About to add 9 entities to snapshot #520 | Player at [0]: true | Interest list: [55, 10, 51, 1, 44, 27, 30, 56, 54]
[SERVER] DEBUG: Snapshot #520 created with 9 entities including player 55 | All entities: [55, 10, 51, 1, 44, 27, 30, 56, 54]
[SERIALIZE] Snapshot #520 | Player ID: 55 | Player in entity_ids: true | Entity count: 9 | All IDs (sorted): [1, 10, 27, 30, 44, 51, 54, 55, 56]
[SERVER] DEBUG: About to add 12 entities to snapshot #470 | Player at [0]: true | Interest list: [56, 10, 51, 1, 44, 55, 27, 30, 54, 53, 33, 46]
[SERVER] DEBUG: Snapshot #470 created with 12 entities including player 56 | All entities: [56, 10, 51, 1, 44, 55, 27, 30, 54, 53, 33, 46]
[SERIALIZE] Snapshot #470 | Player ID: 56 | Player in entity_ids: true | Entity count: 12 | All IDs (sorted): [1, 10, 27, 30, 33, 44, 46, 51, 53, 54, 55, 56]
[SERVER] DEBUG: About to add 9 entities to snapshot #530 | Player at [0]: true | Interest list: [55, 10, 51, 1, 44, 27, 30, 56, 54]
[SERVER] DEBUG: Snapshot #530 created with 9 entities including player 55 | All entities: [55, 10, 51, 1, 44, 27, 30, 56, 54]
[SERIALIZE] Snapshot #530 | Player ID: 55 | Player in entity_ids: true | Entity count: 9 | All IDs (sorted): [1, 10, 27, 30, 44, 51, 54, 55, 56]
[SERVER] Received input from 1327770505: (0.448883, -0.893591) | Ack: 533
[SERVER] Player entity 56 (peer 1486008679) moved from chunk (-1, 0) to (-2, 0) | Position: (-66.12986, 7.13301)
[SERVER] DEBUG: About to add 9 entities to snapshot #480 | Player at [0]: true | Interest list: [56, 10, 51, 1, 44, 55, 27, 30, 54]
[SERVER] DEBUG: Snapshot #480 created with 9 entities including player 56 | All entities: [56, 10, 51, 1, 44, 55, 27, 30, 54]
[SERIALIZE] Snapshot #480 | Player ID: 56 | Player in entity_ids: true | Entity count: 9 | All IDs (sorted): [1, 10, 27, 30, 44, 51, 54, 55, 56]
[SERVER] DEBUG: About to add 9 entities to snapshot #540 | Player at [0]: true | Interest list: [55, 10, 51, 1, 44, 27, 30, 56, 54]
[SERVER] DEBUG: Snapshot #540 created with 9 entities including player 55 | All entities: [55, 10, 51, 1, 44, 27, 30, 56, 54]
[SERIALIZE] Snapshot #540 | Player ID: 55 | Player in entity_ids: true | Entity count: 9 | All IDs (sorted): [1, 10, 27, 30, 44, 51, 54, 55, 56]
[SERVER] Player entity 55 (peer 1327770505) moved from chunk (-2, -1) to (-1, -1) | Position: (-62.92298, -35.87744)
[SERVER] DEBUG: About to add 9 entities to snapshot #490 | Player at [0]: true | Interest list: [56, 10, 51, 1, 44, 27, 30, 55, 54]
[SERVER] DEBUG: Snapshot #490 created with 9 entities including player 56 | All entities: [56, 10, 51, 1, 44, 27, 30, 55, 54]
[SERIALIZE] Snapshot #490 | Player ID: 56 | Player in entity_ids: true | Entity count: 9 | All IDs (sorted): [1, 10, 27, 30, 44, 51, 54, 55, 56]
[SERVER] DEBUG: About to add 10 entities to snapshot #550 | Player at [0]: true | Interest list: [55, 10, 51, 1, 44, 27, 30, 56, 54, 8]
[SERVER] DEBUG: Snapshot #550 created with 10 entities including player 55 | All entities: [55, 10, 51, 1, 44, 27, 30, 56, 54, 8]
[SERIALIZE] Snapshot #550 | Player ID: 55 | Player in entity_ids: true | Entity count: 10 | All IDs (sorted): [1, 8, 10, 27, 30, 44, 51, 54, 55, 56]
[SERVER] Player entity 56 (peer 1486008679) moved from chunk (-2, 0) to (-2, -1) | Position: (-86.21729, -1.36954)
[SERVER] Snapshot #500 | Tick: 228 | Timestamp: 11.4 | Player ID: 56 | Player pos: (-90.53066, -5.66076) | Player chunk: (-2, -1)
[SERVER] DEBUG: About to add 9 entities to snapshot #500 | Player at [0]: true | Interest list: [56, 10, 51, 1, 44, 27, 30, 55, 54]
[SERVER] DEBUG: Snapshot #500 created with 9 entities including player 56 | All entities: [56, 10, 51, 1, 44, 27, 30, 55, 54]
[SERIALIZE] Snapshot #500 | Player ID: 56 | Player in entity_ids: true | Entity count: 9 | All IDs (sorted): [1, 10, 27, 30, 44, 51, 54, 55, 56]
Snapshot #500 to peer 1486008679: 9 entities, 107 bytes (uncompressed: ~450 bytes)
[SERVER] DEBUG: About to add 10 entities to snapshot #560 | Player at [0]: true | Interest list: [55, 10, 51, 1, 44, 56, 27, 30, 54, 8]
[SERVER] DEBUG: Snapshot #560 created with 10 entities including player 55 | All entities: [55, 10, 51, 1, 44, 56, 27, 30, 54, 8]
[SERIALIZE] Snapshot #560 | Player ID: 55 | Player in entity_ids: true | Entity count: 10 | All IDs (sorted): [1, 8, 10, 27, 30, 44, 51, 54, 55, 56]
[SERVER] DEBUG: About to add 9 entities to snapshot #510 | Player at [0]: true | Interest list: [56, 10, 51, 1, 44, 27, 30, 55, 54]
[SERVER] DEBUG: Snapshot #510 created with 9 entities including player 56 | All entities: [56, 10, 51, 1, 44, 27, 30, 55, 54]
[SERIALIZE] Snapshot #510 | Player ID: 56 | Player in entity_ids: true | Entity count: 9 | All IDs (sorted): [1, 10, 27, 30, 44, 51, 54, 55, 56]
[SERVER] DEBUG: About to add 10 entities to snapshot #570 | Player at [0]: true | Interest list: [55, 10, 51, 1, 44, 56, 27, 30, 54, 8]
[SERVER] DEBUG: Snapshot #570 created with 10 entities including player 55 | All entities: [55, 10, 51, 1, 44, 56, 27, 30, 54, 8]
[SERIALIZE] Snapshot #570 | Player ID: 55 | Player in entity_ids: true | Entity count: 10 | All IDs (sorted): [1, 8, 10, 27, 30, 44, 51, 54, 55, 56]
[SERVER] DEBUG: About to add 9 entities to snapshot #520 | Player at [0]: true | Interest list: [56, 10, 51, 1, 44, 27, 30, 55, 54]
[SERVER] DEBUG: Snapshot #520 created with 9 entities including player 56 | All entities: [56, 10, 51, 1, 44, 27, 30, 55, 54]
[SERIALIZE] Snapshot #520 | Player ID: 56 | Player in entity_ids: true | Entity count: 9 | All IDs (sorted): [1, 10, 27, 30, 44, 51, 54, 55, 56]
[SERVER] DEBUG: About to add 10 entities to snapshot #580 | Player at [0]: true | Interest list: [55, 10, 51, 1, 44, 56, 27, 30, 54, 8]
[SERVER] DEBUG: Snapshot #580 created with 10 entities including player 55 | All entities: [55, 10, 51, 1, 44, 56, 27, 30, 54, 8]
[SERIALIZE] Snapshot #580 | Player ID: 55 | Player in entity_ids: true | Entity count: 10 | All IDs (sorted): [1, 8, 10, 27, 30, 44, 51, 54, 55, 56]
[SERVER] DEBUG: About to add 9 entities to snapshot #530 | Player at [0]: true | Interest list: [56, 10, 51, 1, 44, 27, 30, 55, 54]
[SERVER] DEBUG: Snapshot #530 created with 9 entities including player 56 | All entities: [56, 10, 51, 1, 44, 27, 30, 55, 54]
[SERIALIZE] Snapshot #530 | Player ID: 56 | Player in entity_ids: true | Entity count: 9 | All IDs (sorted): [1, 10, 27, 30, 44, 51, 54, 55, 56]
[SERVER] DEBUG: About to add 10 entities to snapshot #590 | Player at [0]: true | Interest list: [55, 10, 51, 1, 44, 56, 27, 30, 54, 8]
[SERVER] DEBUG: Snapshot #590 created with 10 entities including player 55 | All entities: [55, 10, 51, 1, 44, 56, 27, 30, 54, 8]
[SERIALIZE] Snapshot #590 | Player ID: 55 | Player in entity_ids: true | Entity count: 10 | All IDs (sorted): [1, 8, 10, 27, 30, 44, 51, 54, 55, 56]
[SERVER] Received input from 1327770505: (0.63656, 0.771227) | Ack: 592
[SERVER] DEBUG: About to add 9 entities to snapshot #540 | Player at [0]: true | Interest list: [56, 10, 51, 1, 44, 27, 30, 55, 54]
[SERVER] DEBUG: Snapshot #540 created with 9 entities including player 56 | All entities: [56, 10, 51, 1, 44, 27, 30, 55, 54]
[SERIALIZE] Snapshot #540 | Player ID: 56 | Player in entity_ids: true | Entity count: 9 | All IDs (sorted): [1, 10, 27, 30, 44, 51, 54, 55, 56]
[SERVER] Snapshot #600 | Tick: 242 | Timestamp: 12.1 | Player ID: 55 | Player pos: (-7.899487, -26.02738) | Player chunk: (-1, -1)
[SERVER] DEBUG: About to add 10 entities to snapshot #600 | Player at [0]: true | Interest list: [55, 10, 51, 1, 44, 56, 27, 30, 54, 8]
[SERVER] DEBUG: Snapshot #600 created with 10 entities including player 55 | All entities: [55, 10, 51, 1, 44, 56, 27, 30, 54, 8]
[SERIALIZE] Snapshot #600 | Player ID: 55 | Player in entity_ids: true | Entity count: 10 | All IDs (sorted): [1, 8, 10, 27, 30, 44, 51, 54, 55, 56]
Snapshot #600 to peer 1327770505: 10 entities, 117 bytes (uncompressed: ~500 bytes)
[SERVER] DEBUG: About to add 9 entities to snapshot #550 | Player at [0]: true | Interest list: [56, 10, 51, 1, 44, 27, 30, 55, 54]
[SERVER] DEBUG: Snapshot #550 created with 9 entities including player 56 | All entities: [56, 10, 51, 1, 44, 27, 30, 55, 54]
[SERIALIZE] Snapshot #550 | Player ID: 56 | Player in entity_ids: true | Entity count: 9 | All IDs (sorted): [1, 10, 27, 30, 44, 51, 54, 55, 56]
[SERVER] DEBUG: About to add 10 entities to snapshot #610 | Player at [0]: true | Interest list: [55, 10, 51, 1, 44, 56, 27, 30, 54, 8]
[SERVER] DEBUG: Snapshot #610 created with 10 entities including player 55 | All entities: [55, 10, 51, 1, 44, 56, 27, 30, 54, 8]
[SERIALIZE] Snapshot #610 | Player ID: 55 | Player in entity_ids: true | Entity count: 10 | All IDs (sorted): [1, 8, 10, 27, 30, 44, 51, 54, 55, 56]
[SERVER] Player entity 56 (peer 1486008679) moved from chunk (-2, -1) to (-2, -2) | Position: (-75.06296, -64.09639)
[SERVER] DEBUG: About to add 6 entities to snapshot #560 | Player at [0]: true | Interest list: [56, 10, 51, 27, 30, 55]
[SERVER] DEBUG: Snapshot #560 created with 6 entities including player 56 | All entities: [56, 10, 51, 27, 30, 55]
[SERIALIZE] Snapshot #560 | Player ID: 56 | Player in entity_ids: true | Entity count: 6 | All IDs (sorted): [10, 27, 30, 51, 55, 56]
[SERVER] DEBUG: About to add 10 entities to snapshot #620 | Player at [0]: true | Interest list: [55, 10, 51, 1, 44, 56, 27, 30, 54, 8]
[SERVER] DEBUG: Snapshot #620 created with 10 entities including player 55 | All entities: [55, 10, 51, 1, 44, 56, 27, 30, 54, 8]
[SERIALIZE] Snapshot #620 | Player ID: 55 | Player in entity_ids: true | Entity count: 10 | All IDs (sorted): [1, 8, 10, 27, 30, 44, 51, 54, 55, 56]
[SERVER] Player entity 55 (peer 1327770505) moved from chunk (-1, -1) to (-1, 0) | Position: (-3.902319, 1.225827)
[SERVER] DEBUG: About to add 8 entities to snapshot #570 | Player at [0]: true | Interest list: [56, 10, 51, 27, 30, 55, 48, 8]
[SERVER] DEBUG: Snapshot #570 created with 8 entities including player 56 | All entities: [56, 10, 51, 27, 30, 55, 48, 8]
[SERIALIZE] Snapshot #570 | Player ID: 56 | Player in entity_ids: true | Entity count: 8 | All IDs (sorted): [8, 10, 27, 30, 48, 51, 55, 56]
[SERVER] Player entity 56 (peer 1486008679) moved from chunk (-2, -2) to (-1, -2) | Position: (-60.76424, -66.29037)
[SERVER] DEBUG: About to add 11 entities to snapshot #630 | Player at [0]: true | Interest list: [55, 10, 51, 1, 44, 27, 30, 56, 54, 52, 33]
[SERVER] DEBUG: Snapshot #630 created with 11 entities including player 55 | All entities: [55, 10, 51, 1, 44, 27, 30, 56, 54, 52, 33]
[SERIALIZE] Snapshot #630 | Player ID: 55 | Player in entity_ids: true | Entity count: 11 | All IDs (sorted): [1, 10, 27, 30, 33, 44, 51, 52, 54, 55, 56]
[SERVER] Player entity 56 (peer 1486008679) moved from chunk (-1, -2) to (-1, -1) | Position: (-49.89142, -63.96862)
[SERVER] DEBUG: About to add 10 entities to snapshot #580 | Player at [0]: true | Interest list: [56, 10, 51, 1, 44, 27, 30, 55, 54, 8]
[SERVER] DEBUG: Snapshot #580 created with 10 entities including player 56 | All entities: [56, 10, 51, 1, 44, 27, 30, 55, 54, 8]
[SERIALIZE] Snapshot #580 | Player ID: 56 | Player in entity_ids: true | Entity count: 10 | All IDs (sorted): [1, 8, 10, 27, 30, 44, 51, 54, 55, 56]
[SERVER] DEBUG: About to add 11 entities to snapshot #640 | Player at [0]: true | Interest list: [55, 10, 51, 1, 44, 27, 30, 56, 54, 52, 33]
[SERVER] DEBUG: Snapshot #640 created with 11 entities including player 55 | All entities: [55, 10, 51, 1, 44, 27, 30, 56, 54, 52, 33]
[SERIALIZE] Snapshot #640 | Player ID: 55 | Player in entity_ids: true | Entity count: 11 | All IDs (sorted): [1, 10, 27, 30, 33, 44, 51, 52, 54, 55, 56]
[SERVER] DEBUG: About to add 11 entities to snapshot #590 | Player at [0]: true | Interest list: [56, 10, 51, 1, 44, 27, 30, 55, 54, 52, 8]
[SERVER] DEBUG: Snapshot #590 created with 11 entities including player 56 | All entities: [56, 10, 51, 1, 44, 27, 30, 55, 54, 52, 8]
[SERIALIZE] Snapshot #590 | Player ID: 56 | Player in entity_ids: true | Entity count: 11 | All IDs (sorted): [1, 8, 10, 27, 30, 44, 51, 52, 54, 55, 56]
[SERVER] DEBUG: About to add 11 entities to snapshot #650 | Player at [0]: true | Interest list: [55, 10, 51, 1, 44, 27, 30, 56, 54, 52, 33]
[SERVER] DEBUG: Snapshot #650 created with 11 entities including player 55 | All entities: [55, 10, 51, 1, 44, 27, 30, 56, 54, 52, 33]
[SERIALIZE] Snapshot #650 | Player ID: 55 | Player in entity_ids: true | Entity count: 11 | All IDs (sorted): [1, 10, 27, 30, 33, 44, 51, 52, 54, 55, 56]
[SERVER] Snapshot #600 | Tick: 261 | Timestamp: 13.05 | Player ID: 56 | Player pos: (-30.75526, -47.80614) | Player chunk: (-1, -1)
[SERVER] DEBUG: About to add 11 entities to snapshot #600 | Player at [0]: true | Interest list: [56, 10, 51, 1, 44, 27, 30, 55, 54, 52, 8]
[SERVER] DEBUG: Snapshot #600 created with 11 entities including player 56 | All entities: [56, 10, 51, 1, 44, 27, 30, 55, 54, 52, 8]
[SERIALIZE] Snapshot #600 | Player ID: 56 | Player in entity_ids: true | Entity count: 11 | All IDs (sorted): [1, 8, 10, 27, 30, 44, 51, 52, 54, 55, 56]
Snapshot #600 to peer 1486008679: 11 entities, 127 bytes (uncompressed: ~550 bytes)
[SERVER] DEBUG: About to add 11 entities to snapshot #660 | Player at [0]: true | Interest list: [55, 10, 51, 1, 44, 27, 30, 56, 54, 52, 33]
[SERVER] DEBUG: Snapshot #660 created with 11 entities including player 55 | All entities: [55, 10, 51, 1, 44, 27, 30, 56, 54, 52, 33]
[SERIALIZE] Snapshot #660 | Player ID: 55 | Player in entity_ids: true | Entity count: 11 | All IDs (sorted): [1, 10, 27, 30, 33, 44, 51, 52, 54, 55, 56]
[SERVER] DEBUG: About to add 11 entities to snapshot #610 | Player at [0]: true | Interest list: [56, 10, 51, 1, 44, 27, 30, 55, 54, 52, 8]
[SERVER] DEBUG: Snapshot #610 created with 11 entities including player 56 | All entities: [56, 10, 51, 1, 44, 27, 30, 55, 54, 52, 8]
[SERIALIZE] Snapshot #610 | Player ID: 56 | Player in entity_ids: true | Entity count: 11 | All IDs (sorted): [1, 8, 10, 27, 30, 44, 51, 52, 54, 55, 56]
[SERVER] DEBUG: About to add 11 entities to snapshot #670 | Player at [0]: true | Interest list: [55, 10, 51, 1, 44, 27, 30, 56, 54, 52, 33]
[SERVER] DEBUG: Snapshot #670 created with 11 entities including player 55 | All entities: [55, 10, 51, 1, 44, 27, 30, 56, 54, 52, 33]
[SERIALIZE] Snapshot #670 | Player ID: 55 | Player in entity_ids: true | Entity count: 11 | All IDs (sorted): [1, 10, 27, 30, 33, 44, 51, 52, 54, 55, 56]
[SERVER] DEBUG: About to add 11 entities to snapshot #620 | Player at [0]: true | Interest list: [56, 10, 51, 1, 44, 27, 30, 55, 54, 52, 8]
[SERVER] DEBUG: Snapshot #620 created with 11 entities including player 56 | All entities: [56, 10, 51, 1, 44, 27, 30, 55, 54, 52, 8]
[SERIALIZE] Snapshot #620 | Player ID: 56 | Player in entity_ids: true | Entity count: 11 | All IDs (sorted): [1, 8, 10, 27, 30, 44, 51, 52, 54, 55, 56]
[SERVER] DEBUG: About to add 11 entities to snapshot #680 | Player at [0]: true | Interest list: [55, 10, 51, 1, 44, 27, 30, 56, 54, 52, 33]
[SERVER] DEBUG: Snapshot #680 created with 11 entities including player 55 | All entities: [55, 10, 51, 1, 44, 27, 30, 56, 54, 52, 33]
[SERIALIZE] Snapshot #680 | Player ID: 55 | Player in entity_ids: true | Entity count: 11 | All IDs (sorted): [1, 10, 27, 30, 33, 44, 51, 52, 54, 55, 56]
[SERVER] Player entity 55 (peer 1327770505) moved from chunk (-1, 0) to (-2, 0) | Position: (-65.14448, 19.0163)
[SERVER] DEBUG: About to add 11 entities to snapshot #630 | Player at [0]: true | Interest list: [56, 10, 51, 1, 44, 27, 30, 55, 54, 52, 8]
[SERVER] DEBUG: Snapshot #630 created with 11 entities including player 56 | All entities: [56, 10, 51, 1, 44, 27, 30, 55, 54, 52, 8]
[SERIALIZE] Snapshot #630 | Player ID: 56 | Player in entity_ids: true | Entity count: 11 | All IDs (sorted): [1, 8, 10, 27, 30, 44, 51, 52, 54, 55, 56]
[SERVER] DEBUG: About to add 10 entities to snapshot #690 | Player at [0]: true | Interest list: [55, 10, 51, 1, 44, 27, 30, 56, 54, 52]
[SERVER] DEBUG: Snapshot #690 created with 10 entities including player 55 | All entities: [55, 10, 51, 1, 44, 27, 30, 56, 54, 52]
[SERIALIZE] Snapshot #690 | Player ID: 55 | Player in entity_ids: true | Entity count: 10 | All IDs (sorted): [1, 10, 27, 30, 44, 51, 52, 54, 55, 56]
[SERVER] DEBUG: About to add 11 entities to snapshot #640 | Player at [0]: true | Interest list: [56, 10, 51, 1, 44, 27, 30, 55, 54, 52, 8]
[SERVER] DEBUG: Snapshot #640 created with 11 entities including player 56 | All entities: [56, 10, 51, 1, 44, 27, 30, 55, 54, 52, 8]
[SERIALIZE] Snapshot #640 | Player ID: 56 | Player in entity_ids: true | Entity count: 11 | All IDs (sorted): [1, 8, 10, 27, 30, 44, 51, 52, 54, 55, 56]
[SERVER] Snapshot #700 | Tick: 275 | Timestamp: 13.75 | Player ID: 55 | Player pos: (-74.35699, 4.415413) | Player chunk: (-2, 0)
[SERVER] DEBUG: About to add 10 entities to snapshot #700 | Player at [0]: true | Interest list: [55, 10, 51, 1, 44, 27, 30, 56, 54, 52]
[SERVER] DEBUG: Snapshot #700 created with 10 entities including player 55 | All entities: [55, 10, 51, 1, 44, 27, 30, 56, 54, 52]
[SERIALIZE] Snapshot #700 | Player ID: 55 | Player in entity_ids: true | Entity count: 10 | All IDs (sorted): [1, 10, 27, 30, 44, 51, 52, 54, 55, 56]
Snapshot #700 to peer 1327770505: 10 entities, 117 bytes (uncompressed: ~500 bytes)
[SERVER] Player entity 55 (peer 1327770505) moved from chunk (-2, 0) to (-2, -1) | Position: (-75.59577, -0.112576)
[SERVER] Player entity 56 (peer 1486008679) moved from chunk (-1, -1) to (-1, 0) | Position: (-42.43276, 1.118536)
