Godot Engine v4.5.1.stable.official.f62fdbde1 - https://godotengine.org

[SERVER] Creating world walls...
[SERVER] Walls created successfully
Server started on port 7777
Tick rate: 20 Hz
Snapshot rate: 20 Hz
ENet compression: FASTLZ enabled
[SERVER] Spawned entity 1 at (-403.6185, 275.2154) | Peer: NPC
[SERVER] Spawned entity 2 at (253.4594, -123.3492) | Peer: NPC
[SERVER] Spawned entity 3 at (-317.9207, 489.3011) | Peer: NPC
[SERVER] Spawned entity 4 at (-433.9146, -331.4013) | Peer: NPC
[SERVER] Spawned entity 5 at (408.1885, -100.0328) | Peer: NPC
[SERVER] Spawned entity 6 at (126.112, 77.22671) | Peer: NPC
[SERVER] Spawned entity 7 at (211.2591, -75.30714) | Peer: NPC
[SERVER] Spawned entity 8 at (456.0355, 139.9813) | Peer: NPC
[SERVER] Spawned entity 9 at (-276.8671, 59.13644) | Peer: NPC
[SERVER] Spawned entity 10 at (-218.7833, 110.2926) | Peer: NPC
[SERVER] Spawned entity 11 at (49.85372, 322.3759) | Peer: NPC
[SERVER] Spawned entity 12 at (-461.6605, 315.5878) | Peer: NPC
[SERVER] Spawned entity 13 at (402.0179, -202.3433) | Peer: NPC
[SERVER] Spawned entity 14 at (-417.3593, 451.5381) | Peer: NPC
[SERVER] Spawned entity 15 at (-331.935, 385.7526) | Peer: NPC
[SERVER] Spawned entity 16 at (99.75455, -328.5185) | Peer: NPC
[SERVER] Spawned entity 17 at (-129.3142, -312.7284) | Peer: NPC
[SERVER] Spawned entity 18 at (-258.544, -349.1583) | Peer: NPC
[SERVER] Spawned entity 19 at (-67.88846, -414.0023) | Peer: NPC
[SERVER] Spawned entity 20 at (430.6745, 474.6436) | Peer: NPC
[SERVER] Spawned entity 21 at (-435.4398, 70.84209) | Peer: NPC
[SERVER] Spawned entity 22 at (-278.9005, -19.3139) | Peer: NPC
[SERVER] Spawned entity 23 at (494.0288, -442.7838) | Peer: NPC
[SERVER] Spawned entity 24 at (371.9409, -85.75826) | Peer: NPC
[SERVER] Spawned entity 25 at (393.7617, 239.0032) | Peer: NPC
[SERVER] Spawned entity 26 at (449.4453, 220.475) | Peer: NPC
[SERVER] Spawned entity 27 at (112.9486, 189.2862) | Peer: NPC
[SERVER] Spawned entity 28 at (-167.5807, -268.1371) | Peer: NPC
[SERVER] Spawned entity 29 at (492.0394, 211.2387) | Peer: NPC
[SERVER] Spawned entity 30 at (91.98832, 374.4923) | Peer: NPC
[SERVER] Spawned entity 31 at (-109.8909, 373.5647) | Peer: NPC
[SERVER] Spawned entity 32 at (-33.05757, 201.8904) | Peer: NPC
[SERVER] Spawned entity 33 at (484.1064, 33.68351) | Peer: NPC
[SERVER] Spawned entity 34 at (-473.917, 45.28735) | Peer: NPC
[SERVER] Spawned entity 35 at (-346.8615, -480.3912) | Peer: NPC
[SERVER] Spawned entity 36 at (-246.5583, 220.5537) | Peer: NPC
[SERVER] Spawned entity 37 at (-156.6176, -103.3582) | Peer: NPC
[SERVER] Spawned entity 38 at (138.4869, -220.0807) | Peer: NPC
[SERVER] Spawned entity 39 at (88.18111, 437.7435) | Peer: NPC
[SERVER] Spawned entity 40 at (133.2312, -457.778) | Peer: NPC
[SERVER] Spawned entity 41 at (-177.0372, -47.18108) | Peer: NPC
[SERVER] Spawned entity 42 at (407.9709, 52.70097) | Peer: NPC
[SERVER] Spawned entity 43 at (-410.3303, 194.8904) | Peer: NPC
[SERVER] Spawned entity 44 at (432.1835, -416.7963) | Peer: NPC
[SERVER] Spawned entity 45 at (-459.5788, 252.9415) | Peer: NPC
[SERVER] Spawned entity 46 at (-21.52734, -369.7369) | Peer: NPC
[SERVER] Spawned entity 47 at (-67.42619, 246.8213) | Peer: NPC
[SERVER] Spawned entity 48 at (-463.9576, 279.4233) | Peer: NPC
[SERVER] Spawned entity 49 at (-417.8456, -461.8448) | Peer: NPC
[SERVER] Spawned entity 50 at (263.5873, -326.8375) | Peer: NPC
[SERVER] Creating moving obstacles...
[SERVER] Created moving obstacle 51 from (-300.0, 0.0) to (300.0, 0.0)
[SERVER] Created moving obstacle 52 from (0.0, -300.0) to (0.0, 300.0)
[SERVER] Created moving obstacle 53 from (-200.0, -200.0) to (200.0, 200.0)
[SERVER] Created moving obstacle 54 from (150.0, -100.0) to (-150.0, 100.0)
[SERVER] Moving obstacles created
=== SERVER MODE ===
Peer connected: 1887845398
[SERVER] Spawned entity 55 at (19.76697, 34.80785) | Peer: 1887845398
[SERVER] DEBUG: About to add 5 entities to snapshot #10 | Player at [0]: true | Interest list: [55, 53, 54, 6, 27]
[SERVER] DEBUG: Snapshot #10 created with 5 entities including player 55 | All entities: [55, 53, 54, 6, 27]
[SERIALIZE] Snapshot #10 | Player ID: 55 | Player in entity_ids: true | Entity count: 5 | All IDs (sorted): [6, 27, 53, 54, 55]
[SERVER] DEBUG: About to add 5 entities to snapshot #20 | Player at [0]: true | Interest list: [55, 53, 54, 6, 27]
[SERVER] DEBUG: Snapshot #20 created with 5 entities including player 55 | All entities: [55, 53, 54, 6, 27]
[SERIALIZE] Snapshot #20 | Player ID: 55 | Player in entity_ids: true | Entity count: 5 | All IDs (sorted): [6, 27, 53, 54, 55]
[SERVER] DEBUG: About to add 5 entities to snapshot #30 | Player at [0]: true | Interest list: [55, 53, 54, 6, 27]
[SERVER] DEBUG: Snapshot #30 created with 5 entities including player 55 | All entities: [55, 53, 54, 6, 27]
[SERIALIZE] Snapshot #30 | Player ID: 55 | Player in entity_ids: true | Entity count: 5 | All IDs (sorted): [6, 27, 53, 54, 55]
[SERVER] DEBUG: About to add 6 entities to snapshot #40 | Player at [0]: true | Interest list: [55, 53, 22, 54, 6, 27]
[SERVER] DEBUG: Snapshot #40 created with 6 entities including player 55 | All entities: [55, 53, 22, 54, 6, 27]
[SERIALIZE] Snapshot #40 | Player ID: 55 | Player in entity_ids: true | Entity count: 6 | All IDs (sorted): [6, 22, 27, 53, 54, 55]
[SERVER] Player entity 55 (peer 1887845398) moved from chunk (0, 0) to (0, 1) | Position: (51.19509, 64.62112)
[SERVER] DEBUG: About to add 7 entities to snapshot #50 | Player at [0]: true | Interest list: [55, 22, 47, 54, 32, 6, 27]
[SERVER] DEBUG: Snapshot #50 created with 7 entities including player 55 | All entities: [55, 22, 47, 54, 32, 6, 27]
[SERIALIZE] Snapshot #50 | Player ID: 55 | Player in entity_ids: true | Entity count: 7 | All IDs (sorted): [6, 22, 27, 32, 47, 54, 55]
[SERVER] DEBUG: About to add 7 entities to snapshot #60 | Player at [0]: true | Interest list: [55, 22, 47, 54, 32, 6, 27]
[SERVER] DEBUG: Snapshot #60 created with 7 entities including player 55 | All entities: [55, 22, 47, 54, 32, 6, 27]
[SERIALIZE] Snapshot #60 | Player ID: 55 | Player in entity_ids: true | Entity count: 7 | All IDs (sorted): [6, 22, 27, 32, 47, 54, 55]
Peer connected: 1418554072
[SERVER] Spawned entity 56 at (-89.67227, -2.071219) | Peer: 1418554072
[SERVER] DEBUG: About to add 9 entities to snapshot #70 | Player at [0]: true | Interest list: [55, 22, 37, 56, 47, 54, 32, 6, 27]
[SERVER] DEBUG: Snapshot #70 created with 9 entities including player 55 | All entities: [55, 22, 37, 56, 47, 54, 32, 6, 27]
[SERIALIZE] Snapshot #70 | Player ID: 55 | Player in entity_ids: true | Entity count: 9 | All IDs (sorted): [6, 22, 27, 32, 37, 47, 54, 55, 56]
[SERVER] DEBUG: About to add 10 entities to snapshot #10 | Player at [0]: true | Interest list: [56, 10, 41, 51, 53, 22, 37, 54, 52, 55]
[SERVER] DEBUG: Snapshot #10 created with 10 entities including player 56 | All entities: [56, 10, 41, 51, 53, 22, 37, 54, 52, 55]
[SERIALIZE] Snapshot #10 | Player ID: 56 | Player in entity_ids: true | Entity count: 10 | All IDs (sorted): [10, 22, 37, 41, 51, 52, 53, 54, 55, 56]
[SERVER] Player entity 56 (peer 1418554072) moved from chunk (-2, -1) to (-2, 0) | Position: (-75.33143, 1.184037)
[SERVER] DEBUG: About to add 10 entities to snapshot #80 | Player at [0]: true | Interest list: [55, 22, 37, 51, 54, 56, 47, 32, 6, 27]
[SERVER] DEBUG: Snapshot #80 created with 10 entities including player 55 | All entities: [55, 22, 37, 51, 54, 56, 47, 32, 6, 27]
[SERIALIZE] Snapshot #80 | Player ID: 55 | Player in entity_ids: true | Entity count: 10 | All IDs (sorted): [6, 22, 27, 32, 37, 47, 51, 54, 55, 56]
[SERVER] DEBUG: About to add 10 entities to snapshot #20 | Player at [0]: true | Interest list: [56, 10, 41, 53, 22, 37, 51, 54, 52, 55]
[SERVER] DEBUG: Snapshot #20 created with 10 entities including player 56 | All entities: [56, 10, 41, 53, 22, 37, 51, 54, 52, 55]
[SERIALIZE] Snapshot #20 | Player ID: 56 | Player in entity_ids: true | Entity count: 10 | All IDs (sorted): [10, 22, 37, 41, 51, 52, 53, 54, 55, 56]
[SERVER] DEBUG: About to add 10 entities to snapshot #90 | Player at [0]: true | Interest list: [55, 22, 37, 51, 54, 56, 47, 32, 6, 27]
[SERVER] DEBUG: Snapshot #90 created with 10 entities including player 55 | All entities: [55, 22, 37, 51, 54, 56, 47, 32, 6, 27]
[SERIALIZE] Snapshot #90 | Player ID: 55 | Player in entity_ids: true | Entity count: 10 | All IDs (sorted): [6, 22, 27, 32, 37, 47, 51, 54, 55, 56]
[SERVER] Player entity 56 (peer 1418554072) moved from chunk (-2, 0) to (-1, 0) | Position: (-63.65657, 10.03452)
[SERVER] DEBUG: About to add 11 entities to snapshot #30 | Player at [0]: true | Interest list: [56, 41, 53, 22, 37, 51, 54, 52, 55, 6, 27]
[SERVER] DEBUG: Snapshot #30 created with 11 entities including player 56 | All entities: [56, 41, 53, 22, 37, 51, 54, 52, 55, 6, 27]
[SERIALIZE] Snapshot #30 | Player ID: 56 | Player in entity_ids: true | Entity count: 11 | All IDs (sorted): [6, 22, 27, 37, 41, 51, 52, 53, 54, 55, 56]
[SERVER] Snapshot #100 | Tick: 75 | Timestamp: 3.75 | Player ID: 55 | Player pos: (12.87146, 111.3755) | Player chunk: (0, 1)
[SERVER] DEBUG: About to add 10 entities to snapshot #100 | Player at [0]: true | Interest list: [55, 37, 51, 54, 47, 22, 56, 32, 6, 27]
[SERVER] DEBUG: Snapshot #100 created with 10 entities including player 55 | All entities: [55, 37, 51, 54, 47, 22, 56, 32, 6, 27]
[SERIALIZE] Snapshot #100 | Player ID: 55 | Player in entity_ids: true | Entity count: 10 | All IDs (sorted): [6, 22, 27, 32, 37, 47, 51, 54, 55, 56]
Snapshot #100 to peer 1887845398: 10 entities, 117 bytes (uncompressed: ~500 bytes)
[SERVER] DEBUG: About to add 11 entities to snapshot #40 | Player at [0]: true | Interest list: [56, 41, 53, 37, 51, 54, 22, 52, 55, 6, 27]
[SERVER] DEBUG: Snapshot #40 created with 11 entities including player 56 | All entities: [56, 41, 53, 37, 51, 54, 22, 52, 55, 6, 27]
[SERIALIZE] Snapshot #40 | Player ID: 56 | Player in entity_ids: true | Entity count: 11 | All IDs (sorted): [6, 22, 27, 37, 41, 51, 52, 53, 54, 55, 56]
[SERVER] DEBUG: About to add 10 entities to snapshot #110 | Player at [0]: true | Interest list: [55, 37, 51, 54, 47, 22, 56, 32, 6, 27]
[SERVER] DEBUG: Snapshot #110 created with 10 entities including player 55 | All entities: [55, 37, 51, 54, 47, 22, 56, 32, 6, 27]
[SERIALIZE] Snapshot #110 | Player ID: 55 | Player in entity_ids: true | Entity count: 10 | All IDs (sorted): [6, 22, 27, 32, 37, 47, 51, 54, 55, 56]
[SERVER] Player entity 55 (peer 1887845398) moved from chunk (0, 1) to (-1, 1) | Position: (-0.224485, 107.7361)
[SERVER] DEBUG: About to add 11 entities to snapshot #50 | Player at [0]: true | Interest list: [56, 41, 53, 37, 51, 54, 22, 55, 52, 6, 27]
[SERVER] DEBUG: Snapshot #50 created with 11 entities including player 56 | All entities: [56, 41, 53, 37, 51, 54, 22, 55, 52, 6, 27]
[SERIALIZE] Snapshot #50 | Player ID: 56 | Player in entity_ids: true | Entity count: 11 | All IDs (sorted): [6, 22, 27, 37, 41, 51, 52, 53, 54, 55, 56]
[SERVER] DEBUG: About to add 12 entities to snapshot #120 | Player at [0]: true | Interest list: [55, 41, 37, 51, 54, 47, 22, 56, 32, 52, 6, 27]
[SERVER] DEBUG: Snapshot #120 created with 12 entities including player 55 | All entities: [55, 41, 37, 51, 54, 47, 22, 56, 32, 52, 6, 27]
[SERIALIZE] Snapshot #120 | Player ID: 55 | Player in entity_ids: true | Entity count: 12 | All IDs (sorted): [6, 22, 27, 32, 37, 41, 47, 51, 52, 54, 55, 56]
[SERVER] DEBUG: About to add 11 entities to snapshot #60 | Player at [0]: true | Interest list: [56, 41, 53, 37, 51, 54, 22, 55, 52, 6, 27]
[SERVER] DEBUG: Snapshot #60 created with 11 entities including player 56 | All entities: [56, 41, 53, 37, 51, 54, 22, 55, 52, 6, 27]
[SERIALIZE] Snapshot #60 | Player ID: 56 | Player in entity_ids: true | Entity count: 11 | All IDs (sorted): [6, 22, 27, 37, 41, 51, 52, 53, 54, 55, 56]
[SERVER] DEBUG: About to add 12 entities to snapshot #130 | Player at [0]: true | Interest list: [55, 41, 37, 51, 54, 47, 22, 56, 32, 52, 6, 27]
[SERVER] DEBUG: Snapshot #130 created with 12 entities including player 55 | All entities: [55, 41, 37, 51, 54, 47, 22, 56, 32, 52, 6, 27]
[SERIALIZE] Snapshot #130 | Player ID: 55 | Player in entity_ids: true | Entity count: 12 | All IDs (sorted): [6, 22, 27, 32, 37, 41, 47, 51, 52, 54, 55, 56]
[SERVER] DEBUG: About to add 11 entities to snapshot #70 | Player at [0]: true | Interest list: [56, 41, 53, 37, 51, 54, 22, 55, 52, 6, 27]
[SERVER] DEBUG: Snapshot #70 created with 11 entities including player 56 | All entities: [56, 41, 53, 37, 51, 54, 22, 55, 52, 6, 27]
[SERIALIZE] Snapshot #70 | Player ID: 56 | Player in entity_ids: true | Entity count: 11 | All IDs (sorted): [6, 22, 27, 37, 41, 51, 52, 53, 54, 55, 56]
[SERVER] DEBUG: About to add 12 entities to snapshot #140 | Player at [0]: true | Interest list: [55, 41, 54, 37, 51, 47, 22, 56, 32, 52, 6, 27]
[SERVER] DEBUG: Snapshot #140 created with 12 entities including player 55 | All entities: [55, 41, 54, 37, 51, 47, 22, 56, 32, 52, 6, 27]
[SERIALIZE] Snapshot #140 | Player ID: 55 | Player in entity_ids: true | Entity count: 12 | All IDs (sorted): [6, 22, 27, 32, 37, 41, 47, 51, 52, 54, 55, 56]
[SERVER] DEBUG: About to add 11 entities to snapshot #80 | Player at [0]: true | Interest list: [56, 41, 54, 53, 37, 51, 22, 55, 52, 6, 27]
[SERVER] DEBUG: Snapshot #80 created with 11 entities including player 56 | All entities: [56, 41, 54, 53, 37, 51, 22, 55, 52, 6, 27]
[SERIALIZE] Snapshot #80 | Player ID: 56 | Player in entity_ids: true | Entity count: 11 | All IDs (sorted): [6, 22, 27, 37, 41, 51, 52, 53, 54, 55, 56]
[SERVER] DEBUG: About to add 12 entities to snapshot #150 | Player at [0]: true | Interest list: [55, 41, 54, 37, 51, 47, 22, 56, 32, 52, 6, 27]
[SERVER] DEBUG: Snapshot #150 created with 12 entities including player 55 | All entities: [55, 41, 54, 37, 51, 47, 22, 56, 32, 52, 6, 27]
[SERIALIZE] Snapshot #150 | Player ID: 55 | Player in entity_ids: true | Entity count: 12 | All IDs (sorted): [6, 22, 27, 32, 37, 41, 47, 51, 52, 54, 55, 56]
[SERVER] DEBUG: About to add 11 entities to snapshot #90 | Player at [0]: true | Interest list: [56, 41, 54, 53, 37, 51, 22, 55, 52, 6, 27]
[SERVER] DEBUG: Snapshot #90 created with 11 entities including player 56 | All entities: [56, 41, 54, 53, 37, 51, 22, 55, 52, 6, 27]
[SERIALIZE] Snapshot #90 | Player ID: 56 | Player in entity_ids: true | Entity count: 11 | All IDs (sorted): [6, 22, 27, 37, 41, 51, 52, 53, 54, 55, 56]
[SERVER] Player entity 55 (peer 1887845398) moved from chunk (-1, 1) to (-1, 0) | Position: (-18.25873, 61.1544)
[SERVER] DEBUG: About to add 11 entities to snapshot #160 | Player at [0]: true | Interest list: [55, 41, 37, 51, 54, 22, 53, 56, 52, 6, 27]
[SERVER] DEBUG: Snapshot #160 created with 11 entities including player 55 | All entities: [55, 41, 37, 51, 54, 22, 53, 56, 52, 6, 27]
[SERIALIZE] Snapshot #160 | Player ID: 55 | Player in entity_ids: true | Entity count: 11 | All IDs (sorted): [6, 22, 27, 37, 41, 51, 52, 53, 54, 55, 56]
[SERVER] Snapshot #100 | Tick: 95 | Timestamp: 4.75 | Player ID: 56 | Player pos: (-41.98899, 48.74421) | Player chunk: (-1, 0)
[SERVER] DEBUG: About to add 11 entities to snapshot #100 | Player at [0]: true | Interest list: [56, 41, 37, 51, 54, 22, 53, 55, 52, 6, 27]
[SERVER] DEBUG: Snapshot #100 created with 11 entities including player 56 | All entities: [56, 41, 37, 51, 54, 22, 53, 55, 52, 6, 27]
[SERIALIZE] Snapshot #100 | Player ID: 56 | Player in entity_ids: true | Entity count: 11 | All IDs (sorted): [6, 22, 27, 37, 41, 51, 52, 53, 54, 55, 56]
Snapshot #100 to peer 1418554072: 11 entities, 127 bytes (uncompressed: ~550 bytes)
[SERVER] DEBUG: About to add 11 entities to snapshot #170 | Player at [0]: true | Interest list: [55, 41, 37, 51, 54, 22, 53, 56, 52, 6, 27]
[SERVER] DEBUG: Snapshot #170 created with 11 entities including player 55 | All entities: [55, 41, 37, 51, 54, 22, 53, 56, 52, 6, 27]
[SERIALIZE] Snapshot #170 | Player ID: 55 | Player in entity_ids: true | Entity count: 11 | All IDs (sorted): [6, 22, 27, 37, 41, 51, 52, 53, 54, 55, 56]
[SERVER] DEBUG: About to add 11 entities to snapshot #110 | Player at [0]: true | Interest list: [56, 41, 37, 51, 54, 22, 53, 55, 52, 6, 27]
[SERVER] DEBUG: Snapshot #110 created with 11 entities including player 56 | All entities: [56, 41, 37, 51, 54, 22, 53, 55, 52, 6, 27]
[SERIALIZE] Snapshot #110 | Player ID: 56 | Player in entity_ids: true | Entity count: 11 | All IDs (sorted): [6, 22, 27, 37, 41, 51, 52, 53, 54, 55, 56]
[SERVER] Received input from 1418554072: (-0.831016, -0.556248) | Ack: 112
[SERVER] DEBUG: About to add 10 entities to snapshot #180 | Player at [0]: true | Interest list: [55, 37, 51, 54, 22, 53, 56, 52, 6, 27]
[SERVER] DEBUG: Snapshot #180 created with 10 entities including player 55 | All entities: [55, 37, 51, 54, 22, 53, 56, 52, 6, 27]
[SERIALIZE] Snapshot #180 | Player ID: 55 | Player in entity_ids: true | Entity count: 10 | All IDs (sorted): [6, 22, 27, 37, 51, 52, 53, 54, 55, 56]
[SERVER] Player entity 55 (peer 1887845398) moved from chunk (-1, 0) to (0, 0) | Position: (0.722386, 42.26966)
[SERVER] DEBUG: About to add 11 entities to snapshot #120 | Player at [0]: true | Interest list: [56, 41, 37, 51, 54, 22, 53, 52, 55, 6, 27]
[SERVER] DEBUG: Snapshot #120 created with 11 entities including player 56 | All entities: [56, 41, 37, 51, 54, 22, 53, 52, 55, 6, 27]
[SERIALIZE] Snapshot #120 | Player ID: 56 | Player in entity_ids: true | Entity count: 11 | All IDs (sorted): [6, 22, 27, 37, 41, 51, 52, 53, 54, 55, 56]
[SERVER] DEBUG: About to add 10 entities to snapshot #190 | Player at [0]: true | Interest list: [55, 37, 51, 54, 22, 53, 56, 52, 6, 27]
[SERVER] DEBUG: Snapshot #190 created with 10 entities including player 55 | All entities: [55, 37, 51, 54, 22, 53, 56, 52, 6, 27]
[SERIALIZE] Snapshot #190 | Player ID: 55 | Player in entity_ids: true | Entity count: 10 | All IDs (sorted): [6, 22, 27, 37, 51, 52, 53, 54, 55, 56]
[SERVER] DEBUG: About to add 11 entities to snapshot #130 | Player at [0]: true | Interest list: [56, 41, 37, 51, 54, 22, 53, 52, 55, 6, 27]
[SERVER] DEBUG: Snapshot #130 created with 11 entities including player 56 | All entities: [56, 41, 37, 51, 54, 22, 53, 52, 55, 6, 27]
[SERIALIZE] Snapshot #130 | Player ID: 56 | Player in entity_ids: true | Entity count: 11 | All IDs (sorted): [6, 22, 27, 37, 41, 51, 52, 53, 54, 55, 56]
[SERVER] Snapshot #200 | Tick: 108 | Timestamp: 5.4 | Player ID: 55 | Player pos: (15.39326, 50.55844) | Player chunk: (0, 0)
[SERVER] DEBUG: About to add 10 entities to snapshot #200 | Player at [0]: true | Interest list: [55, 37, 51, 54, 22, 53, 56, 52, 6, 27]
[SERVER] DEBUG: Snapshot #200 created with 10 entities including player 55 | All entities: [55, 37, 51, 54, 22, 53, 56, 52, 6, 27]
[SERIALIZE] Snapshot #200 | Player ID: 55 | Player in entity_ids: true | Entity count: 10 | All IDs (sorted): [6, 22, 27, 37, 51, 52, 53, 54, 55, 56]
Snapshot #200 to peer 1887845398: 10 entities, 117 bytes (uncompressed: ~500 bytes)
[SERVER] DEBUG: About to add 11 entities to snapshot #140 | Player at [0]: true | Interest list: [56, 41, 37, 51, 54, 22, 53, 52, 55, 6, 27]
[SERVER] DEBUG: Snapshot #140 created with 11 entities including player 56 | All entities: [56, 41, 37, 51, 54, 22, 53, 52, 55, 6, 27]
[SERIALIZE] Snapshot #140 | Player ID: 56 | Player in entity_ids: true | Entity count: 11 | All IDs (sorted): [6, 22, 27, 37, 41, 51, 52, 53, 54, 55, 56]
[SERVER] DEBUG: About to add 10 entities to snapshot #210 | Player at [0]: true | Interest list: [55, 51, 54, 22, 53, 37, 56, 52, 6, 27]
[SERVER] DEBUG: Snapshot #210 created with 10 entities including player 55 | All entities: [55, 51, 54, 22, 53, 37, 56, 52, 6, 27]
[SERIALIZE] Snapshot #210 | Player ID: 55 | Player in entity_ids: true | Entity count: 10 | All IDs (sorted): [6, 22, 27, 37, 51, 52, 53, 54, 55, 56]
[SERVER] DEBUG: About to add 11 entities to snapshot #150 | Player at [0]: true | Interest list: [56, 41, 51, 54, 22, 53, 37, 52, 55, 6, 27]
[SERVER] DEBUG: Snapshot #150 created with 11 entities including player 56 | All entities: [56, 41, 51, 54, 22, 53, 37, 52, 55, 6, 27]
[SERIALIZE] Snapshot #150 | Player ID: 56 | Player in entity_ids: true | Entity count: 11 | All IDs (sorted): [6, 22, 27, 37, 41, 51, 52, 53, 54, 55, 56]
[SERVER] Player entity 55 (peer 1887845398) moved from chunk (0, 0) to (0, 1) | Position: (32.09675, 65.94572)
[SERVER] DEBUG: About to add 12 entities to snapshot #220 | Player at [0]: true | Interest list: [55, 51, 47, 22, 53, 37, 56, 54, 32, 52, 6, 27]
[SERVER] DEBUG: Snapshot #220 created with 12 entities including player 55 | All entities: [55, 51, 47, 22, 53, 37, 56, 54, 32, 52, 6, 27]
[SERIALIZE] Snapshot #220 | Player ID: 55 | Player in entity_ids: true | Entity count: 12 | All IDs (sorted): [6, 22, 27, 32, 37, 47, 51, 52, 53, 54, 55, 56]
[SERVER] DEBUG: About to add 11 entities to snapshot #160 | Player at [0]: true | Interest list: [56, 41, 51, 22, 53, 37, 54, 52, 55, 6, 27]
[SERVER] DEBUG: Snapshot #160 created with 11 entities including player 56 | All entities: [56, 41, 51, 22, 53, 37, 54, 52, 55, 6, 27]
[SERIALIZE] Snapshot #160 | Player ID: 56 | Player in entity_ids: true | Entity count: 11 | All IDs (sorted): [6, 22, 27, 37, 41, 51, 52, 53, 54, 55, 56]
[SERVER] DEBUG: About to add 12 entities to snapshot #230 | Player at [0]: true | Interest list: [55, 47, 22, 53, 37, 56, 54, 51, 32, 52, 6, 27]
[SERVER] DEBUG: Snapshot #230 created with 12 entities including player 55 | All entities: [55, 47, 22, 53, 37, 56, 54, 51, 32, 52, 6, 27]
[SERIALIZE] Snapshot #230 | Player ID: 55 | Player in entity_ids: true | Entity count: 12 | All IDs (sorted): [6, 22, 27, 32, 37, 47, 51, 52, 53, 54, 55, 56]
[SERVER] DEBUG: About to add 11 entities to snapshot #170 | Player at [0]: true | Interest list: [56, 41, 22, 53, 37, 54, 51, 52, 55, 6, 27]
[SERVER] DEBUG: Snapshot #170 created with 11 entities including player 56 | All entities: [56, 41, 22, 53, 37, 54, 51, 52, 55, 6, 27]
[SERIALIZE] Snapshot #170 | Player ID: 56 | Player in entity_ids: true | Entity count: 11 | All IDs (sorted): [6, 22, 27, 37, 41, 51, 52, 53, 54, 55, 56]
[SERVER] Received input from 1418554072: (0.844838, -0.535022) | Ack: 171
[SERVER] DEBUG: About to add 12 entities to snapshot #240 | Player at [0]: true | Interest list: [55, 47, 22, 53, 37, 56, 54, 51, 32, 52, 6, 27]
[SERVER] DEBUG: Snapshot #240 created with 12 entities including player 55 | All entities: [55, 47, 22, 53, 37, 56, 54, 51, 32, 52, 6, 27]
[SERIALIZE] Snapshot #240 | Player ID: 55 | Player in entity_ids: true | Entity count: 12 | All IDs (sorted): [6, 22, 27, 32, 37, 47, 51, 52, 53, 54, 55, 56]
[SERVER] DEBUG: About to add 11 entities to snapshot #180 | Player at [0]: true | Interest list: [56, 41, 22, 53, 37, 54, 51, 52, 55, 6, 27]
[SERVER] DEBUG: Snapshot #180 created with 11 entities including player 56 | All entities: [56, 41, 22, 53, 37, 54, 51, 52, 55, 6, 27]
[SERIALIZE] Snapshot #180 | Player ID: 56 | Player in entity_ids: true | Entity count: 11 | All IDs (sorted): [6, 22, 27, 37, 41, 51, 52, 53, 54, 55, 56]
[SERVER] DEBUG: About to add 12 entities to snapshot #250 | Player at [0]: true | Interest list: [55, 47, 22, 53, 37, 56, 54, 51, 32, 52, 6, 27]
[SERVER] DEBUG: Snapshot #250 created with 12 entities including player 55 | All entities: [55, 47, 22, 53, 37, 56, 54, 51, 32, 52, 6, 27]
[SERIALIZE] Snapshot #250 | Player ID: 55 | Player in entity_ids: true | Entity count: 12 | All IDs (sorted): [6, 22, 27, 32, 37, 47, 51, 52, 53, 54, 55, 56]
[SERVER] DEBUG: About to add 11 entities to snapshot #190 | Player at [0]: true | Interest list: [56, 41, 22, 53, 37, 54, 51, 52, 55, 6, 27]
[SERVER] DEBUG: Snapshot #190 created with 11 entities including player 56 | All entities: [56, 41, 22, 53, 37, 54, 51, 52, 55, 6, 27]
[SERIALIZE] Snapshot #190 | Player ID: 56 | Player in entity_ids: true | Entity count: 11 | All IDs (sorted): [6, 22, 27, 37, 41, 51, 52, 53, 54, 55, 56]
[SERVER] Player entity 56 (peer 1418554072) moved from chunk (-1, 0) to (0, 0) | Position: (1.571834, 22.38315)
[SERVER] DEBUG: About to add 12 entities to snapshot #260 | Player at [0]: true | Interest list: [55, 47, 53, 37, 54, 51, 32, 22, 52, 56, 6, 27]
[SERVER] DEBUG: Snapshot #260 created with 12 entities including player 55 | All entities: [55, 47, 53, 37, 54, 51, 32, 22, 52, 56, 6, 27]
[SERIALIZE] Snapshot #260 | Player ID: 55 | Player in entity_ids: true | Entity count: 12 | All IDs (sorted): [6, 22, 27, 32, 37, 47, 51, 52, 53, 54, 55, 56]
[SERVER] Snapshot #200 | Tick: 129 | Timestamp: 6.45 | Player ID: 56 | Player pos: (4.414057, 24.22827) | Player chunk: (0, 0)
[SERVER] DEBUG: About to add 10 entities to snapshot #200 | Player at [0]: true | Interest list: [56, 53, 37, 54, 51, 22, 52, 55, 6, 27]
[SERVER] DEBUG: Snapshot #200 created with 10 entities including player 56 | All entities: [56, 53, 37, 54, 51, 22, 52, 55, 6, 27]
[SERIALIZE] Snapshot #200 | Player ID: 56 | Player in entity_ids: true | Entity count: 10 | All IDs (sorted): [6, 22, 27, 37, 51, 52, 53, 54, 55, 56]
Snapshot #200 to peer 1418554072: 10 entities, 117 bytes (uncompressed: ~500 bytes)
[SERVER] DEBUG: About to add 12 entities to snapshot #270 | Player at [0]: true | Interest list: [55, 47, 53, 37, 54, 51, 32, 22, 52, 56, 6, 27]
[SERVER] DEBUG: Snapshot #270 created with 12 entities including player 55 | All entities: [55, 47, 53, 37, 54, 51, 32, 22, 52, 56, 6, 27]
[SERIALIZE] Snapshot #270 | Player ID: 55 | Player in entity_ids: true | Entity count: 12 | All IDs (sorted): [6, 22, 27, 32, 37, 47, 51, 52, 53, 54, 55, 56]
[SERVER] DEBUG: About to add 10 entities to snapshot #210 | Player at [0]: true | Interest list: [56, 53, 37, 54, 51, 22, 52, 55, 6, 27]
[SERVER] DEBUG: Snapshot #210 created with 10 entities including player 56 | All entities: [56, 53, 37, 54, 51, 22, 52, 55, 6, 27]
[SERIALIZE] Snapshot #210 | Player ID: 56 | Player in entity_ids: true | Entity count: 10 | All IDs (sorted): [6, 22, 27, 37, 51, 52, 53, 54, 55, 56]
[SERVER] DEBUG: About to add 12 entities to snapshot #280 | Player at [0]: true | Interest list: [55, 47, 37, 54, 51, 32, 22, 53, 52, 56, 6, 27]
[SERVER] DEBUG: Snapshot #280 created with 12 entities including player 55 | All entities: [55, 47, 37, 54, 51, 32, 22, 53, 52, 56, 6, 27]
[SERIALIZE] Snapshot #280 | Player ID: 55 | Player in entity_ids: true | Entity count: 12 | All IDs (sorted): [6, 22, 27, 32, 37, 47, 51, 52, 53, 54, 55, 56]
[SERVER] DEBUG: About to add 10 entities to snapshot #220 | Player at [0]: true | Interest list: [56, 37, 54, 51, 22, 53, 52, 55, 6, 27]
[SERVER] DEBUG: Snapshot #220 created with 10 entities including player 56 | All entities: [56, 37, 54, 51, 22, 53, 52, 55, 6, 27]
[SERIALIZE] Snapshot #220 | Player ID: 56 | Player in entity_ids: true | Entity count: 10 | All IDs (sorted): [6, 22, 27, 37, 51, 52, 53, 54, 55, 56]
[SERVER] DEBUG: About to add 13 entities to snapshot #290 | Player at [0]: true | Interest list: [55, 41, 47, 37, 54, 51, 32, 22, 53, 52, 56, 6, 27]
[SERVER] DEBUG: Snapshot #290 created with 13 entities including player 55 | All entities: [55, 41, 47, 37, 54, 51, 32, 22, 53, 52, 56, 6, 27]
[SERIALIZE] Snapshot #290 | Player ID: 55 | Player in entity_ids: true | Entity count: 13 | All IDs (sorted): [6, 22, 27, 32, 37, 41, 47, 51, 52, 53, 54, 55, 56]
[SERVER] Player entity 55 (peer 1887845398) moved from chunk (0, 1) to (-1, 1) | Position: (-2.982532, 124.8077)
[SERVER] DEBUG: About to add 10 entities to snapshot #230 | Player at [0]: true | Interest list: [56, 37, 54, 51, 55, 22, 53, 52, 6, 27]
[SERVER] DEBUG: Snapshot #230 created with 10 entities including player 56 | All entities: [56, 37, 54, 51, 55, 22, 53, 52, 6, 27]
[SERIALIZE] Snapshot #230 | Player ID: 56 | Player in entity_ids: true | Entity count: 10 | All IDs (sorted): [6, 22, 27, 37, 51, 52, 53, 54, 55, 56]
[SERVER] Received input from 1418554072: (0.146606, 0.989195) | Ack: 231
[SERVER] Snapshot #300 | Tick: 141 | Timestamp: 7.05 | Player ID: 55 | Player pos: (-13.3659, 121.3598) | Player chunk: (-1, 1)
[SERVER] DEBUG: About to add 13 entities to snapshot #300 | Player at [0]: true | Interest list: [55, 41, 47, 37, 54, 51, 32, 22, 53, 56, 52, 6, 27]
[SERVER] DEBUG: Snapshot #300 created with 13 entities including player 55 | All entities: [55, 41, 47, 37, 54, 51, 32, 22, 53, 56, 52, 6, 27]
[SERIALIZE] Snapshot #300 | Player ID: 55 | Player in entity_ids: true | Entity count: 13 | All IDs (sorted): [6, 22, 27, 32, 37, 41, 47, 51, 52, 53, 54, 55, 56]
Snapshot #300 to peer 1887845398: 13 entities, 148 bytes (uncompressed: ~650 bytes)
[SERVER] DEBUG: About to add 10 entities to snapshot #240 | Player at [0]: true | Interest list: [56, 37, 54, 51, 55, 22, 53, 6, 52, 27]
[SERVER] DEBUG: Snapshot #240 created with 10 entities including player 56 | All entities: [56, 37, 54, 51, 55, 22, 53, 6, 52, 27]
[SERIALIZE] Snapshot #240 | Player ID: 56 | Player in entity_ids: true | Entity count: 10 | All IDs (sorted): [6, 22, 27, 37, 51, 52, 53, 54, 55, 56]
[SERVER] DEBUG: About to add 13 entities to snapshot #310 | Player at [0]: true | Interest list: [55, 41, 47, 37, 54, 51, 32, 22, 53, 56, 6, 52, 27]
[SERVER] DEBUG: Snapshot #310 created with 13 entities including player 55 | All entities: [55, 41, 47, 37, 54, 51, 32, 22, 53, 56, 6, 52, 27]
[SERIALIZE] Snapshot #310 | Player ID: 55 | Player in entity_ids: true | Entity count: 13 | All IDs (sorted): [6, 22, 27, 32, 37, 41, 47, 51, 52, 53, 54, 55, 56]
[SERVER] DEBUG: About to add 10 entities to snapshot #250 | Player at [0]: true | Interest list: [56, 37, 54, 51, 55, 22, 53, 6, 52, 27]
[SERVER] DEBUG: Snapshot #250 created with 10 entities including player 56 | All entities: [56, 37, 54, 51, 55, 22, 53, 6, 52, 27]
[SERIALIZE] Snapshot #250 | Player ID: 56 | Player in entity_ids: true | Entity count: 10 | All IDs (sorted): [6, 22, 27, 37, 51, 52, 53, 54, 55, 56]
[SERVER] DEBUG: About to add 13 entities to snapshot #320 | Player at [0]: true | Interest list: [55, 41, 47, 37, 54, 51, 32, 22, 53, 56, 6, 52, 27]
[SERVER] DEBUG: Snapshot #320 created with 13 entities including player 55 | All entities: [55, 41, 47, 37, 54, 51, 32, 22, 53, 56, 6, 52, 27]
[SERIALIZE] Snapshot #320 | Player ID: 55 | Player in entity_ids: true | Entity count: 13 | All IDs (sorted): [6, 22, 27, 32, 37, 41, 47, 51, 52, 53, 54, 55, 56]
[SERVER] DEBUG: About to add 10 entities to snapshot #260 | Player at [0]: true | Interest list: [56, 37, 54, 51, 55, 22, 53, 6, 52, 27]
[SERVER] DEBUG: Snapshot #260 created with 10 entities including player 56 | All entities: [56, 37, 54, 51, 55, 22, 53, 6, 52, 27]
[SERIALIZE] Snapshot #260 | Player ID: 56 | Player in entity_ids: true | Entity count: 10 | All IDs (sorted): [6, 22, 27, 37, 51, 52, 53, 54, 55, 56]
[SERVER] DEBUG: About to add 13 entities to snapshot #330 | Player at [0]: true | Interest list: [55, 41, 47, 54, 51, 32, 22, 53, 37, 56, 6, 52, 27]
[SERVER] DEBUG: Snapshot #330 created with 13 entities including player 55 | All entities: [55, 41, 47, 54, 51, 32, 22, 53, 37, 56, 6, 52, 27]
[SERIALIZE] Snapshot #330 | Player ID: 55 | Player in entity_ids: true | Entity count: 13 | All IDs (sorted): [6, 22, 27, 32, 37, 41, 47, 51, 52, 53, 54, 55, 56]
[SERVER] DEBUG: About to add 10 entities to snapshot #270 | Player at [0]: true | Interest list: [56, 54, 51, 55, 22, 53, 37, 6, 52, 27]
[SERVER] DEBUG: Snapshot #270 created with 10 entities including player 56 | All entities: [56, 54, 51, 55, 22, 53, 37, 6, 52, 27]
[SERIALIZE] Snapshot #270 | Player ID: 56 | Player in entity_ids: true | Entity count: 10 | All IDs (sorted): [6, 22, 27, 37, 51, 52, 53, 54, 55, 56]
[SERVER] DEBUG: About to add 13 entities to snapshot #340 | Player at [0]: true | Interest list: [55, 41, 47, 54, 51, 32, 22, 53, 37, 56, 6, 52, 27]
[SERVER] DEBUG: Snapshot #340 created with 13 entities including player 55 | All entities: [55, 41, 47, 54, 51, 32, 22, 53, 37, 56, 6, 52, 27]
[SERIALIZE] Snapshot #340 | Player ID: 55 | Player in entity_ids: true | Entity count: 13 | All IDs (sorted): [6, 22, 27, 32, 37, 41, 47, 51, 52, 53, 54, 55, 56]
[SERVER] DEBUG: About to add 10 entities to snapshot #280 | Player at [0]: true | Interest list: [56, 54, 51, 55, 22, 53, 37, 6, 52, 27]
[SERVER] DEBUG: Snapshot #280 created with 10 entities including player 56 | All entities: [56, 54, 51, 55, 22, 53, 37, 6, 52, 27]
[SERIALIZE] Snapshot #280 | Player ID: 56 | Player in entity_ids: true | Entity count: 10 | All IDs (sorted): [6, 22, 27, 37, 51, 52, 53, 54, 55, 56]
[SERVER] DEBUG: About to add 13 entities to snapshot #350 | Player at [0]: true | Interest list: [55, 41, 47, 54, 51, 32, 22, 53, 37, 56, 6, 52, 27]
[SERVER] DEBUG: Snapshot #350 created with 13 entities including player 55 | All entities: [55, 41, 47, 54, 51, 32, 22, 53, 37, 56, 6, 52, 27]
[SERIALIZE] Snapshot #350 | Player ID: 55 | Player in entity_ids: true | Entity count: 13 | All IDs (sorted): [6, 22, 27, 32, 37, 41, 47, 51, 52, 53, 54, 55, 56]
[SERVER] DEBUG: About to add 10 entities to snapshot #290 | Player at [0]: true | Interest list: [56, 55, 22, 53, 37, 51, 54, 6, 52, 27]
[SERVER] DEBUG: Snapshot #290 created with 10 entities including player 56 | All entities: [56, 55, 22, 53, 37, 51, 54, 6, 52, 27]
[SERIALIZE] Snapshot #290 | Player ID: 56 | Player in entity_ids: true | Entity count: 10 | All IDs (sorted): [6, 22, 27, 37, 51, 52, 53, 54, 55, 56]
[SERVER] Received input from 1887845398: (0.711324, -0.702865) | Ack: 354
[SERVER] DEBUG: About to add 13 entities to snapshot #360 | Player at [0]: true | Interest list: [55, 41, 47, 32, 22, 53, 37, 56, 51, 54, 6, 52, 27]
[SERVER] DEBUG: Snapshot #360 created with 13 entities including player 55 | All entities: [55, 41, 47, 32, 22, 53, 37, 56, 51, 54, 6, 52, 27]
[SERIALIZE] Snapshot #360 | Player ID: 55 | Player in entity_ids: true | Entity count: 13 | All IDs (sorted): [6, 22, 27, 32, 37, 41, 47, 51, 52, 53, 54, 55, 56]
[SERVER] Snapshot #300 | Tick: 162 | Timestamp: 8.1 | Player ID: 56 | Player pos: (42.34132, 54.99868) | Player chunk: (0, 0)
[SERVER] DEBUG: About to add 10 entities to snapshot #300 | Player at [0]: true | Interest list: [56, 55, 22, 53, 37, 51, 54, 6, 52, 27]
[SERVER] DEBUG: Snapshot #300 created with 10 entities including player 56 | All entities: [56, 55, 22, 53, 37, 51, 54, 6, 52, 27]
[SERIALIZE] Snapshot #300 | Player ID: 56 | Player in entity_ids: true | Entity count: 10 | All IDs (sorted): [6, 22, 27, 37, 51, 52, 53, 54, 55, 56]
Snapshot #300 to peer 1418554072: 10 entities, 117 bytes (uncompressed: ~500 bytes)
[SERVER] DEBUG: About to add 13 entities to snapshot #370 | Player at [0]: true | Interest list: [55, 41, 47, 32, 22, 53, 37, 56, 51, 54, 6, 52, 27]
[SERVER] DEBUG: Snapshot #370 created with 13 entities including player 55 | All entities: [55, 41, 47, 32, 22, 53, 37, 56, 51, 54, 6, 52, 27]
[SERIALIZE] Snapshot #370 | Player ID: 55 | Player in entity_ids: true | Entity count: 13 | All IDs (sorted): [6, 22, 27, 32, 37, 41, 47, 51, 52, 53, 54, 55, 56]
[SERVER] DEBUG: About to add 10 entities to snapshot #310 | Player at [0]: true | Interest list: [56, 55, 22, 53, 37, 51, 54, 6, 52, 27]
[SERVER] DEBUG: Snapshot #310 created with 10 entities including player 56 | All entities: [56, 55, 22, 53, 37, 51, 54, 6, 52, 27]
[SERIALIZE] Snapshot #310 | Player ID: 56 | Player in entity_ids: true | Entity count: 10 | All IDs (sorted): [6, 22, 27, 37, 51, 52, 53, 54, 55, 56]
[SERVER] DEBUG: About to add 13 entities to snapshot #380 | Player at [0]: true | Interest list: [55, 41, 47, 32, 22, 53, 37, 56, 51, 54, 6, 52, 27]
[SERVER] DEBUG: Snapshot #380 created with 13 entities including player 55 | All entities: [55, 41, 47, 32, 22, 53, 37, 56, 51, 54, 6, 52, 27]
[SERIALIZE] Snapshot #380 | Player ID: 55 | Player in entity_ids: true | Entity count: 13 | All IDs (sorted): [6, 22, 27, 32, 37, 41, 47, 51, 52, 53, 54, 55, 56]
[SERVER] DEBUG: About to add 10 entities to snapshot #320 | Player at [0]: true | Interest list: [56, 55, 22, 53, 37, 51, 54, 6, 52, 27]
[SERVER] DEBUG: Snapshot #320 created with 10 entities including player 56 | All entities: [56, 55, 22, 53, 37, 51, 54, 6, 52, 27]
[SERIALIZE] Snapshot #320 | Player ID: 56 | Player in entity_ids: true | Entity count: 10 | All IDs (sorted): [6, 22, 27, 37, 51, 52, 53, 54, 55, 56]
[SERVER] Player entity 55 (peer 1887845398) moved from chunk (-1, 1) to (0, 1) | Position: (0.237967, 80.14243)
[SERVER] DEBUG: About to add 12 entities to snapshot #390 | Player at [0]: true | Interest list: [55, 47, 32, 22, 53, 37, 56, 51, 54, 6, 52, 27]
[SERVER] DEBUG: Snapshot #390 created with 12 entities including player 55 | All entities: [55, 47, 32, 22, 53, 37, 56, 51, 54, 6, 52, 27]
[SERIALIZE] Snapshot #390 | Player ID: 55 | Player in entity_ids: true | Entity count: 12 | All IDs (sorted): [6, 22, 27, 32, 37, 47, 51, 52, 53, 54, 55, 56]
[SERVER] DEBUG: About to add 10 entities to snapshot #330 | Player at [0]: true | Interest list: [56, 22, 53, 37, 51, 54, 55, 6, 52, 27]
[SERVER] DEBUG: Snapshot #330 created with 10 entities including player 56 | All entities: [56, 22, 53, 37, 51, 54, 55, 6, 52, 27]
[SERIALIZE] Snapshot #330 | Player ID: 56 | Player in entity_ids: true | Entity count: 10 | All IDs (sorted): [6, 22, 27, 37, 51, 52, 53, 54, 55, 56]
[SERVER] Snapshot #400 | Tick: 175 | Timestamp: 8.75 | Player ID: 55 | Player pos: (18.218, 87.73222) | Player chunk: (0, 1)
[SERVER] DEBUG: About to add 12 entities to snapshot #400 | Player at [0]: true | Interest list: [55, 47, 32, 22, 53, 37, 56, 51, 54, 6, 52, 27]
[SERVER] DEBUG: Snapshot #400 created with 12 entities including player 55 | All entities: [55, 47, 32, 22, 53, 37, 56, 51, 54, 6, 52, 27]
[SERIALIZE] Snapshot #400 | Player ID: 55 | Player in entity_ids: true | Entity count: 12 | All IDs (sorted): [6, 22, 27, 32, 37, 47, 51, 52, 53, 54, 55, 56]
Snapshot #400 to peer 1887845398: 12 entities, 137 bytes (uncompressed: ~600 bytes)
[SERVER] DEBUG: About to add 10 entities to snapshot #340 | Player at [0]: true | Interest list: [56, 22, 53, 37, 51, 54, 55, 6, 52, 27]
[SERVER] DEBUG: Snapshot #340 created with 10 entities including player 56 | All entities: [56, 22, 53, 37, 51, 54, 55, 6, 52, 27]
[SERIALIZE] Snapshot #340 | Player ID: 56 | Player in entity_ids: true | Entity count: 10 | All IDs (sorted): [6, 22, 27, 37, 51, 52, 53, 54, 55, 56]
[SERVER] Player entity 56 (peer 1418554072) moved from chunk (0, 0) to (1, 0) | Position: (64.66748, 27.86133)
[SERVER] DEBUG: About to add 12 entities to snapshot #410 | Player at [0]: true | Interest list: [55, 47, 32, 22, 53, 37, 51, 54, 56, 6, 27, 52]
[SERVER] DEBUG: Snapshot #410 created with 12 entities including player 55 | All entities: [55, 47, 32, 22, 53, 37, 51, 54, 56, 6, 27, 52]
[SERIALIZE] Snapshot #410 | Player ID: 55 | Player in entity_ids: true | Entity count: 12 | All IDs (sorted): [6, 22, 27, 32, 37, 47, 51, 52, 53, 54, 55, 56]
[SERVER] DEBUG: About to add 12 entities to snapshot #350 | Player at [0]: true | Interest list: [56, 53, 37, 51, 54, 55, 22, 6, 27, 52, 2, 7]
[SERVER] DEBUG: Snapshot #350 created with 12 entities including player 56 | All entities: [56, 53, 37, 51, 54, 55, 22, 6, 27, 52, 2, 7]
[SERIALIZE] Snapshot #350 | Player ID: 56 | Player in entity_ids: true | Entity count: 12 | All IDs (sorted): [2, 6, 7, 22, 27, 37, 51, 52, 53, 54, 55, 56]
[SERVER] Received input from 1887845398: (0.35484, 0.934927) | Ack: 413
[SERVER] DEBUG: About to add 12 entities to snapshot #420 | Player at [0]: true | Interest list: [55, 47, 32, 37, 51, 54, 22, 53, 56, 6, 27, 52]
[SERVER] DEBUG: Snapshot #420 created with 12 entities including player 55 | All entities: [55, 47, 32, 37, 51, 54, 22, 53, 56, 6, 27, 52]
[SERIALIZE] Snapshot #420 | Player ID: 55 | Player in entity_ids: true | Entity count: 12 | All IDs (sorted): [6, 22, 27, 32, 37, 47, 51, 52, 53, 54, 55, 56]
[SERVER] DEBUG: About to add 12 entities to snapshot #360 | Player at [0]: true | Interest list: [56, 37, 51, 54, 55, 22, 53, 6, 27, 52, 2, 7]
[SERVER] DEBUG: Snapshot #360 created with 12 entities including player 56 | All entities: [56, 37, 51, 54, 55, 22, 53, 6, 27, 52, 2, 7]
[SERIALIZE] Snapshot #360 | Player ID: 56 | Player in entity_ids: true | Entity count: 12 | All IDs (sorted): [2, 6, 7, 22, 27, 37, 51, 52, 53, 54, 55, 56]
[SERVER] DEBUG: About to add 12 entities to snapshot #430 | Player at [0]: true | Interest list: [55, 47, 32, 37, 51, 54, 22, 53, 56, 6, 27, 52]
[SERVER] DEBUG: Snapshot #430 created with 12 entities including player 55 | All entities: [55, 47, 32, 37, 51, 54, 22, 53, 56, 6, 27, 52]
[SERIALIZE] Snapshot #430 | Player ID: 55 | Player in entity_ids: true | Entity count: 12 | All IDs (sorted): [6, 22, 27, 32, 37, 47, 51, 52, 53, 54, 55, 56]
[SERVER] DEBUG: About to add 12 entities to snapshot #370 | Player at [0]: true | Interest list: [56, 37, 51, 54, 55, 22, 53, 6, 27, 52, 2, 7]
[SERVER] DEBUG: Snapshot #370 created with 12 entities including player 56 | All entities: [56, 37, 51, 54, 55, 22, 53, 6, 27, 52, 2, 7]
[SERIALIZE] Snapshot #370 | Player ID: 56 | Player in entity_ids: true | Entity count: 12 | All IDs (sorted): [2, 6, 7, 22, 27, 37, 51, 52, 53, 54, 55, 56]
[SERVER] DEBUG: About to add 9 entities to snapshot #440 | Player at [0]: true | Interest list: [55, 47, 32, 51, 54, 52, 56, 6, 27]
[SERVER] DEBUG: Snapshot #440 created with 9 entities including player 55 | All entities: [55, 47, 32, 51, 54, 52, 56, 6, 27]
[SERIALIZE] Snapshot #440 | Player ID: 55 | Player in entity_ids: true | Entity count: 9 | All IDs (sorted): [6, 27, 32, 47, 51, 52, 54, 55, 56]
[SERVER] Player entity 55 (peer 1887845398) moved from chunk (0, 1) to (0, 2) | Position: (22.2402, 129.3016)
[SERVER] DEBUG: About to add 12 entities to snapshot #380 | Player at [0]: true | Interest list: [56, 37, 51, 54, 52, 55, 22, 53, 6, 27, 2, 7]
[SERVER] DEBUG: Snapshot #380 created with 12 entities including player 56 | All entities: [56, 37, 51, 54, 52, 55, 22, 53, 6, 27, 2, 7]
[SERIALIZE] Snapshot #380 | Player ID: 56 | Player in entity_ids: true | Entity count: 12 | All IDs (sorted): [2, 6, 7, 22, 27, 37, 51, 52, 53, 54, 55, 56]
[SERVER] DEBUG: About to add 9 entities to snapshot #450 | Player at [0]: true | Interest list: [55, 47, 32, 54, 52, 56, 51, 6, 27]
[SERVER] DEBUG: Snapshot #450 created with 9 entities including player 55 | All entities: [55, 47, 32, 54, 52, 56, 51, 6, 27]
[SERIALIZE] Snapshot #450 | Player ID: 55 | Player in entity_ids: true | Entity count: 9 | All IDs (sorted): [6, 27, 32, 47, 51, 52, 54, 55, 56]
[SERVER] DEBUG: About to add 12 entities to snapshot #390 | Player at [0]: true | Interest list: [56, 37, 54, 52, 55, 22, 53, 51, 6, 27, 2, 7]
[SERVER] DEBUG: Snapshot #390 created with 12 entities including player 56 | All entities: [56, 37, 54, 52, 55, 22, 53, 51, 6, 27, 2, 7]
[SERIALIZE] Snapshot #390 | Player ID: 56 | Player in entity_ids: true | Entity count: 12 | All IDs (sorted): [2, 6, 7, 22, 27, 37, 51, 52, 53, 54, 55, 56]
[SERVER] DEBUG: About to add 9 entities to snapshot #460 | Player at [0]: true | Interest list: [55, 47, 32, 54, 52, 56, 51, 6, 27]
[SERVER] DEBUG: Snapshot #460 created with 9 entities including player 55 | All entities: [55, 47, 32, 54, 52, 56, 51, 6, 27]
[SERIALIZE] Snapshot #460 | Player ID: 55 | Player in entity_ids: true | Entity count: 9 | All IDs (sorted): [6, 27, 32, 47, 51, 52, 54, 55, 56]
[SERVER] Snapshot #400 | Tick: 195 | Timestamp: 9.75 | Player ID: 56 | Player pos: (124.0725, 17.20496) | Player chunk: (1, 0)
[SERVER] DEBUG: About to add 12 entities to snapshot #400 | Player at [0]: true | Interest list: [56, 37, 54, 52, 55, 22, 53, 51, 6, 27, 2, 7]
[SERVER] DEBUG: Snapshot #400 created with 12 entities including player 56 | All entities: [56, 37, 54, 52, 55, 22, 53, 51, 6, 27, 2, 7]
[SERIALIZE] Snapshot #400 | Player ID: 56 | Player in entity_ids: true | Entity count: 12 | All IDs (sorted): [2, 6, 7, 22, 27, 37, 51, 52, 53, 54, 55, 56]
Snapshot #400 to peer 1418554072: 12 entities, 137 bytes (uncompressed: ~600 bytes)
[SERVER] Player entity 55 (peer 1887845398) moved from chunk (0, 2) to (-1, 2) | Position: (-2.760424, 149.0816)
[SERVER] Player entity 56 (peer 1418554072) moved from chunk (1, 0) to (2, 0) | Position: (130.2133, 21.25454)
[SERVER] DEBUG: About to add 8 entities to snapshot #470 | Player at [0]: true | Interest list: [55, 47, 32, 54, 52, 51, 6, 27]
[SERVER] DEBUG: Snapshot #470 created with 8 entities including player 55 | All entities: [55, 47, 32, 54, 52, 51, 6, 27]
[SERIALIZE] Snapshot #470 | Player ID: 55 | Player in entity_ids: true | Entity count: 8 | All IDs (sorted): [6, 27, 32, 47, 51, 52, 54, 55]
[SERVER] DEBUG: About to add 11 entities to snapshot #410 | Player at [0]: true | Interest list: [56, 37, 54, 52, 22, 53, 51, 6, 27, 2, 7]
[SERVER] DEBUG: Snapshot #410 created with 11 entities including player 56 | All entities: [56, 37, 54, 52, 22, 53, 51, 6, 27, 2, 7]
[SERIALIZE] Snapshot #410 | Player ID: 56 | Player in entity_ids: true | Entity count: 11 | All IDs (sorted): [2, 6, 7, 22, 27, 37, 51, 52, 53, 54, 56]
[SERVER] DEBUG: About to add 8 entities to snapshot #480 | Player at [0]: true | Interest list: [55, 47, 32, 54, 52, 51, 6, 27]
[SERVER] DEBUG: Snapshot #480 created with 8 entities including player 55 | All entities: [55, 47, 32, 54, 52, 51, 6, 27]
[SERIALIZE] Snapshot #480 | Player ID: 55 | Player in entity_ids: true | Entity count: 8 | All IDs (sorted): [6, 27, 32, 47, 51, 52, 54, 55]
[SERVER] DEBUG: About to add 10 entities to snapshot #420 | Player at [0]: true | Interest list: [56, 54, 22, 53, 37, 51, 6, 27, 2, 7]
[SERVER] DEBUG: Snapshot #420 created with 10 entities including player 56 | All entities: [56, 54, 22, 53, 37, 51, 6, 27, 2, 7]
[SERIALIZE] Snapshot #420 | Player ID: 56 | Player in entity_ids: true | Entity count: 10 | All IDs (sorted): [2, 6, 7, 22, 27, 37, 51, 53, 54, 56]
[SERVER] DEBUG: About to add 8 entities to snapshot #490 | Player at [0]: true | Interest list: [55, 47, 32, 54, 52, 51, 6, 27]
[SERVER] DEBUG: Snapshot #490 created with 8 entities including player 55 | All entities: [55, 47, 32, 54, 52, 51, 6, 27]
[SERIALIZE] Snapshot #490 | Player ID: 55 | Player in entity_ids: true | Entity count: 8 | All IDs (sorted): [6, 27, 32, 47, 51, 52, 54, 55]
[SERVER] DEBUG: About to add 10 entities to snapshot #430 | Player at [0]: true | Interest list: [56, 54, 53, 22, 37, 51, 6, 27, 2, 7]
[SERVER] DEBUG: Snapshot #430 created with 10 entities including player 56 | All entities: [56, 54, 53, 22, 37, 51, 6, 27, 2, 7]
[SERIALIZE] Snapshot #430 | Player ID: 56 | Player in entity_ids: true | Entity count: 10 | All IDs (sorted): [2, 6, 7, 22, 27, 37, 51, 53, 54, 56]
[SERVER] Snapshot #500 | Tick: 208 | Timestamp: 10.4 | Player ID: 55 | Player pos: (-38.42718, 137.3163) | Player chunk: (-1, 2)
[SERVER] DEBUG: About to add 8 entities to snapshot #500 | Player at [0]: true | Interest list: [55, 47, 32, 52, 51, 54, 6, 27]
[SERVER] DEBUG: Snapshot #500 created with 8 entities including player 55 | All entities: [55, 47, 32, 52, 51, 54, 6, 27]
[SERIALIZE] Snapshot #500 | Player ID: 55 | Player in entity_ids: true | Entity count: 8 | All IDs (sorted): [6, 27, 32, 47, 51, 52, 54, 55]
Snapshot #500 to peer 1887845398: 8 entities, 96 bytes (uncompressed: ~400 bytes)
[SERVER] DEBUG: About to add 10 entities to snapshot #440 | Player at [0]: true | Interest list: [56, 53, 22, 37, 51, 54, 6, 27, 2, 7]
[SERVER] DEBUG: Snapshot #440 created with 10 entities including player 56 | All entities: [56, 53, 22, 37, 51, 54, 6, 27, 2, 7]
[SERIALIZE] Snapshot #440 | Player ID: 56 | Player in entity_ids: true | Entity count: 10 | All IDs (sorted): [2, 6, 7, 22, 27, 37, 51, 53, 54, 56]
[SERVER] DEBUG: About to add 11 entities to snapshot #510 | Player at [0]: true | Interest list: [55, 41, 47, 32, 52, 22, 37, 51, 54, 6, 27]
[SERVER] DEBUG: Snapshot #510 created with 11 entities including player 55 | All entities: [55, 41, 47, 32, 52, 22, 37, 51, 54, 6, 27]
[SERIALIZE] Snapshot #510 | Player ID: 55 | Player in entity_ids: true | Entity count: 11 | All IDs (sorted): [6, 22, 27, 32, 37, 41, 47, 51, 52, 54, 55]
[SERVER] Player entity 55 (peer 1887845398) moved from chunk (-1, 2) to (-1, 1) | Position: (-44.83669, 126.965)
[SERVER] DEBUG: About to add 10 entities to snapshot #450 | Player at [0]: true | Interest list: [56, 53, 22, 37, 51, 54, 6, 27, 2, 7]
[SERVER] DEBUG: Snapshot #450 created with 10 entities including player 56 | All entities: [56, 53, 22, 37, 51, 54, 6, 27, 2, 7]
[SERIALIZE] Snapshot #450 | Player ID: 56 | Player in entity_ids: true | Entity count: 10 | All IDs (sorted): [2, 6, 7, 22, 27, 37, 51, 53, 54, 56]
[SERVER] DEBUG: About to add 11 entities to snapshot #520 | Player at [0]: true | Interest list: [55, 41, 47, 32, 52, 22, 37, 51, 54, 6, 27]
[SERVER] DEBUG: Snapshot #520 created with 11 entities including player 55 | All entities: [55, 41, 47, 32, 52, 22, 37, 51, 54, 6, 27]
[SERIALIZE] Snapshot #520 | Player ID: 55 | Player in entity_ids: true | Entity count: 11 | All IDs (sorted): [6, 22, 27, 32, 37, 41, 47, 51, 52, 54, 55]
[SERVER] DEBUG: About to add 10 entities to snapshot #460 | Player at [0]: true | Interest list: [56, 53, 22, 37, 51, 54, 6, 27, 2, 7]
[SERVER] DEBUG: Snapshot #460 created with 10 entities including player 56 | All entities: [56, 53, 22, 37, 51, 54, 6, 27, 2, 7]
[SERIALIZE] Snapshot #460 | Player ID: 56 | Player in entity_ids: true | Entity count: 10 | All IDs (sorted): [2, 6, 7, 22, 27, 37, 51, 53, 54, 56]
[SERVER] DEBUG: About to add 11 entities to snapshot #530 | Player at [0]: true | Interest list: [55, 41, 47, 32, 52, 22, 37, 51, 54, 6, 27]
[SERVER] DEBUG: Snapshot #530 created with 11 entities including player 55 | All entities: [55, 41, 47, 32, 52, 22, 37, 51, 54, 6, 27]
[SERIALIZE] Snapshot #530 | Player ID: 55 | Player in entity_ids: true | Entity count: 11 | All IDs (sorted): [6, 22, 27, 32, 37, 41, 47, 51, 52, 54, 55]
[SERVER] DEBUG: About to add 10 entities to snapshot #470 | Player at [0]: true | Interest list: [56, 53, 22, 37, 51, 54, 6, 27, 2, 7]
[SERVER] DEBUG: Snapshot #470 created with 10 entities including player 56 | All entities: [56, 53, 22, 37, 51, 54, 6, 27, 2, 7]
[SERIALIZE] Snapshot #470 | Player ID: 56 | Player in entity_ids: true | Entity count: 10 | All IDs (sorted): [2, 6, 7, 22, 27, 37, 51, 53, 54, 56]
[SERVER] DEBUG: About to add 11 entities to snapshot #540 | Player at [0]: true | Interest list: [55, 41, 47, 32, 52, 22, 37, 51, 54, 6, 27]
[SERVER] DEBUG: Snapshot #540 created with 11 entities including player 55 | All entities: [55, 41, 47, 32, 52, 22, 37, 51, 54, 6, 27]
[SERIALIZE] Snapshot #540 | Player ID: 55 | Player in entity_ids: true | Entity count: 11 | All IDs (sorted): [6, 22, 27, 32, 37, 41, 47, 51, 52, 54, 55]
[SERVER] DEBUG: About to add 10 entities to snapshot #480 | Player at [0]: true | Interest list: [56, 53, 22, 37, 51, 54, 6, 27, 2, 7]
[SERVER] DEBUG: Snapshot #480 created with 10 entities including player 56 | All entities: [56, 53, 22, 37, 51, 54, 6, 27, 2, 7]
[SERIALIZE] Snapshot #480 | Player ID: 56 | Player in entity_ids: true | Entity count: 10 | All IDs (sorted): [2, 6, 7, 22, 27, 37, 51, 53, 54, 56]
[SERVER] DEBUG: About to add 10 entities to snapshot #550 | Player at [0]: true | Interest list: [55, 41, 47, 32, 22, 37, 51, 54, 6, 27]
[SERVER] DEBUG: Snapshot #550 created with 10 entities including player 55 | All entities: [55, 41, 47, 32, 22, 37, 51, 54, 6, 27]
[SERIALIZE] Snapshot #550 | Player ID: 55 | Player in entity_ids: true | Entity count: 10 | All IDs (sorted): [6, 22, 27, 32, 37, 41, 47, 51, 54, 55]
[SERVER] DEBUG: About to add 10 entities to snapshot #490 | Player at [0]: true | Interest list: [56, 53, 22, 37, 51, 54, 6, 27, 2, 7]
[SERVER] DEBUG: Snapshot #490 created with 10 entities including player 56 | All entities: [56, 53, 22, 37, 51, 54, 6, 27, 2, 7]
[SERIALIZE] Snapshot #490 | Player ID: 56 | Player in entity_ids: true | Entity count: 10 | All IDs (sorted): [2, 6, 7, 22, 27, 37, 51, 53, 54, 56]
[SERVER] DEBUG: About to add 10 entities to snapshot #560 | Player at [0]: true | Interest list: [55, 41, 47, 32, 22, 37, 51, 54, 6, 27]
[SERVER] DEBUG: Snapshot #560 created with 10 entities including player 55 | All entities: [55, 41, 47, 32, 22, 37, 51, 54, 6, 27]
[SERIALIZE] Snapshot #560 | Player ID: 55 | Player in entity_ids: true | Entity count: 10 | All IDs (sorted): [6, 22, 27, 32, 37, 41, 47, 51, 54, 55]
[SERVER] Snapshot #500 | Tick: 229 | Timestamp: 11.45 | Player ID: 56 | Player pos: (157.9092, 40.82315) | Player chunk: (2, 0)
[SERVER] DEBUG: About to add 10 entities to snapshot #500 | Player at [0]: true | Interest list: [56, 22, 37, 51, 54, 6, 27, 53, 2, 7]
[SERVER] DEBUG: Snapshot #500 created with 10 entities including player 56 | All entities: [56, 22, 37, 51, 54, 6, 27, 53, 2, 7]
[SERIALIZE] Snapshot #500 | Player ID: 56 | Player in entity_ids: true | Entity count: 10 | All IDs (sorted): [2, 6, 7, 22, 27, 37, 51, 53, 54, 56]
Snapshot #500 to peer 1418554072: 10 entities, 117 bytes (uncompressed: ~500 bytes)
[SERVER] DEBUG: About to add 9 entities to snapshot #570 | Player at [0]: true | Interest list: [55, 41, 47, 32, 37, 51, 54, 6, 27]
[SERVER] DEBUG: Snapshot #570 created with 9 entities including player 55 | All entities: [55, 41, 47, 32, 37, 51, 54, 6, 27]
[SERIALIZE] Snapshot #570 | Player ID: 55 | Player in entity_ids: true | Entity count: 9 | All IDs (sorted): [6, 27, 32, 37, 41, 47, 51, 54, 55]
[SERVER] DEBUG: About to add 10 entities to snapshot #510 | Player at [0]: true | Interest list: [56, 37, 51, 54, 6, 27, 53, 22, 2, 7]
[SERVER] DEBUG: Snapshot #510 created with 10 entities including player 56 | All entities: [56, 37, 51, 54, 6, 27, 53, 22, 2, 7]
[SERIALIZE] Snapshot #510 | Player ID: 56 | Player in entity_ids: true | Entity count: 10 | All IDs (sorted): [2, 6, 7, 22, 27, 37, 51, 53, 54, 56]
[SERVER] Player entity 55 (peer 1887845398) moved from chunk (-1, 1) to (0, 1) | Position: (1.664913, 78.58319)
[SERVER] DEBUG: About to add 10 entities to snapshot #580 | Player at [0]: true | Interest list: [55, 47, 32, 37, 51, 54, 6, 27, 22, 56]
[SERVER] DEBUG: Snapshot #580 created with 10 entities including player 55 | All entities: [55, 47, 32, 37, 51, 54, 6, 27, 22, 56]
[SERIALIZE] Snapshot #580 | Player ID: 55 | Player in entity_ids: true | Entity count: 10 | All IDs (sorted): [6, 22, 27, 32, 37, 47, 51, 54, 55, 56]
[SERVER] DEBUG: About to add 11 entities to snapshot #520 | Player at [0]: true | Interest list: [56, 55, 37, 51, 54, 6, 27, 53, 22, 2, 7]
[SERVER] DEBUG: Snapshot #520 created with 11 entities including player 56 | All entities: [56, 55, 37, 51, 54, 6, 27, 53, 22, 2, 7]
[SERIALIZE] Snapshot #520 | Player ID: 56 | Player in entity_ids: true | Entity count: 11 | All IDs (sorted): [2, 6, 7, 22, 27, 37, 51, 53, 54, 55, 56]
[SERVER] DEBUG: About to add 10 entities to snapshot #590 | Player at [0]: true | Interest list: [55, 47, 32, 37, 54, 6, 27, 22, 56, 51]
[SERVER] DEBUG: Snapshot #590 created with 10 entities including player 55 | All entities: [55, 47, 32, 37, 54, 6, 27, 22, 56, 51]
[SERIALIZE] Snapshot #590 | Player ID: 55 | Player in entity_ids: true | Entity count: 10 | All IDs (sorted): [6, 22, 27, 32, 37, 47, 51, 54, 55, 56]
[SERVER] DEBUG: About to add 11 entities to snapshot #530 | Player at [0]: true | Interest list: [56, 55, 37, 54, 6, 27, 53, 22, 51, 2, 7]
[SERVER] DEBUG: Snapshot #530 created with 11 entities including player 56 | All entities: [56, 55, 37, 54, 6, 27, 53, 22, 51, 2, 7]
[SERIALIZE] Snapshot #530 | Player ID: 56 | Player in entity_ids: true | Entity count: 11 | All IDs (sorted): [2, 6, 7, 22, 27, 37, 51, 53, 54, 55, 56]
[SERVER] Snapshot #600 | Tick: 241 | Timestamp: 12.05 | Player ID: 55 | Player pos: (20.92696, 94.58434) | Player chunk: (0, 1)
[SERVER] DEBUG: About to add 10 entities to snapshot #600 | Player at [0]: true | Interest list: [55, 47, 32, 37, 54, 6, 27, 22, 56, 51]
[SERVER] DEBUG: Snapshot #600 created with 10 entities including player 55 | All entities: [55, 47, 32, 37, 54, 6, 27, 22, 56, 51]
[SERIALIZE] Snapshot #600 | Player ID: 55 | Player in entity_ids: true | Entity count: 10 | All IDs (sorted): [6, 22, 27, 32, 37, 47, 51, 54, 55, 56]
Snapshot #600 to peer 1887845398: 10 entities, 117 bytes (uncompressed: ~500 bytes)
[SERVER] DEBUG: About to add 11 entities to snapshot #540 | Player at [0]: true | Interest list: [56, 55, 37, 54, 6, 27, 53, 22, 51, 2, 7]
[SERVER] DEBUG: Snapshot #540 created with 11 entities including player 56 | All entities: [56, 55, 37, 54, 6, 27, 53, 22, 51, 2, 7]
[SERIALIZE] Snapshot #540 | Player ID: 56 | Player in entity_ids: true | Entity count: 11 | All IDs (sorted): [2, 6, 7, 22, 27, 37, 51, 53, 54, 55, 56]
[SERVER] DEBUG: About to add 10 entities to snapshot #610 | Player at [0]: true | Interest list: [55, 47, 32, 37, 54, 6, 27, 22, 56, 51]
[SERVER] DEBUG: Snapshot #610 created with 10 entities including player 55 | All entities: [55, 47, 32, 37, 54, 6, 27, 22, 56, 51]
[SERIALIZE] Snapshot #610 | Player ID: 55 | Player in entity_ids: true | Entity count: 10 | All IDs (sorted): [6, 22, 27, 32, 37, 47, 51, 54, 55, 56]
[SERVER] DEBUG: About to add 11 entities to snapshot #550 | Player at [0]: true | Interest list: [56, 55, 37, 54, 6, 27, 53, 22, 51, 2, 7]
[SERVER] DEBUG: Snapshot #550 created with 11 entities including player 56 | All entities: [56, 55, 37, 54, 6, 27, 53, 22, 51, 2, 7]
[SERIALIZE] Snapshot #550 | Player ID: 56 | Player in entity_ids: true | Entity count: 11 | All IDs (sorted): [2, 6, 7, 22, 27, 37, 51, 53, 54, 55, 56]
[SERVER] DEBUG: About to add 11 entities to snapshot #620 | Player at [0]: true | Interest list: [55, 47, 32, 52, 37, 54, 6, 27, 22, 56, 51]
[SERVER] DEBUG: Snapshot #620 created with 11 entities including player 55 | All entities: [55, 47, 32, 52, 37, 54, 6, 27, 22, 56, 51]
[SERIALIZE] Snapshot #620 | Player ID: 55 | Player in entity_ids: true | Entity count: 11 | All IDs (sorted): [6, 22, 27, 32, 37, 47, 51, 52, 54, 55, 56]
[SERVER] DEBUG: About to add 11 entities to snapshot #560 | Player at [0]: true | Interest list: [56, 55, 37, 54, 6, 27, 53, 22, 51, 2, 7]
[SERVER] DEBUG: Snapshot #560 created with 11 entities including player 56 | All entities: [56, 55, 37, 54, 6, 27, 53, 22, 51, 2, 7]
[SERIALIZE] Snapshot #560 | Player ID: 56 | Player in entity_ids: true | Entity count: 11 | All IDs (sorted): [2, 6, 7, 22, 27, 37, 51, 53, 54, 55, 56]
[SERVER] DEBUG: About to add 8 entities to snapshot #630 | Player at [0]: true | Interest list: [55, 47, 32, 52, 6, 27, 56, 51]
[SERVER] DEBUG: Snapshot #630 created with 8 entities including player 55 | All entities: [55, 47, 32, 52, 6, 27, 56, 51]
[SERIALIZE] Snapshot #630 | Player ID: 55 | Player in entity_ids: true | Entity count: 8 | All IDs (sorted): [6, 27, 32, 47, 51, 52, 55, 56]
[SERVER] Player entity 55 (peer 1887845398) moved from chunk (0, 1) to (0, 2) | Position: (22.03192, 129.7681)
[SERVER] DEBUG: About to add 11 entities to snapshot #570 | Player at [0]: true | Interest list: [56, 55, 37, 54, 6, 27, 53, 22, 51, 2, 7]
[SERVER] DEBUG: Snapshot #570 created with 11 entities including player 56 | All entities: [56, 55, 37, 54, 6, 27, 53, 22, 51, 2, 7]
[SERIALIZE] Snapshot #570 | Player ID: 56 | Player in entity_ids: true | Entity count: 11 | All IDs (sorted): [2, 6, 7, 22, 27, 37, 51, 53, 54, 55, 56]
[SERVER] DEBUG: About to add 8 entities to snapshot #640 | Player at [0]: true | Interest list: [55, 47, 32, 52, 6, 27, 56, 51]
[SERVER] DEBUG: Snapshot #640 created with 8 entities including player 55 | All entities: [55, 47, 32, 52, 6, 27, 56, 51]
[SERIALIZE] Snapshot #640 | Player ID: 55 | Player in entity_ids: true | Entity count: 8 | All IDs (sorted): [6, 27, 32, 47, 51, 52, 55, 56]
[SERVER] DEBUG: About to add 11 entities to snapshot #580 | Player at [0]: true | Interest list: [56, 55, 37, 54, 6, 27, 53, 22, 51, 2, 7]
[SERVER] DEBUG: Snapshot #580 created with 11 entities including player 56 | All entities: [56, 55, 37, 54, 6, 27, 53, 22, 51, 2, 7]
[SERIALIZE] Snapshot #580 | Player ID: 56 | Player in entity_ids: true | Entity count: 11 | All IDs (sorted): [2, 6, 7, 22, 27, 37, 51, 53, 54, 55, 56]
[SERVER] DEBUG: About to add 8 entities to snapshot #650 | Player at [0]: true | Interest list: [55, 47, 32, 52, 6, 27, 56, 51]
[SERVER] DEBUG: Snapshot #650 created with 8 entities including player 55 | All entities: [55, 47, 32, 52, 6, 27, 56, 51]
[SERIALIZE] Snapshot #650 | Player ID: 55 | Player in entity_ids: true | Entity count: 8 | All IDs (sorted): [6, 27, 32, 47, 51, 52, 55, 56]
[SERVER] DEBUG: About to add 11 entities to snapshot #590 | Player at [0]: true | Interest list: [56, 55, 37, 54, 6, 27, 53, 22, 51, 2, 7]
[SERVER] DEBUG: Snapshot #590 created with 11 entities including player 56 | All entities: [56, 55, 37, 54, 6, 27, 53, 22, 51, 2, 7]
[SERIALIZE] Snapshot #590 | Player ID: 56 | Player in entity_ids: true | Entity count: 11 | All IDs (sorted): [2, 6, 7, 22, 27, 37, 51, 53, 54, 55, 56]
[SERVER] Player entity 55 (peer 1887845398) moved from chunk (0, 2) to (-1, 2) | Position: (-0.129864, 148.2862)
[SERVER] Received input from 1418554072: (0.630828, 0.775922) | Ack: 592
[SERVER] DEBUG: About to add 6 entities to snapshot #660 | Player at [0]: true | Interest list: [55, 47, 32, 52, 6, 27]
[SERVER] DEBUG: Snapshot #660 created with 6 entities including player 55 | All entities: [55, 47, 32, 52, 6, 27]
[SERIALIZE] Snapshot #660 | Player ID: 55 | Player in entity_ids: true | Entity count: 6 | All IDs (sorted): [6, 27, 32, 47, 52, 55]
[SERVER] Snapshot #600 | Tick: 262 | Timestamp: 13.1 | Player ID: 56 | Player pos: (176.3, 17.13038) | Player chunk: (2, 0)
[SERVER] DEBUG: About to add 10 entities to snapshot #600 | Player at [0]: true | Interest list: [56, 37, 54, 6, 27, 53, 22, 51, 2, 7]
[SERVER] DEBUG: Snapshot #600 created with 10 entities including player 56 | All entities: [56, 37, 54, 6, 27, 53, 22, 51, 2, 7]
[SERIALIZE] Snapshot #600 | Player ID: 56 | Player in entity_ids: true | Entity count: 10 | All IDs (sorted): [2, 6, 7, 22, 27, 37, 51, 53, 54, 56]
Snapshot #600 to peer 1418554072: 10 entities, 117 bytes (uncompressed: ~500 bytes)
[SERVER] DEBUG: About to add 6 entities to snapshot #670 | Player at [0]: true | Interest list: [55, 47, 32, 52, 6, 27]
[SERVER] DEBUG: Snapshot #670 created with 6 entities including player 55 | All entities: [55, 47, 32, 52, 6, 27]
[SERIALIZE] Snapshot #670 | Player ID: 55 | Player in entity_ids: true | Entity count: 6 | All IDs (sorted): [6, 27, 32, 47, 52, 55]
[SERVER] DEBUG: About to add 10 entities to snapshot #610 | Player at [0]: true | Interest list: [56, 37, 54, 6, 27, 53, 22, 51, 2, 7]
[SERVER] DEBUG: Snapshot #610 created with 10 entities including player 56 | All entities: [56, 37, 54, 6, 27, 53, 22, 51, 2, 7]
[SERIALIZE] Snapshot #610 | Player ID: 56 | Player in entity_ids: true | Entity count: 10 | All IDs (sorted): [2, 6, 7, 22, 27, 37, 51, 53, 54, 56]
[SERVER] DEBUG: About to add 6 entities to snapshot #680 | Player at [0]: true | Interest list: [55, 47, 32, 52, 6, 27]
[SERVER] DEBUG: Snapshot #680 created with 6 entities including player 55 | All entities: [55, 47, 32, 52, 6, 27]
[SERIALIZE] Snapshot #680 | Player ID: 55 | Player in entity_ids: true | Entity count: 6 | All IDs (sorted): [6, 27, 32, 47, 52, 55]
[SERVER] DEBUG: About to add 10 entities to snapshot #620 | Player at [0]: true | Interest list: [56, 37, 54, 6, 27, 53, 22, 51, 2, 7]
[SERVER] DEBUG: Snapshot #620 created with 10 entities including player 56 | All entities: [56, 37, 54, 6, 27, 53, 22, 51, 2, 7]
[SERIALIZE] Snapshot #620 | Player ID: 56 | Player in entity_ids: true | Entity count: 10 | All IDs (sorted): [2, 6, 7, 22, 27, 37, 51, 53, 54, 56]
[SERVER] DEBUG: About to add 6 entities to snapshot #690 | Player at [0]: true | Interest list: [55, 47, 32, 52, 6, 27]
[SERVER] DEBUG: Snapshot #690 created with 6 entities including player 55 | All entities: [55, 47, 32, 52, 6, 27]
[SERIALIZE] Snapshot #690 | Player ID: 55 | Player in entity_ids: true | Entity count: 6 | All IDs (sorted): [6, 27, 32, 47, 52, 55]
[SERVER] DEBUG: About to add 10 entities to snapshot #630 | Player at [0]: true | Interest list: [56, 37, 54, 6, 27, 53, 22, 51, 2, 7]
[SERVER] DEBUG: Snapshot #630 created with 10 entities including player 56 | All entities: [56, 37, 54, 6, 27, 53, 22, 51, 2, 7]
[SERIALIZE] Snapshot #630 | Player ID: 56 | Player in entity_ids: true | Entity count: 10 | All IDs (sorted): [2, 6, 7, 22, 27, 37, 51, 53, 54, 56]
[SERVER] Player entity 55 (peer 1887845398) moved from chunk (-1, 2) to (-1, 1) | Position: (-45.04985, 126.3478)
[SERVER] Snapshot #700 | Tick: 275 | Timestamp: 13.75 | Player ID: 55 | Player pos: (-45.42089, 125.4917) | Player chunk: (-1, 1)
[SERVER] DEBUG: About to add 8 entities to snapshot #700 | Player at [0]: true | Interest list: [55, 41, 47, 32, 52, 54, 6, 27]
[SERVER] DEBUG: Snapshot #700 created with 8 entities including player 55 | All entities: [55, 41, 47, 32, 52, 54, 6, 27]
[SERIALIZE] Snapshot #700 | Player ID: 55 | Player in entity_ids: true | Entity count: 8 | All IDs (sorted): [6, 27, 32, 41, 47, 52, 54, 55]
Snapshot #700 to peer 1887845398: 8 entities, 96 bytes (uncompressed: ~400 bytes)
[SERVER] DEBUG: About to add 10 entities to snapshot #640 | Player at [0]: true | Interest list: [56, 54, 6, 27, 53, 22, 37, 51, 2, 7]
[SERVER] DEBUG: Snapshot #640 created with 10 entities including player 56 | All entities: [56, 54, 6, 27, 53, 22, 37, 51, 2, 7]
[SERIALIZE] Snapshot #640 | Player ID: 56 | Player in entity_ids: true | Entity count: 10 | All IDs (sorted): [2, 6, 7, 22, 27, 37, 51, 53, 54, 56]
[SERVER] DEBUG: About to add 8 entities to snapshot #710 | Player at [0]: true | Interest list: [55, 41, 47, 32, 52, 54, 6, 27]
[SERVER] DEBUG: Snapshot #710 created with 8 entities including player 55 | All entities: [55, 41, 47, 32, 52, 54, 6, 27]
[SERIALIZE] Snapshot #710 | Player ID: 55 | Player in entity_ids: true | Entity count: 8 | All IDs (sorted): [6, 27, 32, 41, 47, 52, 54, 55]
[SERVER] DEBUG: About to add 11 entities to snapshot #650 | Player at [0]: true | Interest list: [56, 52, 54, 6, 27, 53, 22, 37, 51, 2, 7]
[SERVER] DEBUG: Snapshot #650 created with 11 entities including player 56 | All entities: [56, 52, 54, 6, 27, 53, 22, 37, 51, 2, 7]
[SERIALIZE] Snapshot #650 | Player ID: 56 | Player in entity_ids: true | Entity count: 11 | All IDs (sorted): [2, 6, 7, 22, 27, 37, 51, 52, 53, 54, 56]
[SERVER] Received input from 1418554072: (-0.964469, 0.264194) | Ack: 651
[SERVER] DEBUG: About to add 8 entities to snapshot #720 | Player at [0]: true | Interest list: [55, 41, 47, 32, 52, 54, 6, 27]
[SERVER] DEBUG: Snapshot #720 created with 8 entities including player 55 | All entities: [55, 41, 47, 32, 52, 54, 6, 27]
[SERIALIZE] Snapshot #720 | Player ID: 55 | Player in entity_ids: true | Entity count: 8 | All IDs (sorted): [6, 27, 32, 41, 47, 52, 54, 55]
[SERVER] DEBUG: About to add 11 entities to snapshot #660 | Player at [0]: true | Interest list: [56, 52, 54, 6, 27, 53, 22, 37, 51, 2, 7]
[SERVER] DEBUG: Snapshot #660 created with 11 entities including player 56 | All entities: [56, 52, 54, 6, 27, 53, 22, 37, 51, 2, 7]
[SERIALIZE] Snapshot #660 | Player ID: 56 | Player in entity_ids: true | Entity count: 11 | All IDs (sorted): [2, 6, 7, 22, 27, 37, 51, 52, 53, 54, 56]
[SERVER] DEBUG: About to add 8 entities to snapshot #730 | Player at [0]: true | Interest list: [55, 41, 47, 32, 52, 54, 6, 27]
[SERVER] DEBUG: Snapshot #730 created with 8 entities including player 55 | All entities: [55, 41, 47, 32, 52, 54, 6, 27]
[SERIALIZE] Snapshot #730 | Player ID: 55 | Player in entity_ids: true | Entity count: 8 | All IDs (sorted): [6, 27, 32, 41, 47, 52, 54, 55]
[SERVER] DEBUG: About to add 11 entities to snapshot #670 | Player at [0]: true | Interest list: [56, 52, 54, 6, 27, 53, 22, 37, 51, 2, 7]
[SERVER] DEBUG: Snapshot #670 created with 11 entities including player 56 | All entities: [56, 52, 54, 6, 27, 53, 22, 37, 51, 2, 7]
[SERIALIZE] Snapshot #670 | Player ID: 56 | Player in entity_ids: true | Entity count: 11 | All IDs (sorted): [2, 6, 7, 22, 27, 37, 51, 52, 53, 54, 56]
[SERVER] DEBUG: About to add 7 entities to snapshot #740 | Player at [0]: true | Interest list: [55, 41, 47, 32, 52, 6, 27]
[SERVER] DEBUG: Snapshot #740 created with 7 entities including player 55 | All entities: [55, 41, 47, 32, 52, 6, 27]
[SERIALIZE] Snapshot #740 | Player ID: 55 | Player in entity_ids: true | Entity count: 7 | All IDs (sorted): [6, 27, 32, 41, 47, 52, 55]
[SERVER] DEBUG: About to add 11 entities to snapshot #680 | Player at [0]: true | Interest list: [56, 52, 6, 27, 53, 22, 37, 54, 51, 2, 7]
[SERVER] DEBUG: Snapshot #680 created with 11 entities including player 56 | All entities: [56, 52, 6, 27, 53, 22, 37, 54, 51, 2, 7]
[SERIALIZE] Snapshot #680 | Player ID: 56 | Player in entity_ids: true | Entity count: 11 | All IDs (sorted): [2, 6, 7, 22, 27, 37, 51, 52, 53, 54, 56]
[SERVER] DEBUG: About to add 7 entities to snapshot #750 | Player at [0]: true | Interest list: [55, 41, 47, 32, 52, 6, 27]
[SERVER] DEBUG: Snapshot #750 created with 7 entities including player 55 | All entities: [55, 41, 47, 32, 52, 6, 27]
[SERIALIZE] Snapshot #750 | Player ID: 55 | Player in entity_ids: true | Entity count: 7 | All IDs (sorted): [6, 27, 32, 41, 47, 52, 55]
[SERVER] DEBUG: About to add 11 entities to snapshot #690 | Player at [0]: true | Interest list: [56, 52, 6, 27, 53, 22, 37, 54, 51, 2, 7]
[SERVER] DEBUG: Snapshot #690 created with 11 entities including player 56 | All entities: [56, 52, 6, 27, 53, 22, 37, 54, 51, 2, 7]
[SERIALIZE] Snapshot #690 | Player ID: 56 | Player in entity_ids: true | Entity count: 11 | All IDs (sorted): [2, 6, 7, 22, 27, 37, 51, 52, 53, 54, 56]
[SERVER] DEBUG: About to add 7 entities to snapshot #760 | Player at [0]: true | Interest list: [55, 41, 47, 32, 52, 6, 27]
[SERVER] DEBUG: Snapshot #760 created with 7 entities including player 55 | All entities: [55, 41, 47, 32, 52, 6, 27]
[SERIALIZE] Snapshot #760 | Player ID: 55 | Player in entity_ids: true | Entity count: 7 | All IDs (sorted): [6, 27, 32, 41, 47, 52, 55]
[SERVER] Snapshot #700 | Tick: 295 | Timestamp: 14.75 | Player ID: 56 | Player pos: (176.0967, 20.02522) | Player chunk: (2, 0)
[SERVER] DEBUG: About to add 11 entities to snapshot #700 | Player at [0]: true | Interest list: [56, 52, 6, 27, 53, 22, 37, 54, 51, 2, 7]
[SERVER] DEBUG: Snapshot #700 created with 11 entities including player 56 | All entities: [56, 52, 6, 27, 53, 22, 37, 54, 51, 2, 7]
[SERIALIZE] Snapshot #700 | Player ID: 56 | Player in entity_ids: true | Entity count: 11 | All IDs (sorted): [2, 6, 7, 22, 27, 37, 51, 52, 53, 54, 56]
Snapshot #700 to peer 1418554072: 11 entities, 127 bytes (uncompressed: ~550 bytes)
[SERVER] Player entity 55 (peer 1887845398) moved from chunk (-1, 1) to (0, 1) | Position: (2.148072, 78.74233)
[SERVER] DEBUG: About to add 11 entities to snapshot #770 | Player at [0]: true | Interest list: [55, 47, 32, 52, 6, 27, 22, 37, 54, 56, 51]
[SERVER] DEBUG: Snapshot #770 created with 11 entities including player 55 | All entities: [55, 47, 32, 52, 6, 27, 22, 37, 54, 56, 51]
[SERIALIZE] Snapshot #770 | Player ID: 55 | Player in entity_ids: true | Entity count: 11 | All IDs (sorted): [6, 22, 27, 32, 37, 47, 51, 52, 54, 55, 56]
[SERVER] DEBUG: About to add 12 entities to snapshot #710 | Player at [0]: true | Interest list: [56, 55, 52, 6, 27, 53, 22, 37, 54, 51, 2, 7]
[SERVER] DEBUG: Snapshot #710 created with 12 entities including player 56 | All entities: [56, 55, 52, 6, 27, 53, 22, 37, 54, 51, 2, 7]
[SERIALIZE] Snapshot #710 | Player ID: 56 | Player in entity_ids: true | Entity count: 12 | All IDs (sorted): [2, 6, 7, 22, 27, 37, 51, 52, 53, 54, 55, 56]
[SERVER] DEBUG: About to add 10 entities to snapshot #780 | Player at [0]: true | Interest list: [55, 47, 32, 52, 6, 27, 22, 54, 56, 51]
[SERVER] DEBUG: Snapshot #780 created with 10 entities including player 55 | All entities: [55, 47, 32, 52, 6, 27, 22, 54, 56, 51]
[SERIALIZE] Snapshot #780 | Player ID: 55 | Player in entity_ids: true | Entity count: 10 | All IDs (sorted): [6, 22, 27, 32, 47, 51, 52, 54, 55, 56]
[SERVER] DEBUG: About to add 12 entities to snapshot #720 | Player at [0]: true | Interest list: [56, 55, 52, 6, 27, 53, 37, 22, 54, 51, 2, 7]
[SERVER] DEBUG: Snapshot #720 created with 12 entities including player 56 | All entities: [56, 55, 52, 6, 27, 53, 37, 22, 54, 51, 2, 7]
[SERIALIZE] Snapshot #720 | Player ID: 56 | Player in entity_ids: true | Entity count: 12 | All IDs (sorted): [2, 6, 7, 22, 27, 37, 51, 52, 53, 54, 55, 56]
[SERVER] DEBUG: About to add 9 entities to snapshot #790 | Player at [0]: true | Interest list: [55, 47, 32, 52, 6, 27, 54, 56, 51]
[SERVER] DEBUG: Snapshot #790 created with 9 entities including player 55 | All entities: [55, 47, 32, 52, 6, 27, 54, 56, 51]
[SERIALIZE] Snapshot #790 | Player ID: 55 | Player in entity_ids: true | Entity count: 9 | All IDs (sorted): [6, 27, 32, 47, 51, 52, 54, 55, 56]
[SERVER] DEBUG: About to add 12 entities to snapshot #730 | Player at [0]: true | Interest list: [56, 55, 52, 6, 27, 53, 37, 22, 54, 51, 2, 7]
[SERVER] DEBUG: Snapshot #730 created with 12 entities including player 56 | All entities: [56, 55, 52, 6, 27, 53, 37, 22, 54, 51, 2, 7]
[SERIALIZE] Snapshot #730 | Player ID: 56 | Player in entity_ids: true | Entity count: 12 | All IDs (sorted): [2, 6, 7, 22, 27, 37, 51, 52, 53, 54, 55, 56]
[SERVER] Snapshot #800 | Tick: 308 | Timestamp: 15.4 | Player ID: 55 | Player pos: (21.6272, 91.97155) | Player chunk: (0, 1)
[SERVER] DEBUG: About to add 9 entities to snapshot #800 | Player at [0]: true | Interest list: [55, 47, 32, 52, 6, 27, 54, 56, 51]
[SERVER] DEBUG: Snapshot #800 created with 9 entities including player 55 | All entities: [55, 47, 32, 52, 6, 27, 54, 56, 51]
[SERIALIZE] Snapshot #800 | Player ID: 55 | Player in entity_ids: true | Entity count: 9 | All IDs (sorted): [6, 27, 32, 47, 51, 52, 54, 55, 56]
Snapshot #800 to peer 1887845398: 9 entities, 107 bytes (uncompressed: ~450 bytes)
[SERVER] DEBUG: About to add 12 entities to snapshot #740 | Player at [0]: true | Interest list: [56, 55, 52, 6, 27, 53, 37, 22, 54, 51, 2, 7]
[SERVER] DEBUG: Snapshot #740 created with 12 entities including player 56 | All entities: [56, 55, 52, 6, 27, 53, 37, 22, 54, 51, 2, 7]
[SERIALIZE] Snapshot #740 | Player ID: 56 | Player in entity_ids: true | Entity count: 12 | All IDs (sorted): [2, 6, 7, 22, 27, 37, 51, 52, 53, 54, 55, 56]
[SERVER] DEBUG: About to add 9 entities to snapshot #810 | Player at [0]: true | Interest list: [55, 47, 32, 52, 6, 27, 54, 56, 51]
[SERVER] DEBUG: Snapshot #810 created with 9 entities including player 55 | All entities: [55, 47, 32, 52, 6, 27, 54, 56, 51]
[SERIALIZE] Snapshot #810 | Player ID: 55 | Player in entity_ids: true | Entity count: 9 | All IDs (sorted): [6, 27, 32, 47, 51, 52, 54, 55, 56]
[SERVER] DEBUG: About to add 12 entities to snapshot #750 | Player at [0]: true | Interest list: [56, 55, 52, 6, 27, 53, 37, 22, 54, 51, 2, 7]
[SERVER] DEBUG: Snapshot #750 created with 12 entities including player 56 | All entities: [56, 55, 52, 6, 27, 53, 37, 22, 54, 51, 2, 7]
[SERIALIZE] Snapshot #750 | Player ID: 56 | Player in entity_ids: true | Entity count: 12 | All IDs (sorted): [2, 6, 7, 22, 27, 37, 51, 52, 53, 54, 55, 56]
[SERIALIZE] WARNING: Player 56 unchanged from baseline in snapshot #750 - copying from baseline
[SERVER] DEBUG: About to add 9 entities to snapshot #820 | Player at [0]: true | Interest list: [55, 47, 32, 52, 6, 27, 54, 56, 51]
[SERVER] DEBUG: Snapshot #820 created with 9 entities including player 55 | All entities: [55, 47, 32, 52, 6, 27, 54, 56, 51]
[SERIALIZE] Snapshot #820 | Player ID: 55 | Player in entity_ids: true | Entity count: 9 | All IDs (sorted): [6, 27, 32, 47, 51, 52, 54, 55, 56]
[SERVER] DEBUG: About to add 12 entities to snapshot #760 | Player at [0]: true | Interest list: [56, 55, 52, 6, 27, 53, 37, 22, 54, 51, 2, 7]
[SERVER] DEBUG: Snapshot #760 created with 12 entities including player 56 | All entities: [56, 55, 52, 6, 27, 53, 37, 22, 54, 51, 2, 7]
[SERIALIZE] Snapshot #760 | Player ID: 56 | Player in entity_ids: true | Entity count: 12 | All IDs (sorted): [2, 6, 7, 22, 27, 37, 51, 52, 53, 54, 55, 56]
[SERVER] DEBUG: About to add 9 entities to snapshot #830 | Player at [0]: true | Interest list: [55, 47, 32, 52, 6, 27, 54, 56, 51]
[SERVER] DEBUG: Snapshot #830 created with 9 entities including player 55 | All entities: [55, 47, 32, 52, 6, 27, 54, 56, 51]
[SERIALIZE] Snapshot #830 | Player ID: 55 | Player in entity_ids: true | Entity count: 9 | All IDs (sorted): [6, 27, 32, 47, 51, 52, 54, 55, 56]
[SERVER] DEBUG: About to add 12 entities to snapshot #770 | Player at [0]: true | Interest list: [56, 55, 52, 6, 27, 53, 37, 22, 54, 51, 2, 7]
[SERVER] DEBUG: Snapshot #770 created with 12 entities including player 56 | All entities: [56, 55, 52, 6, 27, 53, 37, 22, 54, 51, 2, 7]
[SERIALIZE] Snapshot #770 | Player ID: 56 | Player in entity_ids: true | Entity count: 12 | All IDs (sorted): [2, 6, 7, 22, 27, 37, 51, 52, 53, 54, 55, 56]
[SERVER] Received input from 1887845398: (-0.883629, 0.468187) | Ack: 834
[SERVER] DEBUG: About to add 9 entities to snapshot #840 | Player at [0]: true | Interest list: [55, 47, 32, 52, 6, 27, 54, 56, 51]
[SERVER] DEBUG: Snapshot #840 created with 9 entities including player 55 | All entities: [55, 47, 32, 52, 6, 27, 54, 56, 51]
[SERIALIZE] Snapshot #840 | Player ID: 55 | Player in entity_ids: true | Entity count: 9 | All IDs (sorted): [6, 27, 32, 47, 51, 52, 54, 55, 56]
[SERVER] DEBUG: About to add 11 entities to snapshot #780 | Player at [0]: true | Interest list: [56, 55, 6, 27, 53, 37, 22, 54, 51, 2, 7]
[SERVER] DEBUG: Snapshot #780 created with 11 entities including player 56 | All entities: [56, 55, 6, 27, 53, 37, 22, 54, 51, 2, 7]
[SERIALIZE] Snapshot #780 | Player ID: 56 | Player in entity_ids: true | Entity count: 11 | All IDs (sorted): [2, 6, 7, 22, 27, 37, 51, 53, 54, 55, 56]
[SERVER] DEBUG: About to add 9 entities to snapshot #850 | Player at [0]: true | Interest list: [55, 47, 32, 52, 6, 27, 54, 56, 51]
[SERVER] DEBUG: Snapshot #850 created with 9 entities including player 55 | All entities: [55, 47, 32, 52, 6, 27, 54, 56, 51]
[SERIALIZE] Snapshot #850 | Player ID: 55 | Player in entity_ids: true | Entity count: 9 | All IDs (sorted): [6, 27, 32, 47, 51, 52, 54, 55, 56]
[SERVER] DEBUG: About to add 11 entities to snapshot #790 | Player at [0]: true | Interest list: [56, 55, 6, 27, 53, 37, 22, 54, 51, 2, 7]
[SERVER] DEBUG: Snapshot #790 created with 11 entities including player 56 | All entities: [56, 55, 6, 27, 53, 37, 22, 54, 51, 2, 7]
[SERIALIZE] Snapshot #790 | Player ID: 56 | Player in entity_ids: true | Entity count: 11 | All IDs (sorted): [2, 6, 7, 22, 27, 37, 51, 53, 54, 55, 56]
[SERVER] Player entity 55 (peer 1887845398) moved from chunk (0, 1) to (-1, 1) | Position: (-1.651612, 83.93266)
[SERVER] DEBUG: About to add 7 entities to snapshot #860 | Player at [0]: true | Interest list: [55, 41, 47, 32, 52, 6, 27]
[SERVER] DEBUG: Snapshot #860 created with 7 entities including player 55 | All entities: [55, 41, 47, 32, 52, 6, 27]
[SERIALIZE] Snapshot #860 | Player ID: 55 | Player in entity_ids: true | Entity count: 7 | All IDs (sorted): [6, 27, 32, 41, 47, 52, 55]
[SERVER] Snapshot #800 | Tick: 329 | Timestamp: 16.45 | Player ID: 56 | Player pos: (176.0967, 17.4084) | Player chunk: (2, 0)
[SERVER] DEBUG: About to add 10 entities to snapshot #800 | Player at [0]: true | Interest list: [56, 6, 27, 53, 37, 22, 54, 51, 2, 7]
[SERVER] DEBUG: Snapshot #800 created with 10 entities including player 56 | All entities: [56, 6, 27, 53, 37, 22, 54, 51, 2, 7]
[SERIALIZE] Snapshot #800 | Player ID: 56 | Player in entity_ids: true | Entity count: 10 | All IDs (sorted): [2, 6, 7, 22, 27, 37, 51, 53, 54, 56]
Snapshot #800 to peer 1418554072: 10 entities, 117 bytes (uncompressed: ~500 bytes)
[SERVER] DEBUG: About to add 7 entities to snapshot #870 | Player at [0]: true | Interest list: [55, 41, 47, 32, 52, 6, 27]
[SERVER] DEBUG: Snapshot #870 created with 7 entities including player 55 | All entities: [55, 41, 47, 32, 52, 6, 27]
[SERIALIZE] Snapshot #870 | Player ID: 55 | Player in entity_ids: true | Entity count: 7 | All IDs (sorted): [6, 27, 32, 41, 47, 52, 55]
[SERVER] DEBUG: About to add 10 entities to snapshot #810 | Player at [0]: true | Interest list: [56, 6, 27, 53, 37, 22, 54, 51, 2, 7]
[SERVER] DEBUG: Snapshot #810 created with 10 entities including player 56 | All entities: [56, 6, 27, 53, 37, 22, 54, 51, 2, 7]
[SERIALIZE] Snapshot #810 | Player ID: 56 | Player in entity_ids: true | Entity count: 10 | All IDs (sorted): [2, 6, 7, 22, 27, 37, 51, 53, 54, 56]
[SERVER] DEBUG: About to add 7 entities to snapshot #880 | Player at [0]: true | Interest list: [55, 41, 47, 32, 52, 6, 27]
[SERVER] DEBUG: Snapshot #880 created with 7 entities including player 55 | All entities: [55, 41, 47, 32, 52, 6, 27]
[SERIALIZE] Snapshot #880 | Player ID: 55 | Player in entity_ids: true | Entity count: 7 | All IDs (sorted): [6, 27, 32, 41, 47, 52, 55]
[SERVER] DEBUG: About to add 10 entities to snapshot #820 | Player at [0]: true | Interest list: [56, 6, 27, 53, 37, 22, 54, 51, 2, 7]
[SERVER] DEBUG: Snapshot #820 created with 10 entities including player 56 | All entities: [56, 6, 27, 53, 37, 22, 54, 51, 2, 7]
[SERIALIZE] Snapshot #820 | Player ID: 56 | Player in entity_ids: true | Entity count: 10 | All IDs (sorted): [2, 6, 7, 22, 27, 37, 51, 53, 54, 56]
[SERVER] Player entity 55 (peer 1887845398) moved from chunk (-1, 1) to (-1, 0) | Position: (-23.25285, 62.01319)
[SERVER] DEBUG: About to add 6 entities to snapshot #890 | Player at [0]: true | Interest list: [55, 41, 32, 52, 6, 27]
[SERVER] DEBUG: Snapshot #890 created with 6 entities including player 55 | All entities: [55, 41, 32, 52, 6, 27]
[SERIALIZE] Snapshot #890 | Player ID: 55 | Player in entity_ids: true | Entity count: 6 | All IDs (sorted): [6, 27, 32, 41, 52, 55]
[SERVER] DEBUG: About to add 10 entities to snapshot #830 | Player at [0]: true | Interest list: [56, 6, 27, 53, 37, 22, 54, 51, 2, 7]
[SERVER] DEBUG: Snapshot #830 created with 10 entities including player 56 | All entities: [56, 6, 27, 53, 37, 22, 54, 51, 2, 7]
[SERIALIZE] Snapshot #830 | Player ID: 56 | Player in entity_ids: true | Entity count: 10 | All IDs (sorted): [2, 6, 7, 22, 27, 37, 51, 53, 54, 56]
[SERVER] Received input from 1887845398: (-0.071924, -0.99741) | Ack: 893
[SERVER] Snapshot #900 | Tick: 341 | Timestamp: 17.05 | Player ID: 55 | Player pos: (-24.34947, 48.35683) | Player chunk: (-1, 0)
[SERVER] DEBUG: About to add 6 entities to snapshot #900 | Player at [0]: true | Interest list: [55, 41, 32, 52, 6, 27]
[SERVER] DEBUG: Snapshot #900 created with 6 entities including player 55 | All entities: [55, 41, 32, 52, 6, 27]
[SERIALIZE] Snapshot #900 | Player ID: 55 | Player in entity_ids: true | Entity count: 6 | All IDs (sorted): [6, 27, 32, 41, 52, 55]
Snapshot #900 to peer 1887845398: 6 entities, 76 bytes (uncompressed: ~300 bytes)
[SERVER] DEBUG: About to add 10 entities to snapshot #840 | Player at [0]: true | Interest list: [56, 6, 27, 53, 37, 22, 54, 51, 2, 7]
[SERVER] DEBUG: Snapshot #840 created with 10 entities including player 56 | All entities: [56, 6, 27, 53, 37, 22, 54, 51, 2, 7]
[SERIALIZE] Snapshot #840 | Player ID: 56 | Player in entity_ids: true | Entity count: 10 | All IDs (sorted): [2, 6, 7, 22, 27, 37, 51, 53, 54, 56]
[SERVER] DEBUG: About to add 6 entities to snapshot #910 | Player at [0]: true | Interest list: [55, 41, 32, 52, 6, 27]
[SERVER] DEBUG: Snapshot #910 created with 6 entities including player 55 | All entities: [55, 41, 32, 52, 6, 27]
[SERIALIZE] Snapshot #910 | Player ID: 55 | Player in entity_ids: true | Entity count: 6 | All IDs (sorted): [6, 27, 32, 41, 52, 55]
[SERVER] DEBUG: About to add 10 entities to snapshot #850 | Player at [0]: true | Interest list: [56, 6, 27, 53, 37, 22, 54, 51, 2, 7]
[SERVER] DEBUG: Snapshot #850 created with 10 entities including player 56 | All entities: [56, 6, 27, 53, 37, 22, 54, 51, 2, 7]
[SERIALIZE] Snapshot #850 | Player ID: 56 | Player in entity_ids: true | Entity count: 10 | All IDs (sorted): [2, 6, 7, 22, 27, 37, 51, 53, 54, 56]
[SERVER] DEBUG: About to add 6 entities to snapshot #920 | Player at [0]: true | Interest list: [55, 41, 32, 52, 6, 27]
[SERVER] DEBUG: Snapshot #920 created with 6 entities including player 55 | All entities: [55, 41, 32, 52, 6, 27]
[SERIALIZE] Snapshot #920 | Player ID: 55 | Player in entity_ids: true | Entity count: 6 | All IDs (sorted): [6, 27, 32, 41, 52, 55]
[SERVER] DEBUG: About to add 10 entities to snapshot #860 | Player at [0]: true | Interest list: [56, 6, 27, 53, 37, 22, 54, 51, 2, 7]
[SERVER] DEBUG: Snapshot #860 created with 10 entities including player 56 | All entities: [56, 6, 27, 53, 37, 22, 54, 51, 2, 7]
[SERIALIZE] Snapshot #860 | Player ID: 56 | Player in entity_ids: true | Entity count: 10 | All IDs (sorted): [2, 6, 7, 22, 27, 37, 51, 53, 54, 56]
[SERVER] DEBUG: About to add 6 entities to snapshot #930 | Player at [0]: true | Interest list: [55, 41, 32, 52, 6, 27]
[SERVER] DEBUG: Snapshot #930 created with 6 entities including player 55 | All entities: [55, 41, 32, 52, 6, 27]
[SERIALIZE] Snapshot #930 | Player ID: 55 | Player in entity_ids: true | Entity count: 6 | All IDs (sorted): [6, 27, 32, 41, 52, 55]
[SERVER] DEBUG: About to add 10 entities to snapshot #870 | Player at [0]: true | Interest list: [56, 6, 27, 53, 37, 22, 54, 51, 2, 7]
[SERVER] DEBUG: Snapshot #870 created with 10 entities including player 56 | All entities: [56, 6, 27, 53, 37, 22, 54, 51, 2, 7]
[SERIALIZE] Snapshot #870 | Player ID: 56 | Player in entity_ids: true | Entity count: 10 | All IDs (sorted): [2, 6, 7, 22, 27, 37, 51, 53, 54, 56]
[SERVER] Player entity 55 (peer 1887845398) moved from chunk (-1, 0) to (0, 0) | Position: (0.689096, 15.43403)
[SERVER] DEBUG: About to add 11 entities to snapshot #940 | Player at [0]: true | Interest list: [55, 32, 52, 6, 27, 53, 37, 22, 54, 56, 51]
[SERVER] DEBUG: Snapshot #940 created with 11 entities including player 55 | All entities: [55, 32, 52, 6, 27, 53, 37, 22, 54, 56, 51]
[SERIALIZE] Snapshot #940 | Player ID: 55 | Player in entity_ids: true | Entity count: 11 | All IDs (sorted): [6, 22, 27, 32, 37, 51, 52, 53, 54, 55, 56]
[SERVER] DEBUG: About to add 11 entities to snapshot #880 | Player at [0]: true | Interest list: [56, 55, 6, 27, 53, 37, 22, 54, 51, 2, 7]
[SERVER] DEBUG: Snapshot #880 created with 11 entities including player 56 | All entities: [56, 55, 6, 27, 53, 37, 22, 54, 51, 2, 7]
[SERIALIZE] Snapshot #880 | Player ID: 56 | Player in entity_ids: true | Entity count: 11 | All IDs (sorted): [2, 6, 7, 22, 27, 37, 51, 53, 54, 55, 56]
[SERVER] DEBUG: About to add 11 entities to snapshot #950 | Player at [0]: true | Interest list: [55, 32, 52, 6, 27, 53, 37, 22, 54, 56, 51]
[SERVER] DEBUG: Snapshot #950 created with 11 entities including player 55 | All entities: [55, 32, 52, 6, 27, 53, 37, 22, 54, 56, 51]
[SERIALIZE] Snapshot #950 | Player ID: 55 | Player in entity_ids: true | Entity count: 11 | All IDs (sorted): [6, 22, 27, 32, 37, 51, 52, 53, 54, 55, 56]
[SERVER] DEBUG: About to add 11 entities to snapshot #890 | Player at [0]: true | Interest list: [56, 55, 6, 27, 53, 37, 22, 54, 51, 2, 7]
[SERVER] DEBUG: Snapshot #890 created with 11 entities including player 56 | All entities: [56, 55, 6, 27, 53, 37, 22, 54, 51, 2, 7]
[SERIALIZE] Snapshot #890 | Player ID: 56 | Player in entity_ids: true | Entity count: 11 | All IDs (sorted): [2, 6, 7, 22, 27, 37, 51, 53, 54, 55, 56]
[SERVER] DEBUG: About to add 11 entities to snapshot #960 | Player at [0]: true | Interest list: [55, 32, 52, 6, 27, 53, 37, 22, 54, 56, 51]
[SERVER] DEBUG: Snapshot #960 created with 11 entities including player 55 | All entities: [55, 32, 52, 6, 27, 53, 37, 22, 54, 56, 51]
[SERIALIZE] Snapshot #960 | Player ID: 55 | Player in entity_ids: true | Entity count: 11 | All IDs (sorted): [6, 22, 27, 32, 37, 51, 52, 53, 54, 55, 56]
[SERVER] Snapshot #900 | Tick: 362 | Timestamp: 18.1 | Player ID: 56 | Player pos: (176.3, 13.7467) | Player chunk: (2, 0)
[SERVER] DEBUG: About to add 11 entities to snapshot #900 | Player at [0]: true | Interest list: [56, 55, 6, 27, 53, 37, 22, 54, 51, 2, 7]
[SERVER] DEBUG: Snapshot #900 created with 11 entities including player 56 | All entities: [56, 55, 6, 27, 53, 37, 22, 54, 51, 2, 7]
[SERIALIZE] Snapshot #900 | Player ID: 56 | Player in entity_ids: true | Entity count: 11 | All IDs (sorted): [2, 6, 7, 22, 27, 37, 51, 53, 54, 55, 56]
Snapshot #900 to peer 1418554072: 11 entities, 127 bytes (uncompressed: ~550 bytes)
[SERVER] DEBUG: About to add 11 entities to snapshot #970 | Player at [0]: true | Interest list: [55, 32, 52, 6, 27, 53, 37, 22, 54, 56, 51]
[SERVER] DEBUG: Snapshot #970 created with 11 entities including player 55 | All entities: [55, 32, 52, 6, 27, 53, 37, 22, 54, 56, 51]
[SERIALIZE] Snapshot #970 | Player ID: 55 | Player in entity_ids: true | Entity count: 11 | All IDs (sorted): [6, 22, 27, 32, 37, 51, 52, 53, 54, 55, 56]
[SERVER] DEBUG: About to add 11 entities to snapshot #910 | Player at [0]: true | Interest list: [56, 55, 6, 27, 53, 37, 22, 54, 51, 2, 7]
[SERVER] DEBUG: Snapshot #910 created with 11 entities including player 56 | All entities: [56, 55, 6, 27, 53, 37, 22, 54, 51, 2, 7]
[SERIALIZE] Snapshot #910 | Player ID: 56 | Player in entity_ids: true | Entity count: 11 | All IDs (sorted): [2, 6, 7, 22, 27, 37, 51, 53, 54, 55, 56]
[SERVER] DEBUG: About to add 11 entities to snapshot #980 | Player at [0]: true | Interest list: [55, 32, 52, 6, 27, 53, 37, 22, 54, 56, 51]
[SERVER] DEBUG: Snapshot #980 created with 11 entities including player 55 | All entities: [55, 32, 52, 6, 27, 53, 37, 22, 54, 56, 51]
[SERIALIZE] Snapshot #980 | Player ID: 55 | Player in entity_ids: true | Entity count: 11 | All IDs (sorted): [6, 22, 27, 32, 37, 51, 52, 53, 54, 55, 56]
[SERVER] DEBUG: About to add 11 entities to snapshot #920 | Player at [0]: true | Interest list: [56, 55, 6, 27, 53, 37, 22, 54, 51, 2, 7]
[SERVER] DEBUG: Snapshot #920 created with 11 entities including player 56 | All entities: [56, 55, 6, 27, 53, 37, 22, 54, 51, 2, 7]
[SERIALIZE] Snapshot #920 | Player ID: 56 | Player in entity_ids: true | Entity count: 11 | All IDs (sorted): [2, 6, 7, 22, 27, 37, 51, 53, 54, 55, 56]
[SERVER] DEBUG: About to add 11 entities to snapshot #990 | Player at [0]: true | Interest list: [55, 32, 52, 6, 27, 53, 37, 22, 54, 56, 51]
[SERVER] DEBUG: Snapshot #990 created with 11 entities including player 55 | All entities: [55, 32, 52, 6, 27, 53, 37, 22, 54, 56, 51]
[SERIALIZE] Snapshot #990 | Player ID: 55 | Player in entity_ids: true | Entity count: 11 | All IDs (sorted): [6, 22, 27, 32, 37, 51, 52, 53, 54, 55, 56]
[SERVER] DEBUG: About to add 12 entities to snapshot #930 | Player at [0]: true | Interest list: [56, 55, 52, 6, 27, 53, 37, 22, 54, 51, 2, 7]
[SERVER] DEBUG: Snapshot #930 created with 12 entities including player 56 | All entities: [56, 55, 52, 6, 27, 53, 37, 22, 54, 51, 2, 7]
[SERIALIZE] Snapshot #930 | Player ID: 56 | Player in entity_ids: true | Entity count: 12 | All IDs (sorted): [2, 6, 7, 22, 27, 37, 51, 52, 53, 54, 55, 56]
[SERVER] Snapshot #1000 | Tick: 375 | Timestamp: 18.75 | Player ID: 55 | Player pos: (34.16901, 12.84924) | Player chunk: (0, 0)
[SERVER] DEBUG: About to add 11 entities to snapshot #1000 | Player at [0]: true | Interest list: [55, 32, 52, 6, 27, 53, 37, 22, 54, 56, 51]
[SERVER] DEBUG: Snapshot #1000 created with 11 entities including player 55 | All entities: [55, 32, 52, 6, 27, 53, 37, 22, 54, 56, 51]
[SERIALIZE] Snapshot #1000 | Player ID: 55 | Player in entity_ids: true | Entity count: 11 | All IDs (sorted): [6, 22, 27, 32, 37, 51, 52, 53, 54, 55, 56]
Snapshot #1000 to peer 1887845398: 11 entities, 127 bytes (uncompressed: ~550 bytes)
[SERVER] DEBUG: About to add 11 entities to snapshot #940 | Player at [0]: true | Interest list: [56, 55, 6, 27, 53, 37, 22, 54, 51, 2, 7]
[SERVER] DEBUG: Snapshot #940 created with 11 entities including player 56 | All entities: [56, 55, 6, 27, 53, 37, 22, 54, 51, 2, 7]
[SERIALIZE] Snapshot #940 | Player ID: 56 | Player in entity_ids: true | Entity count: 11 | All IDs (sorted): [2, 6, 7, 22, 27, 37, 51, 53, 54, 55, 56]
