Godot Engine v4.5.1.stable.official.f62fdbde1 - https://godotengine.org

[SERVER] Creating world walls...
[SERVER] Walls created successfully
Server started on port 7777
Tick rate: 32 Hz
Snapshot rate: 10 Hz
ENet compression: FASTLZ enabled
[SERVER] Spawned entity 1 at (-390.5837, -162.1952) | Peer: NPC
[SERVER] Spawned entity 2 at (427.1332, 34.27768) | Peer: NPC
[SERVER] Spawned entity 3 at (476.1148, 2.908179) | Peer: NPC
[SERVER] Spawned entity 4 at (227.5104, -414.763) | Peer: NPC
[SERVER] Spawned entity 5 at (166.9015, -336.9682) | Peer: NPC
[SERVER] Spawned entity 6 at (-155.7066, 462.6436) | Peer: NPC
[SERVER] Spawned entity 7 at (347.171, -334.2523) | Peer: NPC
[SERVER] Spawned entity 8 at (169.8341, 210.6106) | Peer: NPC
[SERVER] Spawned entity 9 at (179.9997, 309.5919) | Peer: NPC
[SERVER] Spawned entity 10 at (-219.6653, 255.9384) | Peer: NPC
[SERVER] Spawned entity 11 at (-421.0448, -28.28253) | Peer: NPC
[SERVER] Spawned entity 12 at (429.1651, -334.6876) | Peer: NPC
[SERVER] Spawned entity 13 at (277.7296, -233.036) | Peer: NPC
[SERVER] Spawned entity 14 at (-258.9872, -323.4492) | Peer: NPC
[SERVER] Spawned entity 15 at (-94.63982, -210.0901) | Peer: NPC
[SERVER] Spawned entity 16 at (-458.0815, 334.6129) | Peer: NPC
[SERVER] Spawned entity 17 at (379.1723, -35.92951) | Peer: NPC
[SERVER] Spawned entity 18 at (-390.7283, -352.6115) | Peer: NPC
[SERVER] Spawned entity 19 at (-411.8134, -258.239) | Peer: NPC
[SERVER] Spawned entity 20 at (-240.2589, -215.3364) | Peer: NPC
[SERVER] Spawned entity 21 at (-355.2659, -129.9641) | Peer: NPC
[SERVER] Spawned entity 22 at (225.8258, 470.7704) | Peer: NPC
[SERVER] Spawned entity 23 at (-226.1978, -172.5803) | Peer: NPC
[SERVER] Spawned entity 24 at (-236.6965, -331.7751) | Peer: NPC
[SERVER] Spawned entity 25 at (448.9435, 420.9136) | Peer: NPC
[SERVER] Spawned entity 26 at (400.5216, 410.6281) | Peer: NPC
[SERVER] Spawned entity 27 at (381.5182, 358.2354) | Peer: NPC
[SERVER] Spawned entity 28 at (321.0207, 49.90975) | Peer: NPC
[SERVER] Spawned entity 29 at (-285.503, -370.1877) | Peer: NPC
[SERVER] Spawned entity 30 at (414.2382, 152.2418) | Peer: NPC
[SERVER] Spawned entity 31 at (39.66879, 199.6765) | Peer: NPC
[SERVER] Spawned entity 32 at (189.4031, -463.2661) | Peer: NPC
[SERVER] Spawned entity 33 at (-93.30518, -419.8167) | Peer: NPC
[SERVER] Spawned entity 34 at (-465.0745, 4.478261) | Peer: NPC
[SERVER] Spawned entity 35 at (-145.7439, 36.71838) | Peer: NPC
[SERVER] Spawned entity 36 at (269.4344, 232.1116) | Peer: NPC
[SERVER] Spawned entity 37 at (-117.8191, 151.5652) | Peer: NPC
[SERVER] Spawned entity 38 at (26.74587, -117.8796) | Peer: NPC
[SERVER] Spawned entity 39 at (161.1819, -345.1037) | Peer: NPC
[SERVER] Spawned entity 40 at (-270.5799, -415.5661) | Peer: NPC
[SERVER] Spawned entity 41 at (-70.43496, 203.7262) | Peer: NPC
[SERVER] Spawned entity 42 at (173.8883, -64.17937) | Peer: NPC
[SERVER] Spawned entity 43 at (343.2991, -229.7928) | Peer: NPC
[SERVER] Spawned entity 44 at (-430.6674, -386.3707) | Peer: NPC
[SERVER] Spawned entity 45 at (-368.9121, -494.4503) | Peer: NPC
[SERVER] Spawned entity 46 at (-57.96267, 103.3474) | Peer: NPC
[SERVER] Spawned entity 47 at (259.7768, 167.9985) | Peer: NPC
[SERVER] Spawned entity 48 at (90.43162, 84.10942) | Peer: NPC
[SERVER] Spawned entity 49 at (-133.3842, -45.57708) | Peer: NPC
[SERVER] Spawned entity 50 at (31.64383, -198.4319) | Peer: NPC
[SERVER] Creating moving obstacles...
[SERVER] Created moving obstacle 51 from (-300.0, 0.0) to (300.0, 0.0)
[SERVER] Created moving obstacle 52 from (0.0, -300.0) to (0.0, 300.0)
[SERVER] Created moving obstacle 53 from (-200.0, -200.0) to (200.0, 200.0)
[SERVER] Created moving obstacle 54 from (150.0, -100.0) to (-150.0, 100.0)
[SERVER] Moving obstacles created
=== SERVER MODE ===
Peer connected: 152006972
[SERVER] Spawned entity 55 at (48.48756, -61.61584) | Peer: 152006972
[SERVER] DEBUG: About to add 11 entities to snapshot #10 | Player at [0]: true | Interest list: [55, 53, 49, 54, 51, 46, 52, 38, 50, 48, 42]
[SERVER] DEBUG: Snapshot #10 created with 11 entities including player 55 | All entities: [55, 53, 49, 54, 51, 46, 52, 38, 50, 48, 42]
[SERIALIZE] Snapshot #10 | Player ID: 55 | Player in entity_ids: true | Entity count: 11 | All IDs (sorted): [38, 42, 46, 48, 49, 50, 51, 52, 53, 54, 55]
[SERIALIZE] WARNING: Player 55 unchanged from baseline in snapshot #10 - copying from baseline
[SERVER] DEBUG: About to add 11 entities to snapshot #20 | Player at [0]: true | Interest list: [55, 49, 54, 53, 51, 46, 52, 38, 50, 48, 42]
[SERVER] DEBUG: Snapshot #20 created with 11 entities including player 55 | All entities: [55, 49, 54, 53, 51, 46, 52, 38, 50, 48, 42]
[SERIALIZE] Snapshot #20 | Player ID: 55 | Player in entity_ids: true | Entity count: 11 | All IDs (sorted): [38, 42, 46, 48, 49, 50, 51, 52, 53, 54, 55]
[SERIALIZE] WARNING: Player 55 unchanged from baseline in snapshot #20 - copying from baseline
[SERVER] DEBUG: About to add 10 entities to snapshot #30 | Player at [0]: true | Interest list: [55, 49, 53, 46, 52, 51, 38, 50, 48, 42]
[SERVER] DEBUG: Snapshot #30 created with 10 entities including player 55 | All entities: [55, 49, 53, 46, 52, 51, 38, 50, 48, 42]
[SERIALIZE] Snapshot #30 | Player ID: 55 | Player in entity_ids: true | Entity count: 10 | All IDs (sorted): [38, 42, 46, 48, 49, 50, 51, 52, 53, 55]
[SERIALIZE] WARNING: Player 55 unchanged from baseline in snapshot #30 - copying from baseline
[SERVER] DEBUG: About to add 11 entities to snapshot #40 | Player at [0]: true | Interest list: [55, 49, 54, 53, 46, 52, 38, 50, 51, 48, 42]
[SERVER] DEBUG: Snapshot #40 created with 11 entities including player 55 | All entities: [55, 49, 54, 53, 46, 52, 38, 50, 51, 48, 42]
[SERIALIZE] Snapshot #40 | Player ID: 55 | Player in entity_ids: true | Entity count: 11 | All IDs (sorted): [38, 42, 46, 48, 49, 50, 51, 52, 53, 54, 55]
[SERIALIZE] WARNING: Player 55 unchanged from baseline in snapshot #40 - copying from baseline
[SERVER] DEBUG: About to add 11 entities to snapshot #50 | Player at [0]: true | Interest list: [55, 49, 54, 53, 46, 52, 51, 48, 42, 38, 50]
[SERVER] DEBUG: Snapshot #50 created with 11 entities including player 55 | All entities: [55, 49, 54, 53, 46, 52, 51, 48, 42, 38, 50]
[SERIALIZE] Snapshot #50 | Player ID: 55 | Player in entity_ids: true | Entity count: 11 | All IDs (sorted): [38, 42, 46, 48, 49, 50, 51, 52, 53, 54, 55]
[SERIALIZE] WARNING: Player 55 unchanged from baseline in snapshot #50 - copying from baseline
[SERVER] DEBUG: About to add 11 entities to snapshot #60 | Player at [0]: true | Interest list: [55, 49, 54, 46, 52, 53, 48, 42, 38, 50, 51]
[SERVER] DEBUG: Snapshot #60 created with 11 entities including player 55 | All entities: [55, 49, 54, 46, 52, 53, 48, 42, 38, 50, 51]
[SERIALIZE] Snapshot #60 | Player ID: 55 | Player in entity_ids: true | Entity count: 11 | All IDs (sorted): [38, 42, 46, 48, 49, 50, 51, 52, 53, 54, 55]
[SERIALIZE] WARNING: Player 55 unchanged from baseline in snapshot #60 - copying from baseline
[SERVER] DEBUG: About to add 9 entities to snapshot #70 | Player at [0]: true | Interest list: [55, 49, 54, 46, 53, 52, 48, 42, 51]
[SERVER] DEBUG: Snapshot #70 created with 9 entities including player 55 | All entities: [55, 49, 54, 46, 53, 52, 48, 42, 51]
[SERIALIZE] Snapshot #70 | Player ID: 55 | Player in entity_ids: true | Entity count: 9 | All IDs (sorted): [42, 46, 48, 49, 51, 52, 53, 54, 55]
[SERIALIZE] WARNING: Player 55 unchanged from baseline in snapshot #70 - copying from baseline
[SERVER] DEBUG: About to add 8 entities to snapshot #80 | Player at [0]: true | Interest list: [55, 49, 46, 54, 53, 52, 48, 42]
[SERVER] DEBUG: Snapshot #80 created with 8 entities including player 55 | All entities: [55, 49, 46, 54, 53, 52, 48, 42]
[SERIALIZE] Snapshot #80 | Player ID: 55 | Player in entity_ids: true | Entity count: 8 | All IDs (sorted): [42, 46, 48, 49, 52, 53, 54, 55]
[SERIALIZE] WARNING: Player 55 unchanged from baseline in snapshot #80 - copying from baseline
[SERVER] Player entity 55 (peer 152006972) moved from chunk (0, -1) to (0, -2) | Position: (48.48756, -64.66696)
[SERVER] DEBUG: About to add 6 entities to snapshot #90 | Player at [0]: true | Interest list: [55, 15, 49, 54, 53, 42]
[SERVER] DEBUG: Snapshot #90 created with 6 entities including player 55 | All entities: [55, 15, 49, 54, 53, 42]
[SERIALIZE] Snapshot #90 | Player ID: 55 | Player in entity_ids: true | Entity count: 6 | All IDs (sorted): [15, 42, 49, 53, 54, 55]
[SERVER] Snapshot #100 | Tick: 255 | Timestamp: 7.96875 | Player ID: 55 | Player pos: (54.72794, -100.72) | Player chunk: (0, -2)
[SERVER] DEBUG: About to add 5 entities to snapshot #100 | Player at [0]: true | Interest list: [55, 15, 49, 54, 42]
[SERVER] DEBUG: Snapshot #100 created with 5 entities including player 55 | All entities: [55, 15, 49, 54, 42]
[SERIALIZE] Snapshot #100 | Player ID: 55 | Player in entity_ids: true | Entity count: 5 | All IDs (sorted): [15, 42, 49, 54, 55]
Snapshot #100 to peer 152006972: 5 entities, 38 bytes (uncompressed: ~250 bytes)
[SERVER] DEBUG: About to add 5 entities to snapshot #110 | Player at [0]: true | Interest list: [55, 15, 49, 54, 42]
[SERVER] DEBUG: Snapshot #110 created with 5 entities including player 55 | All entities: [55, 15, 49, 54, 42]
[SERIALIZE] Snapshot #110 | Player ID: 55 | Player in entity_ids: true | Entity count: 5 | All IDs (sorted): [15, 42, 49, 54, 55]
[SERIALIZE] WARNING: Player 55 unchanged from baseline in snapshot #110 - copying from baseline
[SERVER] DEBUG: About to add 5 entities to snapshot #120 | Player at [0]: true | Interest list: [55, 15, 49, 54, 42]
[SERVER] DEBUG: Snapshot #120 created with 5 entities including player 55 | All entities: [55, 15, 49, 54, 42]
[SERIALIZE] Snapshot #120 | Player ID: 55 | Player in entity_ids: true | Entity count: 5 | All IDs (sorted): [15, 42, 49, 54, 55]
[SERIALIZE] WARNING: Player 55 unchanged from baseline in snapshot #120 - copying from baseline
[SERVER] DEBUG: About to add 5 entities to snapshot #130 | Player at [0]: true | Interest list: [55, 15, 49, 54, 42]
[SERVER] DEBUG: Snapshot #130 created with 5 entities including player 55 | All entities: [55, 15, 49, 54, 42]
[SERIALIZE] Snapshot #130 | Player ID: 55 | Player in entity_ids: true | Entity count: 5 | All IDs (sorted): [15, 42, 49, 54, 55]
[SERIALIZE] WARNING: Player 55 unchanged from baseline in snapshot #130 - copying from baseline
[SERVER] DEBUG: About to add 6 entities to snapshot #140 | Player at [0]: true | Interest list: [55, 15, 49, 42, 54, 51]
[SERVER] DEBUG: Snapshot #140 created with 6 entities including player 55 | All entities: [55, 15, 49, 42, 54, 51]
[SERIALIZE] Snapshot #140 | Player ID: 55 | Player in entity_ids: true | Entity count: 6 | All IDs (sorted): [15, 42, 49, 51, 54, 55]
[SERVER] DEBUG: About to add 6 entities to snapshot #150 | Player at [0]: true | Interest list: [55, 15, 49, 54, 42, 51]
[SERVER] DEBUG: Snapshot #150 created with 6 entities including player 55 | All entities: [55, 15, 49, 54, 42, 51]
[SERIALIZE] Snapshot #150 | Player ID: 55 | Player in entity_ids: true | Entity count: 6 | All IDs (sorted): [15, 42, 49, 51, 54, 55]
[SERIALIZE] WARNING: Player 55 unchanged from baseline in snapshot #150 - copying from baseline
[SERVER] DEBUG: About to add 6 entities to snapshot #160 | Player at [0]: true | Interest list: [55, 15, 49, 54, 42, 51]
[SERVER] DEBUG: Snapshot #160 created with 6 entities including player 55 | All entities: [55, 15, 49, 54, 42, 51]
[SERIALIZE] Snapshot #160 | Player ID: 55 | Player in entity_ids: true | Entity count: 6 | All IDs (sorted): [15, 42, 49, 51, 54, 55]
[SERIALIZE] WARNING: Player 55 unchanged from baseline in snapshot #160 - copying from baseline
[SERVER] DEBUG: About to add 6 entities to snapshot #170 | Player at [0]: true | Interest list: [55, 15, 49, 54, 42, 51]
[SERVER] DEBUG: Snapshot #170 created with 6 entities including player 55 | All entities: [55, 15, 49, 54, 42, 51]
[SERIALIZE] Snapshot #170 | Player ID: 55 | Player in entity_ids: true | Entity count: 6 | All IDs (sorted): [15, 42, 49, 51, 54, 55]
[SERIALIZE] WARNING: Player 55 unchanged from baseline in snapshot #170 - copying from baseline
[SERVER] DEBUG: About to add 5 entities to snapshot #180 | Player at [0]: true | Interest list: [55, 15, 49, 54, 51]
[SERVER] DEBUG: Snapshot #180 created with 5 entities including player 55 | All entities: [55, 15, 49, 54, 51]
[SERIALIZE] Snapshot #180 | Player ID: 55 | Player in entity_ids: true | Entity count: 5 | All IDs (sorted): [15, 49, 51, 54, 55]
[SERIALIZE] WARNING: Player 55 unchanged from baseline in snapshot #180 - copying from baseline
[SERVER] DEBUG: About to add 5 entities to snapshot #190 | Player at [0]: true | Interest list: [55, 15, 49, 54, 51]
[SERVER] DEBUG: Snapshot #190 created with 5 entities including player 55 | All entities: [55, 15, 49, 54, 51]
[SERIALIZE] Snapshot #190 | Player ID: 55 | Player in entity_ids: true | Entity count: 5 | All IDs (sorted): [15, 49, 51, 54, 55]
[SERIALIZE] WARNING: Player 55 unchanged from baseline in snapshot #190 - copying from baseline
[SERVER] Snapshot #200 | Tick: 414 | Timestamp: 12.9375 | Player ID: 55 | Player pos: (58.07951, -110.1124) | Player chunk: (0, -2)
[SERVER] DEBUG: About to add 4 entities to snapshot #200 | Player at [0]: true | Interest list: [55, 15, 49, 51]
[SERVER] DEBUG: Snapshot #200 created with 4 entities including player 55 | All entities: [55, 15, 49, 51]
[SERIALIZE] Snapshot #200 | Player ID: 55 | Player in entity_ids: true | Entity count: 4 | All IDs (sorted): [15, 49, 51, 55]
[SERIALIZE] WARNING: Player 55 unchanged from baseline in snapshot #200 - copying from baseline
Snapshot #200 to peer 152006972: 4 entities, 28 bytes (uncompressed: ~200 bytes)
[SERVER] DEBUG: About to add 4 entities to snapshot #210 | Player at [0]: true | Interest list: [55, 15, 51, 42]
[SERVER] DEBUG: Snapshot #210 created with 4 entities including player 55 | All entities: [55, 15, 51, 42]
[SERIALIZE] Snapshot #210 | Player ID: 55 | Player in entity_ids: true | Entity count: 4 | All IDs (sorted): [15, 42, 51, 55]
[SERIALIZE] WARNING: Player 55 unchanged from baseline in snapshot #210 - copying from baseline
[SERVER] DEBUG: About to add 4 entities to snapshot #220 | Player at [0]: true | Interest list: [55, 15, 42, 52]
[SERVER] DEBUG: Snapshot #220 created with 4 entities including player 55 | All entities: [55, 15, 42, 52]
[SERIALIZE] Snapshot #220 | Player ID: 55 | Player in entity_ids: true | Entity count: 4 | All IDs (sorted): [15, 42, 52, 55]
[SERIALIZE] WARNING: Player 55 unchanged from baseline in snapshot #220 - copying from baseline
[SERVER] DEBUG: About to add 5 entities to snapshot #230 | Player at [0]: true | Interest list: [55, 15, 54, 42, 52]
[SERVER] DEBUG: Snapshot #230 created with 5 entities including player 55 | All entities: [55, 15, 54, 42, 52]
[SERIALIZE] Snapshot #230 | Player ID: 55 | Player in entity_ids: true | Entity count: 5 | All IDs (sorted): [15, 42, 52, 54, 55]
[SERIALIZE] WARNING: Player 55 unchanged from baseline in snapshot #230 - copying from baseline
[SERVER] DEBUG: About to add 5 entities to snapshot #240 | Player at [0]: true | Interest list: [55, 15, 54, 42, 52]
[SERVER] DEBUG: Snapshot #240 created with 5 entities including player 55 | All entities: [55, 15, 54, 42, 52]
[SERIALIZE] Snapshot #240 | Player ID: 55 | Player in entity_ids: true | Entity count: 5 | All IDs (sorted): [15, 42, 52, 54, 55]
[SERIALIZE] WARNING: Player 55 unchanged from baseline in snapshot #240 - copying from baseline
[SERVER] DEBUG: About to add 6 entities to snapshot #250 | Player at [0]: true | Interest list: [55, 15, 54, 42, 52, 53]
[SERVER] DEBUG: Snapshot #250 created with 6 entities including player 55 | All entities: [55, 15, 54, 42, 52, 53]
[SERIALIZE] Snapshot #250 | Player ID: 55 | Player in entity_ids: true | Entity count: 6 | All IDs (sorted): [15, 42, 52, 53, 54, 55]
[SERIALIZE] WARNING: Player 55 unchanged from baseline in snapshot #250 - copying from baseline
[SERVER] DEBUG: About to add 6 entities to snapshot #260 | Player at [0]: true | Interest list: [55, 15, 42, 52, 54, 53]
[SERVER] DEBUG: Snapshot #260 created with 6 entities including player 55 | All entities: [55, 15, 42, 52, 54, 53]
[SERIALIZE] Snapshot #260 | Player ID: 55 | Player in entity_ids: true | Entity count: 6 | All IDs (sorted): [15, 42, 52, 53, 54, 55]
[SERIALIZE] WARNING: Player 55 unchanged from baseline in snapshot #260 - copying from baseline
[SERVER] DEBUG: About to add 6 entities to snapshot #270 | Player at [0]: true | Interest list: [55, 15, 42, 52, 54, 53]
[SERVER] DEBUG: Snapshot #270 created with 6 entities including player 55 | All entities: [55, 15, 42, 52, 54, 53]
[SERIALIZE] Snapshot #270 | Player ID: 55 | Player in entity_ids: true | Entity count: 6 | All IDs (sorted): [15, 42, 52, 53, 54, 55]
[SERIALIZE] WARNING: Player 55 unchanged from baseline in snapshot #270 - copying from baseline
[SERVER] DEBUG: About to add 6 entities to snapshot #280 | Player at [0]: true | Interest list: [55, 15, 42, 52, 53, 54]
[SERVER] DEBUG: Snapshot #280 created with 6 entities including player 55 | All entities: [55, 15, 42, 52, 53, 54]
[SERIALIZE] Snapshot #280 | Player ID: 55 | Player in entity_ids: true | Entity count: 6 | All IDs (sorted): [15, 42, 52, 53, 54, 55]
[SERIALIZE] WARNING: Player 55 unchanged from baseline in snapshot #280 - copying from baseline
[SERVER] DEBUG: About to add 6 entities to snapshot #290 | Player at [0]: true | Interest list: [55, 15, 53, 42, 52, 54]
[SERVER] DEBUG: Snapshot #290 created with 6 entities including player 55 | All entities: [55, 15, 53, 42, 52, 54]
[SERIALIZE] Snapshot #290 | Player ID: 55 | Player in entity_ids: true | Entity count: 6 | All IDs (sorted): [15, 42, 52, 53, 54, 55]
[SERIALIZE] WARNING: Player 55 unchanged from baseline in snapshot #290 - copying from baseline
[SERVER] Snapshot #300 | Tick: 573 | Timestamp: 17.90625 | Player ID: 55 | Player pos: (59.73121, -112.2418) | Player chunk: (0, -2)
[SERVER] DEBUG: About to add 6 entities to snapshot #300 | Player at [0]: true | Interest list: [55, 15, 53, 42, 52, 54]
[SERVER] DEBUG: Snapshot #300 created with 6 entities including player 55 | All entities: [55, 15, 53, 42, 52, 54]
[SERIALIZE] Snapshot #300 | Player ID: 55 | Player in entity_ids: true | Entity count: 6 | All IDs (sorted): [15, 42, 52, 53, 54, 55]
[SERIALIZE] WARNING: Player 55 unchanged from baseline in snapshot #300 - copying from baseline
Snapshot #300 to peer 152006972: 6 entities, 57 bytes (uncompressed: ~300 bytes)
[SERVER] DEBUG: About to add 7 entities to snapshot #310 | Player at [0]: true | Interest list: [55, 15, 51, 53, 42, 52, 54]
[SERVER] DEBUG: Snapshot #310 created with 7 entities including player 55 | All entities: [55, 15, 51, 53, 42, 52, 54]
[SERIALIZE] Snapshot #310 | Player ID: 55 | Player in entity_ids: true | Entity count: 7 | All IDs (sorted): [15, 42, 51, 52, 53, 54, 55]
[SERIALIZE] WARNING: Player 55 unchanged from baseline in snapshot #310 - copying from baseline
[SERVER] DEBUG: About to add 6 entities to snapshot #320 | Player at [0]: true | Interest list: [55, 15, 53, 51, 52, 54]
[SERVER] DEBUG: Snapshot #320 created with 6 entities including player 55 | All entities: [55, 15, 53, 51, 52, 54]
[SERIALIZE] Snapshot #320 | Player ID: 55 | Player in entity_ids: true | Entity count: 6 | All IDs (sorted): [15, 51, 52, 53, 54, 55]
[SERVER] DEBUG: About to add 5 entities to snapshot #330 | Player at [0]: true | Interest list: [55, 15, 53, 51, 54]
[SERVER] DEBUG: Snapshot #330 created with 5 entities including player 55 | All entities: [55, 15, 53, 51, 54]
[SERIALIZE] Snapshot #330 | Player ID: 55 | Player in entity_ids: true | Entity count: 5 | All IDs (sorted): [15, 51, 53, 54, 55]
[SERIALIZE] WARNING: Player 55 unchanged from baseline in snapshot #330 - copying from baseline
[SERVER] DEBUG: About to add 5 entities to snapshot #340 | Player at [0]: true | Interest list: [55, 15, 53, 51, 54]
[SERVER] DEBUG: Snapshot #340 created with 5 entities including player 55 | All entities: [55, 15, 53, 51, 54]
[SERIALIZE] Snapshot #340 | Player ID: 55 | Player in entity_ids: true | Entity count: 5 | All IDs (sorted): [15, 51, 53, 54, 55]
[SERIALIZE] WARNING: Player 55 unchanged from baseline in snapshot #340 - copying from baseline
[SERVER] DEBUG: About to add 5 entities to snapshot #350 | Player at [0]: true | Interest list: [55, 15, 53, 54, 51]
[SERVER] DEBUG: Snapshot #350 created with 5 entities including player 55 | All entities: [55, 15, 53, 54, 51]
[SERIALIZE] Snapshot #350 | Player ID: 55 | Player in entity_ids: true | Entity count: 5 | All IDs (sorted): [15, 51, 53, 54, 55]
[SERIALIZE] WARNING: Player 55 unchanged from baseline in snapshot #350 - copying from baseline
[SERVER] DEBUG: About to add 5 entities to snapshot #360 | Player at [0]: true | Interest list: [55, 15, 54, 52, 51]
[SERVER] DEBUG: Snapshot #360 created with 5 entities including player 55 | All entities: [55, 15, 54, 52, 51]
[SERIALIZE] Snapshot #360 | Player ID: 55 | Player in entity_ids: true | Entity count: 5 | All IDs (sorted): [15, 51, 52, 54, 55]
[SERIALIZE] WARNING: Player 55 unchanged from baseline in snapshot #360 - copying from baseline
[SERVER] DEBUG: About to add 5 entities to snapshot #370 | Player at [0]: true | Interest list: [55, 15, 54, 52, 51]
[SERVER] DEBUG: Snapshot #370 created with 5 entities including player 55 | All entities: [55, 15, 54, 52, 51]
[SERIALIZE] Snapshot #370 | Player ID: 55 | Player in entity_ids: true | Entity count: 5 | All IDs (sorted): [15, 51, 52, 54, 55]
[SERIALIZE] WARNING: Player 55 unchanged from baseline in snapshot #370 - copying from baseline
[SERVER] DEBUG: About to add 4 entities to snapshot #380 | Player at [0]: true | Interest list: [55, 15, 52, 51]
[SERVER] DEBUG: Snapshot #380 created with 4 entities including player 55 | All entities: [55, 15, 52, 51]
[SERIALIZE] Snapshot #380 | Player ID: 55 | Player in entity_ids: true | Entity count: 4 | All IDs (sorted): [15, 51, 52, 55]
[SERIALIZE] WARNING: Player 55 unchanged from baseline in snapshot #380 - copying from baseline
[SERVER] DEBUG: About to add 4 entities to snapshot #390 | Player at [0]: true | Interest list: [55, 15, 52, 51]
[SERVER] DEBUG: Snapshot #390 created with 4 entities including player 55 | All entities: [55, 15, 52, 51]
[SERIALIZE] Snapshot #390 | Player ID: 55 | Player in entity_ids: true | Entity count: 4 | All IDs (sorted): [15, 51, 52, 55]
[SERIALIZE] WARNING: Player 55 unchanged from baseline in snapshot #390 - copying from baseline
