Godot Engine v4.5.1.stable.official.f62fdbde1 - https://godotengine.org

[SERVER] Creating world walls...
[SERVER] Walls created successfully
Server started on port 7777
Tick rate: 20 Hz
Snapshot rate: 20 Hz
ENet compression: FASTLZ enabled
[SERVER] Spawned entity 1 at (-300.4557, 10.52313) | Peer: NPC
[SERVER] Spawned entity 2 at (-169.9557, -3.474717) | Peer: NPC
[SERVER] Spawned entity 3 at (31.18996, 8.293256) | Peer: NPC
[SERVER] Spawned entity 4 at (-1.620325, 140.004) | Peer: NPC
[SERVER] Spawned entity 5 at (369.473, -213.8339) | Peer: NPC
[SERVER] Spawned entity 6 at (-106.5453, 394.0236) | Peer: NPC
[SERVER] Spawned entity 7 at (-395.6552, 227.8313) | Peer: NPC
[SERVER] Spawned entity 8 at (-66.37563, 201.1356) | Peer: NPC
[SERVER] Spawned entity 9 at (-19.70372, 415.1992) | Peer: NPC
[SERVER] Spawned entity 10 at (-313.21, 320.5397) | Peer: NPC
[SERVER] Spawned entity 11 at (207.5296, 459.498) | Peer: NPC
[SERVER] Spawned entity 12 at (146.4363, -457.6209) | Peer: NPC
[SERVER] Spawned entity 13 at (-23.63111, 212.8425) | Peer: NPC
[SERVER] Spawned entity 14 at (-485.7561, 334.1018) | Peer: NPC
[SERVER] Spawned entity 15 at (-115.4087, -470.2884) | Peer: NPC
[SERVER] Spawned entity 16 at (5.504408, -155.8497) | Peer: NPC
[SERVER] Spawned entity 17 at (-312.8182, 201.3632) | Peer: NPC
[SERVER] Spawned entity 18 at (155.7358, -38.8395) | Peer: NPC
[SERVER] Spawned entity 19 at (-81.43665, 56.05581) | Peer: NPC
[SERVER] Spawned entity 20 at (-2.884701, 210.2656) | Peer: NPC
[SERVER] Spawned entity 21 at (-497.4651, -263.5869) | Peer: NPC
[SERVER] Spawned entity 22 at (28.90833, -137.5818) | Peer: NPC
[SERVER] Spawned entity 23 at (366.3626, -72.11139) | Peer: NPC
[SERVER] Spawned entity 24 at (114.3317, 171.7651) | Peer: NPC
[SERVER] Spawned entity 25 at (-57.07944, 150.859) | Peer: NPC
[SERVER] Spawned entity 26 at (-222.7685, -75.15884) | Peer: NPC
[SERVER] Spawned entity 27 at (3.824405, -242.2747) | Peer: NPC
[SERVER] Spawned entity 28 at (124.7865, -486.1777) | Peer: NPC
[SERVER] Spawned entity 29 at (-459.9056, 444.4338) | Peer: NPC
[SERVER] Spawned entity 30 at (-456.2233, 101.6639) | Peer: NPC
[SERVER] Spawned entity 31 at (-415.3692, 460.3485) | Peer: NPC
[SERVER] Spawned entity 32 at (-169.3364, -389.0863) | Peer: NPC
[SERVER] Spawned entity 33 at (57.58746, 140.8956) | Peer: NPC
[SERVER] Spawned entity 34 at (106.2315, -442.8446) | Peer: NPC
[SERVER] Spawned entity 35 at (27.6819, -341.6645) | Peer: NPC
[SERVER] Spawned entity 36 at (-141.9104, -410.9218) | Peer: NPC
[SERVER] Spawned entity 37 at (-209.4633, 21.84387) | Peer: NPC
[SERVER] Spawned entity 38 at (209.8887, 19.38204) | Peer: NPC
[SERVER] Spawned entity 39 at (78.46885, -164.7752) | Peer: NPC
[SERVER] Spawned entity 40 at (-294.4952, -195.1145) | Peer: NPC
[SERVER] Spawned entity 41 at (119.0568, -105.9955) | Peer: NPC
[SERVER] Spawned entity 42 at (-482.6011, -468.0084) | Peer: NPC
[SERVER] Spawned entity 43 at (-471.3033, 11.25185) | Peer: NPC
[SERVER] Spawned entity 44 at (223.9923, 318.2171) | Peer: NPC
[SERVER] Spawned entity 45 at (315.5399, -103.4935) | Peer: NPC
[SERVER] Spawned entity 46 at (-324.5162, 497.6253) | Peer: NPC
[SERVER] Spawned entity 47 at (-86.96306, -498.7032) | Peer: NPC
[SERVER] Spawned entity 48 at (242.0876, 444.0403) | Peer: NPC
[SERVER] Spawned entity 49 at (360.6405, -473.4934) | Peer: NPC
[SERVER] Spawned entity 50 at (482.6975, 354.6858) | Peer: NPC
[SERVER] Creating moving obstacles...
[SERVER] Created moving obstacle 51 from (-300.0, 0.0) to (300.0, 0.0)
[SERVER] Created moving obstacle 52 from (0.0, -300.0) to (0.0, 300.0)
[SERVER] Created moving obstacle 53 from (-200.0, -200.0) to (200.0, 200.0)
[SERVER] Created moving obstacle 54 from (150.0, -100.0) to (-150.0, 100.0)
[SERVER] Moving obstacles created
=== SERVER MODE ===
ERROR: Condition "p_points.size() < 2" is true.
   at: canvas_item_add_polyline (servers/rendering/renderer_canvas_cull.cpp:946)
   GDScript backtrace (most recent call first):
       [0] _draw (res://scripts/test_launcher.gd:69)
ERROR: Condition "p_points.size() < 2" is true.
   at: canvas_item_add_polyline (servers/rendering/renderer_canvas_cull.cpp:946)
   GDScript backtrace (most recent call first):
       [0] _draw (res://scripts/test_launcher.gd:69)
Peer connected: 376569750
[SERVER] Spawned entity 55 at (34.9477, -96.50191) | Peer: 376569750
[SERVER] DEBUG: About to add 12 entities to snapshot #10 | Player at [0]: true | Interest list: [55, 53, 19, 52, 16, 22, 27, 41, 54, 3, 39, 18]
[SERVER] DEBUG: Snapshot #10 created with 12 entities including player 55 | All entities: [55, 53, 19, 52, 16, 22, 27, 41, 54, 3, 39, 18]
[SERIALIZE] Snapshot #10 | Player ID: 55 | Player in entity_ids: true | Entity count: 12 | All IDs (sorted): [3, 16, 18, 19, 22, 27, 39, 41, 52, 53, 54, 55]
[SERIALIZE] WARNING: Player 55 unchanged from baseline in snapshot #10 - copying from baseline
[SERVER] DEBUG: About to add 14 entities to snapshot #20 | Player at [0]: true | Interest list: [55, 53, 2, 19, 37, 52, 16, 22, 27, 41, 54, 3, 39, 18]
[SERVER] DEBUG: Snapshot #20 created with 14 entities including player 55 | All entities: [55, 53, 2, 19, 37, 52, 16, 22, 27, 41, 54, 3, 39, 18]
[SERIALIZE] Snapshot #20 | Player ID: 55 | Player in entity_ids: true | Entity count: 14 | All IDs (sorted): [2, 3, 16, 18, 19, 22, 27, 37, 39, 41, 52, 53, 54, 55]
[SERVER] DEBUG: About to add 14 entities to snapshot #30 | Player at [0]: true | Interest list: [55, 53, 2, 19, 37, 52, 41, 16, 22, 27, 54, 3, 39, 18]
[SERVER] DEBUG: Snapshot #30 created with 14 entities including player 55 | All entities: [55, 53, 2, 19, 37, 52, 41, 16, 22, 27, 54, 3, 39, 18]
[SERIALIZE] Snapshot #30 | Player ID: 55 | Player in entity_ids: true | Entity count: 14 | All IDs (sorted): [2, 3, 16, 18, 19, 22, 27, 37, 39, 41, 52, 53, 54, 55]
[SERIALIZE] WARNING: Player 55 unchanged from baseline in snapshot #30 - copying from baseline
[SERVER] DEBUG: About to add 14 entities to snapshot #40 | Player at [0]: true | Interest list: [55, 53, 2, 19, 37, 52, 41, 22, 27, 16, 54, 3, 39, 18]
[SERVER] DEBUG: Snapshot #40 created with 14 entities including player 55 | All entities: [55, 53, 2, 19, 37, 52, 41, 22, 27, 16, 54, 3, 39, 18]
[SERIALIZE] Snapshot #40 | Player ID: 55 | Player in entity_ids: true | Entity count: 14 | All IDs (sorted): [2, 3, 16, 18, 19, 22, 27, 37, 39, 41, 52, 53, 54, 55]
[SERVER] DEBUG: About to add 14 entities to snapshot #50 | Player at [0]: true | Interest list: [55, 53, 2, 19, 37, 52, 41, 22, 27, 16, 54, 3, 39, 18]
[SERVER] DEBUG: Snapshot #50 created with 14 entities including player 55 | All entities: [55, 53, 2, 19, 37, 52, 41, 22, 27, 16, 54, 3, 39, 18]
[SERIALIZE] Snapshot #50 | Player ID: 55 | Player in entity_ids: true | Entity count: 14 | All IDs (sorted): [2, 3, 16, 18, 19, 22, 27, 37, 39, 41, 52, 53, 54, 55]
[SERIALIZE] WARNING: Player 55 unchanged from baseline in snapshot #50 - copying from baseline
[SERVER] DEBUG: About to add 14 entities to snapshot #60 | Player at [0]: true | Interest list: [55, 53, 2, 19, 37, 52, 41, 22, 27, 16, 54, 3, 39, 18]
[SERVER] DEBUG: Snapshot #60 created with 14 entities including player 55 | All entities: [55, 53, 2, 19, 37, 52, 41, 22, 27, 16, 54, 3, 39, 18]
[SERIALIZE] Snapshot #60 | Player ID: 55 | Player in entity_ids: true | Entity count: 14 | All IDs (sorted): [2, 3, 16, 18, 19, 22, 27, 37, 39, 41, 52, 53, 54, 55]
Peer connected: 183070139
[SERVER] Spawned entity 56 at (88.34819, -66.58761) | Peer: 183070139
[SERVER] DEBUG: About to add 15 entities to snapshot #70 | Player at [0]: true | Interest list: [55, 53, 2, 19, 37, 52, 41, 16, 22, 27, 54, 3, 39, 56, 18]
[SERVER] DEBUG: Snapshot #70 created with 15 entities including player 55 | All entities: [55, 53, 2, 19, 37, 52, 41, 16, 22, 27, 54, 3, 39, 56, 18]
[SERIALIZE] Snapshot #70 | Player ID: 55 | Player in entity_ids: true | Entity count: 15 | All IDs (sorted): [2, 3, 16, 18, 19, 22, 27, 37, 39, 41, 52, 53, 54, 55, 56]
[SERIALIZE] WARNING: Player 55 unchanged from baseline in snapshot #70 - copying from baseline
[SERVER] DEBUG: About to add 12 entities to snapshot #10 | Player at [0]: true | Interest list: [56, 52, 41, 55, 16, 22, 27, 54, 3, 39, 18, 38]
[SERVER] DEBUG: Snapshot #10 created with 12 entities including player 56 | All entities: [56, 52, 41, 55, 16, 22, 27, 54, 3, 39, 18, 38]
[SERIALIZE] Snapshot #10 | Player ID: 56 | Player in entity_ids: true | Entity count: 12 | All IDs (sorted): [3, 16, 18, 22, 27, 38, 39, 41, 52, 54, 55, 56]
[SERIALIZE] WARNING: Player 56 unchanged from baseline in snapshot #10 - copying from baseline
[SERVER] DEBUG: About to add 16 entities to snapshot #80 | Player at [0]: true | Interest list: [55, 53, 2, 51, 19, 37, 52, 41, 16, 22, 27, 54, 3, 39, 56, 18]
[SERVER] DEBUG: Snapshot #80 created with 16 entities including player 55 | All entities: [55, 53, 2, 51, 19, 37, 52, 41, 16, 22, 27, 54, 3, 39, 56, 18]
[SERIALIZE] Snapshot #80 | Player ID: 55 | Player in entity_ids: true | Entity count: 16 | All IDs (sorted): [2, 3, 16, 18, 19, 22, 27, 37, 39, 41, 51, 52, 53, 54, 55, 56]
[SERVER] DEBUG: About to add 12 entities to snapshot #20 | Player at [0]: true | Interest list: [56, 52, 41, 54, 55, 16, 22, 27, 3, 39, 18, 38]
[SERVER] DEBUG: Snapshot #20 created with 12 entities including player 56 | All entities: [56, 52, 41, 54, 55, 16, 22, 27, 3, 39, 18, 38]
[SERIALIZE] Snapshot #20 | Player ID: 56 | Player in entity_ids: true | Entity count: 12 | All IDs (sorted): [3, 16, 18, 22, 27, 38, 39, 41, 52, 54, 55, 56]
[SERVER] DEBUG: About to add 16 entities to snapshot #90 | Player at [0]: true | Interest list: [55, 53, 51, 19, 37, 2, 52, 41, 3, 54, 16, 22, 27, 39, 56, 18]
[SERVER] DEBUG: Snapshot #90 created with 16 entities including player 55 | All entities: [55, 53, 51, 19, 37, 2, 52, 41, 3, 54, 16, 22, 27, 39, 56, 18]
[SERIALIZE] Snapshot #90 | Player ID: 55 | Player in entity_ids: true | Entity count: 16 | All IDs (sorted): [2, 3, 16, 18, 19, 22, 27, 37, 39, 41, 51, 52, 53, 54, 55, 56]
[SERIALIZE] WARNING: Player 55 unchanged from baseline in snapshot #90 - copying from baseline
[SERVER] DEBUG: About to add 12 entities to snapshot #30 | Player at [0]: true | Interest list: [56, 52, 41, 3, 54, 55, 16, 22, 27, 39, 18, 38]
[SERVER] DEBUG: Snapshot #30 created with 12 entities including player 56 | All entities: [56, 52, 41, 3, 54, 55, 16, 22, 27, 39, 18, 38]
[SERIALIZE] Snapshot #30 | Player ID: 56 | Player in entity_ids: true | Entity count: 12 | All IDs (sorted): [3, 16, 18, 22, 27, 38, 39, 41, 52, 54, 55, 56]
[SERIALIZE] WARNING: Player 56 unchanged from baseline in snapshot #30 - copying from baseline
[SERVER] Snapshot #100 | Tick: 75 | Timestamp: 3.75 | Player ID: 55 | Player pos: (34.9477, -96.50191) | Player chunk: (0, -2)
[SERVER] DEBUG: About to add 16 entities to snapshot #100 | Player at [0]: true | Interest list: [55, 53, 51, 19, 37, 2, 52, 3, 54, 41, 16, 22, 27, 39, 56, 18]
[SERVER] DEBUG: Snapshot #100 created with 16 entities including player 55 | All entities: [55, 53, 51, 19, 37, 2, 52, 3, 54, 41, 16, 22, 27, 39, 56, 18]
[SERIALIZE] Snapshot #100 | Player ID: 55 | Player in entity_ids: true | Entity count: 16 | All IDs (sorted): [2, 3, 16, 18, 19, 22, 27, 37, 39, 41, 51, 52, 53, 54, 55, 56]
Snapshot #100 to peer 376569750: 16 entities, 178 bytes (uncompressed: ~800 bytes)
[SERVER] DEBUG: About to add 12 entities to snapshot #40 | Player at [0]: true | Interest list: [56, 52, 3, 54, 41, 55, 16, 22, 27, 39, 18, 38]
[SERVER] DEBUG: Snapshot #40 created with 12 entities including player 56 | All entities: [56, 52, 3, 54, 41, 55, 16, 22, 27, 39, 18, 38]
[SERIALIZE] Snapshot #40 | Player ID: 56 | Player in entity_ids: true | Entity count: 12 | All IDs (sorted): [3, 16, 18, 22, 27, 38, 39, 41, 52, 54, 55, 56]
[SERVER] DEBUG: About to add 16 entities to snapshot #110 | Player at [0]: true | Interest list: [55, 51, 19, 37, 2, 52, 53, 3, 54, 41, 16, 22, 27, 39, 56, 18]
[SERVER] DEBUG: Snapshot #110 created with 16 entities including player 55 | All entities: [55, 51, 19, 37, 2, 52, 53, 3, 54, 41, 16, 22, 27, 39, 56, 18]
[SERIALIZE] Snapshot #110 | Player ID: 55 | Player in entity_ids: true | Entity count: 16 | All IDs (sorted): [2, 3, 16, 18, 19, 22, 27, 37, 39, 41, 51, 52, 53, 54, 55, 56]
[SERVER] DEBUG: About to add 13 entities to snapshot #50 | Player at [0]: true | Interest list: [56, 52, 53, 3, 54, 41, 55, 16, 22, 27, 39, 18, 38]
[SERVER] DEBUG: Snapshot #50 created with 13 entities including player 56 | All entities: [56, 52, 53, 3, 54, 41, 55, 16, 22, 27, 39, 18, 38]
[SERIALIZE] Snapshot #50 | Player ID: 56 | Player in entity_ids: true | Entity count: 13 | All IDs (sorted): [3, 16, 18, 22, 27, 38, 39, 41, 52, 53, 54, 55, 56]
[SERIALIZE] WARNING: Player 56 unchanged from baseline in snapshot #50 - copying from baseline
[SERVER] DEBUG: About to add 16 entities to snapshot #120 | Player at [0]: true | Interest list: [55, 51, 19, 37, 2, 52, 53, 3, 54, 41, 16, 22, 27, 39, 56, 18]
[SERVER] DEBUG: Snapshot #120 created with 16 entities including player 55 | All entities: [55, 51, 19, 37, 2, 52, 53, 3, 54, 41, 16, 22, 27, 39, 56, 18]
[SERIALIZE] Snapshot #120 | Player ID: 55 | Player in entity_ids: true | Entity count: 16 | All IDs (sorted): [2, 3, 16, 18, 19, 22, 27, 37, 39, 41, 51, 52, 53, 54, 55, 56]
[SERVER] DEBUG: About to add 13 entities to snapshot #60 | Player at [0]: true | Interest list: [56, 52, 53, 3, 54, 41, 55, 16, 22, 27, 39, 18, 38]
[SERVER] DEBUG: Snapshot #60 created with 13 entities including player 56 | All entities: [56, 52, 53, 3, 54, 41, 55, 16, 22, 27, 39, 18, 38]
[SERIALIZE] Snapshot #60 | Player ID: 56 | Player in entity_ids: true | Entity count: 13 | All IDs (sorted): [3, 16, 18, 22, 27, 38, 39, 41, 52, 53, 54, 55, 56]
[SERVER] DEBUG: About to add 16 entities to snapshot #130 | Player at [0]: true | Interest list: [55, 51, 19, 37, 2, 52, 53, 3, 54, 41, 16, 22, 27, 39, 56, 18]
[SERVER] DEBUG: Snapshot #130 created with 16 entities including player 55 | All entities: [55, 51, 19, 37, 2, 52, 53, 3, 54, 41, 16, 22, 27, 39, 56, 18]
[SERIALIZE] Snapshot #130 | Player ID: 55 | Player in entity_ids: true | Entity count: 16 | All IDs (sorted): [2, 3, 16, 18, 19, 22, 27, 37, 39, 41, 51, 52, 53, 54, 55, 56]
[SERVER] DEBUG: About to add 13 entities to snapshot #70 | Player at [0]: true | Interest list: [56, 52, 53, 3, 54, 41, 55, 16, 22, 27, 39, 18, 38]
[SERVER] DEBUG: Snapshot #70 created with 13 entities including player 56 | All entities: [56, 52, 53, 3, 54, 41, 55, 16, 22, 27, 39, 18, 38]
[SERIALIZE] Snapshot #70 | Player ID: 56 | Player in entity_ids: true | Entity count: 13 | All IDs (sorted): [3, 16, 18, 22, 27, 38, 39, 41, 52, 53, 54, 55, 56]
[SERIALIZE] WARNING: Player 56 unchanged from baseline in snapshot #70 - copying from baseline
[SERVER] DEBUG: About to add 16 entities to snapshot #140 | Player at [0]: true | Interest list: [55, 51, 19, 37, 2, 52, 53, 3, 54, 41, 16, 22, 27, 39, 56, 18]
[SERVER] DEBUG: Snapshot #140 created with 16 entities including player 55 | All entities: [55, 51, 19, 37, 2, 52, 53, 3, 54, 41, 16, 22, 27, 39, 56, 18]
[SERIALIZE] Snapshot #140 | Player ID: 55 | Player in entity_ids: true | Entity count: 16 | All IDs (sorted): [2, 3, 16, 18, 19, 22, 27, 37, 39, 41, 51, 52, 53, 54, 55, 56]
[SERVER] DEBUG: About to add 13 entities to snapshot #80 | Player at [0]: true | Interest list: [56, 52, 53, 3, 54, 41, 55, 16, 22, 27, 39, 18, 38]
[SERVER] DEBUG: Snapshot #80 created with 13 entities including player 56 | All entities: [56, 52, 53, 3, 54, 41, 55, 16, 22, 27, 39, 18, 38]
[SERIALIZE] Snapshot #80 | Player ID: 56 | Player in entity_ids: true | Entity count: 13 | All IDs (sorted): [3, 16, 18, 22, 27, 38, 39, 41, 52, 53, 54, 55, 56]
[SERVER] DEBUG: About to add 16 entities to snapshot #150 | Player at [0]: true | Interest list: [55, 19, 37, 2, 51, 52, 53, 3, 54, 41, 16, 22, 27, 39, 56, 18]
[SERVER] DEBUG: Snapshot #150 created with 16 entities including player 55 | All entities: [55, 19, 37, 2, 51, 52, 53, 3, 54, 41, 16, 22, 27, 39, 56, 18]
[SERIALIZE] Snapshot #150 | Player ID: 55 | Player in entity_ids: true | Entity count: 16 | All IDs (sorted): [2, 3, 16, 18, 19, 22, 27, 37, 39, 41, 51, 52, 53, 54, 55, 56]
[SERVER] DEBUG: About to add 13 entities to snapshot #90 | Player at [0]: true | Interest list: [56, 52, 53, 3, 54, 41, 55, 16, 22, 27, 39, 18, 38]
[SERVER] DEBUG: Snapshot #90 created with 13 entities including player 56 | All entities: [56, 52, 53, 3, 54, 41, 55, 16, 22, 27, 39, 18, 38]
[SERIALIZE] Snapshot #90 | Player ID: 56 | Player in entity_ids: true | Entity count: 13 | All IDs (sorted): [3, 16, 18, 22, 27, 38, 39, 41, 52, 53, 54, 55, 56]
[SERIALIZE] WARNING: Player 56 unchanged from baseline in snapshot #90 - copying from baseline
[SERVER] DEBUG: About to add 16 entities to snapshot #160 | Player at [0]: true | Interest list: [55, 19, 2, 51, 52, 53, 3, 54, 41, 37, 16, 22, 27, 39, 56, 18]
[SERVER] DEBUG: Snapshot #160 created with 16 entities including player 55 | All entities: [55, 19, 2, 51, 52, 53, 3, 54, 41, 37, 16, 22, 27, 39, 56, 18]
[SERIALIZE] Snapshot #160 | Player ID: 55 | Player in entity_ids: true | Entity count: 16 | All IDs (sorted): [2, 3, 16, 18, 19, 22, 27, 37, 39, 41, 51, 52, 53, 54, 55, 56]
[SERVER] Snapshot #100 | Tick: 95 | Timestamp: 4.75 | Player ID: 56 | Player pos: (88.34819, -66.58761) | Player chunk: (1, -2)
[SERVER] DEBUG: About to add 14 entities to snapshot #100 | Player at [0]: true | Interest list: [56, 52, 53, 3, 54, 41, 37, 55, 16, 22, 27, 39, 18, 38]
[SERVER] DEBUG: Snapshot #100 created with 14 entities including player 56 | All entities: [56, 52, 53, 3, 54, 41, 37, 55, 16, 22, 27, 39, 18, 38]
[SERIALIZE] Snapshot #100 | Player ID: 56 | Player in entity_ids: true | Entity count: 14 | All IDs (sorted): [3, 16, 18, 22, 27, 37, 38, 39, 41, 52, 53, 54, 55, 56]
Snapshot #100 to peer 183070139: 14 entities, 158 bytes (uncompressed: ~700 bytes)
[SERVER] DEBUG: About to add 16 entities to snapshot #170 | Player at [0]: true | Interest list: [55, 19, 2, 51, 52, 53, 3, 54, 41, 37, 16, 22, 27, 39, 56, 18]
[SERVER] DEBUG: Snapshot #170 created with 16 entities including player 55 | All entities: [55, 19, 2, 51, 52, 53, 3, 54, 41, 37, 16, 22, 27, 39, 56, 18]
[SERIALIZE] Snapshot #170 | Player ID: 55 | Player in entity_ids: true | Entity count: 16 | All IDs (sorted): [2, 3, 16, 18, 19, 22, 27, 37, 39, 41, 51, 52, 53, 54, 55, 56]
[SERVER] DEBUG: About to add 14 entities to snapshot #110 | Player at [0]: true | Interest list: [56, 52, 53, 3, 54, 41, 37, 55, 16, 22, 27, 39, 18, 38]
[SERVER] DEBUG: Snapshot #110 created with 14 entities including player 56 | All entities: [56, 52, 53, 3, 54, 41, 37, 55, 16, 22, 27, 39, 18, 38]
[SERIALIZE] Snapshot #110 | Player ID: 56 | Player in entity_ids: true | Entity count: 14 | All IDs (sorted): [3, 16, 18, 22, 27, 37, 38, 39, 41, 52, 53, 54, 55, 56]
[SERIALIZE] WARNING: Player 56 unchanged from baseline in snapshot #110 - copying from baseline
[SERVER] DEBUG: About to add 15 entities to snapshot #180 | Player at [0]: true | Interest list: [55, 19, 2, 51, 52, 53, 54, 41, 37, 16, 22, 27, 39, 56, 18]
[SERVER] DEBUG: Snapshot #180 created with 15 entities including player 55 | All entities: [55, 19, 2, 51, 52, 53, 54, 41, 37, 16, 22, 27, 39, 56, 18]
[SERIALIZE] Snapshot #180 | Player ID: 55 | Player in entity_ids: true | Entity count: 15 | All IDs (sorted): [2, 16, 18, 19, 22, 27, 37, 39, 41, 51, 52, 53, 54, 55, 56]
[SERVER] DEBUG: About to add 13 entities to snapshot #120 | Player at [0]: true | Interest list: [56, 52, 53, 54, 41, 37, 55, 16, 22, 27, 39, 18, 38]
[SERVER] DEBUG: Snapshot #120 created with 13 entities including player 56 | All entities: [56, 52, 53, 54, 41, 37, 55, 16, 22, 27, 39, 18, 38]
[SERIALIZE] Snapshot #120 | Player ID: 56 | Player in entity_ids: true | Entity count: 13 | All IDs (sorted): [16, 18, 22, 27, 37, 38, 39, 41, 52, 53, 54, 55, 56]
[SERVER] Player entity 55 (peer 376569750) moved from chunk (0, -2) to (0, -1) | Position: (34.94823, -63.23617)
[SERVER] DEBUG: About to add 16 entities to snapshot #190 | Player at [0]: true | Interest list: [55, 19, 2, 51, 52, 53, 54, 41, 37, 3, 22, 27, 16, 39, 56, 18]
[SERVER] DEBUG: Snapshot #190 created with 16 entities including player 55 | All entities: [55, 19, 2, 51, 52, 53, 54, 41, 37, 3, 22, 27, 16, 39, 56, 18]
[SERIALIZE] Snapshot #190 | Player ID: 55 | Player in entity_ids: true | Entity count: 16 | All IDs (sorted): [2, 3, 16, 18, 19, 22, 27, 37, 39, 41, 51, 52, 53, 54, 55, 56]
[SERVER] DEBUG: About to add 13 entities to snapshot #130 | Player at [0]: true | Interest list: [56, 52, 53, 54, 41, 37, 22, 27, 16, 55, 39, 18, 38]
[SERVER] DEBUG: Snapshot #130 created with 13 entities including player 56 | All entities: [56, 52, 53, 54, 41, 37, 22, 27, 16, 55, 39, 18, 38]
[SERIALIZE] Snapshot #130 | Player ID: 56 | Player in entity_ids: true | Entity count: 13 | All IDs (sorted): [16, 18, 22, 27, 37, 38, 39, 41, 52, 53, 54, 55, 56]
[SERIALIZE] WARNING: Player 56 unchanged from baseline in snapshot #130 - copying from baseline
[SERVER] Snapshot #200 | Tick: 108 | Timestamp: 5.4 | Player ID: 55 | Player pos: (34.94833, -57.27276) | Player chunk: (0, -1)
[SERVER] DEBUG: About to add 16 entities to snapshot #200 | Player at [0]: true | Interest list: [55, 19, 2, 51, 52, 53, 54, 41, 37, 3, 22, 27, 16, 39, 56, 18]
[SERVER] DEBUG: Snapshot #200 created with 16 entities including player 55 | All entities: [55, 19, 2, 51, 52, 53, 54, 41, 37, 3, 22, 27, 16, 39, 56, 18]
[SERIALIZE] Snapshot #200 | Player ID: 55 | Player in entity_ids: true | Entity count: 16 | All IDs (sorted): [2, 3, 16, 18, 19, 22, 27, 37, 39, 41, 51, 52, 53, 54, 55, 56]
Snapshot #200 to peer 376569750: 16 entities, 178 bytes (uncompressed: ~800 bytes)
[SERVER] DEBUG: About to add 13 entities to snapshot #140 | Player at [0]: true | Interest list: [56, 52, 53, 54, 41, 37, 22, 27, 16, 55, 39, 18, 38]
[SERVER] DEBUG: Snapshot #140 created with 13 entities including player 56 | All entities: [56, 52, 53, 54, 41, 37, 22, 27, 16, 55, 39, 18, 38]
[SERIALIZE] Snapshot #140 | Player ID: 56 | Player in entity_ids: true | Entity count: 13 | All IDs (sorted): [16, 18, 22, 27, 37, 38, 39, 41, 52, 53, 54, 55, 56]
[SERVER] DEBUG: About to add 16 entities to snapshot #210 | Player at [0]: true | Interest list: [55, 19, 51, 53, 54, 41, 37, 2, 3, 22, 27, 52, 16, 39, 56, 18]
[SERVER] DEBUG: Snapshot #210 created with 16 entities including player 55 | All entities: [55, 19, 51, 53, 54, 41, 37, 2, 3, 22, 27, 52, 16, 39, 56, 18]
[SERIALIZE] Snapshot #210 | Player ID: 55 | Player in entity_ids: true | Entity count: 16 | All IDs (sorted): [2, 3, 16, 18, 19, 22, 27, 37, 39, 41, 51, 52, 53, 54, 55, 56]
[SERVER] DEBUG: About to add 14 entities to snapshot #150 | Player at [0]: true | Interest list: [56, 53, 54, 41, 37, 2, 22, 27, 52, 16, 55, 39, 18, 38]
[SERVER] DEBUG: Snapshot #150 created with 14 entities including player 56 | All entities: [56, 53, 54, 41, 37, 2, 22, 27, 52, 16, 55, 39, 18, 38]
[SERIALIZE] Snapshot #150 | Player ID: 56 | Player in entity_ids: true | Entity count: 14 | All IDs (sorted): [2, 16, 18, 22, 27, 37, 38, 39, 41, 52, 53, 54, 55, 56]
[SERIALIZE] WARNING: Player 56 unchanged from baseline in snapshot #150 - copying from baseline
[SERVER] DEBUG: About to add 16 entities to snapshot #220 | Player at [0]: true | Interest list: [55, 19, 51, 53, 54, 41, 37, 2, 3, 22, 27, 52, 16, 39, 56, 18]
[SERVER] DEBUG: Snapshot #220 created with 16 entities including player 55 | All entities: [55, 19, 51, 53, 54, 41, 37, 2, 3, 22, 27, 52, 16, 39, 56, 18]
[SERIALIZE] Snapshot #220 | Player ID: 55 | Player in entity_ids: true | Entity count: 16 | All IDs (sorted): [2, 3, 16, 18, 19, 22, 27, 37, 39, 41, 51, 52, 53, 54, 55, 56]
[SERVER] DEBUG: About to add 14 entities to snapshot #160 | Player at [0]: true | Interest list: [56, 53, 54, 41, 37, 2, 22, 27, 52, 16, 55, 39, 18, 38]
[SERVER] DEBUG: Snapshot #160 created with 14 entities including player 56 | All entities: [56, 53, 54, 41, 37, 2, 22, 27, 52, 16, 55, 39, 18, 38]
[SERIALIZE] Snapshot #160 | Player ID: 56 | Player in entity_ids: true | Entity count: 14 | All IDs (sorted): [2, 16, 18, 22, 27, 37, 38, 39, 41, 52, 53, 54, 55, 56]
[SERVER] DEBUG: About to add 16 entities to snapshot #230 | Player at [0]: true | Interest list: [55, 19, 51, 53, 54, 41, 37, 2, 3, 22, 27, 52, 16, 39, 56, 18]
[SERVER] DEBUG: Snapshot #230 created with 16 entities including player 55 | All entities: [55, 19, 51, 53, 54, 41, 37, 2, 3, 22, 27, 52, 16, 39, 56, 18]
[SERIALIZE] Snapshot #230 | Player ID: 55 | Player in entity_ids: true | Entity count: 16 | All IDs (sorted): [2, 3, 16, 18, 19, 22, 27, 37, 39, 41, 51, 52, 53, 54, 55, 56]
[SERVER] DEBUG: About to add 14 entities to snapshot #170 | Player at [0]: true | Interest list: [56, 53, 54, 41, 37, 2, 52, 16, 55, 22, 27, 39, 18, 38]
[SERVER] DEBUG: Snapshot #170 created with 14 entities including player 56 | All entities: [56, 53, 54, 41, 37, 2, 52, 16, 55, 22, 27, 39, 18, 38]
[SERIALIZE] Snapshot #170 | Player ID: 56 | Player in entity_ids: true | Entity count: 14 | All IDs (sorted): [2, 16, 18, 22, 27, 37, 38, 39, 41, 52, 53, 54, 55, 56]
[SERIALIZE] WARNING: Player 56 unchanged from baseline in snapshot #170 - copying from baseline
[SERVER] DEBUG: About to add 16 entities to snapshot #240 | Player at [0]: true | Interest list: [55, 51, 19, 53, 54, 41, 37, 2, 3, 52, 16, 22, 27, 39, 56, 18]
[SERVER] DEBUG: Snapshot #240 created with 16 entities including player 55 | All entities: [55, 51, 19, 53, 54, 41, 37, 2, 3, 52, 16, 22, 27, 39, 56, 18]
[SERIALIZE] Snapshot #240 | Player ID: 55 | Player in entity_ids: true | Entity count: 16 | All IDs (sorted): [2, 3, 16, 18, 19, 22, 27, 37, 39, 41, 51, 52, 53, 54, 55, 56]
[SERVER] DEBUG: About to add 14 entities to snapshot #180 | Player at [0]: true | Interest list: [56, 53, 54, 41, 37, 2, 52, 16, 55, 22, 27, 39, 18, 38]
[SERVER] DEBUG: Snapshot #180 created with 14 entities including player 56 | All entities: [56, 53, 54, 41, 37, 2, 52, 16, 55, 22, 27, 39, 18, 38]
[SERIALIZE] Snapshot #180 | Player ID: 56 | Player in entity_ids: true | Entity count: 14 | All IDs (sorted): [2, 16, 18, 22, 27, 37, 38, 39, 41, 52, 53, 54, 55, 56]
[SERVER] DEBUG: About to add 16 entities to snapshot #250 | Player at [0]: true | Interest list: [55, 51, 19, 53, 54, 41, 37, 2, 3, 52, 16, 22, 27, 39, 56, 18]
[SERVER] DEBUG: Snapshot #250 created with 16 entities including player 55 | All entities: [55, 51, 19, 53, 54, 41, 37, 2, 3, 52, 16, 22, 27, 39, 56, 18]
[SERIALIZE] Snapshot #250 | Player ID: 55 | Player in entity_ids: true | Entity count: 16 | All IDs (sorted): [2, 3, 16, 18, 19, 22, 27, 37, 39, 41, 51, 52, 53, 54, 55, 56]
[SERVER] DEBUG: About to add 14 entities to snapshot #190 | Player at [0]: true | Interest list: [56, 53, 54, 41, 37, 2, 52, 16, 55, 22, 27, 39, 18, 38]
[SERVER] DEBUG: Snapshot #190 created with 14 entities including player 56 | All entities: [56, 53, 54, 41, 37, 2, 52, 16, 55, 22, 27, 39, 18, 38]
[SERIALIZE] Snapshot #190 | Player ID: 56 | Player in entity_ids: true | Entity count: 14 | All IDs (sorted): [2, 16, 18, 22, 27, 37, 38, 39, 41, 52, 53, 54, 55, 56]
[SERIALIZE] WARNING: Player 56 unchanged from baseline in snapshot #190 - copying from baseline
[SERVER] DEBUG: About to add 16 entities to snapshot #260 | Player at [0]: true | Interest list: [55, 51, 19, 53, 54, 41, 37, 2, 52, 16, 22, 27, 3, 39, 56, 18]
[SERVER] DEBUG: Snapshot #260 created with 16 entities including player 55 | All entities: [55, 51, 19, 53, 54, 41, 37, 2, 52, 16, 22, 27, 3, 39, 56, 18]
[SERIALIZE] Snapshot #260 | Player ID: 55 | Player in entity_ids: true | Entity count: 16 | All IDs (sorted): [2, 3, 16, 18, 19, 22, 27, 37, 39, 41, 51, 52, 53, 54, 55, 56]
[SERVER] Snapshot #200 | Tick: 129 | Timestamp: 6.45 | Player ID: 56 | Player pos: (88.34819, -66.58761) | Player chunk: (1, -2)
[SERVER] DEBUG: About to add 14 entities to snapshot #200 | Player at [0]: true | Interest list: [56, 54, 41, 37, 2, 53, 52, 16, 55, 22, 27, 39, 18, 38]
[SERVER] DEBUG: Snapshot #200 created with 14 entities including player 56 | All entities: [56, 54, 41, 37, 2, 53, 52, 16, 55, 22, 27, 39, 18, 38]
[SERIALIZE] Snapshot #200 | Player ID: 56 | Player in entity_ids: true | Entity count: 14 | All IDs (sorted): [2, 16, 18, 22, 27, 37, 38, 39, 41, 52, 53, 54, 55, 56]
Snapshot #200 to peer 183070139: 14 entities, 158 bytes (uncompressed: ~700 bytes)
[SERVER] DEBUG: About to add 16 entities to snapshot #270 | Player at [0]: true | Interest list: [55, 51, 19, 54, 41, 37, 2, 53, 52, 16, 22, 27, 3, 39, 56, 18]
[SERVER] DEBUG: Snapshot #270 created with 16 entities including player 55 | All entities: [55, 51, 19, 54, 41, 37, 2, 53, 52, 16, 22, 27, 3, 39, 56, 18]
[SERIALIZE] Snapshot #270 | Player ID: 55 | Player in entity_ids: true | Entity count: 16 | All IDs (sorted): [2, 3, 16, 18, 19, 22, 27, 37, 39, 41, 51, 52, 53, 54, 55, 56]
[SERVER] DEBUG: About to add 14 entities to snapshot #210 | Player at [0]: true | Interest list: [56, 54, 41, 37, 2, 53, 52, 16, 55, 22, 27, 39, 18, 38]
[SERVER] DEBUG: Snapshot #210 created with 14 entities including player 56 | All entities: [56, 54, 41, 37, 2, 53, 52, 16, 55, 22, 27, 39, 18, 38]
[SERIALIZE] Snapshot #210 | Player ID: 56 | Player in entity_ids: true | Entity count: 14 | All IDs (sorted): [2, 16, 18, 22, 27, 37, 38, 39, 41, 52, 53, 54, 55, 56]
[SERIALIZE] WARNING: Player 56 unchanged from baseline in snapshot #210 - copying from baseline
[SERVER] DEBUG: About to add 16 entities to snapshot #280 | Player at [0]: true | Interest list: [55, 51, 19, 54, 41, 37, 2, 53, 52, 16, 22, 27, 3, 39, 56, 18]
[SERVER] DEBUG: Snapshot #280 created with 16 entities including player 55 | All entities: [55, 51, 19, 54, 41, 37, 2, 53, 52, 16, 22, 27, 3, 39, 56, 18]
[SERIALIZE] Snapshot #280 | Player ID: 55 | Player in entity_ids: true | Entity count: 16 | All IDs (sorted): [2, 3, 16, 18, 19, 22, 27, 37, 39, 41, 51, 52, 53, 54, 55, 56]
[SERVER] DEBUG: About to add 14 entities to snapshot #220 | Player at [0]: true | Interest list: [56, 54, 41, 37, 2, 53, 52, 16, 55, 22, 27, 39, 18, 38]
[SERVER] DEBUG: Snapshot #220 created with 14 entities including player 56 | All entities: [56, 54, 41, 37, 2, 53, 52, 16, 55, 22, 27, 39, 18, 38]
[SERIALIZE] Snapshot #220 | Player ID: 56 | Player in entity_ids: true | Entity count: 14 | All IDs (sorted): [2, 16, 18, 22, 27, 37, 38, 39, 41, 52, 53, 54, 55, 56]
[SERVER] DEBUG: About to add 16 entities to snapshot #290 | Player at [0]: true | Interest list: [55, 51, 19, 54, 41, 37, 2, 53, 52, 16, 22, 27, 3, 39, 56, 18]
[SERVER] DEBUG: Snapshot #290 created with 16 entities including player 55 | All entities: [55, 51, 19, 54, 41, 37, 2, 53, 52, 16, 22, 27, 3, 39, 56, 18]
[SERIALIZE] Snapshot #290 | Player ID: 55 | Player in entity_ids: true | Entity count: 16 | All IDs (sorted): [2, 3, 16, 18, 19, 22, 27, 37, 39, 41, 51, 52, 53, 54, 55, 56]
[SERVER] DEBUG: About to add 13 entities to snapshot #230 | Player at [0]: true | Interest list: [56, 54, 41, 2, 53, 52, 16, 55, 22, 27, 39, 18, 38]
[SERVER] DEBUG: Snapshot #230 created with 13 entities including player 56 | All entities: [56, 54, 41, 2, 53, 52, 16, 55, 22, 27, 39, 18, 38]
[SERIALIZE] Snapshot #230 | Player ID: 56 | Player in entity_ids: true | Entity count: 13 | All IDs (sorted): [2, 16, 18, 22, 27, 38, 39, 41, 52, 53, 54, 55, 56]
[SERIALIZE] WARNING: Player 56 unchanged from baseline in snapshot #230 - copying from baseline
[SERVER] Snapshot #300 | Tick: 142 | Timestamp: 7.1 | Player ID: 55 | Player pos: (40.69793, -29.1691) | Player chunk: (0, -1)
[SERVER] DEBUG: About to add 16 entities to snapshot #300 | Player at [0]: true | Interest list: [55, 51, 19, 54, 41, 2, 53, 37, 52, 16, 22, 27, 3, 39, 56, 18]
[SERVER] DEBUG: Snapshot #300 created with 16 entities including player 55 | All entities: [55, 51, 19, 54, 41, 2, 53, 37, 52, 16, 22, 27, 3, 39, 56, 18]
[SERIALIZE] Snapshot #300 | Player ID: 55 | Player in entity_ids: true | Entity count: 16 | All IDs (sorted): [2, 3, 16, 18, 19, 22, 27, 37, 39, 41, 51, 52, 53, 54, 55, 56]
Snapshot #300 to peer 376569750: 16 entities, 178 bytes (uncompressed: ~800 bytes)
[SERVER] DEBUG: About to add 13 entities to snapshot #240 | Player at [0]: true | Interest list: [56, 54, 41, 2, 53, 52, 16, 55, 22, 27, 39, 18, 38]
[SERVER] DEBUG: Snapshot #240 created with 13 entities including player 56 | All entities: [56, 54, 41, 2, 53, 52, 16, 55, 22, 27, 39, 18, 38]
[SERIALIZE] Snapshot #240 | Player ID: 56 | Player in entity_ids: true | Entity count: 13 | All IDs (sorted): [2, 16, 18, 22, 27, 38, 39, 41, 52, 53, 54, 55, 56]
[SERVER] DEBUG: About to add 16 entities to snapshot #310 | Player at [0]: true | Interest list: [55, 51, 19, 41, 2, 53, 37, 52, 16, 22, 27, 54, 3, 39, 56, 18]
[SERVER] DEBUG: Snapshot #310 created with 16 entities including player 55 | All entities: [55, 51, 19, 41, 2, 53, 37, 52, 16, 22, 27, 54, 3, 39, 56, 18]
[SERIALIZE] Snapshot #310 | Player ID: 55 | Player in entity_ids: true | Entity count: 16 | All IDs (sorted): [2, 3, 16, 18, 19, 22, 27, 37, 39, 41, 51, 52, 53, 54, 55, 56]
[SERVER] DEBUG: About to add 13 entities to snapshot #250 | Player at [0]: true | Interest list: [56, 41, 2, 53, 52, 16, 55, 22, 27, 54, 39, 18, 38]
[SERVER] DEBUG: Snapshot #250 created with 13 entities including player 56 | All entities: [56, 41, 2, 53, 52, 16, 55, 22, 27, 54, 39, 18, 38]
[SERIALIZE] Snapshot #250 | Player ID: 56 | Player in entity_ids: true | Entity count: 13 | All IDs (sorted): [2, 16, 18, 22, 27, 38, 39, 41, 52, 53, 54, 55, 56]
[SERIALIZE] WARNING: Player 56 unchanged from baseline in snapshot #250 - copying from baseline
[SERVER] DEBUG: About to add 16 entities to snapshot #320 | Player at [0]: true | Interest list: [55, 51, 19, 41, 2, 53, 37, 52, 16, 22, 27, 54, 3, 39, 56, 18]
[SERVER] DEBUG: Snapshot #320 created with 16 entities including player 55 | All entities: [55, 51, 19, 41, 2, 53, 37, 52, 16, 22, 27, 54, 3, 39, 56, 18]
[SERIALIZE] Snapshot #320 | Player ID: 55 | Player in entity_ids: true | Entity count: 16 | All IDs (sorted): [2, 3, 16, 18, 19, 22, 27, 37, 39, 41, 51, 52, 53, 54, 55, 56]
[SERVER] DEBUG: About to add 13 entities to snapshot #260 | Player at [0]: true | Interest list: [56, 41, 2, 53, 52, 16, 55, 22, 27, 54, 39, 18, 38]
[SERVER] DEBUG: Snapshot #260 created with 13 entities including player 56 | All entities: [56, 41, 2, 53, 52, 16, 55, 22, 27, 54, 39, 18, 38]
[SERIALIZE] Snapshot #260 | Player ID: 56 | Player in entity_ids: true | Entity count: 13 | All IDs (sorted): [2, 16, 18, 22, 27, 38, 39, 41, 52, 53, 54, 55, 56]
[SERVER] DEBUG: About to add 16 entities to snapshot #330 | Player at [0]: true | Interest list: [55, 51, 19, 41, 2, 53, 37, 52, 16, 22, 27, 3, 54, 39, 56, 18]
[SERVER] DEBUG: Snapshot #330 created with 16 entities including player 55 | All entities: [55, 51, 19, 41, 2, 53, 37, 52, 16, 22, 27, 3, 54, 39, 56, 18]
[SERIALIZE] Snapshot #330 | Player ID: 55 | Player in entity_ids: true | Entity count: 16 | All IDs (sorted): [2, 3, 16, 18, 19, 22, 27, 37, 39, 41, 51, 52, 53, 54, 55, 56]
[SERVER] DEBUG: About to add 12 entities to snapshot #270 | Player at [0]: true | Interest list: [56, 41, 2, 53, 52, 16, 55, 22, 27, 39, 18, 38]
[SERVER] DEBUG: Snapshot #270 created with 12 entities including player 56 | All entities: [56, 41, 2, 53, 52, 16, 55, 22, 27, 39, 18, 38]
[SERIALIZE] Snapshot #270 | Player ID: 56 | Player in entity_ids: true | Entity count: 12 | All IDs (sorted): [2, 16, 18, 22, 27, 38, 39, 41, 52, 53, 55, 56]
[SERIALIZE] WARNING: Player 56 unchanged from baseline in snapshot #270 - copying from baseline
[SERVER] DEBUG: About to add 16 entities to snapshot #340 | Player at [0]: true | Interest list: [55, 51, 19, 41, 2, 53, 37, 52, 16, 22, 27, 3, 54, 39, 56, 18]
[SERVER] DEBUG: Snapshot #340 created with 16 entities including player 55 | All entities: [55, 51, 19, 41, 2, 53, 37, 52, 16, 22, 27, 3, 54, 39, 56, 18]
[SERIALIZE] Snapshot #340 | Player ID: 55 | Player in entity_ids: true | Entity count: 16 | All IDs (sorted): [2, 3, 16, 18, 19, 22, 27, 37, 39, 41, 51, 52, 53, 54, 55, 56]
[SERVER] DEBUG: About to add 12 entities to snapshot #280 | Player at [0]: true | Interest list: [56, 41, 2, 53, 52, 16, 55, 22, 27, 39, 18, 38]
[SERVER] DEBUG: Snapshot #280 created with 12 entities including player 56 | All entities: [56, 41, 2, 53, 52, 16, 55, 22, 27, 39, 18, 38]
[SERIALIZE] Snapshot #280 | Player ID: 56 | Player in entity_ids: true | Entity count: 12 | All IDs (sorted): [2, 16, 18, 22, 27, 38, 39, 41, 52, 53, 55, 56]
[SERVER] DEBUG: About to add 16 entities to snapshot #350 | Player at [0]: true | Interest list: [55, 51, 19, 41, 2, 53, 37, 52, 16, 22, 27, 3, 54, 39, 56, 18]
[SERVER] DEBUG: Snapshot #350 created with 16 entities including player 55 | All entities: [55, 51, 19, 41, 2, 53, 37, 52, 16, 22, 27, 3, 54, 39, 56, 18]
[SERIALIZE] Snapshot #350 | Player ID: 55 | Player in entity_ids: true | Entity count: 16 | All IDs (sorted): [2, 3, 16, 18, 19, 22, 27, 37, 39, 41, 51, 52, 53, 54, 55, 56]
[SERVER] DEBUG: About to add 12 entities to snapshot #290 | Player at [0]: true | Interest list: [56, 41, 2, 53, 52, 16, 55, 22, 27, 39, 18, 38]
[SERVER] DEBUG: Snapshot #290 created with 12 entities including player 56 | All entities: [56, 41, 2, 53, 52, 16, 55, 22, 27, 39, 18, 38]
[SERIALIZE] Snapshot #290 | Player ID: 56 | Player in entity_ids: true | Entity count: 12 | All IDs (sorted): [2, 16, 18, 22, 27, 38, 39, 41, 52, 53, 55, 56]
[SERIALIZE] WARNING: Player 56 unchanged from baseline in snapshot #290 - copying from baseline
[SERVER] DEBUG: About to add 16 entities to snapshot #360 | Player at [0]: true | Interest list: [55, 51, 19, 2, 53, 37, 41, 52, 16, 22, 27, 3, 54, 39, 56, 18]
[SERVER] DEBUG: Snapshot #360 created with 16 entities including player 55 | All entities: [55, 51, 19, 2, 53, 37, 41, 52, 16, 22, 27, 3, 54, 39, 56, 18]
[SERIALIZE] Snapshot #360 | Player ID: 55 | Player in entity_ids: true | Entity count: 16 | All IDs (sorted): [2, 3, 16, 18, 19, 22, 27, 37, 39, 41, 51, 52, 53, 54, 55, 56]
[SERVER] Snapshot #300 | Tick: 162 | Timestamp: 8.1 | Player ID: 56 | Player pos: (88.34819, -66.58761) | Player chunk: (1, -2)
[SERVER] DEBUG: About to add 11 entities to snapshot #300 | Player at [0]: true | Interest list: [56, 2, 53, 52, 16, 55, 22, 27, 39, 18, 38]
[SERVER] DEBUG: Snapshot #300 created with 11 entities including player 56 | All entities: [56, 2, 53, 52, 16, 55, 22, 27, 39, 18, 38]
[SERIALIZE] Snapshot #300 | Player ID: 56 | Player in entity_ids: true | Entity count: 11 | All IDs (sorted): [2, 16, 18, 22, 27, 38, 39, 52, 53, 55, 56]
Snapshot #300 to peer 183070139: 11 entities, 127 bytes (uncompressed: ~550 bytes)
[SERVER] DEBUG: About to add 16 entities to snapshot #370 | Player at [0]: true | Interest list: [55, 51, 19, 2, 37, 41, 52, 16, 22, 27, 53, 3, 54, 39, 56, 18]
[SERVER] DEBUG: Snapshot #370 created with 16 entities including player 55 | All entities: [55, 51, 19, 2, 37, 41, 52, 16, 22, 27, 53, 3, 54, 39, 56, 18]
[SERIALIZE] Snapshot #370 | Player ID: 55 | Player in entity_ids: true | Entity count: 16 | All IDs (sorted): [2, 3, 16, 18, 19, 22, 27, 37, 39, 41, 51, 52, 53, 54, 55, 56]
[SERVER] DEBUG: About to add 11 entities to snapshot #310 | Player at [0]: true | Interest list: [56, 2, 52, 16, 55, 22, 27, 53, 39, 18, 38]
[SERVER] DEBUG: Snapshot #310 created with 11 entities including player 56 | All entities: [56, 2, 52, 16, 55, 22, 27, 53, 39, 18, 38]
[SERIALIZE] Snapshot #310 | Player ID: 56 | Player in entity_ids: true | Entity count: 11 | All IDs (sorted): [2, 16, 18, 22, 27, 38, 39, 52, 53, 55, 56]
[SERIALIZE] WARNING: Player 56 unchanged from baseline in snapshot #310 - copying from baseline
[SERVER] DEBUG: About to add 16 entities to snapshot #380 | Player at [0]: true | Interest list: [55, 51, 19, 37, 41, 2, 52, 16, 22, 27, 53, 3, 54, 39, 56, 18]
[SERVER] DEBUG: Snapshot #380 created with 16 entities including player 55 | All entities: [55, 51, 19, 37, 41, 2, 52, 16, 22, 27, 53, 3, 54, 39, 56, 18]
[SERIALIZE] Snapshot #380 | Player ID: 55 | Player in entity_ids: true | Entity count: 16 | All IDs (sorted): [2, 3, 16, 18, 19, 22, 27, 37, 39, 41, 51, 52, 53, 54, 55, 56]
[SERVER] DEBUG: About to add 10 entities to snapshot #320 | Player at [0]: true | Interest list: [56, 52, 16, 55, 22, 27, 53, 39, 18, 38]
[SERVER] DEBUG: Snapshot #320 created with 10 entities including player 56 | All entities: [56, 52, 16, 55, 22, 27, 53, 39, 18, 38]
[SERIALIZE] Snapshot #320 | Player ID: 56 | Player in entity_ids: true | Entity count: 10 | All IDs (sorted): [16, 18, 22, 27, 38, 39, 52, 53, 55, 56]
[SERVER] DEBUG: About to add 16 entities to snapshot #390 | Player at [0]: true | Interest list: [55, 51, 19, 37, 41, 2, 16, 22, 27, 52, 53, 3, 54, 39, 56, 18]
[SERVER] DEBUG: Snapshot #390 created with 16 entities including player 55 | All entities: [55, 51, 19, 37, 41, 2, 16, 22, 27, 52, 53, 3, 54, 39, 56, 18]
[SERIALIZE] Snapshot #390 | Player ID: 55 | Player in entity_ids: true | Entity count: 16 | All IDs (sorted): [2, 3, 16, 18, 19, 22, 27, 37, 39, 41, 51, 52, 53, 54, 55, 56]
[SERVER] DEBUG: About to add 10 entities to snapshot #330 | Player at [0]: true | Interest list: [56, 16, 55, 22, 27, 52, 53, 39, 18, 38]
[SERVER] DEBUG: Snapshot #330 created with 10 entities including player 56 | All entities: [56, 16, 55, 22, 27, 52, 53, 39, 18, 38]
[SERIALIZE] Snapshot #330 | Player ID: 56 | Player in entity_ids: true | Entity count: 10 | All IDs (sorted): [16, 18, 22, 27, 38, 39, 52, 53, 55, 56]
[SERIALIZE] WARNING: Player 56 unchanged from baseline in snapshot #330 - copying from baseline
[SERVER] Snapshot #400 | Tick: 175 | Timestamp: 8.75 | Player ID: 55 | Player pos: (46.78939, -5.519538) | Player chunk: (0, -1)
[SERVER] DEBUG: About to add 16 entities to snapshot #400 | Player at [0]: true | Interest list: [55, 51, 19, 37, 41, 2, 16, 22, 27, 52, 53, 3, 54, 39, 56, 18]
[SERVER] DEBUG: Snapshot #400 created with 16 entities including player 55 | All entities: [55, 51, 19, 37, 41, 2, 16, 22, 27, 52, 53, 3, 54, 39, 56, 18]
[SERIALIZE] Snapshot #400 | Player ID: 55 | Player in entity_ids: true | Entity count: 16 | All IDs (sorted): [2, 3, 16, 18, 19, 22, 27, 37, 39, 41, 51, 52, 53, 54, 55, 56]
Snapshot #400 to peer 376569750: 16 entities, 178 bytes (uncompressed: ~800 bytes)
[SERVER] DEBUG: About to add 10 entities to snapshot #340 | Player at [0]: true | Interest list: [56, 16, 55, 22, 27, 52, 53, 39, 18, 38]
[SERVER] DEBUG: Snapshot #340 created with 10 entities including player 56 | All entities: [56, 16, 55, 22, 27, 52, 53, 39, 18, 38]
[SERIALIZE] Snapshot #340 | Player ID: 56 | Player in entity_ids: true | Entity count: 10 | All IDs (sorted): [16, 18, 22, 27, 38, 39, 52, 53, 55, 56]
[SERVER] DEBUG: About to add 16 entities to snapshot #410 | Player at [0]: true | Interest list: [55, 51, 19, 37, 41, 2, 16, 22, 27, 52, 53, 3, 54, 39, 56, 18]
[SERVER] DEBUG: Snapshot #410 created with 16 entities including player 55 | All entities: [55, 51, 19, 37, 41, 2, 16, 22, 27, 52, 53, 3, 54, 39, 56, 18]
[SERIALIZE] Snapshot #410 | Player ID: 55 | Player in entity_ids: true | Entity count: 16 | All IDs (sorted): [2, 3, 16, 18, 19, 22, 27, 37, 39, 41, 51, 52, 53, 54, 55, 56]
[SERVER] DEBUG: About to add 10 entities to snapshot #350 | Player at [0]: true | Interest list: [56, 16, 55, 22, 27, 52, 53, 39, 18, 38]
[SERVER] DEBUG: Snapshot #350 created with 10 entities including player 56 | All entities: [56, 16, 55, 22, 27, 52, 53, 39, 18, 38]
[SERIALIZE] Snapshot #350 | Player ID: 56 | Player in entity_ids: true | Entity count: 10 | All IDs (sorted): [16, 18, 22, 27, 38, 39, 52, 53, 55, 56]
[SERIALIZE] WARNING: Player 56 unchanged from baseline in snapshot #350 - copying from baseline
[SERVER] DEBUG: About to add 16 entities to snapshot #420 | Player at [0]: true | Interest list: [55, 19, 51, 37, 41, 2, 16, 22, 27, 52, 53, 3, 54, 39, 56, 18]
[SERVER] DEBUG: Snapshot #420 created with 16 entities including player 55 | All entities: [55, 19, 51, 37, 41, 2, 16, 22, 27, 52, 53, 3, 54, 39, 56, 18]
[SERIALIZE] Snapshot #420 | Player ID: 55 | Player in entity_ids: true | Entity count: 16 | All IDs (sorted): [2, 3, 16, 18, 19, 22, 27, 37, 39, 41, 51, 52, 53, 54, 55, 56]
[SERVER] DEBUG: About to add 10 entities to snapshot #360 | Player at [0]: true | Interest list: [56, 16, 55, 22, 27, 52, 53, 39, 18, 38]
[SERVER] DEBUG: Snapshot #360 created with 10 entities including player 56 | All entities: [56, 16, 55, 22, 27, 52, 53, 39, 18, 38]
[SERIALIZE] Snapshot #360 | Player ID: 56 | Player in entity_ids: true | Entity count: 10 | All IDs (sorted): [16, 18, 22, 27, 38, 39, 52, 53, 55, 56]
[SERVER] Player entity 55 (peer 376569750) moved from chunk (0, -1) to (0, 0) | Position: (48.36425, 0.02192)
[SERVER] DEBUG: About to add 19 entities to snapshot #430 | Player at [0]: true | Interest list: [55, 19, 51, 37, 41, 2, 25, 22, 27, 52, 53, 16, 3, 54, 33, 4, 56, 24, 18]
[SERVER] DEBUG: Snapshot #430 created with 19 entities including player 55 | All entities: [55, 19, 51, 37, 41, 2, 25, 22, 27, 52, 53, 16, 3, 54, 33, 4, 56, 24, 18]
[SERIALIZE] Snapshot #430 | Player ID: 55 | Player in entity_ids: true | Entity count: 19 | All IDs (sorted): [2, 3, 4, 16, 18, 19, 22, 24, 25, 27, 33, 37, 41, 51, 52, 53, 54, 55, 56]
[SERVER] DEBUG: About to add 10 entities to snapshot #370 | Player at [0]: true | Interest list: [56, 22, 27, 52, 53, 16, 55, 39, 18, 38]
[SERVER] DEBUG: Snapshot #370 created with 10 entities including player 56 | All entities: [56, 22, 27, 52, 53, 16, 55, 39, 18, 38]
[SERIALIZE] Snapshot #370 | Player ID: 56 | Player in entity_ids: true | Entity count: 10 | All IDs (sorted): [16, 18, 22, 27, 38, 39, 52, 53, 55, 56]
[SERIALIZE] WARNING: Player 56 unchanged from baseline in snapshot #370 - copying from baseline
[SERVER] DEBUG: About to add 19 entities to snapshot #440 | Player at [0]: true | Interest list: [55, 19, 51, 37, 41, 2, 25, 22, 27, 52, 53, 16, 3, 54, 33, 4, 56, 24, 18]
[SERVER] DEBUG: Snapshot #440 created with 19 entities including player 55 | All entities: [55, 19, 51, 37, 41, 2, 25, 22, 27, 52, 53, 16, 3, 54, 33, 4, 56, 24, 18]
[SERIALIZE] Snapshot #440 | Player ID: 55 | Player in entity_ids: true | Entity count: 19 | All IDs (sorted): [2, 3, 4, 16, 18, 19, 22, 24, 25, 27, 33, 37, 41, 51, 52, 53, 54, 55, 56]
[SERVER] DEBUG: About to add 10 entities to snapshot #380 | Player at [0]: true | Interest list: [56, 22, 27, 52, 53, 16, 55, 39, 18, 38]
[SERVER] DEBUG: Snapshot #380 created with 10 entities including player 56 | All entities: [56, 22, 27, 52, 53, 16, 55, 39, 18, 38]
[SERIALIZE] Snapshot #380 | Player ID: 56 | Player in entity_ids: true | Entity count: 10 | All IDs (sorted): [16, 18, 22, 27, 38, 39, 52, 53, 55, 56]
[SERVER] DEBUG: About to add 19 entities to snapshot #450 | Player at [0]: true | Interest list: [55, 19, 51, 37, 41, 2, 25, 22, 27, 52, 53, 16, 54, 33, 4, 3, 56, 24, 18]
[SERVER] DEBUG: Snapshot #450 created with 19 entities including player 55 | All entities: [55, 19, 51, 37, 41, 2, 25, 22, 27, 52, 53, 16, 54, 33, 4, 3, 56, 24, 18]
[SERIALIZE] Snapshot #450 | Player ID: 55 | Player in entity_ids: true | Entity count: 19 | All IDs (sorted): [2, 3, 4, 16, 18, 19, 22, 24, 25, 27, 33, 37, 41, 51, 52, 53, 54, 55, 56]
[SERVER] DEBUG: About to add 10 entities to snapshot #390 | Player at [0]: true | Interest list: [56, 22, 27, 52, 53, 16, 55, 39, 18, 38]
[SERVER] DEBUG: Snapshot #390 created with 10 entities including player 56 | All entities: [56, 22, 27, 52, 53, 16, 55, 39, 18, 38]
[SERIALIZE] Snapshot #390 | Player ID: 56 | Player in entity_ids: true | Entity count: 10 | All IDs (sorted): [16, 18, 22, 27, 38, 39, 52, 53, 55, 56]
[SERIALIZE] WARNING: Player 56 unchanged from baseline in snapshot #390 - copying from baseline
[SERVER] DEBUG: About to add 19 entities to snapshot #460 | Player at [0]: true | Interest list: [55, 19, 51, 37, 41, 2, 25, 22, 27, 52, 53, 16, 54, 33, 4, 3, 56, 24, 18]
[SERVER] DEBUG: Snapshot #460 created with 19 entities including player 55 | All entities: [55, 19, 51, 37, 41, 2, 25, 22, 27, 52, 53, 16, 54, 33, 4, 3, 56, 24, 18]
[SERIALIZE] Snapshot #460 | Player ID: 55 | Player in entity_ids: true | Entity count: 19 | All IDs (sorted): [2, 3, 4, 16, 18, 19, 22, 24, 25, 27, 33, 37, 41, 51, 52, 53, 54, 55, 56]
[SERVER] Snapshot #400 | Tick: 195 | Timestamp: 9.75 | Player ID: 56 | Player pos: (88.34819, -66.58761) | Player chunk: (1, -2)
[SERVER] DEBUG: About to add 10 entities to snapshot #400 | Player at [0]: true | Interest list: [56, 22, 27, 52, 53, 16, 55, 39, 18, 38]
[SERVER] DEBUG: Snapshot #400 created with 10 entities including player 56 | All entities: [56, 22, 27, 52, 53, 16, 55, 39, 18, 38]
[SERIALIZE] Snapshot #400 | Player ID: 56 | Player in entity_ids: true | Entity count: 10 | All IDs (sorted): [16, 18, 22, 27, 38, 39, 52, 53, 55, 56]
Snapshot #400 to peer 183070139: 10 entities, 117 bytes (uncompressed: ~500 bytes)
[SERVER] DEBUG: About to add 19 entities to snapshot #470 | Player at [0]: true | Interest list: [55, 19, 51, 37, 41, 2, 25, 22, 27, 52, 53, 16, 54, 33, 4, 3, 56, 24, 18]
[SERVER] DEBUG: Snapshot #470 created with 19 entities including player 55 | All entities: [55, 19, 51, 37, 41, 2, 25, 22, 27, 52, 53, 16, 54, 33, 4, 3, 56, 24, 18]
[SERIALIZE] Snapshot #470 | Player ID: 55 | Player in entity_ids: true | Entity count: 19 | All IDs (sorted): [2, 3, 4, 16, 18, 19, 22, 24, 25, 27, 33, 37, 41, 51, 52, 53, 54, 55, 56]
[SERVER] DEBUG: About to add 10 entities to snapshot #410 | Player at [0]: true | Interest list: [56, 22, 27, 52, 53, 16, 55, 39, 18, 38]
[SERVER] DEBUG: Snapshot #410 created with 10 entities including player 56 | All entities: [56, 22, 27, 52, 53, 16, 55, 39, 18, 38]
[SERIALIZE] Snapshot #410 | Player ID: 56 | Player in entity_ids: true | Entity count: 10 | All IDs (sorted): [16, 18, 22, 27, 38, 39, 52, 53, 55, 56]
[SERIALIZE] WARNING: Player 56 unchanged from baseline in snapshot #410 - copying from baseline
[SERVER] DEBUG: About to add 19 entities to snapshot #480 | Player at [0]: true | Interest list: [55, 51, 37, 41, 2, 19, 25, 22, 27, 52, 53, 16, 54, 33, 4, 3, 56, 24, 18]
[SERVER] DEBUG: Snapshot #480 created with 19 entities including player 55 | All entities: [55, 51, 37, 41, 2, 19, 25, 22, 27, 52, 53, 16, 54, 33, 4, 3, 56, 24, 18]
[SERIALIZE] Snapshot #480 | Player ID: 55 | Player in entity_ids: true | Entity count: 19 | All IDs (sorted): [2, 3, 4, 16, 18, 19, 22, 24, 25, 27, 33, 37, 41, 51, 52, 53, 54, 55, 56]
[SERVER] DEBUG: About to add 10 entities to snapshot #420 | Player at [0]: true | Interest list: [56, 22, 27, 52, 53, 16, 55, 39, 18, 38]
[SERVER] DEBUG: Snapshot #420 created with 10 entities including player 56 | All entities: [56, 22, 27, 52, 53, 16, 55, 39, 18, 38]
[SERIALIZE] Snapshot #420 | Player ID: 56 | Player in entity_ids: true | Entity count: 10 | All IDs (sorted): [16, 18, 22, 27, 38, 39, 52, 53, 55, 56]
[SERVER] DEBUG: About to add 19 entities to snapshot #490 | Player at [0]: true | Interest list: [55, 51, 37, 41, 2, 19, 25, 22, 27, 52, 53, 16, 54, 33, 4, 3, 56, 24, 18]
[SERVER] DEBUG: Snapshot #490 created with 19 entities including player 55 | All entities: [55, 51, 37, 41, 2, 19, 25, 22, 27, 52, 53, 16, 54, 33, 4, 3, 56, 24, 18]
[SERIALIZE] Snapshot #490 | Player ID: 55 | Player in entity_ids: true | Entity count: 19 | All IDs (sorted): [2, 3, 4, 16, 18, 19, 22, 24, 25, 27, 33, 37, 41, 51, 52, 53, 54, 55, 56]
[SERVER] DEBUG: About to add 10 entities to snapshot #430 | Player at [0]: true | Interest list: [56, 22, 27, 52, 53, 16, 55, 39, 18, 38]
[SERVER] DEBUG: Snapshot #430 created with 10 entities including player 56 | All entities: [56, 22, 27, 52, 53, 16, 55, 39, 18, 38]
[SERIALIZE] Snapshot #430 | Player ID: 56 | Player in entity_ids: true | Entity count: 10 | All IDs (sorted): [16, 18, 22, 27, 38, 39, 52, 53, 55, 56]
[SERIALIZE] WARNING: Player 56 unchanged from baseline in snapshot #430 - copying from baseline
[SERVER] Snapshot #500 | Tick: 208 | Timestamp: 10.4 | Player ID: 55 | Player pos: (51.84653, 13.53352) | Player chunk: (0, 0)
[SERVER] DEBUG: About to add 19 entities to snapshot #500 | Player at [0]: true | Interest list: [55, 51, 37, 41, 2, 19, 25, 22, 27, 52, 53, 16, 54, 33, 4, 3, 56, 24, 18]
[SERVER] DEBUG: Snapshot #500 created with 19 entities including player 55 | All entities: [55, 51, 37, 41, 2, 19, 25, 22, 27, 52, 53, 16, 54, 33, 4, 3, 56, 24, 18]
[SERIALIZE] Snapshot #500 | Player ID: 55 | Player in entity_ids: true | Entity count: 19 | All IDs (sorted): [2, 3, 4, 16, 18, 19, 22, 24, 25, 27, 33, 37, 41, 51, 52, 53, 54, 55, 56]
Snapshot #500 to peer 376569750: 19 entities, 209 bytes (uncompressed: ~950 bytes)
[SERVER] DEBUG: About to add 10 entities to snapshot #440 | Player at [0]: true | Interest list: [56, 22, 27, 52, 53, 16, 55, 39, 18, 38]
[SERVER] DEBUG: Snapshot #440 created with 10 entities including player 56 | All entities: [56, 22, 27, 52, 53, 16, 55, 39, 18, 38]
[SERIALIZE] Snapshot #440 | Player ID: 56 | Player in entity_ids: true | Entity count: 10 | All IDs (sorted): [16, 18, 22, 27, 38, 39, 52, 53, 55, 56]
[SERVER] DEBUG: About to add 19 entities to snapshot #510 | Player at [0]: true | Interest list: [55, 51, 37, 41, 2, 19, 25, 22, 27, 52, 53, 16, 54, 33, 4, 3, 56, 24, 18]
[SERVER] DEBUG: Snapshot #510 created with 19 entities including player 55 | All entities: [55, 51, 37, 41, 2, 19, 25, 22, 27, 52, 53, 16, 54, 33, 4, 3, 56, 24, 18]
[SERIALIZE] Snapshot #510 | Player ID: 55 | Player in entity_ids: true | Entity count: 19 | All IDs (sorted): [2, 3, 4, 16, 18, 19, 22, 24, 25, 27, 33, 37, 41, 51, 52, 53, 54, 55, 56]
[SERVER] DEBUG: About to add 10 entities to snapshot #450 | Player at [0]: true | Interest list: [56, 22, 27, 52, 53, 16, 55, 39, 18, 38]
[SERVER] DEBUG: Snapshot #450 created with 10 entities including player 56 | All entities: [56, 22, 27, 52, 53, 16, 55, 39, 18, 38]
[SERIALIZE] Snapshot #450 | Player ID: 56 | Player in entity_ids: true | Entity count: 10 | All IDs (sorted): [16, 18, 22, 27, 38, 39, 52, 53, 55, 56]
[SERIALIZE] WARNING: Player 56 unchanged from baseline in snapshot #450 - copying from baseline
[SERVER] DEBUG: About to add 19 entities to snapshot #520 | Player at [0]: true | Interest list: [55, 51, 37, 41, 2, 19, 25, 52, 53, 16, 22, 27, 54, 33, 4, 3, 56, 24, 18]
[SERVER] DEBUG: Snapshot #520 created with 19 entities including player 55 | All entities: [55, 51, 37, 41, 2, 19, 25, 52, 53, 16, 22, 27, 54, 33, 4, 3, 56, 24, 18]
[SERIALIZE] Snapshot #520 | Player ID: 55 | Player in entity_ids: true | Entity count: 19 | All IDs (sorted): [2, 3, 4, 16, 18, 19, 22, 24, 25, 27, 33, 37, 41, 51, 52, 53, 54, 55, 56]
[SERVER] DEBUG: About to add 10 entities to snapshot #460 | Player at [0]: true | Interest list: [56, 52, 53, 16, 55, 22, 27, 39, 18, 38]
[SERVER] DEBUG: Snapshot #460 created with 10 entities including player 56 | All entities: [56, 52, 53, 16, 55, 22, 27, 39, 18, 38]
[SERIALIZE] Snapshot #460 | Player ID: 56 | Player in entity_ids: true | Entity count: 10 | All IDs (sorted): [16, 18, 22, 27, 38, 39, 52, 53, 55, 56]
[SERVER] DEBUG: About to add 19 entities to snapshot #530 | Player at [0]: true | Interest list: [55, 51, 37, 41, 2, 19, 25, 52, 53, 16, 22, 27, 54, 33, 4, 3, 56, 24, 18]
[SERVER] DEBUG: Snapshot #530 created with 19 entities including player 55 | All entities: [55, 51, 37, 41, 2, 19, 25, 52, 53, 16, 22, 27, 54, 33, 4, 3, 56, 24, 18]
[SERIALIZE] Snapshot #530 | Player ID: 55 | Player in entity_ids: true | Entity count: 19 | All IDs (sorted): [2, 3, 4, 16, 18, 19, 22, 24, 25, 27, 33, 37, 41, 51, 52, 53, 54, 55, 56]
[SERVER] DEBUG: About to add 10 entities to snapshot #470 | Player at [0]: true | Interest list: [56, 52, 53, 16, 55, 22, 27, 39, 18, 38]
[SERVER] DEBUG: Snapshot #470 created with 10 entities including player 56 | All entities: [56, 52, 53, 16, 55, 22, 27, 39, 18, 38]
[SERIALIZE] Snapshot #470 | Player ID: 56 | Player in entity_ids: true | Entity count: 10 | All IDs (sorted): [16, 18, 22, 27, 38, 39, 52, 53, 55, 56]
[SERIALIZE] WARNING: Player 56 unchanged from baseline in snapshot #470 - copying from baseline
[SERVER] DEBUG: About to add 19 entities to snapshot #540 | Player at [0]: true | Interest list: [55, 51, 37, 41, 2, 19, 25, 52, 53, 16, 22, 27, 54, 33, 4, 3, 56, 24, 18]
[SERVER] DEBUG: Snapshot #540 created with 19 entities including player 55 | All entities: [55, 51, 37, 41, 2, 19, 25, 52, 53, 16, 22, 27, 54, 33, 4, 3, 56, 24, 18]
[SERIALIZE] Snapshot #540 | Player ID: 55 | Player in entity_ids: true | Entity count: 19 | All IDs (sorted): [2, 3, 4, 16, 18, 19, 22, 24, 25, 27, 33, 37, 41, 51, 52, 53, 54, 55, 56]
[SERVER] DEBUG: About to add 10 entities to snapshot #480 | Player at [0]: true | Interest list: [56, 52, 53, 16, 55, 22, 27, 39, 18, 38]
[SERVER] DEBUG: Snapshot #480 created with 10 entities including player 56 | All entities: [56, 52, 53, 16, 55, 22, 27, 39, 18, 38]
[SERIALIZE] Snapshot #480 | Player ID: 56 | Player in entity_ids: true | Entity count: 10 | All IDs (sorted): [16, 18, 22, 27, 38, 39, 52, 53, 55, 56]
[SERVER] DEBUG: About to add 19 entities to snapshot #550 | Player at [0]: true | Interest list: [55, 51, 37, 41, 2, 19, 25, 52, 53, 16, 22, 27, 54, 33, 4, 3, 56, 24, 18]
[SERVER] DEBUG: Snapshot #550 created with 19 entities including player 55 | All entities: [55, 51, 37, 41, 2, 19, 25, 52, 53, 16, 22, 27, 54, 33, 4, 3, 56, 24, 18]
[SERIALIZE] Snapshot #550 | Player ID: 55 | Player in entity_ids: true | Entity count: 19 | All IDs (sorted): [2, 3, 4, 16, 18, 19, 22, 24, 25, 27, 33, 37, 41, 51, 52, 53, 54, 55, 56]
[SERVER] DEBUG: About to add 10 entities to snapshot #490 | Player at [0]: true | Interest list: [56, 52, 53, 16, 55, 22, 27, 39, 18, 38]
[SERVER] DEBUG: Snapshot #490 created with 10 entities including player 56 | All entities: [56, 52, 53, 16, 55, 22, 27, 39, 18, 38]
[SERIALIZE] Snapshot #490 | Player ID: 56 | Player in entity_ids: true | Entity count: 10 | All IDs (sorted): [16, 18, 22, 27, 38, 39, 52, 53, 55, 56]
[SERIALIZE] WARNING: Player 56 unchanged from baseline in snapshot #490 - copying from baseline
[SERVER] DEBUG: About to add 19 entities to snapshot #560 | Player at [0]: true | Interest list: [55, 51, 37, 41, 2, 19, 25, 52, 53, 16, 22, 27, 54, 33, 4, 3, 56, 24, 18]
[SERVER] DEBUG: Snapshot #560 created with 19 entities including player 55 | All entities: [55, 51, 37, 41, 2, 19, 25, 52, 53, 16, 22, 27, 54, 33, 4, 3, 56, 24, 18]
[SERIALIZE] Snapshot #560 | Player ID: 55 | Player in entity_ids: true | Entity count: 19 | All IDs (sorted): [2, 3, 4, 16, 18, 19, 22, 24, 25, 27, 33, 37, 41, 51, 52, 53, 54, 55, 56]
[SERVER] Snapshot #500 | Tick: 229 | Timestamp: 11.45 | Player ID: 56 | Player pos: (88.34819, -66.58761) | Player chunk: (1, -2)
[SERVER] DEBUG: About to add 10 entities to snapshot #500 | Player at [0]: true | Interest list: [56, 52, 53, 16, 55, 22, 27, 39, 18, 38]
[SERVER] DEBUG: Snapshot #500 created with 10 entities including player 56 | All entities: [56, 52, 53, 16, 55, 22, 27, 39, 18, 38]
[SERIALIZE] Snapshot #500 | Player ID: 56 | Player in entity_ids: true | Entity count: 10 | All IDs (sorted): [16, 18, 22, 27, 38, 39, 52, 53, 55, 56]
Snapshot #500 to peer 183070139: 10 entities, 117 bytes (uncompressed: ~500 bytes)
[SERVER] DEBUG: About to add 19 entities to snapshot #570 | Player at [0]: true | Interest list: [55, 51, 37, 41, 2, 19, 25, 52, 16, 22, 27, 54, 53, 33, 4, 3, 56, 24, 18]
[SERVER] DEBUG: Snapshot #570 created with 19 entities including player 55 | All entities: [55, 51, 37, 41, 2, 19, 25, 52, 16, 22, 27, 54, 53, 33, 4, 3, 56, 24, 18]
[SERIALIZE] Snapshot #570 | Player ID: 55 | Player in entity_ids: true | Entity count: 19 | All IDs (sorted): [2, 3, 4, 16, 18, 19, 22, 24, 25, 27, 33, 37, 41, 51, 52, 53, 54, 55, 56]
[SERVER] DEBUG: About to add 9 entities to snapshot #510 | Player at [0]: true | Interest list: [56, 52, 16, 55, 22, 27, 39, 18, 38]
[SERVER] DEBUG: Snapshot #510 created with 9 entities including player 56 | All entities: [56, 52, 16, 55, 22, 27, 39, 18, 38]
[SERIALIZE] Snapshot #510 | Player ID: 56 | Player in entity_ids: true | Entity count: 9 | All IDs (sorted): [16, 18, 22, 27, 38, 39, 52, 55, 56]
[SERIALIZE] WARNING: Player 56 unchanged from baseline in snapshot #510 - copying from baseline
[SERVER] DEBUG: About to add 19 entities to snapshot #580 | Player at [0]: true | Interest list: [55, 51, 37, 41, 2, 25, 19, 52, 16, 22, 27, 54, 53, 33, 4, 3, 56, 24, 18]
[SERVER] DEBUG: Snapshot #580 created with 19 entities including player 55 | All entities: [55, 51, 37, 41, 2, 25, 19, 52, 16, 22, 27, 54, 53, 33, 4, 3, 56, 24, 18]
[SERIALIZE] Snapshot #580 | Player ID: 55 | Player in entity_ids: true | Entity count: 19 | All IDs (sorted): [2, 3, 4, 16, 18, 19, 22, 24, 25, 27, 33, 37, 41, 51, 52, 53, 54, 55, 56]
[SERVER] DEBUG: About to add 9 entities to snapshot #520 | Player at [0]: true | Interest list: [56, 52, 16, 55, 22, 27, 39, 18, 38]
[SERVER] DEBUG: Snapshot #520 created with 9 entities including player 56 | All entities: [56, 52, 16, 55, 22, 27, 39, 18, 38]
[SERIALIZE] Snapshot #520 | Player ID: 56 | Player in entity_ids: true | Entity count: 9 | All IDs (sorted): [16, 18, 22, 27, 38, 39, 52, 55, 56]
[SERVER] DEBUG: About to add 19 entities to snapshot #590 | Player at [0]: true | Interest list: [55, 51, 37, 41, 2, 25, 19, 52, 16, 22, 27, 54, 53, 33, 4, 3, 56, 24, 18]
[SERVER] DEBUG: Snapshot #590 created with 19 entities including player 55 | All entities: [55, 51, 37, 41, 2, 25, 19, 52, 16, 22, 27, 54, 53, 33, 4, 3, 56, 24, 18]
[SERIALIZE] Snapshot #590 | Player ID: 55 | Player in entity_ids: true | Entity count: 19 | All IDs (sorted): [2, 3, 4, 16, 18, 19, 22, 24, 25, 27, 33, 37, 41, 51, 52, 53, 54, 55, 56]
[SERVER] DEBUG: About to add 9 entities to snapshot #530 | Player at [0]: true | Interest list: [56, 52, 16, 55, 22, 27, 39, 18, 38]
[SERVER] DEBUG: Snapshot #530 created with 9 entities including player 56 | All entities: [56, 52, 16, 55, 22, 27, 39, 18, 38]
[SERIALIZE] Snapshot #530 | Player ID: 56 | Player in entity_ids: true | Entity count: 9 | All IDs (sorted): [16, 18, 22, 27, 38, 39, 52, 55, 56]
[SERIALIZE] WARNING: Player 56 unchanged from baseline in snapshot #530 - copying from baseline
[SERVER] Snapshot #600 | Tick: 242 | Timestamp: 12.1 | Player ID: 55 | Player pos: (57.25528, 29.95093) | Player chunk: (0, 0)
[SERVER] DEBUG: About to add 19 entities to snapshot #600 | Player at [0]: true | Interest list: [55, 51, 37, 41, 2, 25, 19, 52, 16, 22, 27, 54, 53, 33, 4, 3, 56, 24, 18]
[SERVER] DEBUG: Snapshot #600 created with 19 entities including player 55 | All entities: [55, 51, 37, 41, 2, 25, 19, 52, 16, 22, 27, 54, 53, 33, 4, 3, 56, 24, 18]
[SERIALIZE] Snapshot #600 | Player ID: 55 | Player in entity_ids: true | Entity count: 19 | All IDs (sorted): [2, 3, 4, 16, 18, 19, 22, 24, 25, 27, 33, 37, 41, 51, 52, 53, 54, 55, 56]
Snapshot #600 to peer 376569750: 19 entities, 209 bytes (uncompressed: ~950 bytes)
[SERVER] DEBUG: About to add 9 entities to snapshot #540 | Player at [0]: true | Interest list: [56, 52, 16, 55, 22, 27, 39, 18, 38]
[SERVER] DEBUG: Snapshot #540 created with 9 entities including player 56 | All entities: [56, 52, 16, 55, 22, 27, 39, 18, 38]
[SERIALIZE] Snapshot #540 | Player ID: 56 | Player in entity_ids: true | Entity count: 9 | All IDs (sorted): [16, 18, 22, 27, 38, 39, 52, 55, 56]
[SERVER] DEBUG: About to add 19 entities to snapshot #610 | Player at [0]: true | Interest list: [55, 51, 37, 41, 2, 25, 19, 52, 16, 22, 27, 54, 53, 33, 4, 3, 56, 24, 18]
[SERVER] DEBUG: Snapshot #610 created with 19 entities including player 55 | All entities: [55, 51, 37, 41, 2, 25, 19, 52, 16, 22, 27, 54, 53, 33, 4, 3, 56, 24, 18]
[SERIALIZE] Snapshot #610 | Player ID: 55 | Player in entity_ids: true | Entity count: 19 | All IDs (sorted): [2, 3, 4, 16, 18, 19, 22, 24, 25, 27, 33, 37, 41, 51, 52, 53, 54, 55, 56]
[SERVER] DEBUG: About to add 9 entities to snapshot #550 | Player at [0]: true | Interest list: [56, 52, 16, 55, 22, 27, 39, 18, 38]
[SERVER] DEBUG: Snapshot #550 created with 9 entities including player 56 | All entities: [56, 52, 16, 55, 22, 27, 39, 18, 38]
[SERIALIZE] Snapshot #550 | Player ID: 56 | Player in entity_ids: true | Entity count: 9 | All IDs (sorted): [16, 18, 22, 27, 38, 39, 52, 55, 56]
[SERIALIZE] WARNING: Player 56 unchanged from baseline in snapshot #550 - copying from baseline
[SERVER] DEBUG: About to add 19 entities to snapshot #620 | Player at [0]: true | Interest list: [55, 51, 41, 2, 25, 19, 37, 52, 16, 22, 27, 54, 53, 33, 4, 3, 56, 24, 18]
[SERVER] DEBUG: Snapshot #620 created with 19 entities including player 55 | All entities: [55, 51, 41, 2, 25, 19, 37, 52, 16, 22, 27, 54, 53, 33, 4, 3, 56, 24, 18]
[SERIALIZE] Snapshot #620 | Player ID: 55 | Player in entity_ids: true | Entity count: 19 | All IDs (sorted): [2, 3, 4, 16, 18, 19, 22, 24, 25, 27, 33, 37, 41, 51, 52, 53, 54, 55, 56]
[SERVER] DEBUG: About to add 9 entities to snapshot #560 | Player at [0]: true | Interest list: [56, 52, 16, 55, 22, 27, 39, 18, 38]
[SERVER] DEBUG: Snapshot #560 created with 9 entities including player 56 | All entities: [56, 52, 16, 55, 22, 27, 39, 18, 38]
[SERIALIZE] Snapshot #560 | Player ID: 56 | Player in entity_ids: true | Entity count: 9 | All IDs (sorted): [16, 18, 22, 27, 38, 39, 52, 55, 56]
[SERVER] DEBUG: About to add 19 entities to snapshot #630 | Player at [0]: true | Interest list: [55, 51, 41, 2, 25, 19, 37, 52, 16, 22, 27, 54, 53, 33, 4, 3, 56, 24, 18]
[SERVER] DEBUG: Snapshot #630 created with 19 entities including player 55 | All entities: [55, 51, 41, 2, 25, 19, 37, 52, 16, 22, 27, 54, 53, 33, 4, 3, 56, 24, 18]
[SERIALIZE] Snapshot #630 | Player ID: 55 | Player in entity_ids: true | Entity count: 19 | All IDs (sorted): [2, 3, 4, 16, 18, 19, 22, 24, 25, 27, 33, 37, 41, 51, 52, 53, 54, 55, 56]
[SERVER] DEBUG: About to add 9 entities to snapshot #570 | Player at [0]: true | Interest list: [56, 52, 16, 55, 22, 27, 39, 18, 38]
[SERVER] DEBUG: Snapshot #570 created with 9 entities including player 56 | All entities: [56, 52, 16, 55, 22, 27, 39, 18, 38]
[SERIALIZE] Snapshot #570 | Player ID: 56 | Player in entity_ids: true | Entity count: 9 | All IDs (sorted): [16, 18, 22, 27, 38, 39, 52, 55, 56]
[SERIALIZE] WARNING: Player 56 unchanged from baseline in snapshot #570 - copying from baseline
[SERVER] DEBUG: About to add 19 entities to snapshot #640 | Player at [0]: true | Interest list: [55, 51, 41, 2, 25, 19, 37, 52, 16, 22, 27, 54, 53, 33, 4, 3, 56, 24, 18]
[SERVER] DEBUG: Snapshot #640 created with 19 entities including player 55 | All entities: [55, 51, 41, 2, 25, 19, 37, 52, 16, 22, 27, 54, 53, 33, 4, 3, 56, 24, 18]
[SERIALIZE] Snapshot #640 | Player ID: 55 | Player in entity_ids: true | Entity count: 19 | All IDs (sorted): [2, 3, 4, 16, 18, 19, 22, 24, 25, 27, 33, 37, 41, 51, 52, 53, 54, 55, 56]
[SERVER] DEBUG: About to add 9 entities to snapshot #580 | Player at [0]: true | Interest list: [56, 52, 16, 55, 22, 27, 39, 18, 38]
[SERVER] DEBUG: Snapshot #580 created with 9 entities including player 56 | All entities: [56, 52, 16, 55, 22, 27, 39, 18, 38]
[SERIALIZE] Snapshot #580 | Player ID: 56 | Player in entity_ids: true | Entity count: 9 | All IDs (sorted): [16, 18, 22, 27, 38, 39, 52, 55, 56]
[SERVER] DEBUG: About to add 19 entities to snapshot #650 | Player at [0]: true | Interest list: [55, 51, 41, 2, 25, 19, 37, 52, 16, 22, 27, 54, 53, 33, 4, 3, 56, 24, 18]
[SERVER] DEBUG: Snapshot #650 created with 19 entities including player 55 | All entities: [55, 51, 41, 2, 25, 19, 37, 52, 16, 22, 27, 54, 53, 33, 4, 3, 56, 24, 18]
[SERIALIZE] Snapshot #650 | Player ID: 55 | Player in entity_ids: true | Entity count: 19 | All IDs (sorted): [2, 3, 4, 16, 18, 19, 22, 24, 25, 27, 33, 37, 41, 51, 52, 53, 54, 55, 56]
[SERVER] DEBUG: About to add 9 entities to snapshot #590 | Player at [0]: true | Interest list: [56, 52, 16, 55, 22, 27, 39, 18, 38]
[SERVER] DEBUG: Snapshot #590 created with 9 entities including player 56 | All entities: [56, 52, 16, 55, 22, 27, 39, 18, 38]
[SERIALIZE] Snapshot #590 | Player ID: 56 | Player in entity_ids: true | Entity count: 9 | All IDs (sorted): [16, 18, 22, 27, 38, 39, 52, 55, 56]
[SERIALIZE] WARNING: Player 56 unchanged from baseline in snapshot #590 - copying from baseline
[SERVER] DEBUG: About to add 19 entities to snapshot #660 | Player at [0]: true | Interest list: [55, 51, 41, 2, 25, 19, 37, 52, 16, 22, 27, 54, 53, 33, 4, 3, 56, 24, 18]
[SERVER] DEBUG: Snapshot #660 created with 19 entities including player 55 | All entities: [55, 51, 41, 2, 25, 19, 37, 52, 16, 22, 27, 54, 53, 33, 4, 3, 56, 24, 18]
[SERIALIZE] Snapshot #660 | Player ID: 55 | Player in entity_ids: true | Entity count: 19 | All IDs (sorted): [2, 3, 4, 16, 18, 19, 22, 24, 25, 27, 33, 37, 41, 51, 52, 53, 54, 55, 56]
[SERVER] Snapshot #600 | Tick: 262 | Timestamp: 13.1 | Player ID: 56 | Player pos: (88.34819, -66.58761) | Player chunk: (1, -2)
[SERVER] DEBUG: About to add 9 entities to snapshot #600 | Player at [0]: true | Interest list: [56, 52, 16, 55, 22, 27, 39, 18, 38]
[SERVER] DEBUG: Snapshot #600 created with 9 entities including player 56 | All entities: [56, 52, 16, 55, 22, 27, 39, 18, 38]
[SERIALIZE] Snapshot #600 | Player ID: 56 | Player in entity_ids: true | Entity count: 9 | All IDs (sorted): [16, 18, 22, 27, 38, 39, 52, 55, 56]
Snapshot #600 to peer 183070139: 9 entities, 107 bytes (uncompressed: ~450 bytes)
[SERVER] DEBUG: About to add 19 entities to snapshot #670 | Player at [0]: true | Interest list: [55, 51, 41, 2, 25, 19, 37, 52, 16, 22, 27, 54, 53, 33, 4, 3, 56, 24, 18]
[SERVER] DEBUG: Snapshot #670 created with 19 entities including player 55 | All entities: [55, 51, 41, 2, 25, 19, 37, 52, 16, 22, 27, 54, 53, 33, 4, 3, 56, 24, 18]
[SERIALIZE] Snapshot #670 | Player ID: 55 | Player in entity_ids: true | Entity count: 19 | All IDs (sorted): [2, 3, 4, 16, 18, 19, 22, 24, 25, 27, 33, 37, 41, 51, 52, 53, 54, 55, 56]
[SERVER] DEBUG: About to add 9 entities to snapshot #610 | Player at [0]: true | Interest list: [56, 52, 16, 55, 22, 27, 39, 18, 38]
[SERVER] DEBUG: Snapshot #610 created with 9 entities including player 56 | All entities: [56, 52, 16, 55, 22, 27, 39, 18, 38]
[SERIALIZE] Snapshot #610 | Player ID: 56 | Player in entity_ids: true | Entity count: 9 | All IDs (sorted): [16, 18, 22, 27, 38, 39, 52, 55, 56]
[SERIALIZE] WARNING: Player 56 unchanged from baseline in snapshot #610 - copying from baseline
[SERVER] DEBUG: About to add 19 entities to snapshot #680 | Player at [0]: true | Interest list: [55, 51, 41, 2, 25, 19, 37, 52, 16, 22, 27, 54, 53, 4, 3, 56, 24, 33, 18]
[SERVER] DEBUG: Snapshot #680 created with 19 entities including player 55 | All entities: [55, 51, 41, 2, 25, 19, 37, 52, 16, 22, 27, 54, 53, 4, 3, 56, 24, 33, 18]
[SERIALIZE] Snapshot #680 | Player ID: 55 | Player in entity_ids: true | Entity count: 19 | All IDs (sorted): [2, 3, 4, 16, 18, 19, 22, 24, 25, 27, 33, 37, 41, 51, 52, 53, 54, 55, 56]
[SERVER] DEBUG: About to add 9 entities to snapshot #620 | Player at [0]: true | Interest list: [56, 52, 16, 55, 22, 27, 39, 18, 38]
[SERVER] DEBUG: Snapshot #620 created with 9 entities including player 56 | All entities: [56, 52, 16, 55, 22, 27, 39, 18, 38]
[SERIALIZE] Snapshot #620 | Player ID: 56 | Player in entity_ids: true | Entity count: 9 | All IDs (sorted): [16, 18, 22, 27, 38, 39, 52, 55, 56]
[SERVER] DEBUG: About to add 19 entities to snapshot #690 | Player at [0]: true | Interest list: [55, 51, 41, 2, 25, 19, 37, 52, 16, 22, 27, 54, 53, 4, 3, 56, 24, 33, 18]
[SERVER] DEBUG: Snapshot #690 created with 19 entities including player 55 | All entities: [55, 51, 41, 2, 25, 19, 37, 52, 16, 22, 27, 54, 53, 4, 3, 56, 24, 33, 18]
[SERIALIZE] Snapshot #690 | Player ID: 55 | Player in entity_ids: true | Entity count: 19 | All IDs (sorted): [2, 3, 4, 16, 18, 19, 22, 24, 25, 27, 33, 37, 41, 51, 52, 53, 54, 55, 56]
[SERVER] DEBUG: About to add 9 entities to snapshot #630 | Player at [0]: true | Interest list: [56, 52, 16, 55, 22, 27, 39, 18, 38]
[SERVER] DEBUG: Snapshot #630 created with 9 entities including player 56 | All entities: [56, 52, 16, 55, 22, 27, 39, 18, 38]
[SERIALIZE] Snapshot #630 | Player ID: 56 | Player in entity_ids: true | Entity count: 9 | All IDs (sorted): [16, 18, 22, 27, 38, 39, 52, 55, 56]
[SERIALIZE] WARNING: Player 56 unchanged from baseline in snapshot #630 - copying from baseline
[SERVER] Snapshot #700 | Tick: 275 | Timestamp: 13.75 | Player ID: 55 | Player pos: (63.0583, 43.81016) | Player chunk: (0, 0)
[SERVER] DEBUG: About to add 19 entities to snapshot #700 | Player at [0]: true | Interest list: [55, 51, 41, 2, 25, 19, 37, 52, 16, 22, 27, 54, 53, 4, 3, 56, 24, 33, 18]
[SERVER] DEBUG: Snapshot #700 created with 19 entities including player 55 | All entities: [55, 51, 41, 2, 25, 19, 37, 52, 16, 22, 27, 54, 53, 4, 3, 56, 24, 33, 18]
[SERIALIZE] Snapshot #700 | Player ID: 55 | Player in entity_ids: true | Entity count: 19 | All IDs (sorted): [2, 3, 4, 16, 18, 19, 22, 24, 25, 27, 33, 37, 41, 51, 52, 53, 54, 55, 56]
Snapshot #700 to peer 376569750: 19 entities, 209 bytes (uncompressed: ~950 bytes)
[SERVER] DEBUG: About to add 9 entities to snapshot #640 | Player at [0]: true | Interest list: [56, 52, 16, 55, 22, 27, 39, 18, 38]
[SERVER] DEBUG: Snapshot #640 created with 9 entities including player 56 | All entities: [56, 52, 16, 55, 22, 27, 39, 18, 38]
[SERIALIZE] Snapshot #640 | Player ID: 56 | Player in entity_ids: true | Entity count: 9 | All IDs (sorted): [16, 18, 22, 27, 38, 39, 52, 55, 56]
